[[2025-10-16 18:09:05]] Starting training on model: model_[33, 8, 1]_output_Sigmoid_intermediate_ReLU_normalized_data_True_loss_MSELoss
[[2025-10-16 18:09:09]] Epoch 1/100, Validation Loss: 0.00820478
[[2025-10-16 18:09:09]] Mask: [3.4824396e-03 2.7486165e-03 3.4830121e-03 1.6341601e-03 2.0211337e-03
 2.4774878e-05 1.6599456e-03 1.5980151e-03 1.2325177e-02 6.5142978e-03
 3.5391923e-04 2.9160494e-03 3.8710732e-03 7.4550271e-04 6.0285144e-03
 1.7172514e-03 3.0093721e-09 1.5163898e-03 1.4644928e-03 4.7012810e-03
 1.1273635e-02 1.1880877e-02 2.0103958e-03 3.3448138e-03 2.9878488e-03
 3.2486012e-03 1.9024769e-03 2.5262439e-03 6.3861115e-03 1.6328474e-03
 1.3338563e-08 1.8105895e-03 1.9412782e-03]
[[2025-10-16 18:09:11]] Epoch 2/100, Validation Loss: 0.00792727
[[2025-10-16 18:09:11]] Mask: [3.37403640e-03 2.91457749e-03 3.94996488e-03 1.64065079e-03
 1.94911740e-03 2.32238363e-05 1.58278353e-03 1.56472996e-03
 1.26511417e-02 6.98248390e-03 3.55588767e-04 3.56240245e-03
 3.81863490e-03 7.98215624e-04 5.59590245e-03 1.76742522e-03
 2.98105363e-09 1.49218633e-03 1.43584935e-03 4.78407741e-03
 1.13563435e-02 1.14958156e-02 2.14844639e-03 3.62205901e-03
 3.00454581e-03 3.34929954e-03 1.77443936e-03 2.54838029e-03
 6.11298671e-03 1.58984854e-03 1.34707454e-08 1.67395314e-03
 2.05625757e-03]
[[2025-10-16 18:09:13]] Epoch 3/100, Validation Loss: 0.00802754
[[2025-10-16 18:09:13]] Mask: [3.33176320e-03 2.75116763e-03 3.98983713e-03 1.57133967e-03
 1.80780189e-03 2.25209042e-05 1.66806416e-03 1.49495120e-03
 1.22890435e-02 6.38758531e-03 3.59275145e-04 3.24228127e-03
 3.87350633e-03 8.15236650e-04 5.75848809e-03 1.74400455e-03
 2.95146396e-09 1.56266557e-03 1.35888113e-03 4.85350285e-03
 1.19468896e-02 1.18073607e-02 2.24634726e-03 3.55734164e-03
 3.16794496e-03 3.12548736e-03 1.77598558e-03 2.87867361e-03
 6.14021625e-03 1.73030607e-03 1.34145433e-08 1.83942588e-03
 1.96696562e-03]
[[2025-10-16 18:09:16]] Epoch 4/100, Validation Loss: 0.00849819
[[2025-10-16 18:09:16]] Mask: [3.39036644e-03 2.71984306e-03 3.71648604e-03 1.69079436e-03
 1.94000266e-03 1.94335771e-05 1.54697848e-03 1.65609224e-03
 1.16511155e-02 6.13273587e-03 3.12174147e-04 3.42627941e-03
 4.36055148e-03 7.55813904e-04 5.72797051e-03 1.78932690e-03
 2.93789459e-09 1.41407968e-03 1.45355950e-03 4.48980182e-03
 1.16882939e-02 1.14853894e-02 2.18384154e-03 3.51004861e-03
 3.60548496e-03 3.41071817e-03 1.68193830e-03 3.01407953e-03
 6.01503160e-03 1.57878664e-03 1.34468463e-08 1.84414559e-03
 2.01993273e-03]
[[2025-10-16 18:09:18]] Epoch 5/100, Validation Loss: 0.00803009
[[2025-10-16 18:09:18]] Mask: [3.3558223e-03 2.7070863e-03 3.2716466e-03 1.6333954e-03 1.9700797e-03
 2.0219099e-05 1.5181380e-03 1.7196587e-03 1.1543999e-02 7.3140385e-03
 3.2796242e-04 3.4668876e-03 4.4735693e-03 7.2671671e-04 5.9071030e-03
 1.7397676e-03 2.9401817e-09 1.4538973e-03 1.4456511e-03 4.3939678e-03
 1.1673084e-02 1.1091009e-02 1.9017771e-03 3.1007372e-03 3.6724776e-03
 2.9236693e-03 1.7143812e-03 3.1728682e-03 6.3544898e-03 1.4877582e-03
 1.3657326e-08 1.7009289e-03 1.9683675e-03]
[[2025-10-16 18:09:20]] Epoch 6/100, Validation Loss: 0.00792616
[[2025-10-16 18:09:20]] Mask: [3.38762696e-03 2.78096600e-03 3.45872156e-03 1.54760096e-03
 2.19590589e-03 2.14105767e-05 1.65222737e-03 1.76838459e-03
 1.20373005e-02 6.19587861e-03 3.17175087e-04 3.87496012e-03
 4.65636048e-03 7.38848699e-04 5.67086507e-03 1.76056603e-03
 2.93935720e-09 1.58409681e-03 1.26989349e-03 4.65563126e-03
 1.12149902e-02 1.09032476e-02 2.14811298e-03 3.29235638e-03
 3.88518861e-03 2.98672402e-03 1.91420654e-03 3.16482643e-03
 5.79931447e-03 1.70564360e-03 1.37709026e-08 1.52705889e-03
 2.06267089e-03]
[[2025-10-16 18:09:23]] Epoch 7/100, Validation Loss: 0.00812616
[[2025-10-16 18:09:23]] Mask: [3.28188622e-03 2.73381243e-03 3.83443711e-03 1.48843334e-03
 2.14261701e-03 2.11770293e-05 1.78222265e-03 1.61148782e-03
 1.21241445e-02 6.49168249e-03 3.35908291e-04 3.85694788e-03
 4.66642249e-03 7.61228614e-04 5.58883557e-03 1.74716685e-03
 2.92605007e-09 1.56254868e-03 1.37607311e-03 4.49730130e-03
 1.18831275e-02 1.13592613e-02 2.41167494e-03 3.53234797e-03
 3.81188770e-03 2.91990465e-03 2.09967513e-03 2.96209496e-03
 6.35746820e-03 1.78450008e-03 1.36614693e-08 1.61962269e-03
 1.86421792e-03]
[[2025-10-16 18:09:26]] Epoch 8/100, Validation Loss: 0.00859894
[[2025-10-16 18:09:26]] Mask: [3.4738518e-03 2.7096816e-03 3.6417872e-03 1.4335635e-03 2.3754442e-03
 2.1986951e-05 1.9895316e-03 1.7821370e-03 1.2115181e-02 6.7435969e-03
 3.3214764e-04 3.2166189e-03 4.4446080e-03 7.5702596e-04 5.5934037e-03
 1.7680016e-03 2.9194385e-09 1.6115706e-03 1.4450288e-03 4.5220824e-03
 1.1282194e-02 1.1974716e-02 2.6251702e-03 3.5075427e-03 3.9746421e-03
 2.8988405e-03 2.0809199e-03 2.6166080e-03 6.2694871e-03 1.7699947e-03
 1.3795010e-08 1.5338178e-03 1.8654730e-03]
[[2025-10-16 18:09:28]] Epoch 9/100, Validation Loss: 0.00820218
[[2025-10-16 18:09:28]] Mask: [3.24527407e-03 2.80327862e-03 3.83966858e-03 1.56615430e-03
 2.08640704e-03 2.18870555e-05 1.86106830e-03 1.68826338e-03
 1.16731115e-02 6.76789461e-03 3.23331653e-04 3.10053560e-03
 4.12405236e-03 7.13523943e-04 5.84317604e-03 1.80478755e-03
 2.88970536e-09 1.74571713e-03 1.56727084e-03 4.30459203e-03
 1.12928385e-02 1.20969657e-02 2.46719318e-03 3.49854585e-03
 3.77641269e-03 3.16213048e-03 1.93392520e-03 2.74026021e-03
 6.39414415e-03 1.75895938e-03 1.37207472e-08 1.71275716e-03
 1.89920375e-03]
[[2025-10-16 18:09:30]] Epoch 10/100, Validation Loss: 0.00957516
[[2025-10-16 18:09:30]] Mask: [3.36913974e-03 2.78664078e-03 3.34974844e-03 1.67303847e-03
 2.16173870e-03 1.95392604e-05 1.63985672e-03 1.67809858e-03
 1.15042655e-02 7.49917282e-03 3.13348981e-04 2.80165952e-03
 4.18801885e-03 6.72046619e-04 5.58726164e-03 1.87450298e-03
 2.87483481e-09 1.57223246e-03 1.44883944e-03 4.31721658e-03
 1.09870462e-02 1.19575597e-02 2.47215619e-03 3.31630558e-03
 3.57163069e-03 2.92272423e-03 1.97803206e-03 3.19839735e-03
 6.21973351e-03 1.79190945e-03 1.37891174e-08 1.57146761e-03
 1.79943163e-03]
[[2025-10-16 18:09:33]] Epoch 11/100, Validation Loss: 0.00870863
[[2025-10-16 18:09:33]] Mask: [3.2553803e-03 2.6330973e-03 3.2696163e-03 1.6406548e-03 2.0801567e-03
 1.6864386e-05 1.7294119e-03 1.7085058e-03 1.2156575e-02 6.2964298e-03
 2.8509251e-04 3.3326468e-03 4.3375050e-03 7.0676720e-04 5.6856107e-03
 1.6555664e-03 2.8456915e-09 1.4438995e-03 1.3990345e-03 4.4259150e-03
 1.1372968e-02 1.1280759e-02 2.4856995e-03 3.3795533e-03 3.7547874e-03
 3.0803988e-03 2.1289273e-03 3.2391562e-03 5.9946645e-03 1.8780081e-03
 1.3958498e-08 1.7268847e-03 1.9201520e-03]
[[2025-10-16 18:09:36]] Epoch 12/100, Validation Loss: 0.00797375
[[2025-10-16 18:09:36]] Mask: [3.22703645e-03 2.67408416e-03 3.36150615e-03 1.59165566e-03
 1.92215259e-03 1.59187421e-05 1.67764979e-03 1.67284813e-03
 1.24408919e-02 6.55741757e-03 2.80109205e-04 3.49613791e-03
 4.44280170e-03 7.28044834e-04 5.65342838e-03 1.64658413e-03
 2.82647195e-09 1.41159876e-03 1.43668090e-03 4.48913872e-03
 1.12985941e-02 1.08223688e-02 2.60166661e-03 3.35797924e-03
 3.78094125e-03 3.18848877e-03 1.99243939e-03 3.43048247e-03
 5.74827567e-03 1.69467821e-03 1.42379335e-08 1.70341565e-03
 1.88326556e-03]
[[2025-10-16 18:09:39]] Epoch 13/100, Validation Loss: 0.00809537
[[2025-10-16 18:09:39]] Mask: [3.1823581e-03 2.7078048e-03 3.1734293e-03 1.5625390e-03 2.0765944e-03
 1.6261090e-05 1.6181036e-03 1.6055867e-03 1.2377511e-02 6.2894700e-03
 2.6510059e-04 3.1340851e-03 4.6085110e-03 7.6964678e-04 5.5709523e-03
 1.7206455e-03 2.8247853e-09 1.4030982e-03 1.2449228e-03 4.6205968e-03
 1.1489711e-02 1.1483879e-02 2.4249409e-03 3.4503739e-03 3.9016900e-03
 2.8230462e-03 2.0462545e-03 3.6211885e-03 5.7991580e-03 1.7333851e-03
 1.4358884e-08 1.5313830e-03 1.9549262e-03]
[[2025-10-16 18:09:41]] Epoch 14/100, Validation Loss: 0.00801154
[[2025-10-16 18:09:41]] Mask: [3.30258231e-03 2.62319320e-03 3.63655342e-03 1.52100518e-03
 2.28628330e-03 1.63273962e-05 1.60251162e-03 1.52118760e-03
 1.19423475e-02 6.07157126e-03 2.63785245e-04 2.93564261e-03
 4.15898208e-03 7.59655377e-04 5.52901579e-03 1.61280797e-03
 2.81840240e-09 1.40279089e-03 1.17081718e-03 4.58041858e-03
 1.16020646e-02 1.05673922e-02 2.60118162e-03 3.47471051e-03
 3.68198636e-03 2.82048201e-03 1.92212057e-03 3.31618404e-03
 6.06120378e-03 1.82158535e-03 1.44718886e-08 1.72159902e-03
 1.89766416e-03]
[[2025-10-16 18:09:44]] Epoch 15/100, Validation Loss: 0.00795326
[[2025-10-16 18:09:44]] Mask: [3.2671045e-03 2.5908647e-03 3.7579141e-03 1.6083478e-03 2.2777792e-03
 1.6228125e-05 1.4930335e-03 1.5146906e-03 1.1640040e-02 6.1064027e-03
 2.5598324e-04 2.7106081e-03 4.2133546e-03 7.4961816e-04 5.3041433e-03
 1.6545390e-03 2.7983476e-09 1.4107501e-03 1.3466297e-03 4.4560581e-03
 1.1765967e-02 1.0393207e-02 2.9719127e-03 3.3295946e-03 3.8587695e-03
 2.8952800e-03 1.9545765e-03 3.6395746e-03 5.9600570e-03 1.7888662e-03
 1.4591430e-08 1.8283876e-03 1.8377248e-03]
[[2025-10-16 18:09:46]] Epoch 16/100, Validation Loss: 0.00805540
[[2025-10-16 18:09:46]] Mask: [3.3817799e-03 2.7619398e-03 3.8129597e-03 1.4999791e-03 2.4591309e-03
 1.5338361e-05 1.5053671e-03 1.3933046e-03 1.1225444e-02 6.4506386e-03
 2.4484951e-04 3.2138755e-03 4.7363266e-03 7.7682431e-04 5.1796855e-03
 1.6508357e-03 2.7886129e-09 1.3306633e-03 1.3808018e-03 4.2395755e-03
 1.1629332e-02 1.1728401e-02 2.4939862e-03 3.2536804e-03 3.6522124e-03
 2.9646184e-03 2.0287645e-03 3.4902457e-03 5.6956713e-03 1.8355708e-03
 1.4749639e-08 1.8582358e-03 1.9523342e-03]
[[2025-10-16 18:09:48]] Epoch 17/100, Validation Loss: 0.00809872
[[2025-10-16 18:09:48]] Mask: [3.2310330e-03 2.7135373e-03 3.7272840e-03 1.4770410e-03 2.3348404e-03
 1.5393605e-05 1.5194700e-03 1.4972320e-03 1.1404691e-02 7.2969799e-03
 2.5205669e-04 3.3176106e-03 4.4064908e-03 8.1137638e-04 5.5423244e-03
 1.6390013e-03 2.7731937e-09 1.3364345e-03 1.4968928e-03 4.3304763e-03
 1.1361286e-02 1.1284865e-02 2.5551976e-03 3.3845019e-03 3.6732086e-03
 2.8629615e-03 1.8024258e-03 3.7376676e-03 6.1548236e-03 1.7591923e-03
 1.4880810e-08 1.7598221e-03 1.9631633e-03]
[[2025-10-16 18:09:51]] Epoch 18/100, Validation Loss: 0.00810605
[[2025-10-16 18:09:51]] Mask: [3.2193966e-03 2.7512880e-03 3.5486743e-03 1.5034004e-03 2.5313040e-03
 1.6405031e-05 1.5711272e-03 1.4370319e-03 1.1510237e-02 6.8907309e-03
 2.6227633e-04 2.9647436e-03 4.0464378e-03 8.0230489e-04 5.3965505e-03
 1.6711551e-03 2.7697684e-09 1.4614048e-03 1.4686581e-03 4.4586882e-03
 1.1241624e-02 1.1972555e-02 2.6608051e-03 3.4390402e-03 3.7560579e-03
 3.2829158e-03 1.8726491e-03 3.2533973e-03 6.4756456e-03 1.8002653e-03
 1.5076740e-08 1.7513485e-03 1.8569060e-03]
[[2025-10-16 18:09:53]] Epoch 19/100, Validation Loss: 0.00819860
[[2025-10-16 18:09:53]] Mask: [3.2176878e-03 2.6980077e-03 3.4659635e-03 1.4896259e-03 2.3118770e-03
 1.6223126e-05 1.6606133e-03 1.4847959e-03 1.1963504e-02 6.7885136e-03
 2.6798644e-04 3.0773748e-03 4.3189940e-03 7.6923141e-04 5.6871907e-03
 1.7033321e-03 2.7543381e-09 1.4324090e-03 1.4955990e-03 4.4747759e-03
 1.1554102e-02 1.0687283e-02 2.2974506e-03 3.9969832e-03 3.7198279e-03
 3.3648228e-03 1.9240570e-03 3.0134793e-03 6.2304530e-03 1.8395940e-03
 1.5168260e-08 1.9120151e-03 1.8514039e-03]
[[2025-10-16 18:09:56]] Epoch 20/100, Validation Loss: 0.00810860
[[2025-10-16 18:09:56]] Mask: [3.4162821e-03 2.6588091e-03 3.1971207e-03 1.5963515e-03 2.4470997e-03
 1.6727532e-05 1.4316924e-03 1.5076654e-03 1.1544467e-02 6.1195032e-03
 2.6745070e-04 3.3645222e-03 4.7691553e-03 7.6797127e-04 5.2136295e-03
 1.6489099e-03 2.7467573e-09 1.4319378e-03 1.3577562e-03 3.9951252e-03
 1.1504787e-02 1.0943039e-02 2.3296447e-03 3.5093450e-03 3.6048598e-03
 3.0848461e-03 2.4187095e-03 3.1589172e-03 6.0334736e-03 1.7512459e-03
 1.5478612e-08 1.7222818e-03 1.9895043e-03]
[[2025-10-16 18:09:58]] Epoch 21/100, Validation Loss: 0.00804979
[[2025-10-16 18:09:58]] Mask: [3.2370030e-03 2.5793898e-03 3.3662044e-03 1.5436508e-03 2.1482685e-03
 1.6574866e-05 1.5533861e-03 1.6170009e-03 1.1694686e-02 6.4259865e-03
 2.8863148e-04 3.6170804e-03 4.5057014e-03 7.3845981e-04 5.4106684e-03
 1.5694945e-03 2.7240150e-09 1.4827260e-03 1.2986388e-03 4.2307880e-03
 1.1522342e-02 1.1085430e-02 2.5532211e-03 3.6231019e-03 3.3178551e-03
 2.8263207e-03 2.3411247e-03 3.4870214e-03 5.8631483e-03 1.6777863e-03
 1.5693992e-08 1.6535383e-03 1.9326307e-03]
[[2025-10-16 18:10:01]] Epoch 22/100, Validation Loss: 0.00802940
[[2025-10-16 18:10:01]] Mask: [3.20171937e-03 2.62199831e-03 3.56650772e-03 1.48566789e-03
 2.15205480e-03 1.68158203e-05 1.68088975e-03 1.58781465e-03
 1.15702711e-02 6.08382747e-03 3.16688907e-04 3.73089081e-03
 4.11681086e-03 7.36908347e-04 5.48670301e-03 1.53131655e-03
 2.72039080e-09 1.55158772e-03 1.35864876e-03 4.18345956e-03
 1.16095245e-02 1.07693374e-02 2.37130071e-03 3.43355187e-03
 3.73237091e-03 2.90852506e-03 1.97508768e-03 3.28200799e-03
 6.03957940e-03 1.71585975e-03 1.58676645e-08 1.69558846e-03
 1.86987396e-03]
[[2025-10-16 18:10:04]] Epoch 23/100, Validation Loss: 0.00876549
[[2025-10-16 18:10:04]] Mask: [3.2291200e-03 2.7363445e-03 3.5555097e-03 1.5077479e-03 2.0774771e-03
 1.6002899e-05 1.6509828e-03 1.9101460e-03 1.1124572e-02 6.4245588e-03
 3.1664062e-04 3.4662436e-03 3.9588483e-03 6.8857160e-04 5.4928912e-03
 1.5401080e-03 2.7080849e-09 1.4208351e-03 1.2766211e-03 3.9594914e-03
 1.1272125e-02 1.1796850e-02 2.4916455e-03 3.4180507e-03 3.6056016e-03
 3.0023025e-03 2.2243983e-03 3.5102288e-03 6.2241028e-03 1.6576957e-03
 1.6052962e-08 1.7393195e-03 2.0207490e-03]
[[2025-10-16 18:10:06]] Epoch 24/100, Validation Loss: 0.00822316
[[2025-10-16 18:10:06]] Mask: [3.26786865e-03 2.71186675e-03 3.38924211e-03 1.51695812e-03
 2.00055819e-03 1.38542591e-05 1.53266080e-03 1.61807286e-03
 1.15236351e-02 5.75195067e-03 3.16075078e-04 4.16249922e-03
 4.55484027e-03 7.26371945e-04 5.50212804e-03 1.50783395e-03
 2.68358402e-09 1.27757841e-03 1.27732474e-03 4.40297369e-03
 1.13437744e-02 1.10531505e-02 2.83010909e-03 3.21027264e-03
 3.55112506e-03 3.00106546e-03 2.21912586e-03 3.57744051e-03
 6.13577105e-03 1.84472767e-03 1.62431188e-08 1.69568695e-03
 2.15559849e-03]
[[2025-10-16 18:10:09]] Epoch 25/100, Validation Loss: 0.00900103
[[2025-10-16 18:10:09]] Mask: [3.19232699e-03 2.88694561e-03 3.45614040e-03 1.50279200e-03
 2.04621954e-03 1.46849652e-05 1.64876715e-03 1.65655580e-03
 1.14456927e-02 6.15230715e-03 3.36514291e-04 3.36082093e-03
 4.49325377e-03 7.38919189e-04 5.25718043e-03 1.55705563e-03
 2.67566214e-09 1.40780886e-03 1.32043927e-03 4.46555763e-03
 1.12322364e-02 1.13924835e-02 2.73376564e-03 3.48876487e-03
 3.23609426e-03 2.92503601e-03 2.11990857e-03 3.35664512e-03
 6.32908102e-03 1.69452815e-03 1.65390830e-08 1.65123423e-03
 1.97113934e-03]
[[2025-10-16 18:10:12]] Epoch 26/100, Validation Loss: 0.00828774
[[2025-10-16 18:10:12]] Mask: [3.3160092e-03 2.6177021e-03 3.4133368e-03 1.4459258e-03 2.0089210e-03
 1.3954465e-05 1.6088616e-03 1.5692762e-03 1.1702000e-02 5.8458769e-03
 3.2094261e-04 3.1310443e-03 4.2880960e-03 7.4102875e-04 5.3705634e-03
 1.6107507e-03 2.6663949e-09 1.3080051e-03 1.4559403e-03 4.7137407e-03
 1.1362282e-02 1.0413482e-02 2.4232457e-03 3.2853570e-03 3.1681724e-03
 3.0415042e-03 1.9896661e-03 2.8941361e-03 6.3542728e-03 1.8114091e-03
 1.6618198e-08 1.7926533e-03 2.1420657e-03]
[[2025-10-16 18:10:15]] Epoch 27/100, Validation Loss: 0.00822181
[[2025-10-16 18:10:15]] Mask: [3.2199000e-03 2.7162149e-03 3.4733929e-03 1.4790440e-03 1.9620294e-03
 1.3518741e-05 1.8155799e-03 1.5950387e-03 1.1875996e-02 6.0610287e-03
 3.8098305e-04 3.4202358e-03 3.8926457e-03 6.7825220e-04 5.2263546e-03
 1.6031585e-03 2.6497253e-09 1.2985768e-03 1.3715939e-03 4.4501433e-03
 1.0816831e-02 1.1166947e-02 2.3103589e-03 3.6981481e-03 3.7810437e-03
 2.9184530e-03 1.9807187e-03 3.1336322e-03 6.4054169e-03 1.7801370e-03
 1.6953141e-08 1.6126112e-03 2.1681706e-03]
[[2025-10-16 18:10:17]] Epoch 28/100, Validation Loss: 0.00845532
[[2025-10-16 18:10:17]] Mask: [3.1238815e-03 2.8433923e-03 3.5992772e-03 1.4349669e-03 1.8912958e-03
 1.3814021e-05 2.0069841e-03 1.6656877e-03 1.1795555e-02 6.1135576e-03
 3.5355351e-04 3.2719811e-03 4.1437419e-03 7.4724318e-04 5.4008877e-03
 1.5474756e-03 2.6366831e-09 1.3961450e-03 1.4054946e-03 4.4242847e-03
 1.0519811e-02 1.1336493e-02 2.6292768e-03 3.5132689e-03 3.8872156e-03
 2.8870953e-03 1.8333199e-03 3.2719311e-03 6.6624931e-03 2.0397003e-03
 1.7002915e-08 1.7433862e-03 2.2288901e-03]
[[2025-10-16 18:10:19]] Epoch 29/100, Validation Loss: 0.00885118
[[2025-10-16 18:10:19]] Mask: [3.3295392e-03 2.7280969e-03 3.2257240e-03 1.4733374e-03 2.1447171e-03
 1.4833658e-05 1.7950679e-03 1.6151230e-03 1.1331717e-02 7.5305407e-03
 3.3530858e-04 3.0581134e-03 4.4151261e-03 7.8234839e-04 4.9959375e-03
 1.5522594e-03 2.6458369e-09 1.4235616e-03 1.5114954e-03 4.2583398e-03
 1.0457884e-02 1.1564297e-02 2.1413695e-03 3.4459238e-03 3.5885691e-03
 2.8866576e-03 2.0629035e-03 3.4532249e-03 6.0532433e-03 1.9705757e-03
 1.7375509e-08 1.7197684e-03 1.9754318e-03]
[[2025-10-16 18:10:21]] Epoch 30/100, Validation Loss: 0.00812324
[[2025-10-16 18:10:21]] Mask: [3.2230464e-03 2.5642824e-03 3.0717726e-03 1.4653862e-03 2.2264302e-03
 1.5015781e-05 1.7307510e-03 1.8378051e-03 1.1635427e-02 7.8253420e-03
 3.2083798e-04 3.5734468e-03 3.9669983e-03 7.0028717e-04 5.5090627e-03
 1.4896727e-03 2.6299127e-09 1.4936570e-03 1.4448143e-03 4.2699613e-03
 1.0415384e-02 1.1036556e-02 2.5031404e-03 3.5429243e-03 3.5180836e-03
 2.7822172e-03 1.9269090e-03 3.2727416e-03 5.9466478e-03 1.9911153e-03
 1.8093466e-08 1.4974845e-03 1.9994131e-03]
[[2025-10-16 18:10:24]] Epoch 31/100, Validation Loss: 0.00868228
[[2025-10-16 18:10:24]] Mask: [3.20293871e-03 2.63231364e-03 3.28807812e-03 1.55668356e-03
 2.14423053e-03 1.56751776e-05 1.59441400e-03 1.84802036e-03
 1.10408664e-02 6.58365618e-03 2.91104894e-04 3.78883048e-03
 4.17073164e-03 7.36048620e-04 5.12395520e-03 1.51396589e-03
 2.60897370e-09 1.55838626e-03 1.41452230e-03 4.03432641e-03
 1.13337515e-02 1.12526957e-02 2.53380695e-03 3.20697995e-03
 3.42900748e-03 2.58690864e-03 2.17275787e-03 3.27043864e-03
 5.58590842e-03 1.75340381e-03 1.82900290e-08 1.62526336e-03
 1.81706087e-03]
[[2025-10-16 18:10:27]] Epoch 32/100, Validation Loss: 0.00806495
[[2025-10-16 18:10:27]] Mask: [3.16647277e-03 2.52549304e-03 3.45013477e-03 1.44288375e-03
 2.25734338e-03 1.35008195e-05 1.66653947e-03 2.07159342e-03
 1.11863250e-02 6.52598869e-03 2.79128435e-04 3.29490029e-03
 3.89217096e-03 7.46441772e-04 5.54209016e-03 1.52533245e-03
 2.59639932e-09 1.37671281e-03 1.41526526e-03 4.57783043e-03
 1.06719872e-02 1.09994216e-02 2.48148805e-03 3.19083687e-03
 3.54752480e-03 2.54681101e-03 2.24174676e-03 3.10464879e-03
 5.93967829e-03 2.07050960e-03 1.85846822e-08 1.79421378e-03
 1.93293591e-03]
[[2025-10-16 18:10:30]] Epoch 33/100, Validation Loss: 0.00805639
[[2025-10-16 18:10:30]] Mask: [3.3428259e-03 2.6230472e-03 3.2622402e-03 1.5123795e-03 2.2921569e-03
 1.4043512e-05 1.6643751e-03 1.8470304e-03 1.1251099e-02 6.6448888e-03
 2.9812497e-04 3.0651430e-03 4.0726475e-03 7.5673457e-04 5.4535149e-03
 1.5222729e-03 2.5907054e-09 1.3863754e-03 1.2024025e-03 3.9286260e-03
 1.0522560e-02 1.1250649e-02 2.3413652e-03 3.4873260e-03 3.3226172e-03
 2.8536739e-03 2.2217711e-03 3.1078900e-03 5.4922015e-03 2.1854441e-03
 1.8431967e-08 1.9863453e-03 1.8665654e-03]
[[2025-10-16 18:10:32]] Epoch 34/100, Validation Loss: 0.01030678
[[2025-10-16 18:10:32]] Mask: [3.1162659e-03 2.8828350e-03 3.3314498e-03 1.4736868e-03 2.0180650e-03
 1.4356879e-05 1.6478561e-03 1.6465699e-03 1.0895450e-02 6.6696606e-03
 3.0496781e-04 2.8192527e-03 4.3724612e-03 7.3824596e-04 5.4892018e-03
 1.6470513e-03 2.5657489e-09 1.4293412e-03 1.3224934e-03 3.9414288e-03
 1.1099893e-02 1.1340384e-02 2.5492762e-03 3.3851326e-03 3.6785246e-03
 2.9331564e-03 2.0493574e-03 3.2535242e-03 5.8862786e-03 2.0170482e-03
 1.8828553e-08 1.9696015e-03 1.9082295e-03]
[[2025-10-16 18:10:34]] Epoch 35/100, Validation Loss: 0.00822378
[[2025-10-16 18:10:34]] Mask: [3.07038566e-03 2.75447965e-03 3.53504787e-03 1.46483793e-03
 1.89395412e-03 1.31249935e-05 1.64172438e-03 1.48687360e-03
 1.08880317e-02 6.39566500e-03 3.03415087e-04 2.92093237e-03
 4.76514176e-03 7.17365649e-04 5.65018086e-03 1.81835517e-03
 2.54671439e-09 1.36528478e-03 1.44335581e-03 4.16502962e-03
 1.04408823e-02 1.05602155e-02 2.71639181e-03 3.41793359e-03
 3.88867804e-03 2.92889634e-03 2.03876756e-03 3.33480327e-03
 5.80185279e-03 2.00110464e-03 1.93735055e-08 1.87635247e-03
 1.98192056e-03]
[[2025-10-16 18:10:37]] Epoch 36/100, Validation Loss: 0.00820679
[[2025-10-16 18:10:37]] Mask: [3.1163681e-03 2.7420968e-03 3.3114986e-03 1.4057778e-03 2.0016618e-03
 1.3260228e-05 1.7634967e-03 1.5678521e-03 1.1565681e-02 6.4667701e-03
 3.2879107e-04 2.8177383e-03 4.4471654e-03 6.9699279e-04 5.6557208e-03
 1.7640691e-03 2.5276381e-09 1.4458830e-03 1.3268522e-03 4.2695235e-03
 1.0653929e-02 1.1159952e-02 2.4634348e-03 3.8948820e-03 3.5629051e-03
 3.3060890e-03 2.4292436e-03 3.3618049e-03 6.4958353e-03 1.9536985e-03
 1.9770580e-08 1.8360286e-03 1.9574072e-03]
[[2025-10-16 18:10:39]] Epoch 37/100, Validation Loss: 0.00845985
[[2025-10-16 18:10:39]] Mask: [3.0748232e-03 2.7831011e-03 3.2623520e-03 1.3801568e-03 2.0462226e-03
 1.3948065e-05 1.7183929e-03 1.4426652e-03 1.1413319e-02 7.1260561e-03
 3.1369599e-04 2.4697913e-03 4.5244847e-03 7.2208454e-04 5.0874171e-03
 1.6347925e-03 2.5224947e-09 1.4913311e-03 1.3134467e-03 4.1018417e-03
 1.0345186e-02 1.0597204e-02 2.7774428e-03 3.5831309e-03 3.4276359e-03
 2.8123786e-03 2.2376997e-03 3.1460780e-03 6.2471326e-03 1.8080496e-03
 2.0170019e-08 1.8661887e-03 1.9351718e-03]
[[2025-10-16 18:10:42]] Epoch 38/100, Validation Loss: 0.00860147
[[2025-10-16 18:10:42]] Mask: [3.2732580e-03 2.6981016e-03 3.3319087e-03 1.3668856e-03 2.2770739e-03
 1.3775909e-05 1.8556587e-03 1.4838581e-03 1.1293147e-02 6.5142359e-03
 3.1450004e-04 2.6241716e-03 4.2973370e-03 7.5666572e-04 5.2946471e-03
 1.5348691e-03 2.5206910e-09 1.4440397e-03 1.4222675e-03 4.1594524e-03
 1.1337487e-02 1.0453173e-02 2.3020073e-03 3.2471779e-03 3.5301517e-03
 2.6928820e-03 1.8560217e-03 2.7364604e-03 6.0969121e-03 1.8310483e-03
 2.0268011e-08 1.8815026e-03 1.8750001e-03]
[[2025-10-16 18:10:45]] Epoch 39/100, Validation Loss: 0.00836384
[[2025-10-16 18:10:45]] Mask: [3.1859495e-03 2.8023084e-03 3.7058617e-03 1.5461331e-03 2.2205715e-03
 1.2141309e-05 2.0076605e-03 1.4713682e-03 1.0904487e-02 6.7787762e-03
 3.0445360e-04 2.6665917e-03 4.1491962e-03 6.7207671e-04 5.1976037e-03
 1.5612475e-03 2.5005311e-09 1.3571675e-03 1.4855440e-03 4.2134048e-03
 1.0768524e-02 1.1109292e-02 2.4361543e-03 3.2195051e-03 3.4479301e-03
 3.3442813e-03 2.0043908e-03 3.3615700e-03 5.9731458e-03 1.8206006e-03
 2.0685233e-08 1.7829151e-03 1.8600693e-03]
[[2025-10-16 18:10:47]] Epoch 40/100, Validation Loss: 0.00855291
[[2025-10-16 18:10:47]] Mask: [3.2125667e-03 2.5889371e-03 3.4105561e-03 1.5102705e-03 2.2359160e-03
 1.2117226e-05 1.8838826e-03 1.5446756e-03 1.0655959e-02 5.8463346e-03
 2.9170528e-04 3.4327297e-03 3.7504199e-03 7.1574893e-04 5.6281700e-03
 1.5481277e-03 2.4915379e-09 1.3747253e-03 1.3554210e-03 3.9039184e-03
 1.1043835e-02 1.0209436e-02 2.2250304e-03 3.1128605e-03 3.5325915e-03
 2.7888359e-03 2.0392791e-03 3.2607752e-03 6.2641976e-03 1.8102919e-03
 2.1334120e-08 1.7574898e-03 1.8249004e-03]
[[2025-10-16 18:10:49]] Epoch 41/100, Validation Loss: 0.00788450
[[2025-10-16 18:10:49]] Mask: [3.3095838e-03 2.7050942e-03 3.0334122e-03 1.5235412e-03 2.2858537e-03
 1.2108550e-05 1.8387745e-03 1.5747225e-03 1.0988088e-02 6.8202005e-03
 3.2616951e-04 3.6128846e-03 4.4544633e-03 7.2645152e-04 5.1402817e-03
 1.4917502e-03 2.4827806e-09 1.3830661e-03 1.3167026e-03 4.0575471e-03
 1.0835991e-02 1.0307737e-02 2.1261221e-03 3.4118318e-03 3.3468776e-03
 2.8303703e-03 2.1295454e-03 2.8322872e-03 5.7676737e-03 1.8258734e-03
 2.1715969e-08 1.9180331e-03 1.7984958e-03]
[[2025-10-16 18:10:52]] Epoch 42/100, Validation Loss: 0.00797172
[[2025-10-16 18:10:52]] Mask: [3.1626776e-03 2.7108726e-03 3.2635473e-03 1.4590194e-03 2.2387826e-03
 1.2154261e-05 1.7258229e-03 1.5834107e-03 1.0951972e-02 6.9443774e-03
 3.1469320e-04 4.4237659e-03 4.5684418e-03 7.6781434e-04 5.4395739e-03
 1.5392203e-03 2.4639342e-09 1.4262729e-03 1.3816205e-03 4.1350084e-03
 1.0341980e-02 1.0917779e-02 2.3204088e-03 3.1406363e-03 3.0758290e-03
 2.7061133e-03 1.8226703e-03 2.5360051e-03 6.1516245e-03 1.9780451e-03
 2.2165702e-08 2.1015382e-03 2.1041739e-03]
[[2025-10-16 18:10:54]] Epoch 43/100, Validation Loss: 0.00875866
[[2025-10-16 18:10:54]] Mask: [3.1394705e-03 2.7951673e-03 3.3692771e-03 1.5476348e-03 2.2666426e-03
 1.1697051e-05 1.8041845e-03 1.6289226e-03 1.0645784e-02 5.9465547e-03
 3.0567747e-04 3.9479467e-03 4.3493374e-03 6.9647917e-04 5.6208735e-03
 1.5658881e-03 2.4545341e-09 1.3609061e-03 1.2854137e-03 3.8924853e-03
 1.0079395e-02 1.0896570e-02 2.3748418e-03 3.2533139e-03 3.7036249e-03
 2.9991714e-03 1.8148213e-03 2.9973469e-03 5.6786113e-03 1.8560747e-03
 2.2748507e-08 2.0013684e-03 2.0815411e-03]
[[2025-10-16 18:10:56]] Epoch 44/100, Validation Loss: 0.00797838
[[2025-10-16 18:10:56]] Mask: [3.1562438e-03 2.5938435e-03 3.1155474e-03 1.4725464e-03 2.1282225e-03
 1.1001845e-05 1.7322090e-03 1.6843587e-03 1.0899161e-02 7.3830546e-03
 3.1683719e-04 3.4198959e-03 4.8158164e-03 7.2225311e-04 5.2889925e-03
 1.5220925e-03 2.4323317e-09 1.2711479e-03 1.3272763e-03 3.8078788e-03
 1.0723613e-02 1.0124426e-02 2.2757407e-03 3.1488098e-03 3.7082743e-03
 2.7881081e-03 1.8330190e-03 3.2988568e-03 6.6561853e-03 1.7951415e-03
 2.3801022e-08 1.9589188e-03 2.1040225e-03]
[[2025-10-16 18:10:59]] Epoch 45/100, Validation Loss: 0.00808216
[[2025-10-16 18:10:59]] Mask: [3.0546770e-03 2.5749477e-03 3.5633892e-03 1.5112925e-03 2.1670577e-03
 1.1032166e-05 1.7664924e-03 1.5745357e-03 1.1038868e-02 6.7264894e-03
 3.1225331e-04 3.3008673e-03 4.2626243e-03 7.4187905e-04 5.4580709e-03
 1.4394164e-03 2.4239817e-09 1.2933692e-03 1.4066034e-03 3.8711170e-03
 1.0520983e-02 9.9832742e-03 2.3373354e-03 3.4411994e-03 3.7138243e-03
 2.9520080e-03 1.8906388e-03 3.2085534e-03 5.9358925e-03 1.7897852e-03
 2.4300792e-08 1.8441299e-03 2.1734268e-03]
[[2025-10-16 18:11:02]] Epoch 46/100, Validation Loss: 0.00815316
[[2025-10-16 18:11:02]] Mask: [3.1507502e-03 2.6990834e-03 3.0348254e-03 1.4503096e-03 2.2275681e-03
 1.1657385e-05 1.7281027e-03 1.6389162e-03 1.1051701e-02 6.2410436e-03
 3.1205363e-04 3.4483187e-03 4.4769896e-03 7.3382002e-04 4.9646096e-03
 1.5921951e-03 2.4147155e-09 1.4271763e-03 1.4025925e-03 3.9431383e-03
 1.1055252e-02 1.0303724e-02 2.1812704e-03 3.4555292e-03 3.4398474e-03
 2.9199354e-03 2.0648059e-03 3.2451120e-03 6.0262377e-03 1.7232239e-03
 2.4785331e-08 1.8427172e-03 2.1781994e-03]
[[2025-10-16 18:11:04]] Epoch 47/100, Validation Loss: 0.00851772
[[2025-10-16 18:11:04]] Mask: [3.02561629e-03 2.90652504e-03 3.01969750e-03 1.47121341e-03
 2.14231736e-03 1.16331412e-05 1.84585713e-03 1.65078929e-03
 1.11887092e-02 7.71483546e-03 3.23077169e-04 2.72629829e-03
 4.23127599e-03 6.87361928e-04 4.93941968e-03 1.63144397e-03
 2.39243536e-09 1.37657195e-03 1.46266143e-03 3.86871491e-03
 1.05563095e-02 1.07348030e-02 2.06214981e-03 3.43012554e-03
 3.24525987e-03 2.69765779e-03 2.07379600e-03 3.55995377e-03
 5.51736308e-03 1.58588751e-03 2.50359609e-08 1.98529172e-03
 2.02135765e-03]
[[2025-10-16 18:11:06]] Epoch 48/100, Validation Loss: 0.00829832
[[2025-10-16 18:11:06]] Mask: [3.1666667e-03 2.6370399e-03 3.1066507e-03 1.4634772e-03 2.1682822e-03
 1.0687456e-05 1.6961560e-03 1.6241906e-03 1.1558749e-02 6.8944390e-03
 3.1112559e-04 2.9814735e-03 4.2795963e-03 6.8741443e-04 4.9086260e-03
 1.6453986e-03 2.3876623e-09 1.2648881e-03 1.4906531e-03 3.8682257e-03
 1.0891432e-02 1.0732752e-02 2.2385942e-03 3.1878173e-03 3.4711687e-03
 2.5770306e-03 1.7720194e-03 3.3931918e-03 6.1009964e-03 1.6365743e-03
 2.6667779e-08 1.9314380e-03 2.0329528e-03]
[[2025-10-16 18:11:09]] Epoch 49/100, Validation Loss: 0.00831062
[[2025-10-16 18:11:09]] Mask: [3.2187507e-03 2.6018128e-03 3.0673675e-03 1.4288790e-03 2.2505268e-03
 1.0030361e-05 1.6089221e-03 1.6801809e-03 1.0931263e-02 6.2648924e-03
 3.2368203e-04 3.0102446e-03 4.2556962e-03 6.6372234e-04 5.1472653e-03
 1.6083998e-03 2.3842539e-09 1.1807139e-03 1.5154002e-03 3.9947019e-03
 1.0808731e-02 1.0598803e-02 2.7668497e-03 3.1490764e-03 3.7392729e-03
 2.8648134e-03 1.8832451e-03 3.2377020e-03 6.3447752e-03 1.7832902e-03
 2.8335123e-08 1.8418747e-03 2.1076319e-03]
[[2025-10-16 18:11:11]] Epoch 50/100, Validation Loss: 0.00803690
[[2025-10-16 18:11:11]] Mask: [3.13751935e-03 2.79329135e-03 3.40925320e-03 1.41272508e-03
 2.05033086e-03 9.52030041e-06 1.65478804e-03 1.57982786e-03
 1.08155655e-02 5.47203468e-03 3.02598113e-04 3.05705518e-03
 4.58924565e-03 6.53767551e-04 5.05026383e-03 1.59144041e-03
 2.36709385e-09 1.12507248e-03 1.52054103e-03 4.26188158e-03
 1.05032511e-02 1.00323074e-02 2.53362604e-03 3.18028359e-03
 3.42651363e-03 3.01686511e-03 1.69628276e-03 3.33337067e-03
 6.36561820e-03 1.88738783e-03 2.89226563e-08 1.86907314e-03
 2.24314234e-03]
[[2025-10-16 18:11:13]] Epoch 51/100, Validation Loss: 0.00841983
[[2025-10-16 18:11:13]] Mask: [3.0503136e-03 2.6506798e-03 3.0640461e-03 1.4553255e-03 2.1670959e-03
 9.9368281e-06 1.6799042e-03 1.4234761e-03 1.0726280e-02 6.8582217e-03
 3.0518975e-04 2.6274407e-03 4.8268372e-03 7.2804210e-04 4.7072177e-03
 1.5719398e-03 2.3679836e-09 1.1458260e-03 1.6799490e-03 3.8623286e-03
 1.0747683e-02 1.0192372e-02 2.3683107e-03 3.4743799e-03 3.3271271e-03
 3.1813008e-03 2.1435798e-03 2.9854577e-03 5.5970252e-03 1.7564963e-03
 2.9227715e-08 1.9675826e-03 2.0157211e-03]
[[2025-10-16 18:11:16]] Epoch 52/100, Validation Loss: 0.00851797
[[2025-10-16 18:11:16]] Mask: [2.9881045e-03 2.7961163e-03 3.2306598e-03 1.4939442e-03 2.2148043e-03
 1.0131536e-05 1.7709335e-03 1.4594954e-03 1.0725743e-02 6.2766830e-03
 3.1636574e-04 2.8383418e-03 4.2321845e-03 6.7781925e-04 4.8774099e-03
 1.6099465e-03 2.3571596e-09 1.2136735e-03 1.4811341e-03 3.8837846e-03
 1.0539569e-02 1.0455811e-02 2.5411001e-03 3.3003464e-03 3.9344430e-03
 2.8105099e-03 2.1731879e-03 3.5628898e-03 5.7807621e-03 1.7914122e-03
 3.0560884e-08 1.8516162e-03 2.0811281e-03]
[[2025-10-16 18:11:19]] Epoch 53/100, Validation Loss: 0.00795114
[[2025-10-16 18:11:19]] Mask: [2.9810199e-03 2.5663797e-03 3.2334465e-03 1.4125017e-03 2.1520599e-03
 1.0327756e-05 1.5360826e-03 1.3609825e-03 1.0733608e-02 6.5908488e-03
 3.0433870e-04 2.6742355e-03 4.5895134e-03 7.4256165e-04 5.0846036e-03
 1.5782289e-03 2.3494975e-09 1.2268336e-03 1.4792685e-03 3.6808201e-03
 1.0906865e-02 1.0361455e-02 2.3111349e-03 3.2499216e-03 3.2381495e-03
 2.6827112e-03 2.3578405e-03 3.1250641e-03 5.7896283e-03 1.8731966e-03
 3.2031988e-08 1.7664294e-03 2.0329056e-03]
[[2025-10-16 18:11:21]] Epoch 54/100, Validation Loss: 0.00860865
[[2025-10-16 18:11:21]] Mask: [3.0257211e-03 2.5175917e-03 3.4379191e-03 1.3781406e-03 2.0338548e-03
 9.4592669e-06 1.5846264e-03 1.4442275e-03 1.0801403e-02 6.3782558e-03
 3.1713184e-04 2.7991841e-03 4.4269343e-03 7.3842501e-04 5.2879434e-03
 1.6039556e-03 2.3348847e-09 1.1696751e-03 1.4157938e-03 3.9088670e-03
 1.0478016e-02 9.9542933e-03 2.4471809e-03 3.2163006e-03 3.4299511e-03
 2.7774796e-03 2.3657638e-03 3.2055932e-03 5.6779301e-03 2.0167024e-03
 3.2319136e-08 1.8016007e-03 2.1419362e-03]
[[2025-10-16 18:11:23]] Epoch 55/100, Validation Loss: 0.00816525
[[2025-10-16 18:11:23]] Mask: [3.0480754e-03 2.5506357e-03 3.4054143e-03 1.4009739e-03 2.1374780e-03
 9.2786895e-06 1.7990652e-03 1.3571364e-03 1.0823200e-02 5.9636631e-03
 3.2361571e-04 2.8044318e-03 4.3572281e-03 7.1171205e-04 5.0368686e-03
 1.6549730e-03 2.3191329e-09 1.1923778e-03 1.3415464e-03 3.7623977e-03
 1.0487992e-02 1.0932000e-02 2.7839916e-03 3.3507659e-03 3.8014702e-03
 2.9571294e-03 2.6145568e-03 3.0426250e-03 5.8977213e-03 1.7696325e-03
 3.3938907e-08 1.7440127e-03 2.0656963e-03]
[[2025-10-16 18:11:26]] Epoch 56/100, Validation Loss: 0.01169575
[[2025-10-16 18:11:26]] Mask: [2.6920727e-03 2.7027130e-03 3.0643751e-03 1.4660122e-03 1.9925199e-03
 9.9530744e-06 1.8550510e-03 1.5076423e-03 1.0541061e-02 5.9992094e-03
 3.1294979e-04 2.8881663e-03 4.6677669e-03 6.6212390e-04 5.0802538e-03
 1.7050779e-03 2.2965165e-09 1.3269280e-03 1.2574183e-03 3.7983584e-03
 1.0002473e-02 1.0564890e-02 2.4912236e-03 3.4829276e-03 3.7202113e-03
 2.6291432e-03 2.2813582e-03 3.3049611e-03 5.8604139e-03 1.8272375e-03
 3.4390030e-08 1.7949714e-03 1.9889853e-03]
[[2025-10-16 18:11:28]] Epoch 57/100, Validation Loss: 0.00806656
[[2025-10-16 18:11:28]] Mask: [2.9841536e-03 2.5690896e-03 3.2391809e-03 1.3903605e-03 2.1060358e-03
 9.2776727e-06 1.8412479e-03 1.5734080e-03 1.0980365e-02 6.9045112e-03
 3.0232535e-04 2.8635988e-03 4.3272059e-03 7.0044806e-04 5.0990926e-03
 1.6911043e-03 2.2886020e-09 1.2621406e-03 1.3673062e-03 3.9791618e-03
 1.0008958e-02 1.0104200e-02 2.5614763e-03 3.3612938e-03 3.3199938e-03
 2.8756750e-03 2.4875079e-03 3.8127822e-03 5.8512697e-03 1.7402305e-03
 3.5469100e-08 1.6743380e-03 2.1973262e-03]
[[2025-10-16 18:11:31]] Epoch 58/100, Validation Loss: 0.00802668
[[2025-10-16 18:11:31]] Mask: [2.95489072e-03 2.47963215e-03 3.41114937e-03 1.39070617e-03
 1.94005261e-03 8.91295804e-06 1.82135310e-03 1.58760149e-03
 1.08960355e-02 6.29626820e-03 2.84606125e-04 2.45423708e-03
 4.43431456e-03 6.94722403e-04 4.82657598e-03 1.61098235e-03
 2.27884489e-09 1.20792934e-03 1.41723850e-03 3.90515686e-03
 1.03456257e-02 1.06971841e-02 2.44099018e-03 3.18549853e-03
 3.96767491e-03 2.75088521e-03 2.40922696e-03 3.73836001e-03
 6.05742168e-03 1.72677950e-03 3.57637227e-08 1.68234110e-03
 1.88416592e-03]
[[2025-10-16 18:11:33]] Epoch 59/100, Validation Loss: 0.00807040
[[2025-10-16 18:11:33]] Mask: [3.1501229e-03 2.5045599e-03 3.1610830e-03 1.4699202e-03 2.0308874e-03
 8.3555724e-06 1.8103627e-03 1.6264175e-03 1.0899763e-02 6.9812178e-03
 2.8438776e-04 2.4760552e-03 4.1338443e-03 6.7537185e-04 4.9094949e-03
 1.6097097e-03 2.2715847e-09 1.0968288e-03 1.4030727e-03 3.7538011e-03
 1.0044646e-02 1.0435550e-02 2.2368024e-03 3.2683301e-03 4.4748033e-03
 2.7639489e-03 2.5362654e-03 3.8026855e-03 6.0640196e-03 1.6127517e-03
 3.8145149e-08 1.6587062e-03 1.7968683e-03]
[[2025-10-16 18:11:36]] Epoch 60/100, Validation Loss: 0.00799774
[[2025-10-16 18:11:36]] Mask: [3.1256387e-03 2.4600565e-03 3.1919004e-03 1.4273673e-03 2.2631160e-03
 8.6120281e-06 1.8093359e-03 1.5309835e-03 1.0599449e-02 6.2900810e-03
 2.7440052e-04 3.1961605e-03 4.1139070e-03 7.0338696e-04 5.1015774e-03
 1.6511580e-03 2.2637172e-09 1.1367904e-03 1.4036528e-03 3.7635381e-03
 9.9570053e-03 1.0830457e-02 2.0959256e-03 3.2357525e-03 3.8544992e-03
 2.6977733e-03 3.0748846e-03 3.1542161e-03 6.0095461e-03 1.7486154e-03
 3.8974211e-08 1.6253246e-03 1.8670515e-03]
[[2025-10-16 18:11:38]] Epoch 61/100, Validation Loss: 0.00823650
[[2025-10-16 18:11:38]] Mask: [3.04909889e-03 2.48232158e-03 3.15513392e-03 1.44874630e-03
 2.24358100e-03 8.54697373e-06 1.77305727e-03 1.54044759e-03
 1.04151974e-02 6.05678977e-03 2.99898122e-04 3.06604663e-03
 4.43559885e-03 6.81616890e-04 4.92425123e-03 1.65816210e-03
 2.25128205e-09 1.07359316e-03 1.41518994e-03 3.71442409e-03
 1.03832511e-02 1.01533085e-02 2.20454950e-03 3.14579229e-03
 4.32547042e-03 2.47181416e-03 2.71472335e-03 3.01217730e-03
 5.65061718e-03 1.76190399e-03 3.96583246e-08 1.53623777e-03
 1.90631708e-03]
[[2025-10-16 18:11:40]] Epoch 62/100, Validation Loss: 0.00802887
[[2025-10-16 18:11:40]] Mask: [2.9809789e-03 2.4239777e-03 3.3139151e-03 1.4416552e-03 2.1683448e-03
 8.1716435e-06 1.8864108e-03 1.5786595e-03 1.0239788e-02 6.4771981e-03
 2.8347308e-04 2.9194523e-03 4.5030392e-03 7.0475345e-04 4.8798891e-03
 1.6996023e-03 2.2343163e-09 1.0762541e-03 1.5206814e-03 3.6299354e-03
 1.0481230e-02 1.0323061e-02 2.5531568e-03 3.1750451e-03 3.7289751e-03
 2.7736535e-03 2.5676945e-03 2.9619008e-03 5.5769258e-03 1.6782839e-03
 4.1576079e-08 1.4442441e-03 2.0698712e-03]
[[2025-10-16 18:11:43]] Epoch 63/100, Validation Loss: 0.00814065
[[2025-10-16 18:11:43]] Mask: [2.9871669e-03 2.3964050e-03 2.9963923e-03 1.4273816e-03 2.1059697e-03
 7.8371531e-06 1.7650275e-03 1.5275984e-03 1.0420615e-02 6.0505010e-03
 3.0875194e-04 2.7066849e-03 4.9167448e-03 6.7313662e-04 4.8395451e-03
 1.6152537e-03 2.2219153e-09 1.0353517e-03 1.4237853e-03 3.8367386e-03
 1.0424111e-02 1.0912729e-02 2.5066494e-03 3.0945116e-03 3.3018258e-03
 2.9662466e-03 2.4008206e-03 3.0889225e-03 5.9506460e-03 1.7502942e-03
 4.3234508e-08 1.4018713e-03 1.9696690e-03]
[[2025-10-16 18:11:46]] Epoch 64/100, Validation Loss: 0.00798778
[[2025-10-16 18:11:46]] Mask: [2.9504183e-03 2.4002199e-03 3.1847383e-03 1.4186166e-03 2.1028644e-03
 7.2714283e-06 1.7480612e-03 1.6230458e-03 1.0349058e-02 5.5179466e-03
 3.2691789e-04 2.7334716e-03 3.9468464e-03 6.3410826e-04 5.2378080e-03
 1.5959479e-03 2.2196238e-09 9.9029415e-04 1.3840511e-03 3.6361595e-03
 1.0381792e-02 9.5586041e-03 2.6389896e-03 3.0823040e-03 3.7870330e-03
 3.2022975e-03 2.2540339e-03 3.1492501e-03 5.6451145e-03 1.6074982e-03
 4.4619934e-08 1.3773586e-03 1.9752721e-03]
[[2025-10-16 18:11:49]] Epoch 65/100, Validation Loss: 0.00979005
[[2025-10-16 18:11:49]] Mask: [3.04351887e-03 2.39287247e-03 3.13954358e-03 1.39024411e-03
 2.22416781e-03 8.37407151e-06 1.81129703e-03 1.50628551e-03
 1.05504245e-02 6.14034943e-03 3.25692206e-04 2.48185638e-03
 4.13453532e-03 6.25764951e-04 4.85115638e-03 1.67133019e-03
 2.21376806e-09 1.20873970e-03 1.21070666e-03 3.78741650e-03
 1.03206448e-02 1.12063745e-02 3.10908677e-03 3.42951412e-03
 3.60265793e-03 2.82428274e-03 2.67366949e-03 3.32274986e-03
 5.24305785e-03 1.54748675e-03 4.59691982e-08 1.51181570e-03
 1.87351741e-03]
[[2025-10-16 18:11:51]] Epoch 66/100, Validation Loss: 0.00803349
[[2025-10-16 18:11:51]] Mask: [3.1142978e-03 2.4451297e-03 3.3061677e-03 1.3812457e-03 2.0667405e-03
 7.6790348e-06 1.8610212e-03 1.5626283e-03 1.1014199e-02 6.6509568e-03
 3.2715703e-04 2.6988599e-03 4.5978948e-03 6.1850145e-04 5.0144936e-03
 1.6071972e-03 2.1940825e-09 1.1346478e-03 1.2553690e-03 4.0727807e-03
 1.0466928e-02 1.0594673e-02 2.8631983e-03 3.2186026e-03 3.3314512e-03
 2.5007664e-03 2.9635471e-03 3.3575594e-03 5.4493546e-03 1.6614484e-03
 4.9092698e-08 1.4402370e-03 1.9105596e-03]
[[2025-10-16 18:11:53]] Epoch 67/100, Validation Loss: 0.00858273
[[2025-10-16 18:11:53]] Mask: [2.9982533e-03 2.4278804e-03 3.3831948e-03 1.4147554e-03 2.3334490e-03
 8.3732175e-06 1.9763506e-03 1.4993508e-03 1.0487062e-02 6.7224954e-03
 3.2454659e-04 2.4650383e-03 4.4157845e-03 6.5877370e-04 5.0822957e-03
 1.5708214e-03 2.1938440e-09 1.2408107e-03 1.4954908e-03 3.7573695e-03
 1.0164428e-02 1.0297497e-02 2.5655583e-03 3.4084173e-03 3.1068707e-03
 2.6039679e-03 2.8534187e-03 3.2396982e-03 5.5838083e-03 1.7856335e-03
 4.9331021e-08 1.6208552e-03 1.9195052e-03]
[[2025-10-16 18:11:55]] Epoch 68/100, Validation Loss: 0.00858666
[[2025-10-16 18:11:55]] Mask: [2.9143502e-03 2.4813584e-03 3.0936277e-03 1.5621306e-03 2.1545065e-03
 8.1465496e-06 2.1275745e-03 1.4283375e-03 1.0674222e-02 6.3374229e-03
 3.2743817e-04 2.4065080e-03 4.5386516e-03 6.7373860e-04 4.8407097e-03
 1.6370168e-03 2.1789313e-09 1.1681346e-03 1.4553809e-03 3.8265951e-03
 1.0535189e-02 1.0360048e-02 2.5470534e-03 3.2964151e-03 3.2498755e-03
 2.9061628e-03 2.6212526e-03 3.6473298e-03 5.7233153e-03 1.8842196e-03
 5.3509208e-08 1.6211384e-03 2.0004066e-03]
[[2025-10-16 18:11:58]] Epoch 69/100, Validation Loss: 0.00791102
[[2025-10-16 18:11:58]] Mask: [3.01843858e-03 2.39103707e-03 3.09251645e-03 1.38330588e-03
 2.45198258e-03 9.43326813e-06 1.98983657e-03 1.37085991e-03
 1.02947270e-02 6.50076708e-03 3.24716821e-04 2.83685350e-03
 4.76370845e-03 6.73144008e-04 5.01476694e-03 1.59659004e-03
 2.18117258e-09 1.32620730e-03 1.40856847e-03 3.95140983e-03
 1.05503947e-02 1.01300385e-02 2.45137513e-03 3.31861177e-03
 2.92567303e-03 3.10460618e-03 2.51305755e-03 3.09180468e-03
 6.04415499e-03 1.86841411e-03 5.96944005e-08 1.41604594e-03
 1.91759854e-03]
[[2025-10-16 18:12:00]] Epoch 70/100, Validation Loss: 0.00812057
[[2025-10-16 18:12:00]] Mask: [2.9900598e-03 2.4692747e-03 3.3414850e-03 1.4203611e-03 2.2359893e-03
 8.5717966e-06 1.9268024e-03 1.4584485e-03 1.0548085e-02 6.0987244e-03
 2.9774348e-04 2.8928511e-03 4.6280618e-03 7.1275223e-04 5.1248912e-03
 1.5948708e-03 2.1667013e-09 1.1930516e-03 1.4490727e-03 4.1614869e-03
 1.0137677e-02 1.1045502e-02 2.2628522e-03 3.3645411e-03 2.9022179e-03
 3.0125827e-03 2.2332445e-03 3.2394920e-03 6.1671184e-03 1.8210417e-03
 6.3767644e-08 1.3944978e-03 2.0597351e-03]
[[2025-10-16 18:12:03]] Epoch 71/100, Validation Loss: 0.00841796
[[2025-10-16 18:12:03]] Mask: [3.0543983e-03 2.3643146e-03 3.1482084e-03 1.4218985e-03 2.2257820e-03
 8.4274925e-06 2.0612294e-03 1.3685484e-03 1.0294178e-02 5.8694603e-03
 3.1568392e-04 2.3847055e-03 4.4325027e-03 7.2360068e-04 5.2187471e-03
 1.5890019e-03 2.1571225e-09 1.1828893e-03 1.4232553e-03 3.8061175e-03
 1.0264286e-02 1.1039222e-02 2.5033311e-03 3.2538597e-03 3.2524280e-03
 3.1507923e-03 2.2136697e-03 3.2583091e-03 6.2846229e-03 1.9852216e-03
 6.2986636e-08 1.6639346e-03 2.0492363e-03]
[[2025-10-16 18:12:06]] Epoch 72/100, Validation Loss: 0.00796084
[[2025-10-16 18:12:06]] Mask: [3.0034548e-03 2.4858911e-03 3.1969473e-03 1.3974219e-03 1.9800824e-03
 8.6952059e-06 2.0425431e-03 1.4091167e-03 1.0849354e-02 6.1547649e-03
 3.1918654e-04 2.6379067e-03 4.9368725e-03 7.3406269e-04 4.7304295e-03
 1.5508854e-03 2.1412259e-09 1.2140967e-03 1.3016509e-03 3.9647380e-03
 1.0286529e-02 1.0193450e-02 2.2834330e-03 3.1156528e-03 3.4494167e-03
 2.8263342e-03 2.1637082e-03 3.2531437e-03 5.8742343e-03 2.1041688e-03
 6.7011335e-08 1.5161090e-03 1.9629400e-03]
[[2025-10-16 18:12:08]] Epoch 73/100, Validation Loss: 0.00816478
[[2025-10-16 18:12:08]] Mask: [3.0136455e-03 2.5041397e-03 3.6877985e-03 1.3945750e-03 2.0184261e-03
 8.1698827e-06 1.9525031e-03 1.4052906e-03 1.1108313e-02 6.4581335e-03
 2.9273162e-04 2.5435658e-03 4.5560943e-03 6.8626658e-04 4.7653182e-03
 1.5962390e-03 2.1363020e-09 1.1543202e-03 1.4460903e-03 3.8089207e-03
 1.0615778e-02 9.7788228e-03 2.3425138e-03 3.3939437e-03 3.7197080e-03
 2.8879959e-03 2.0954891e-03 3.5242541e-03 5.6114728e-03 1.9896973e-03
 7.0479281e-08 1.6652341e-03 2.0165020e-03]
[[2025-10-16 18:12:10]] Epoch 74/100, Validation Loss: 0.00794572
[[2025-10-16 18:12:10]] Mask: [3.0322082e-03 2.5196895e-03 3.6089043e-03 1.4510764e-03 2.0557842e-03
 7.5563648e-06 1.8737967e-03 1.2274489e-03 1.0740882e-02 6.3191927e-03
 2.8299296e-04 2.7395645e-03 4.3812632e-03 6.8387471e-04 4.9093710e-03
 1.5686585e-03 2.1216147e-09 1.0759424e-03 1.4302853e-03 3.6006442e-03
 1.0415998e-02 9.5709683e-03 2.5046780e-03 3.2008581e-03 3.3981912e-03
 2.7368015e-03 2.1346533e-03 3.5229260e-03 5.4534939e-03 1.7276485e-03
 7.7568622e-08 1.6969135e-03 1.9471017e-03]
[[2025-10-16 18:12:12]] Epoch 75/100, Validation Loss: 0.00842727
[[2025-10-16 18:12:12]] Mask: [3.0332953e-03 2.5333008e-03 3.3419649e-03 1.4964195e-03 2.0974362e-03
 7.6166248e-06 1.9444950e-03 1.4467927e-03 1.0088044e-02 6.9558136e-03
 2.9620522e-04 2.3458849e-03 4.2907214e-03 6.4642599e-04 4.9370411e-03
 1.5850171e-03 2.1181616e-09 1.0612119e-03 1.3781978e-03 3.6567147e-03
 1.0433289e-02 1.0765783e-02 2.5826022e-03 3.1990223e-03 4.0087411e-03
 2.8103520e-03 2.3425082e-03 3.5682889e-03 5.5402829e-03 1.7101411e-03
 8.3255983e-08 1.6862763e-03 1.8895828e-03]
[[2025-10-16 18:12:15]] Epoch 76/100, Validation Loss: 0.00796908
[[2025-10-16 18:12:15]] Mask: [3.1393827e-03 2.4496757e-03 3.1018532e-03 1.5437949e-03 2.2034422e-03
 7.3706592e-06 1.8528864e-03 1.3868555e-03 1.0647889e-02 7.5331531e-03
 2.6670741e-04 2.3886133e-03 4.3943888e-03 6.9256610e-04 5.1956689e-03
 1.5748680e-03 2.1178062e-09 9.9055935e-04 1.5334878e-03 3.7170828e-03
 1.0568145e-02 9.8676607e-03 2.3819041e-03 3.2007135e-03 3.5247849e-03
 3.0349179e-03 2.2963174e-03 3.3880665e-03 5.7574343e-03 1.7232668e-03
 8.0937852e-08 1.7072578e-03 2.0327633e-03]
[[2025-10-16 18:12:18]] Epoch 77/100, Validation Loss: 0.00799394
[[2025-10-16 18:12:18]] Mask: [3.0888019e-03 2.5547335e-03 3.1211032e-03 1.4681596e-03 2.1740908e-03
 7.3542019e-06 2.1298928e-03 1.3549996e-03 1.0765320e-02 6.9105695e-03
 2.8964013e-04 2.6970867e-03 4.4098580e-03 6.7828328e-04 4.7956407e-03
 1.5456548e-03 2.1055098e-09 9.8162214e-04 1.5607689e-03 3.5239861e-03
 1.0357486e-02 9.9331541e-03 2.3288336e-03 3.3359637e-03 4.1816207e-03
 3.1194969e-03 2.3652136e-03 3.3220220e-03 5.7733916e-03 1.7284045e-03
 8.7224556e-08 1.7886432e-03 1.9649232e-03]
[[2025-10-16 18:12:20]] Epoch 78/100, Validation Loss: 0.00801774
[[2025-10-16 18:12:20]] Mask: [3.0146469e-03 2.5096878e-03 3.2205489e-03 1.4416429e-03 1.8761258e-03
 7.1814520e-06 2.0232103e-03 1.3800748e-03 1.0808539e-02 6.3557154e-03
 2.9238939e-04 3.2341934e-03 4.0993998e-03 6.6771911e-04 4.7263945e-03
 1.5278021e-03 2.0931967e-09 9.3610532e-04 1.5987045e-03 3.9260820e-03
 1.0499128e-02 1.0292230e-02 2.4344574e-03 3.2709222e-03 3.8323761e-03
 3.0226100e-03 2.6155605e-03 3.7854305e-03 5.9621600e-03 1.9403759e-03
 9.4382060e-08 1.6775826e-03 1.8566347e-03]
[[2025-10-16 18:12:23]] Epoch 79/100, Validation Loss: 0.00852548
[[2025-10-16 18:12:23]] Mask: [2.9580351e-03 2.3417806e-03 3.2826802e-03 1.5058303e-03 2.1154920e-03
 7.3732394e-06 1.9757412e-03 1.2598759e-03 1.0813765e-02 6.4871572e-03
 3.0527587e-04 3.2796378e-03 4.4295657e-03 6.9468765e-04 4.5546107e-03
 1.5654565e-03 2.0859789e-09 1.0254835e-03 1.4561829e-03 3.7113358e-03
 9.9852569e-03 9.7591318e-03 2.5534944e-03 2.9916125e-03 3.6323159e-03
 2.8570406e-03 2.8231055e-03 3.3675262e-03 5.5406531e-03 1.8943370e-03
 1.0223291e-07 1.6972673e-03 1.7480287e-03]
[[2025-10-16 18:12:25]] Epoch 80/100, Validation Loss: 0.00809774
[[2025-10-16 18:12:25]] Mask: [3.0703638e-03 2.2488378e-03 3.2268174e-03 1.4267606e-03 2.3643889e-03
 7.2696807e-06 1.9344859e-03 1.5371273e-03 1.0830841e-02 5.3148661e-03
 3.0589438e-04 3.1891176e-03 4.6627298e-03 6.7891768e-04 5.0033196e-03
 1.5827232e-03 2.0775415e-09 1.0145056e-03 1.4299251e-03 4.0244176e-03
 9.8999524e-03 1.0066628e-02 2.8482380e-03 3.1012830e-03 3.4355824e-03
 3.0147545e-03 2.7820240e-03 3.1518063e-03 6.0231281e-03 1.9313451e-03
 1.0741437e-07 1.5753290e-03 1.8772718e-03]
[[2025-10-16 18:12:27]] Epoch 81/100, Validation Loss: 0.00848566
[[2025-10-16 18:12:27]] Mask: [2.9227033e-03 2.3852070e-03 3.3147468e-03 1.4210747e-03 2.2390105e-03
 8.1792459e-06 1.7726370e-03 1.6143227e-03 1.0408476e-02 5.1650251e-03
 3.2517471e-04 3.0364795e-03 4.3287515e-03 6.8999286e-04 4.7457134e-03
 1.5573211e-03 2.0730884e-09 1.0867920e-03 1.5129973e-03 3.7490304e-03
 9.8453090e-03 1.0273945e-02 3.0129161e-03 3.0762895e-03 3.5670840e-03
 2.7893027e-03 2.6831666e-03 2.7012380e-03 6.1985427e-03 1.9228808e-03
 1.1947486e-07 1.4317537e-03 1.7299675e-03]
[[2025-10-16 18:12:29]] Epoch 82/100, Validation Loss: 0.00811680
[[2025-10-16 18:12:29]] Mask: [2.97353510e-03 2.47378205e-03 2.96972785e-03 1.36454054e-03
 2.29876488e-03 7.01605222e-06 1.76234276e-03 1.56560168e-03
 1.06185125e-02 5.46605699e-03 2.96878105e-04 2.70893076e-03
 4.81176842e-03 7.07250554e-04 5.04623726e-03 1.58356526e-03
 2.05797179e-09 9.51959926e-04 1.54848606e-03 3.71486717e-03
 9.84342210e-03 1.02033224e-02 2.58196983e-03 3.19709792e-03
 3.41445790e-03 3.06334835e-03 2.80052866e-03 3.51590430e-03
 5.88888256e-03 1.71353505e-03 1.37063395e-07 1.40285026e-03
 1.89518288e-03]
[[2025-10-16 18:12:32]] Epoch 83/100, Validation Loss: 0.00814635
[[2025-10-16 18:12:32]] Mask: [2.8522399e-03 2.5279436e-03 3.0123806e-03 1.3440697e-03 2.1970596e-03
 7.7577433e-06 1.9130026e-03 1.6056005e-03 1.0480186e-02 6.8005356e-03
 3.0409533e-04 2.5685630e-03 4.1980376e-03 7.1217172e-04 5.1654051e-03
 1.5579981e-03 2.0491548e-09 1.0529330e-03 1.5348968e-03 3.6525612e-03
 9.3833935e-03 1.0051861e-02 2.3796412e-03 3.6057250e-03 3.7748469e-03
 3.1963473e-03 2.1788389e-03 3.2708226e-03 5.8210301e-03 1.7984032e-03
 1.4878617e-07 1.3747291e-03 1.8954067e-03]
[[2025-10-16 18:12:35]] Epoch 84/100, Validation Loss: 0.00828643
[[2025-10-16 18:12:35]] Mask: [2.8615391e-03 2.4960248e-03 3.2538862e-03 1.3216019e-03 2.2261962e-03
 7.6951992e-06 1.8237766e-03 1.6058511e-03 1.0740882e-02 6.1131059e-03
 3.1659173e-04 2.8748028e-03 4.9410579e-03 7.3953596e-04 4.9883109e-03
 1.5731361e-03 2.0445403e-09 1.0565112e-03 1.4791721e-03 3.8112318e-03
 9.9920575e-03 9.9805873e-03 2.3603635e-03 3.4751892e-03 3.5382407e-03
 2.8151241e-03 2.2611325e-03 3.8214601e-03 6.1119967e-03 1.6642974e-03
 1.4889632e-07 1.5141224e-03 1.8580272e-03]
[[2025-10-16 18:12:37]] Epoch 85/100, Validation Loss: 0.00798054
[[2025-10-16 18:12:37]] Mask: [2.8791691e-03 2.4891319e-03 2.9798581e-03 1.3524088e-03 2.2454977e-03
 6.9555867e-06 1.9772679e-03 1.4555299e-03 1.0457830e-02 5.7474500e-03
 3.2501633e-04 2.8876429e-03 4.9120644e-03 7.0315576e-04 4.8723831e-03
 1.5610794e-03 2.0351325e-09 9.4676536e-04 1.3844359e-03 3.6438846e-03
 9.9330936e-03 9.9392897e-03 2.8963003e-03 2.9194744e-03 3.4625661e-03
 2.7401862e-03 2.1050500e-03 3.4215169e-03 6.3852496e-03 1.5360021e-03
 1.5241187e-07 1.5651108e-03 1.7461992e-03]
[[2025-10-16 18:12:39]] Epoch 86/100, Validation Loss: 0.00799381
[[2025-10-16 18:12:39]] Mask: [3.0259988e-03 2.5069618e-03 2.9689695e-03 1.4105431e-03 2.4472659e-03
 6.5350196e-06 1.7632305e-03 1.3683178e-03 1.0516198e-02 6.6852882e-03
 3.1317156e-04 3.0815732e-03 4.6951734e-03 7.0243608e-04 4.8069460e-03
 1.5460294e-03 2.0333788e-09 8.8218006e-04 1.5353449e-03 3.8118442e-03
 9.8930132e-03 1.0141118e-02 2.6253948e-03 3.0350925e-03 3.2274751e-03
 2.7852710e-03 2.2592484e-03 3.6420345e-03 5.6434148e-03 1.5548274e-03
 1.5751350e-07 1.8334725e-03 1.8561815e-03]
[[2025-10-16 18:12:42]] Epoch 87/100, Validation Loss: 0.00804528
[[2025-10-16 18:12:42]] Mask: [2.9759605e-03 2.5120657e-03 2.9856393e-03 1.4188334e-03 2.4285065e-03
 6.5744944e-06 1.8370277e-03 1.4045245e-03 1.0448408e-02 6.7765708e-03
 3.0171691e-04 3.1275027e-03 4.9208621e-03 6.7912275e-04 4.9193981e-03
 1.5093316e-03 2.0169009e-09 9.1960497e-04 1.5991271e-03 3.7491356e-03
 1.0278348e-02 9.5469197e-03 2.5881343e-03 3.2646584e-03 3.1664395e-03
 2.8636297e-03 2.4051825e-03 3.6168261e-03 5.7402151e-03 1.4932624e-03
 1.9185221e-07 1.7143706e-03 1.8023556e-03]
[[2025-10-16 18:12:44]] Epoch 88/100, Validation Loss: 0.00826934
[[2025-10-16 18:12:44]] Mask: [2.9003641e-03 2.4963918e-03 3.4971647e-03 1.4089938e-03 2.1420838e-03
 7.1999812e-06 1.8259942e-03 1.6186329e-03 1.0442770e-02 6.0527897e-03
 3.4242857e-04 3.2390640e-03 4.3971287e-03 7.1581651e-04 4.5686890e-03
 1.5258749e-03 2.0072644e-09 1.0751294e-03 1.4218349e-03 3.7241443e-03
 9.8607773e-03 1.0393782e-02 2.8940949e-03 3.2587566e-03 3.2610900e-03
 2.7318241e-03 2.4221670e-03 2.9147035e-03 5.8091874e-03 1.5067296e-03
 2.1095011e-07 1.5906481e-03 1.7641950e-03]
[[2025-10-16 18:12:47]] Epoch 89/100, Validation Loss: 0.00800424
[[2025-10-16 18:12:47]] Mask: [2.9741542e-03 2.4078097e-03 3.1153804e-03 1.3854303e-03 2.0053850e-03
 6.5347699e-06 1.9689540e-03 1.4678044e-03 1.0561272e-02 6.5209270e-03
 3.2953668e-04 3.3421412e-03 4.1342564e-03 6.7864760e-04 4.8758411e-03
 1.5946705e-03 1.9973880e-09 1.0271241e-03 1.3651235e-03 3.7254766e-03
 9.7036688e-03 1.0518848e-02 2.8062807e-03 3.3669374e-03 3.6999227e-03
 3.1191038e-03 2.0799302e-03 2.9110915e-03 5.9865979e-03 1.6951599e-03
 2.3522905e-07 1.9231031e-03 1.9350860e-03]
[[2025-10-16 18:12:49]] Epoch 90/100, Validation Loss: 0.00810238
[[2025-10-16 18:12:49]] Mask: [2.9027988e-03 2.5243510e-03 3.2137535e-03 1.3909691e-03 2.1499107e-03
 6.7454584e-06 1.7642918e-03 1.4919463e-03 1.0092654e-02 5.7983608e-03
 3.2930964e-04 3.3347558e-03 4.3244562e-03 6.4846285e-04 4.8899604e-03
 1.6135483e-03 1.9880875e-09 1.0634687e-03 1.3163266e-03 3.7169007e-03
 9.4541842e-03 1.0064824e-02 2.6078804e-03 3.2576525e-03 3.3419712e-03
 2.9127572e-03 2.5032309e-03 3.1406139e-03 5.8300882e-03 1.7529331e-03
 2.7742408e-07 2.0562196e-03 2.0606450e-03]
[[2025-10-16 18:12:52]] Epoch 91/100, Validation Loss: 0.00843610
[[2025-10-16 18:12:52]] Mask: [3.0489278e-03 2.5027776e-03 3.3371449e-03 1.3711975e-03 2.0702484e-03
 6.1675341e-06 1.8337633e-03 1.4164161e-03 1.0098735e-02 5.9588705e-03
 3.1842184e-04 3.4209867e-03 4.4726413e-03 6.9249020e-04 5.5204174e-03
 1.6760532e-03 1.9775170e-09 9.8864443e-04 1.4154877e-03 3.8290080e-03
 9.4455648e-03 1.0609339e-02 2.6672892e-03 3.5132524e-03 3.3213955e-03
 2.9214516e-03 2.2560197e-03 3.1702060e-03 6.0519087e-03 1.7525109e-03
 3.6026495e-07 2.0240578e-03 1.9295738e-03]
[[2025-10-16 18:12:52]] Early stopping at epoch 91/100
