[[2025-10-15 20:16:23]] Starting training on model: model_[33, 32, 32, 1]_output_Sigmoid_intermediate_ReLU_normalized_data_True_loss_MSELoss
[[2025-10-15 20:16:25]] Epoch 1/30, Validation Loss: 0.02138960
[[2025-10-15 20:16:25]] Mask: [1.0275856  0.9896849  0.99516815 1.0013101  0.9606934  0.9781378
 0.993308   0.954361   1.0768548  1.0256215  0.9927331  0.9963327
 0.98906094 0.96190554 0.97335565 0.9508144  1.0082257  0.97715575
 0.98677766 1.0013735  1.0185437  1.0406963  0.9979616  1.0189208
 0.99492717 1.0071774  0.99878186 0.9858625  0.9783258  0.98529726
 0.9798646  0.98376817 0.97965044]
[[2025-10-15 20:16:27]] Epoch 2/30, Validation Loss: 0.02129599
[[2025-10-15 20:16:27]] Mask: [1.0338058  0.9881789  0.9825883  0.98484546 0.9550747  0.96289665
 0.96589047 0.8991883  1.0981116  1.0255165  1.0063468  1.0015106
 0.97988594 0.93632627 0.9745674  0.930188   0.9889999  0.97223204
 0.97060424 0.9941153  1.0181801  1.0369476  0.9991787  1.0299977
 0.9725542  1.0200363  0.98708016 0.9786123  0.9767099  0.9886916
 0.9739801  0.9861267  0.9803317 ]
[[2025-10-15 20:16:29]] Epoch 3/30, Validation Loss: 0.02065633
[[2025-10-15 20:16:29]] Mask: [1.0309588  0.9970644  0.9694086  0.9673064  0.95216936 0.9491822
 0.95620334 0.84457403 1.1068794  1.0194657  1.0108548  1.0047972
 0.97438157 0.9290341  0.9757347  0.9178045  0.9685356  0.9784711
 0.96628803 0.9964776  1.0161859  1.0371903  0.99641454 1.0373517
 0.955337   1.0174134  0.97310436 0.9645931  0.98430556 0.9808858
 0.97237206 0.99872214 0.9736268 ]
[[2025-10-15 20:16:31]] Epoch 4/30, Validation Loss: 0.02090514
[[2025-10-15 20:16:31]] Mask: [1.0275303  1.0018302  0.97829795 0.9511835  0.9506024  0.94963443
 0.95742476 0.8186603  1.1167732  1.0227839  1.026348   1.0143774
 0.95577186 0.928275   0.96751046 0.9149831  0.95509106 0.9961769
 0.963044   0.9920341  1.0130534  1.0403606  0.9966213  1.0429231
 0.95394146 1.0236017  0.970219   0.9614252  0.9862443  0.9630478
 0.9755638  1.0011016  0.979164  ]
[[2025-10-15 20:16:33]] Epoch 5/30, Validation Loss: 0.02060647
[[2025-10-15 20:16:33]] Mask: [1.0228976  0.994459   0.97689724 0.9451872  0.94340533 0.930562
 0.9433704  0.79135543 1.1247553  1.0163871  1.0403484  1.0451108
 0.94534    0.90388554 0.97039837 0.8999445  0.94084424 0.9890335
 0.94794434 0.9943897  1.0156398  1.0401772  0.9922811  1.0568702
 0.9534641  1.0351173  0.9559977  0.95126474 0.98751646 0.9750714
 0.978559   1.0067292  0.99564874]
[[2025-10-15 20:16:35]] Epoch 6/30, Validation Loss: 0.02049461
[[2025-10-15 20:16:35]] Mask: [1.019863   0.9897623  0.9784387  0.92340636 0.9476591  0.91525376
 0.93844634 0.7666783  1.1295246  1.0140843  1.0529077  1.0742136
 0.93736976 0.9015537  0.9710589  0.9012266  0.93218654 0.9900173
 0.96417266 0.9942097  1.021536   1.0437776  1.0018067  1.0621737
 0.9507484  1.0386599  0.96311224 0.9479973  0.99923414 0.97866917
 1.0009289  1.0099605  0.9935197 ]
[[2025-10-15 20:16:38]] Epoch 7/30, Validation Loss: 0.02097832
[[2025-10-15 20:16:38]] Mask: [1.0184944  0.9899871  0.9714057  0.9155557  0.9515874  0.90763927
 0.9314491  0.7648323  1.1328647  1.0142844  1.0741818  1.0965517
 0.9301055  0.8842552  0.97082937 0.9014361  0.9250116  0.9907534
 0.96269816 0.99228686 1.0269319  1.0396955  1.0142157  1.0775175
 0.94719696 1.0509626  0.95654523 0.943374   0.99933076 0.98119175
 1.032114   1.0033523  0.99358344]
[[2025-10-15 20:16:40]] Epoch 8/30, Validation Loss: 0.02097637
[[2025-10-15 20:16:40]] Mask: [1.0132487  0.99370015 0.9773306  0.90802807 0.95096624 0.9165634
 0.9366781  0.74933416 1.1387439  1.0225204  1.0892326  1.1359353
 0.91686326 0.8804734  0.96531796 0.8975432  0.89295286 0.9878165
 0.9414975  1.0010084  1.0283407  1.0450102  1.0265089  1.0900967
 0.958603   1.0546411  0.95736307 0.9503891  0.9944887  0.97735053
 1.0193986  1.0265075  0.99348444]
[[2025-10-15 20:16:42]] Epoch 9/30, Validation Loss: 0.02063450
[[2025-10-15 20:16:42]] Mask: [1.014922   0.9951239  0.977821   0.89214647 0.9571994  0.89355105
 0.93577087 0.74541044 1.1472734  1.0305575  1.1069392  1.1396757
 0.9231072  0.8540482  0.9604575  0.8867943  0.88684005 0.98644245
 0.9417713  0.99453115 1.0289805  1.0383317  1.0484059  1.1008463
 0.95882154 1.0630713  0.9611511  0.9555871  1.0031186  0.9726475
 1.031375   1.0329163  0.9901443 ]
[[2025-10-15 20:16:44]] Epoch 10/30, Validation Loss: 0.02115533
[[2025-10-15 20:16:44]] Mask: [1.0114614  0.9994875  0.9829792  0.8976398  0.94898653 0.9043408
 0.9186157  0.7491494  1.1502144  1.0324677  1.1189197  1.1575363
 0.9217625  0.841013   0.9560765  0.88421285 0.8717128  0.9915663
 0.96241367 1.0017667  1.0263633  1.0409439  1.0967201  1.102814
 0.96666086 1.0803657  0.98381567 0.96492946 1.0000014  0.9772376
 1.0572509  1.0501573  0.9850272 ]
[[2025-10-15 20:16:46]] Epoch 11/30, Validation Loss: 0.02110619
[[2025-10-15 20:16:46]] Mask: [1.0033733  1.0023115  0.9876602  0.88523734 0.96309394 0.9063347
 0.9200063  0.737806   1.1502818  1.0360718  1.1209571  1.1843102
 0.9205909  0.8354865  0.9567161  0.9022494  0.86806697 0.9794413
 0.94725406 0.9999318  1.0266976  1.0425915  1.1391618  1.1036127
 0.9786872  1.0953104  0.98194534 0.9868212  1.0060118  0.97112995
 1.0712202  1.0535529  0.9770478 ]
[[2025-10-15 20:16:48]] Epoch 12/30, Validation Loss: 0.02212372
[[2025-10-15 20:16:48]] Mask: [0.998643   1.0015126  0.9924739  0.868511   0.9618401  0.911374
 0.92074054 0.72938514 1.1521071  1.0342405  1.1180125  1.2065878
 0.9182116  0.83111215 0.9521392  0.91958314 0.86193067 0.98314524
 0.9531193  0.9978696  1.0229716  1.051354   1.1695881  1.1050303
 0.9839036  1.1188288  0.9942236  1.0031736  1.0017887  0.9814352
 1.1002249  1.0599601  0.97892463]
[[2025-10-15 20:16:50]] Epoch 13/30, Validation Loss: 0.02150737
[[2025-10-15 20:16:50]] Mask: [1.0038654  1.0086414  0.9970242  0.8726573  0.9672238  0.9077229
 0.908118   0.7466484  1.1564742  1.0364386  1.1370765  1.2243807
 0.8995853  0.8282411  0.9562464  0.9276651  0.8503316  0.99461263
 0.96761763 0.99841124 1.0253571  1.0382384  1.1861614  1.1041261
 0.9845164  1.1155227  0.9891943  1.0084229  1.0017905  1.0015402
 1.111756   1.0530319  0.9730277 ]
[[2025-10-15 20:16:52]] Epoch 14/30, Validation Loss: 0.02185255
[[2025-10-15 20:16:52]] Mask: [0.9997326  1.0120369  0.98582566 0.8615376  0.96674806 0.9218964
 0.91533405 0.7360504  1.1606692  1.0521842  1.1544855  1.2392632
 0.8997201  0.8153579  0.93779004 0.9336586  0.84927124 0.9861937
 0.98837805 1.0105602  1.0292044  1.0504564  1.1955143  1.1088456
 0.99786794 1.1171838  1.0133783  1.0116102  1.0029272  0.99440527
 1.1235356  1.0734214  0.968064  ]
[[2025-10-15 20:16:54]] Epoch 15/30, Validation Loss: 0.02148862
[[2025-10-15 20:16:54]] Mask: [1.0011351  1.0298219  0.99058175 0.8557347  0.97815084 0.9190954
 0.9098231  0.73361045 1.1605983  1.0562762  1.1529188  1.2541376
 0.88789296 0.7855776  0.93555003 0.9492085  0.85299325 0.98871917
 0.96034235 1.0219256  1.0234251  1.0519896  1.2168999  1.1050844
 1.0043889  1.1343161  1.0157316  1.0242624  1.0060008  0.99909395
 1.1678178  1.0733129  0.9659555 ]
[[2025-10-15 20:16:56]] Epoch 16/30, Validation Loss: 0.02191024
[[2025-10-15 20:16:56]] Mask: [0.99627125 1.0326337  0.99760324 0.8544266  0.9896105  0.90906924
 0.9098761  0.72198045 1.1668364  1.0581816  1.1667066  1.2757657
 0.8872044  0.79328364 0.9370539  0.95667475 0.8497219  1.0056843
 0.9737735  1.016817   1.0204245  1.0478703  1.257784   1.1005878
 1.0055443  1.1461284  1.0291954  1.0347512  1.0155241  0.9959302
 1.1574126  1.0954953  0.9574888 ]
[[2025-10-15 20:16:58]] Epoch 17/30, Validation Loss: 0.02192258
[[2025-10-15 20:16:58]] Mask: [0.9884997  1.0317522  0.9811435  0.8554175  0.99850804 0.92567855
 0.9288497  0.7119737  1.1643003  1.0574894  1.1688788  1.2888198
 0.8894122  0.7853473  0.9368299  0.9543505  0.8349652  1.0023758
 0.9641978  1.0224813  1.021794   1.0541974  1.2726891  1.1026185
 1.0142522  1.1444256  1.037523   1.0461743  1.0168582  0.9824108
 1.1754738  1.0930254  0.96692425]
[[2025-10-15 20:17:01]] Epoch 18/30, Validation Loss: 0.02243715
[[2025-10-15 20:17:01]] Mask: [0.9876688  1.0314156  0.9904744  0.86194915 0.9952424  0.9171482
 0.9339807  0.7106325  1.1572274  1.0544167  1.1747804  1.2978493
 0.891275   0.7672904  0.943187   0.97663516 0.8364203  0.9999736
 0.9674971  1.0282476  1.0138192  1.0520641  1.2986646  1.1117578
 1.027163   1.1425227  1.0354483  1.0518467  1.0321088  0.97677
 1.2103636  1.0867926  0.96390533]
[[2025-10-15 20:17:03]] Epoch 19/30, Validation Loss: 0.02303128
[[2025-10-15 20:17:03]] Mask: [0.987916   1.0397872  0.99296016 0.8523658  0.9903472  0.9062687
 0.9292459  0.73300964 1.1653082  1.078045   1.196353   1.3168242
 0.88432145 0.7560982  0.9358901  0.9883719  0.8338438  1.0034946
 0.97433484 1.0357602  1.0192723  1.0580225  1.3016336  1.1140608
 1.0338683  1.1309718  1.0421686  1.0592055  1.0266415  0.9847849
 1.2116715  1.1002067  0.96224976]
[[2025-10-15 20:17:05]] Epoch 20/30, Validation Loss: 0.02498242
[[2025-10-15 20:17:05]] Mask: [0.98992515 1.0399528  0.98826045 0.8537451  0.96985555 0.9151316
 0.9263727  0.7099467  1.1619359  1.075907   1.2386333  1.3276429
 0.87169266 0.7600016  0.93416834 1.0158446  0.8410442  1.0075569
 0.9740975  1.0324076  1.0274599  1.0598183  1.2997917  1.1150652
 1.0387355  1.142938   1.0405284  1.0719403  1.0266597  0.9830551
 1.2347594  1.0857482  0.9540219 ]
[[2025-10-15 20:17:07]] Epoch 21/30, Validation Loss: 0.02467374
[[2025-10-15 20:17:07]] Mask: [0.9852935  1.0486385  0.9867928  0.85774386 0.9896972  0.9068778
 0.9350611  0.70901424 1.1699494  1.079684   1.2497565  1.342624
 0.8835392  0.7467783  0.93140227 1.0038755  0.8462641  1.0107833
 0.9663454  1.0404923  1.0283537  1.0572296  1.316331   1.1124195
 1.0375837  1.1519009  1.0578821  1.0597881  1.0292387  0.9780655
 1.2445792  1.0827006  0.95996326]
[[2025-10-15 20:17:09]] Epoch 22/30, Validation Loss: 0.02385450
[[2025-10-15 20:17:09]] Mask: [0.9758858  1.0542753  0.9849976  0.865149   0.9831932  0.91251796
 0.9556907  0.7119918  1.1718148  1.071834   1.2669351  1.3460438
 0.89185524 0.7464433  0.935446   1.0188272  0.848549   1.007973
 0.95963365 1.0401767  1.0135667  1.0667303  1.318043   1.1152426
 1.049785   1.1604364  1.0520674  1.0669142  1.034213   0.99177635
 1.2521098  1.07249    0.94508475]
[[2025-10-15 20:17:12]] Epoch 23/30, Validation Loss: 0.02401949
[[2025-10-15 20:17:12]] Mask: [0.97803026 1.0559893  0.98105484 0.85946655 0.98490554 0.92031324
 0.9417406  0.7024427  1.1696653  1.0624095  1.2651066  1.367175
 0.8986262  0.75000876 0.9446841  1.0256817  0.8368947  1.0010121
 0.97713596 1.0428598  1.0165622  1.0678502  1.3403163  1.1025277
 1.0575601  1.1612659  1.0595391  1.0620117  1.0282984  1.0071373
 1.2563922  1.0749514  0.94384813]
[[2025-10-15 20:17:14]] Epoch 24/30, Validation Loss: 0.02387388
[[2025-10-15 20:17:14]] Mask: [0.9801207  1.0609531  0.9935757  0.85691816 0.9734928  0.92028785
 0.95104164 0.69952357 1.1773589  1.0626057  1.2610257  1.378221
 0.8911137  0.74097466 0.9329612  1.0331962  0.84102833 1.0066959
 0.97972363 1.0465363  1.0184511  1.0683663  1.3462123  1.121841
 1.0640316  1.1677206  1.0603876  1.0757239  1.0234246  0.9852315
 1.2917069  1.0906104  0.94503605]
[[2025-10-15 20:17:16]] Epoch 25/30, Validation Loss: 0.02418418
[[2025-10-15 20:17:16]] Mask: [0.97216845 1.0629237  0.975029   0.8587703  0.97257686 0.91916686
 0.94010144 0.6922474  1.1800871  1.049999   1.2849717  1.3675582
 0.8916603  0.73702276 0.9506208  1.0404669  0.8410468  0.99838847
 0.9876842  1.0535494  1.0192965  1.0707059  1.3591493  1.1217035
 1.0722383  1.194716   1.0728266  1.0805036  1.0329813  1.0049847
 1.2963723  1.0819939  0.9373931 ]
[[2025-10-15 20:17:18]] Epoch 26/30, Validation Loss: 0.02528629
[[2025-10-15 20:17:18]] Mask: [0.978224   1.0720025  0.9760304  0.8615053  0.9799934  0.90209293
 0.95420593 0.6946488  1.1731507  1.0716125  1.288447   1.4182197
 0.8925017  0.7299532  0.94729906 1.039372   0.84155977 0.99767554
 0.9755249  1.0490061  1.0135951  1.0696148  1.3905263  1.1225392
 1.067932   1.1949254  1.0762305  1.1046985  1.0361477  1.0121077
 1.3001311  1.0714514  0.9380306 ]
[[2025-10-15 20:17:20]] Epoch 27/30, Validation Loss: 0.02547027
[[2025-10-15 20:17:20]] Mask: [0.9772048  1.0761     0.9816558  0.8569814  0.9671302  0.90003854
 0.9654169  0.68340135 1.173515   1.0758219  1.2945439  1.4111851
 0.8783382  0.7184527  0.94693667 1.0587145  0.8385189  1.0022479
 0.94726723 1.0475131  1.0050687  1.0663277  1.3740487  1.144219
 1.0875448  1.2082086  1.0771992  1.1029149  1.0548141  1.0346836
 1.3296093  1.064082   0.9384214 ]
[[2025-10-15 20:17:23]] Epoch 28/30, Validation Loss: 0.02500655
[[2025-10-15 20:17:23]] Mask: [0.9707794  1.073145   0.9675151  0.84999895 0.95596737 0.89979434
 0.95343477 0.70055234 1.1781191  1.0744317  1.3074048  1.4105263
 0.88483244 0.7030231  0.9409569  1.0556924  0.8475095  0.9993793
 0.9592311  1.0487666  1.0152738  1.075393   1.3913727  1.1489335
 1.1040356  1.213365   1.079915   1.0994433  1.0516005  1.0507543
 1.3331348  1.0815309  0.9299742 ]
[[2025-10-15 20:17:25]] Epoch 29/30, Validation Loss: 0.02626025
[[2025-10-15 20:17:25]] Mask: [0.9615304  1.0696381  0.97577506 0.8607037  0.95924467 0.9264035
 0.95566636 0.712087   1.1776569  1.0733329  1.3135169  1.4173032
 0.8853085  0.7093823  0.94461113 1.0718122  0.83452237 0.99132097
 0.95295465 1.0538206  1.0161433  1.0822136  1.3972706  1.1461241
 1.1097418  1.210776   1.0774637  1.1175805  1.0471176  1.0477196
 1.3450671  1.0698357  0.93308955]
[[2025-10-15 20:17:27]] Epoch 30/30, Validation Loss: 0.02535852
[[2025-10-15 20:17:27]] Mask: [0.9635871  1.077469   0.96213245 0.8754982  0.9464216  0.9200248
 0.97979665 0.7044389  1.1768607  1.0827724  1.3167921  1.4240062
 0.87352574 0.693073   0.9595567  1.0849181  0.8373785  1.0073726
 0.96983343 1.047277   1.0039756  1.0740849  1.4020878  1.1443901
 1.1239539  1.1936942  1.0722829  1.103932   1.0482852  1.0488874
 1.3482578  1.0780213  0.93034345]
