[[2025-10-15 20:38:12]] Starting training on model: model_[33, 32, 32, 1]_output_Sigmoid_intermediate_ReLU_normalized_data_True_loss_L1Loss
[[2025-10-15 20:38:14]] Epoch 1/30, Validation Loss: 0.46303055
[[2025-10-15 20:38:14]] Mask: [0.638803 0.638803 0.638803 0.638803 0.638803 0.638803 0.638803 0.638803
 0.638803 0.638803 0.638803 0.638803 0.638803 0.638803 0.638803 0.638803
 0.638803 0.638803 0.638803 0.638803 0.638803 0.638803 0.638803 0.638803
 0.638803 0.638803 0.638803 0.638803 0.638803 0.638803 0.638803 0.638803
 0.638803]
[[2025-10-15 20:38:17]] Epoch 2/30, Validation Loss: 0.45116832
[[2025-10-15 20:38:17]] Mask: [0.5310144 0.5310144 0.5310144 0.5310144 0.5310144 0.5310144 0.5310144
 0.5310144 0.5310144 0.5310144 0.5310144 0.5310144 0.5310144 0.5310144
 0.5310144 0.5310144 0.5310144 0.5310144 0.5310144 0.5310144 0.5310144
 0.5310144 0.5310144 0.5310144 0.5310144 0.5310144 0.5310144 0.5310144
 0.5310144 0.5310144 0.5310144 0.5310144 0.5310144]
[[2025-10-15 20:38:19]] Epoch 3/30, Validation Loss: 0.16375353
[[2025-10-15 20:38:19]] Mask: [0.4390484  0.42483628 0.4264764  0.4299154  0.4209722  0.42264113
 0.42637244 0.4348768  0.42210382 0.42520782 0.42353222 0.42151195
 0.42285988 0.43385252 0.41540927 0.42563453 0.42289338 0.42075467
 0.42263806 0.4352666  0.4404771  0.42071334 0.42689708 0.41922566
 0.4217319  0.43469954 0.42103133 0.4211206  0.4204671  0.41810575
 0.42342797 0.4217284  0.4269439 ]
[[2025-10-15 20:38:21]] Epoch 4/30, Validation Loss: 0.13501070
[[2025-10-15 20:38:21]] Mask: [0.42407188 0.3704668  0.3859292  0.39434534 0.33368215 0.3469805
 0.37167084 0.41110265 0.40971744 0.38280612 0.3469101  0.3385319
 0.36790803 0.40684882 0.3574583  0.3905034  0.3600815  0.34503198
 0.3367828  0.42672905 0.43708137 0.4272073  0.3668928  0.36203122
 0.3501697  0.39941671 0.35157877 0.34809664 0.37571347 0.3433706
 0.3340739  0.33442396 0.36951175]
[[2025-10-15 20:38:23]] Epoch 5/30, Validation Loss: 0.12892383
[[2025-10-15 20:38:23]] Mask: [0.41544974 0.33245426 0.3575107  0.36590388 0.27227107 0.30293104
 0.3272147  0.38552836 0.40521032 0.36088377 0.29564726 0.28297102
 0.3330286  0.39570513 0.3364751  0.36960962 0.3235654  0.2993656
 0.2719218  0.41295326 0.42624122 0.42353052 0.32967672 0.3366862
 0.307252   0.38046646 0.2948422  0.3087831  0.35403067 0.290059
 0.26642865 0.27563745 0.33392438]
[[2025-10-15 20:38:25]] Epoch 6/30, Validation Loss: 0.12542135
[[2025-10-15 20:38:25]] Mask: [0.41000023 0.3026327  0.33617586 0.33989215 0.22981946 0.27145067
 0.29214755 0.3607913  0.4040761  0.34294257 0.25261706 0.24260707
 0.3054853  0.3830107  0.32388118 0.35417134 0.29443383 0.26730573
 0.22538161 0.40296125 0.41967747 0.41500795 0.29558057 0.3171093
 0.27826592 0.36188707 0.24606639 0.28038225 0.3384465  0.24373321
 0.21532048 0.23550071 0.30575076]
[[2025-10-15 20:38:27]] Epoch 7/30, Validation Loss: 0.12210039
[[2025-10-15 20:38:27]] Mask: [0.4046945  0.28250584 0.32182768 0.31753284 0.19916046 0.24500231
 0.26500016 0.33316836 0.39896563 0.32624197 0.22032332 0.21254304
 0.27831027 0.36733356 0.3105222  0.34207797 0.27149075 0.24140279
 0.19308068 0.39320856 0.4139316  0.4121467  0.26587588 0.30173737
 0.2537922  0.3473806  0.20440267 0.2586246  0.3224533  0.20905633
 0.1747247  0.20638505 0.2773851 ]
[[2025-10-15 20:38:30]] Epoch 8/30, Validation Loss: 0.12140735
[[2025-10-15 20:38:30]] Mask: [0.39824224 0.26274112 0.30349955 0.29834926 0.17530805 0.22331756
 0.2432319  0.31071073 0.39521503 0.3100123  0.1948489  0.18811882
 0.25655714 0.3535851  0.30105013 0.32696697 0.25283915 0.22143684
 0.17152302 0.38393527 0.40881217 0.40429986 0.24226837 0.288603
 0.2377818  0.3327453  0.16954675 0.23950574 0.310284   0.1795043
 0.14328873 0.18486273 0.2548653 ]
[[2025-10-15 20:38:32]] Epoch 9/30, Validation Loss: 0.11759770
[[2025-10-15 20:38:32]] Mask: [0.39027163 0.24826147 0.29004222 0.28130543 0.15721734 0.20041686
 0.22332534 0.28989857 0.39060155 0.2986562  0.17397925 0.16610666
 0.2403997  0.3448958  0.29217792 0.3155668  0.22960949 0.20337033
 0.1555363  0.3735048  0.40208933 0.40134013 0.218822   0.27483508
 0.22348598 0.32084453 0.14320117 0.22359361 0.3010855  0.15656953
 0.11819229 0.16882965 0.2332941 ]
[[2025-10-15 20:38:34]] Epoch 10/30, Validation Loss: 0.11652689
[[2025-10-15 20:38:34]] Mask: [0.38325265 0.237014   0.27738205 0.26672342 0.13994916 0.18301885
 0.20844474 0.26752666 0.38595027 0.2882097  0.15557553 0.15048523
 0.22197582 0.32940307 0.28294477 0.30165222 0.21576303 0.18741685
 0.14218368 0.36506152 0.39692277 0.39776263 0.19933705 0.26492673
 0.21115759 0.30764136 0.12192743 0.21040486 0.2910014  0.13787678
 0.09757856 0.15687998 0.21689239]
[[2025-10-15 20:38:36]] Epoch 11/30, Validation Loss: 0.11885463
[[2025-10-15 20:38:36]] Mask: [0.3769934  0.22758771 0.2662304  0.25509974 0.12633072 0.16725688
 0.19459698 0.2478872  0.3808047  0.27898386 0.13967328 0.13747858
 0.20792612 0.31737387 0.27406564 0.2902066  0.20315602 0.17318352
 0.13419312 0.35668793 0.38955054 0.39311105 0.18302958 0.2547108
 0.20074488 0.29706153 0.10455761 0.19930767 0.28307    0.12313601
 0.0814642  0.1446138  0.20536827]
[[2025-10-15 20:38:38]] Epoch 12/30, Validation Loss: 0.11452287
[[2025-10-15 20:38:38]] Mask: [0.37108797 0.21676482 0.25578013 0.24142917 0.11515506 0.15301748
 0.18281321 0.22917369 0.37709948 0.2681026  0.1285746  0.12623553
 0.19447507 0.30764812 0.2665486  0.27906534 0.19251238 0.160838
 0.12574945 0.34855306 0.3848297  0.38842422 0.1663983  0.24661723
 0.19259405 0.28513518 0.09095838 0.18903238 0.27899662 0.10891247
 0.06788669 0.13305204 0.19199923]
[[2025-10-15 20:38:40]] Epoch 13/30, Validation Loss: 0.11337565
[[2025-10-15 20:38:40]] Mask: [0.36557317 0.20731518 0.24866599 0.23107758 0.10530556 0.1408671
 0.17257544 0.21376999 0.37077072 0.25921342 0.11699635 0.11772298
 0.18358254 0.29686636 0.26183394 0.2702189  0.18336502 0.15055759
 0.11989919 0.33991256 0.37854695 0.3842203  0.15306054 0.23726848
 0.18255518 0.27446243 0.08013386 0.17856072 0.27088246 0.09763259
 0.05657722 0.12488784 0.18223032]
[[2025-10-15 20:38:42]] Epoch 14/30, Validation Loss: 0.11391030
[[2025-10-15 20:38:42]] Mask: [0.3607908  0.19873318 0.23811379 0.22273242 0.09665107 0.13180839
 0.16363992 0.20037845 0.36634198 0.25006488 0.10863791 0.10846204
 0.17422503 0.28649345 0.2559187  0.25746658 0.17742182 0.14178814
 0.1167101  0.32978502 0.37385806 0.38051382 0.14195979 0.22937725
 0.1758419  0.2644154  0.0718203  0.16938496 0.26408806 0.08822822
 0.0481048  0.11895077 0.17484042]
[[2025-10-15 20:38:44]] Epoch 15/30, Validation Loss: 0.11197411
[[2025-10-15 20:38:44]] Mask: [0.35483724 0.19447476 0.2280001  0.21524203 0.08940127 0.12283183
 0.15631504 0.18874526 0.36140603 0.24325046 0.10135326 0.10151348
 0.16394725 0.2774252  0.24980518 0.24848346 0.17184488 0.1331968
 0.11276504 0.3218798  0.36784726 0.37693793 0.13184921 0.22190544
 0.1681992  0.25592715 0.06534534 0.16163602 0.257335   0.08038723
 0.04081645 0.11249527 0.16870525]
