[[2025-10-15 20:35:41]] Starting training on model: model_[33, 64, 64, 1]_output_Sigmoid_intermediate_ReLU_normalized_data_True_loss_MSELoss
[[2025-10-15 20:35:44]] Lambda: 0.005
[[2025-10-15 20:35:44]] Epoch 1/30, Validation Loss: 0.09700799
[[2025-10-15 20:35:44]] Mask: [0.72032076 0.64720887 0.67015696 0.7069408  0.6653462  0.6625233
 0.6631316  0.6703073  0.6973911  0.65069944 0.64085644 0.64712644
 0.676808   0.72893405 0.70381784 0.66984624 0.6750871  0.69352895
 0.6502072  0.71097696 0.71740454 0.70346886 0.6410355  0.65147907
 0.6537556  0.6494065  0.64257777 0.65408933 0.66609746 0.64984655
 0.6410613  0.6405832  0.6752401 ]
[[2025-10-15 20:35:46]] Lambda: 0.0051005
[[2025-10-15 20:35:46]] Epoch 2/30, Validation Loss: 0.09219516
[[2025-10-15 20:35:46]] Mask: [0.7074581  0.54965395 0.6024234  0.6620225  0.5863187  0.5750764
 0.5723267  0.60677963 0.6708524  0.5645302  0.5359419  0.54309404
 0.619357   0.7234993  0.6707565  0.5928907  0.59636647 0.63451374
 0.5569617  0.68620807 0.69703704 0.6727307  0.53767526 0.57250166
 0.5691772  0.55558366 0.5377407  0.56057364 0.60823274 0.5530466
 0.5350512  0.53520983 0.6117862 ]
[[2025-10-15 20:35:48]] Lambda: 0.00520302005
[[2025-10-15 20:35:48]] Epoch 3/30, Validation Loss: 0.08180261
[[2025-10-15 20:35:48]] Mask: [0.69115037 0.45576766 0.53054434 0.60915536 0.50085866 0.48322415
 0.476156   0.5407457  0.64602345 0.48564172 0.4294198  0.43699953
 0.561486   0.71590745 0.63579595 0.5150799  0.50630736 0.56817526
 0.4601519  0.65684724 0.6728046  0.6465597  0.43281558 0.4936744
 0.48342338 0.4675341  0.43086514 0.46758142 0.5470917  0.4542516
 0.42806745 0.42962787 0.5413116 ]
[[2025-10-15 20:35:50]] Lambda: 0.005307600753005
[[2025-10-15 20:35:50]] Epoch 4/30, Validation Loss: 0.07622535
[[2025-10-15 20:35:50]] Mask: [0.67620873 0.37000048 0.45856217 0.54761064 0.4205317  0.3946864
 0.38784328 0.47339892 0.6218971  0.41572478 0.3360661  0.3418722
 0.50434256 0.704591   0.5951701  0.44334328 0.41574553 0.4951781
 0.37114403 0.6235618  0.6490661  0.6192161  0.33961728 0.42297816
 0.40416214 0.38963068 0.33735284 0.38174993 0.4865974  0.36552697
 0.33443177 0.33916146 0.47019836]
[[2025-10-15 20:35:52]] Lambda: 0.005414283528140401
[[2025-10-15 20:35:52]] Epoch 5/30, Validation Loss: 0.06865909
[[2025-10-15 20:35:52]] Mask: [0.65778303 0.30173656 0.39007095 0.48945758 0.3490709  0.31881055
 0.31495982 0.41207293 0.59884757 0.3554939  0.2594527  0.26540995
 0.44369802 0.69027305 0.5545798  0.38048807 0.3333159  0.42605683
 0.29676253 0.58670664 0.6244881  0.59271353 0.26636714 0.36045387
 0.3375861  0.32437584 0.26158106 0.30863878 0.4323672  0.29171145
 0.25970703 0.2674044  0.4042591 ]
[[2025-10-15 20:35:54]] Lambda: 0.005523110627056023
[[2025-10-15 20:35:54]] Epoch 6/30, Validation Loss: 0.06447606
[[2025-10-15 20:35:54]] Mask: [0.6388393  0.25020173 0.33428344 0.4309455  0.29013038 0.25711474
 0.2571901  0.3529228  0.5741338  0.3062011  0.20113622 0.20640321
 0.38999853 0.6700012  0.5115047  0.3264882  0.26835835 0.36510685
 0.23656401 0.5487319  0.59818    0.56791854 0.20951758 0.30837563
 0.28295746 0.27345613 0.20422168 0.25025138 0.3834632  0.23294778
 0.20225261 0.2132271  0.34580716]
[[2025-10-15 20:35:57]] Lambda: 0.005634125150659849
[[2025-10-15 20:35:57]] Epoch 7/30, Validation Loss: 0.05869452
[[2025-10-15 20:35:57]] Mask: [0.61844337 0.20957206 0.28809485 0.38170868 0.24159947 0.20574959
 0.21497309 0.30329782 0.54952574 0.26796788 0.15833193 0.1619127
 0.34234723 0.6435493  0.47338173 0.28087425 0.2158374  0.31076244
 0.19004993 0.510528   0.57278186 0.5423485  0.16619164 0.26485938
 0.23783004 0.23314522 0.16106863 0.20748499 0.3399514  0.18857197
 0.15919952 0.17326914 0.296632  ]
[[2025-10-15 20:35:59]] Lambda: 0.0057473710661881125
[[2025-10-15 20:35:59]] Epoch 8/30, Validation Loss: 0.05597305
[[2025-10-15 20:35:59]] Mask: [0.59766567 0.17935947 0.2513083  0.34074205 0.2024126  0.16877256
 0.18203281 0.2623544  0.5265411  0.23644178 0.12584051 0.12788062
 0.3019539  0.6115404  0.43472755 0.24360827 0.17778039 0.2650409
 0.15546319 0.47149187 0.54687333 0.5205918  0.13354613 0.22914314
 0.20330097 0.20262043 0.12817372 0.17356811 0.30413294 0.1538868
 0.12660657 0.14205506 0.25429824]
[[2025-10-15 20:36:01]] Lambda: 0.005862893224618494
[[2025-10-15 20:36:01]] Epoch 9/30, Validation Loss: 0.05209129
[[2025-10-15 20:36:01]] Mask: [0.5762863  0.15651159 0.22022384 0.30274376 0.1725385  0.14056239
 0.15529662 0.22986215 0.50543904 0.21002112 0.10167931 0.10201386
 0.27034307 0.5737571  0.39994806 0.21389621 0.14656852 0.22926223
 0.12826023 0.4382361  0.5218681  0.49719498 0.1086652  0.20343465
 0.17565066 0.1767605  0.10351728 0.14613302 0.27264416 0.12856568
 0.1019809  0.11886498 0.2215235 ]
[[2025-10-15 20:36:03]] Lambda: 0.005980737378433325
[[2025-10-15 20:36:03]] Epoch 10/30, Validation Loss: 0.04998949
[[2025-10-15 20:36:03]] Mask: [0.55424654 0.13718845 0.19626239 0.2759367  0.1475821  0.11710297
 0.13702543 0.20025702 0.4836739  0.18748638 0.08254446 0.08222863
 0.24209963 0.52772343 0.367965   0.19078188 0.12255352 0.19774799
 0.10803748 0.4039945  0.49715447 0.47726375 0.08924137 0.1794551
 0.15358849 0.15653764 0.08533933 0.12659004 0.24691926 0.1085382
 0.08302598 0.1009296  0.19366269]
[[2025-10-15 20:36:05]] Lambda: 0.006100950199739836
[[2025-10-15 20:36:05]] Epoch 11/30, Validation Loss: 0.04840583
[[2025-10-15 20:36:05]] Mask: [0.53359514 0.12217195 0.1782182  0.25001848 0.1268807  0.09965917
 0.12039825 0.1769628  0.46402732 0.16883759 0.06788248 0.06710552
 0.21993159 0.48200822 0.33740512 0.17087482 0.10471826 0.17315431
 0.09144652 0.37388837 0.474346   0.45431212 0.07396436 0.16021322
 0.13635601 0.14020313 0.07026491 0.1093161  0.2247692  0.09272325
 0.06808667 0.08635816 0.17335223]
[[2025-10-15 20:36:07]] Lambda: 0.006223579298754607
[[2025-10-15 20:36:07]] Epoch 12/30, Validation Loss: 0.04598198
[[2025-10-15 20:36:07]] Mask: [0.51044    0.10986812 0.16294132 0.22557238 0.11015891 0.08691493
 0.10662108 0.15706547 0.4432061  0.15385014 0.05640157 0.05508706
 0.19899784 0.43788645 0.31142247 0.1544768  0.08971548 0.15366362
 0.07816827 0.34513816 0.45010012 0.4376452  0.06251193 0.14524055
 0.1225722  0.12754346 0.05887804 0.09635506 0.20491783 0.08007466
 0.05659504 0.07466607 0.15522058]
[[2025-10-15 20:36:10]] Lambda: 0.006348673242659575
[[2025-10-15 20:36:10]] Epoch 13/30, Validation Loss: 0.04574491
[[2025-10-15 20:36:10]] Mask: [0.48925146 0.09966785 0.14912462 0.20808202 0.09656194 0.07529889
 0.09679858 0.141264   0.42347467 0.14088808 0.04761284 0.04569475
 0.18586525 0.3982933  0.28672966 0.14223261 0.07820836 0.13526
 0.0674124  0.31851378 0.42862895 0.41972992 0.05354897 0.13329116
 0.11186912 0.11599247 0.0501273  0.08520601 0.1881393  0.07028276
 0.04683835 0.06594022 0.1409963 ]
[[2025-10-15 20:36:12]] Lambda: 0.0064762815748370325
[[2025-10-15 20:36:12]] Epoch 14/30, Validation Loss: 0.04354742
[[2025-10-15 20:36:12]] Mask: [0.4673149  0.09182945 0.13854334 0.19254489 0.08472735 0.06709792
 0.08845694 0.12716548 0.40678278 0.1292693  0.04044146 0.03815093
 0.17029366 0.35776892 0.26454592 0.12984279 0.0693712  0.12207967
 0.06056905 0.2956382  0.4085842  0.4028499  0.04595028 0.12292632
 0.10310055 0.10735291 0.04294079 0.07702757 0.17495245 0.06176538
 0.03928768 0.05879419 0.13026904]
[[2025-10-15 20:36:14]] Lambda: 0.006606454834491257
[[2025-10-15 20:36:14]] Epoch 15/30, Validation Loss: 0.04231815
[[2025-10-15 20:36:14]] Mask: [0.44807264 0.08515703 0.13021459 0.17806388 0.07568165 0.05973946
 0.08039721 0.11646432 0.38813996 0.1194373  0.03461648 0.03231176
 0.15956996 0.324688   0.24568357 0.12066502 0.06154    0.11007494
 0.05328212 0.27422908 0.38877335 0.38575095 0.04014937 0.11318195
 0.09485192 0.09871518 0.0370623  0.06930477 0.16105522 0.0554045
 0.03337064 0.0529875  0.12068578]
[[2025-10-15 20:36:16]] Lambda: 0.0067392445766645305
[[2025-10-15 20:36:16]] Epoch 16/30, Validation Loss: 0.04260148
[[2025-10-15 20:36:16]] Mask: [0.43040028 0.07898085 0.12258447 0.16548328 0.06756124 0.05403746
 0.07425771 0.10779613 0.37311038 0.11014727 0.03002431 0.02731637
 0.14863499 0.29540968 0.2262452  0.11129227 0.05533875 0.1005719
 0.04751191 0.25837147 0.37094226 0.3699489  0.035317   0.10606021
 0.08895548 0.09154966 0.03217401 0.06362573 0.14949046 0.04996826
 0.02836668 0.04770723 0.11248795]
[[2025-10-15 20:36:18]] Lambda: 0.006874703392655487
[[2025-10-15 20:36:18]] Epoch 17/30, Validation Loss: 0.04274813
[[2025-10-15 20:36:18]] Mask: [0.40981102 0.07340701 0.11471291 0.15430035 0.06112304 0.04912806
 0.06838368 0.10141908 0.35613152 0.10272045 0.02624023 0.02358469
 0.14093268 0.26877058 0.21085899 0.10405483 0.05000567 0.09235527
 0.04214498 0.24264087 0.35579088 0.35364053 0.03091526 0.09792367
 0.08347838 0.08501347 0.02840772 0.05809757 0.13921653 0.04623016
 0.02415246 0.04353165 0.1060349 ]
[[2025-10-15 20:36:21]] Lambda: 0.007012884930847863
[[2025-10-15 20:36:21]] Epoch 18/30, Validation Loss: 0.03996711
[[2025-10-15 20:36:21]] Mask: [0.39159682 0.06896438 0.10892075 0.14589241 0.0545571  0.04452769
 0.06412054 0.09550229 0.34106117 0.09684446 0.02320604 0.02049382
 0.133437   0.24826434 0.19554204 0.09755498 0.04572099 0.08465122
 0.03895987 0.22756627 0.33882266 0.34029368 0.02771664 0.09197251
 0.07890531 0.07954332 0.02539434 0.05464305 0.12943783 0.04262983
 0.02093654 0.04019982 0.09880661]
