[[2025-10-15 20:34:16]] Starting training on model: model_[33, 32, 32, 1]_output_Sigmoid_intermediate_ReLU_normalized_data_True_loss_MSELoss
[[2025-10-15 20:34:19]] Epoch 1/30, Validation Loss: 0.03254615
[[2025-10-15 20:34:19]] Mask: [0.1436253  0.06513651 0.06550812 0.09545333 0.02617002 0.03142478
 0.06480811 0.04941389 0.13011917 0.05319078 0.022946   0.04811049
 0.08147061 0.08916402 0.06487732 0.09626421 0.04692379 0.03725212
 0.04074324 0.08417616 0.12553342 0.12826027 0.02830753 0.05491616
 0.0594756  0.04641318 0.04918926 0.03856419 0.06038368 0.02812969
 0.03411605 0.02864389 0.07941161]
[[2025-10-15 20:34:22]] Epoch 2/30, Validation Loss: 0.03331956
[[2025-10-15 20:34:22]] Mask: [0.14156014 0.06444643 0.06460724 0.09390971 0.02588018 0.03070822
 0.06442318 0.04862148 0.12881164 0.05197759 0.02246043 0.04820549
 0.08078104 0.08716455 0.06456307 0.09560183 0.04670547 0.03716119
 0.04052394 0.08323714 0.12407649 0.12579295 0.0284458  0.05497425
 0.05856729 0.0457793  0.04908462 0.03867179 0.06013741 0.02784585
 0.03471043 0.02846937 0.07847029]
[[2025-10-15 20:34:24]] Epoch 3/30, Validation Loss: 0.03238932
[[2025-10-15 20:34:24]] Mask: [0.1396669  0.06468461 0.0636411  0.09242052 0.02595266 0.03020787
 0.06334019 0.04775884 0.12681735 0.05106744 0.02214045 0.04792818
 0.08005024 0.08488943 0.06368022 0.09465486 0.04584793 0.03691871
 0.03927946 0.08312502 0.12219807 0.12356112 0.02847225 0.05409652
 0.05857776 0.04553127 0.04933602 0.03866446 0.0595916  0.02794573
 0.03545442 0.02804398 0.07752004]
[[2025-10-15 20:34:26]] Epoch 4/30, Validation Loss: 0.03339509
[[2025-10-15 20:34:26]] Mask: [0.13582839 0.064323   0.06233717 0.09151445 0.02519026 0.02938565
 0.063705   0.04731198 0.12468792 0.05053055 0.02197743 0.04712159
 0.0786501  0.08439867 0.06237746 0.09304412 0.04548776 0.03601625
 0.03932262 0.08130856 0.11990152 0.12228905 0.02900109 0.05387481
 0.05934256 0.04530386 0.04991239 0.03856403 0.05860281 0.02737941
 0.03575221 0.02816077 0.07758963]
[[2025-10-15 20:34:29]] Epoch 5/30, Validation Loss: 0.03273654
[[2025-10-15 20:34:29]] Mask: [0.13416356 0.06414285 0.06234139 0.09064675 0.02517564 0.02936622
 0.06296717 0.04629774 0.12325433 0.05084225 0.02188355 0.0472327
 0.07774675 0.08275415 0.06165795 0.09211217 0.0449742  0.03560852
 0.03896121 0.08096676 0.11799908 0.120487   0.0297011  0.05323635
 0.0582413  0.04475547 0.04974801 0.03843369 0.05828857 0.0276194
 0.03514389 0.02804074 0.07615474]
[[2025-10-15 20:34:31]] Epoch 6/30, Validation Loss: 0.03323423
[[2025-10-15 20:34:31]] Mask: [0.13164714 0.06459129 0.06146855 0.08937924 0.02463885 0.02871994
 0.06219798 0.04592636 0.12211932 0.05030333 0.02220123 0.04737772
 0.07607667 0.08263338 0.06099166 0.09109716 0.04428484 0.03506238
 0.03849499 0.08040778 0.11717233 0.11771291 0.02957059 0.05248817
 0.05785038 0.04390877 0.04890637 0.03828291 0.0578615  0.02714118
 0.03500887 0.02761091 0.07579798]
[[2025-10-15 20:34:33]] Epoch 7/30, Validation Loss: 0.03349218
[[2025-10-15 20:34:33]] Mask: [0.13034466 0.06440198 0.06022768 0.08818083 0.02467293 0.02794207
 0.06180129 0.04535096 0.11957699 0.05013717 0.02181645 0.0469548
 0.07601687 0.08109396 0.06005884 0.0901707  0.04378993 0.03464506
 0.0373034  0.07923881 0.11526722 0.11640753 0.030182   0.05191232
 0.0576839  0.04308969 0.04858776 0.03863693 0.05690672 0.02738476
 0.03443297 0.02745427 0.07533915]
[[2025-10-15 20:34:36]] Epoch 8/30, Validation Loss: 0.03307062
[[2025-10-15 20:34:36]] Mask: [0.12897977 0.0632516  0.05953883 0.08658461 0.02420658 0.02755463
 0.06055374 0.04553803 0.11887805 0.0490666  0.02167297 0.04631704
 0.07606107 0.0802593  0.05953582 0.08786432 0.04358668 0.03410663
 0.03723355 0.07873928 0.11403083 0.11451244 0.03019734 0.05140961
 0.0576454  0.04325511 0.04889972 0.03801018 0.05691398 0.02736525
 0.03427504 0.02701367 0.0742135 ]
[[2025-10-15 20:34:38]] Epoch 9/30, Validation Loss: 0.03308171
[[2025-10-15 20:34:38]] Mask: [0.126647   0.06347439 0.05876949 0.085188   0.02401199 0.02728233
 0.06046424 0.0446713  0.11707004 0.04936053 0.02160797 0.04597104
 0.07498644 0.07901962 0.059143   0.08811828 0.04242178 0.03377914
 0.03686294 0.0773666  0.11215352 0.1124295  0.03030051 0.05107698
 0.05666909 0.04233448 0.04867288 0.03775593 0.05547726 0.02716517
 0.0348013  0.02695881 0.07381883]
[[2025-10-15 20:34:41]] Epoch 10/30, Validation Loss: 0.03237658
[[2025-10-15 20:34:41]] Mask: [0.12493712 0.06294736 0.0582005  0.08434033 0.02398732 0.0270704
 0.05959387 0.04474746 0.11553663 0.04857587 0.02111763 0.04619383
 0.07439748 0.07726217 0.05857043 0.08757782 0.04242207 0.03340872
 0.03694976 0.07667217 0.11140763 0.1103631  0.03031233 0.05004146
 0.05563745 0.04203439 0.04820633 0.03701645 0.05471176 0.02675402
 0.03464176 0.02677291 0.07256486]
[[2025-10-15 20:34:43]] Epoch 11/30, Validation Loss: 0.03364694
[[2025-10-15 20:34:43]] Mask: [0.12258361 0.06256863 0.05730049 0.08257195 0.02363682 0.02661518
 0.05895596 0.04413632 0.11362061 0.04927377 0.0215312  0.04651032
 0.07328665 0.07661793 0.05761787 0.08590704 0.0415569  0.03317492
 0.03671565 0.07651448 0.11046559 0.11045103 0.03024705 0.04985494
 0.05521604 0.04125129 0.04719195 0.03699127 0.05483093 0.02673833
 0.03452462 0.02664962 0.07202454]
[[2025-10-15 20:34:45]] Epoch 12/30, Validation Loss: 0.03364471
[[2025-10-15 20:34:45]] Mask: [0.12097885 0.06174578 0.05678675 0.08147012 0.0233171  0.02616683
 0.0583902  0.0438461  0.11316099 0.0488708  0.02145541 0.04596874
 0.073036   0.07515918 0.05668036 0.08484128 0.04111345 0.03263657
 0.03610916 0.07522369 0.10844802 0.10880519 0.02988704 0.04960411
 0.05515218 0.04040286 0.04683021 0.03671601 0.05502408 0.02664929
 0.03443986 0.02606886 0.07160672]
[[2025-10-15 20:34:47]] Epoch 13/30, Validation Loss: 0.03383598
[[2025-10-15 20:34:47]] Mask: [0.12007173 0.06128818 0.05615976 0.08032729 0.02322557 0.02576399
 0.05836548 0.04318065 0.11132091 0.04825184 0.0212404  0.04540947
 0.07210726 0.07417697 0.05615036 0.0845563  0.04119853 0.03227166
 0.03545758 0.07445937 0.10650595 0.10743928 0.02986178 0.04992809
 0.05504112 0.03953231 0.04624881 0.0363416  0.05417166 0.02636793
 0.03417472 0.0259006  0.07105   ]
[[2025-10-15 20:34:50]] Epoch 14/30, Validation Loss: 0.03366163
[[2025-10-15 20:34:50]] Mask: [0.11832099 0.06123978 0.0556406  0.08004916 0.02274204 0.0254297
 0.05629435 0.04294308 0.1103197  0.04763947 0.02111749 0.04495848
 0.07206351 0.07313561 0.05529006 0.08303501 0.0406695  0.03167257
 0.03506551 0.07374081 0.10562947 0.10540207 0.02960062 0.04919393
 0.05470162 0.03966937 0.04541156 0.03567492 0.05359263 0.02630858
 0.03350051 0.02553018 0.07090503]
[[2025-10-15 20:34:53]] Epoch 15/30, Validation Loss: 0.03372306
[[2025-10-15 20:34:53]] Mask: [0.11547904 0.0605527  0.05490747 0.0789047  0.02264595 0.02524829
 0.05621714 0.04256972 0.10909725 0.04711978 0.02135288 0.04488851
 0.07189055 0.07219872 0.05493454 0.08242103 0.04025095 0.03194579
 0.03512628 0.07323953 0.10419632 0.10461725 0.02977761 0.04849859
 0.05420061 0.03896378 0.04549341 0.03545269 0.05355155 0.02595008
 0.0327486  0.02557172 0.06954981]
[[2025-10-15 20:34:56]] Epoch 16/30, Validation Loss: 0.03294991
[[2025-10-15 20:34:56]] Mask: [0.11494048 0.06066506 0.05398935 0.07838687 0.02260327 0.02449277
 0.05635922 0.04189254 0.10765402 0.0465886  0.02148798 0.04432162
 0.07048102 0.07075965 0.05487656 0.0806098  0.03996283 0.03180147
 0.03519948 0.0722346  0.10376355 0.10299247 0.02961972 0.04854419
 0.05310111 0.03796285 0.04444234 0.0351459  0.05297494 0.02571322
 0.03318114 0.02537684 0.06872429]
[[2025-10-15 20:34:58]] Epoch 17/30, Validation Loss: 0.03351086
[[2025-10-15 20:34:58]] Mask: [0.11322733 0.05964629 0.05308557 0.0770577  0.0225905  0.02444636
 0.05564095 0.04141977 0.10652419 0.04598249 0.0208086  0.04541104
 0.07028197 0.07032067 0.05372187 0.08016772 0.03931421 0.03179152
 0.03469555 0.07129739 0.10243744 0.10225228 0.0295485  0.04858771
 0.05230729 0.03781822 0.04431289 0.03475807 0.05228442 0.02545642
 0.03286088 0.02501762 0.06763811]
[[2025-10-15 20:35:01]] Epoch 18/30, Validation Loss: 0.03314429
[[2025-10-15 20:35:01]] Mask: [0.11119863 0.05910106 0.05248876 0.07649744 0.02232915 0.0240459
 0.05554738 0.04150819 0.10485072 0.04484786 0.02067553 0.04521947
 0.06925596 0.06963052 0.0534839  0.07966936 0.03926248 0.03106719
 0.0342384  0.07125136 0.10116503 0.10028531 0.02980559 0.04786025
 0.05161389 0.03745279 0.04484387 0.03479226 0.05268022 0.02500361
 0.03211202 0.02493959 0.06727043]
[[2025-10-15 20:35:03]] Epoch 19/30, Validation Loss: 0.03302378
[[2025-10-15 20:35:03]] Mask: [0.11002812 0.05924496 0.05317442 0.0757422  0.02192513 0.02355869
 0.05536727 0.0406551  0.10266803 0.04469316 0.02039946 0.04424999
 0.06872684 0.06828755 0.05323494 0.07934072 0.03886762 0.0307675
 0.0338584  0.07125267 0.10032904 0.09945294 0.02965975 0.04753499
 0.05198342 0.03677892 0.04369052 0.03452917 0.05163644 0.02468492
 0.03219854 0.02453199 0.06710149]
[[2025-10-15 20:35:06]] Epoch 20/30, Validation Loss: 0.03328993
[[2025-10-15 20:35:06]] Mask: [0.10884714 0.05882407 0.05157213 0.07455155 0.02184196 0.02349556
 0.05446117 0.04064553 0.10218301 0.04399707 0.02050367 0.04425143
 0.06836835 0.06756389 0.05284478 0.07871068 0.03804874 0.03022887
 0.03374336 0.07014085 0.09828416 0.09779989 0.0294529  0.04620377
 0.05191517 0.03628659 0.04345538 0.03398368 0.05094051 0.02446585
 0.03211421 0.02459762 0.06654328]
[[2025-10-15 20:35:09]] Epoch 21/30, Validation Loss: 0.03315240
[[2025-10-15 20:35:09]] Mask: [0.10802383 0.05815458 0.05109302 0.07358213 0.02187421 0.02298676
 0.05322318 0.03961335 0.10101126 0.04358887 0.0206343  0.04351638
 0.06800167 0.0671976  0.05197476 0.07744393 0.03789646 0.03027346
 0.03343888 0.06988181 0.09769894 0.09701846 0.02900331 0.04626174
 0.05175069 0.03604354 0.04351141 0.03340406 0.049986   0.02459068
 0.03223214 0.02445268 0.06568681]
[[2025-10-15 20:35:11]] Epoch 22/30, Validation Loss: 0.03307068
[[2025-10-15 20:35:11]] Mask: [0.10580438 0.05822401 0.05023937 0.07273123 0.02149156 0.02275148
 0.05243625 0.04007647 0.10033719 0.04341431 0.02043114 0.04348956
 0.06726559 0.06534844 0.05142816 0.07741595 0.03711968 0.02942395
 0.03305019 0.06946915 0.09733652 0.0958013  0.02943799 0.04538902
 0.05130099 0.03610435 0.04325864 0.03358284 0.04908168 0.0244136
 0.03169009 0.02429678 0.06550591]
[[2025-10-15 20:35:14]] Epoch 23/30, Validation Loss: 0.03509942
[[2025-10-15 20:35:14]] Mask: [0.10485435 0.05779798 0.05008201 0.07299053 0.02131607 0.02252758
 0.05226764 0.03943234 0.0991644  0.04332257 0.02066564 0.04358197
 0.06662518 0.06480737 0.05159797 0.075885   0.03663675 0.02905355
 0.03187199 0.06884452 0.09614847 0.09443983 0.02930467 0.0454679
 0.05006757 0.03618096 0.04220089 0.0328734  0.04911079 0.02449396
 0.03152121 0.02395648 0.06501937]
[[2025-10-15 20:35:17]] Epoch 24/30, Validation Loss: 0.03309477
[[2025-10-15 20:35:17]] Mask: [0.10358024 0.0570454  0.04982405 0.07239752 0.02109685 0.02237122
 0.05208334 0.03870499 0.09794936 0.04302346 0.02038926 0.0429318
 0.06591031 0.06393254 0.0511184  0.07568897 0.03643907 0.02896562
 0.03205259 0.06875895 0.09517283 0.09315126 0.0289299  0.04506712
 0.04939692 0.03555762 0.0427786  0.03267899 0.04812135 0.02393404
 0.03069563 0.02408419 0.06444731]
[[2025-10-15 20:35:20]] Epoch 25/30, Validation Loss: 0.03652974
[[2025-10-15 20:35:20]] Mask: [0.10230085 0.05635292 0.04959312 0.07126319 0.02107646 0.02211064
 0.05177683 0.03807865 0.09664814 0.04316206 0.02009523 0.04212315
 0.06537383 0.06319728 0.05000557 0.07607478 0.03594974 0.02903427
 0.03144949 0.06721108 0.09361897 0.09262334 0.02913438 0.04504691
 0.04908952 0.03506406 0.04229844 0.03261036 0.04827136 0.02354814
 0.03097701 0.02399133 0.06496579]
[[2025-10-15 20:35:22]] Epoch 26/30, Validation Loss: 0.03407024
[[2025-10-15 20:35:22]] Mask: [0.10089523 0.0570089  0.04955827 0.07079656 0.02085161 0.02180251
 0.05177422 0.03822859 0.09565534 0.04278916 0.01951172 0.04268339
 0.06411443 0.06267644 0.04967543 0.07467182 0.03596539 0.02882642
 0.03103216 0.06717584 0.0926055  0.09109755 0.02897259 0.04496826
 0.04874991 0.03523447 0.04200404 0.03262253 0.0477871  0.02345276
 0.03018567 0.02336986 0.06376308]
[[2025-10-15 20:35:25]] Epoch 27/30, Validation Loss: 0.03445946
[[2025-10-15 20:35:25]] Mask: [0.10025582 0.05574625 0.04860661 0.06970059 0.0208245  0.02158521
 0.05117226 0.03870391 0.09433243 0.0425436  0.01964941 0.04281823
 0.0642192  0.06175258 0.04892511 0.07397268 0.03538274 0.02861392
 0.03076877 0.06667371 0.09134402 0.09042793 0.02901472 0.04421222
 0.04829243 0.03483621 0.04208293 0.03247865 0.04701512 0.02316987
 0.02978017 0.0232404  0.0634705 ]
[[2025-10-15 20:35:27]] Epoch 28/30, Validation Loss: 0.03272997
[[2025-10-15 20:35:27]] Mask: [0.09922874 0.05577305 0.04789574 0.0698111  0.0203827  0.02150649
 0.05093183 0.03805082 0.0931962  0.04179274 0.01921656 0.04188113
 0.06344377 0.06105343 0.04848957 0.07334207 0.03529121 0.02815871
 0.03034308 0.06708408 0.09096031 0.08871097 0.02846543 0.04403055
 0.04719104 0.03476613 0.04102651 0.03257664 0.04651015 0.02324707
 0.02978598 0.02265802 0.06259576]
[[2025-10-15 20:35:30]] Epoch 29/30, Validation Loss: 0.03411142
[[2025-10-15 20:35:30]] Mask: [0.09758948 0.05542145 0.04766738 0.06870302 0.02028829 0.02134841
 0.0499372  0.0372719  0.0921132  0.04182095 0.01921679 0.04177713
 0.06384556 0.06014319 0.04842986 0.07227936 0.03480522 0.02805621
 0.03012644 0.06604178 0.09064849 0.08895827 0.02888068 0.04360647
 0.04721016 0.03453122 0.04036115 0.03234067 0.04564247 0.02307858
 0.02909581 0.02232875 0.06221144]
[[2025-10-15 20:35:32]] Epoch 30/30, Validation Loss: 0.03337205
[[2025-10-15 20:35:32]] Mask: [0.09626812 0.05425461 0.04702449 0.06864832 0.02021623 0.02112435
 0.05004015 0.03698834 0.09144409 0.04141655 0.01915916 0.04221075
 0.06366801 0.06013558 0.04784101 0.07173162 0.03451192 0.02772176
 0.02985799 0.06543282 0.08925247 0.0877017  0.02883031 0.04303873
 0.0468673  0.03401497 0.04023282 0.03187173 0.0456095  0.02319696
 0.02894901 0.02220432 0.06168218]
