[[2025-10-15 20:40:41]] Starting training on model: model_[33, 32, 32, 1]_output_Sigmoid_intermediate_Tanh_normalized_data_True_loss_MSELoss
[[2025-10-15 20:40:43]] Epoch 1/30, Validation Loss: 0.02979097
[[2025-10-15 20:40:43]] Mask: [0.2924386  0.06136252 0.07094139 0.07861974 0.03120451 0.02214781
 0.03381369 0.04444224 0.2302387  0.06976679 0.01478788 0.00878015
 0.05299472 0.12870565 0.10711223 0.06325828 0.04086198 0.05686211
 0.01857369 0.15453745 0.23984803 0.26536354 0.01370405 0.06772025
 0.04615869 0.06407886 0.00722736 0.04777852 0.08751703 0.01717627
 0.0073635  0.02410246 0.07574575]
[[2025-10-15 20:40:46]] Epoch 2/30, Validation Loss: 0.02938187
[[2025-10-15 20:40:46]] Mask: [0.28675616 0.06029674 0.0694526  0.07623491 0.0302529  0.02107686
 0.03264718 0.04256921 0.22385822 0.06745323 0.01438899 0.00854924
 0.05217107 0.1267462  0.10465616 0.06160273 0.03921352 0.05527675
 0.01810296 0.14940037 0.2346083  0.259942   0.01330342 0.06582629
 0.04520486 0.06281802 0.00695159 0.04772712 0.08443793 0.01697604
 0.00719326 0.02336149 0.07513551]
[[2025-10-15 20:40:48]] Epoch 3/30, Validation Loss: 0.02980592
[[2025-10-15 20:40:48]] Mask: [0.27808192 0.05900528 0.06766747 0.07492489 0.02875246 0.02039492
 0.03267086 0.04159136 0.21923846 0.06593486 0.01420135 0.00832676
 0.05156406 0.12334114 0.10218713 0.05983662 0.03834689 0.05423848
 0.0174515  0.14532447 0.22906701 0.2541567  0.01292893 0.06463245
 0.0442736  0.06140113 0.00669146 0.04655842 0.082687   0.01682059
 0.00697728 0.02311005 0.07378789]
[[2025-10-15 20:40:50]] Epoch 4/30, Validation Loss: 0.03085253
[[2025-10-15 20:40:50]] Mask: [0.27171916 0.05781489 0.06675722 0.07366642 0.02736334 0.01975438
 0.03184016 0.04018376 0.21415816 0.06424584 0.01394805 0.00809959
 0.0511018  0.12211499 0.09973826 0.05881775 0.03721739 0.05295153
 0.01683969 0.14140423 0.22155733 0.24942952 0.01269763 0.06287859
 0.04320315 0.06032634 0.00647297 0.04618179 0.0801594  0.01647195
 0.00687499 0.02271162 0.07268109]
[[2025-10-15 20:40:52]] Epoch 5/30, Validation Loss: 0.02936464
[[2025-10-15 20:40:52]] Mask: [0.2651426  0.05646511 0.06571994 0.07137962 0.02617072 0.0189817
 0.03160599 0.039883   0.21019351 0.06227119 0.01402329 0.00800351
 0.05011408 0.11892484 0.09731098 0.05736555 0.03627893 0.05146742
 0.01619953 0.13825516 0.21768321 0.24551255 0.01246332 0.06139778
 0.04237361 0.05891505 0.00625475 0.0453368  0.07792837 0.01627897
 0.00683132 0.02227468 0.0711521 ]
[[2025-10-15 20:40:54]] Epoch 6/30, Validation Loss: 0.02919054
[[2025-10-15 20:40:54]] Mask: [0.25857586 0.05539384 0.06477823 0.07025976 0.02528524 0.01863243
 0.03143895 0.0387048  0.20516726 0.06078913 0.01389791 0.00799103
 0.04907089 0.11657207 0.09462834 0.05626997 0.03572053 0.05069963
 0.01576241 0.13519299 0.21214756 0.24024531 0.01228835 0.05949284
 0.0416166  0.0576429  0.00609648 0.04485494 0.0760087  0.0159963
 0.00676063 0.02196323 0.07032927]
[[2025-10-15 20:40:56]] Epoch 7/30, Validation Loss: 0.02928700
[[2025-10-15 20:40:56]] Mask: [0.2524236  0.05481093 0.06340791 0.06819043 0.02441643 0.01808049
 0.03110759 0.03775834 0.20075819 0.05923356 0.01363733 0.00789321
 0.0484028  0.11450192 0.0932618  0.05585772 0.03491888 0.05008702
 0.01556455 0.13208272 0.20787504 0.2352181  0.01206892 0.05761737
 0.04033921 0.05645217 0.00594366 0.04340675 0.07473473 0.0158113
 0.00673142 0.0216939  0.06875575]
