[[2025-10-15 20:27:53]] Starting training on model: model_[33, 32, 32, 1]_output_Sigmoid_intermediate_ReLU_normalized_data_True_loss_MSELoss
[[2025-10-15 20:27:55]] Epoch 1/30, Validation Loss: 0.02168374
[[2025-10-15 20:27:55]] Mask: [0.7353516  0.72433513 0.7288728  0.7304911  0.7317023  0.7295425
 0.72323626 0.72754353 0.7522013  0.7391484  0.7311349  0.72840476
 0.72755826 0.72436583 0.7348916  0.730811   0.729649   0.7274516
 0.71997076 0.7339453  0.73867154 0.74062747 0.73190325 0.7391828
 0.734442   0.730886   0.73121166 0.7253257  0.73541844 0.7311606
 0.7294183  0.72523075 0.7322843 ]
[[2025-10-15 20:27:57]] Epoch 2/30, Validation Loss: 0.02112984
[[2025-10-15 20:27:57]] Mask: [0.7352863  0.72793186 0.72770137 0.7282384  0.73127955 0.7256201
 0.7200302  0.72303325 0.75799817 0.7417278  0.7292207  0.7269099
 0.72594994 0.72075033 0.7327094  0.7295059  0.7285871  0.72741914
 0.7218498  0.7309473  0.73926187 0.7439362  0.73012555 0.73842895
 0.7346638  0.7352253  0.734803   0.7223103  0.73644626 0.7320718
 0.72974235 0.7239028  0.7326804 ]
[[2025-10-15 20:27:59]] Epoch 3/30, Validation Loss: 0.02117297
[[2025-10-15 20:27:59]] Mask: [0.73498577 0.72928375 0.7232245  0.7250633  0.7304009  0.7221385
 0.7211026  0.72008777 0.7610203  0.7436517  0.7287435  0.72550786
 0.7227101  0.71642137 0.73153573 0.731035   0.72654086 0.7272717
 0.7240954  0.72958714 0.7414732  0.74420494 0.72864306 0.7386769
 0.73535246 0.73649573 0.7389522  0.71782726 0.73722076 0.7285529
 0.7306236  0.72762746 0.7350258 ]
[[2025-10-15 20:28:01]] Epoch 4/30, Validation Loss: 0.02097582
[[2025-10-15 20:28:01]] Mask: [0.7337673  0.72931224 0.7217254  0.72364604 0.7293338  0.7177787
 0.7237556  0.71698827 0.7627238  0.7443101  0.7279128  0.7277635
 0.7217403  0.7124225  0.7304315  0.7337977  0.7266085  0.7269265
 0.72616017 0.7273972  0.74223226 0.74333274 0.7294645  0.7393467
 0.7385697  0.7361196  0.7431169  0.7147156  0.7378373  0.7288997
 0.73410016 0.73364806 0.73619336]
[[2025-10-15 20:28:03]] Epoch 5/30, Validation Loss: 0.02099493
[[2025-10-15 20:28:03]] Mask: [0.73260504 0.7302828  0.72348607 0.7203336  0.7290772  0.7147506
 0.7276467  0.7134795  0.76353365 0.74854654 0.7280769  0.7284107
 0.71916467 0.708417   0.7301821  0.73305964 0.7252345  0.7292131
 0.72741735 0.72642756 0.743298   0.7438387  0.7336166  0.7403546
 0.7400416  0.73593295 0.7484581  0.709783   0.7370496  0.72985315
 0.73612094 0.7379533  0.73635954]
[[2025-10-15 20:28:05]] Epoch 6/30, Validation Loss: 0.02114511
[[2025-10-15 20:28:05]] Mask: [0.73390913 0.7298482  0.7214333  0.7197048  0.72854537 0.71064574
 0.7316377  0.7115169  0.7629382  0.7495754  0.72617424 0.7325658
 0.7168916  0.7045092  0.7278666  0.7322765  0.7249432  0.7277123
 0.72653115 0.7253314  0.7455314  0.7424497  0.7364022  0.74073696
 0.74504596 0.73589176 0.7528685  0.70718527 0.73704153 0.7311551
 0.7448095  0.73853266 0.7369736 ]
[[2025-10-15 20:28:07]] Epoch 7/30, Validation Loss: 0.02200588
[[2025-10-15 20:28:07]] Mask: [0.7334605  0.72889405 0.72281677 0.7186447  0.7257313  0.7085014
 0.73396987 0.70658296 0.76173985 0.7491065  0.7265515  0.737121
 0.7148478  0.7022466  0.72693425 0.7329732  0.7240676  0.7287826
 0.7282919  0.7237145  0.7465875  0.74361634 0.74154174 0.7418829
 0.75135165 0.73512214 0.7569196  0.70669514 0.7384745  0.7317499
 0.7468094  0.74075913 0.7367576 ]
[[2025-10-15 20:28:09]] Epoch 8/30, Validation Loss: 0.02166773
[[2025-10-15 20:28:09]] Mask: [0.734048   0.7317764  0.7239293  0.71522975 0.7257504  0.7021503
 0.7348332  0.702416   0.7628193  0.7517803  0.7307756  0.7423774
 0.71416855 0.69833755 0.72697085 0.7348277  0.7240018  0.72455555
 0.7315528  0.7233393  0.74769187 0.7434776  0.7421784  0.74416727
 0.75493455 0.73636526 0.76155365 0.7035854  0.7371956  0.7300172
 0.7479134  0.7419336  0.7380096 ]
[[2025-10-15 20:28:11]] Epoch 9/30, Validation Loss: 0.02194410
[[2025-10-15 20:28:11]] Mask: [0.7345818  0.73183644 0.7212109  0.71398133 0.7255011  0.69858575
 0.73770714 0.69895476 0.7629503  0.75540245 0.7377627  0.7426153
 0.7142258  0.6927081  0.725554   0.7350244  0.72475225 0.7258361
 0.7343544  0.7222411  0.74742776 0.7428144  0.7453786  0.747948
 0.7610478  0.7364753  0.7673513  0.7077085  0.7398541  0.7340404
 0.7514009  0.7437651  0.73461795]
[[2025-10-15 20:28:13]] Epoch 10/30, Validation Loss: 0.02178298
[[2025-10-15 20:28:14]] Mask: [0.733641   0.73515725 0.72462314 0.71255285 0.72145873 0.69717216
 0.7384042  0.695803   0.7628952  0.75670016 0.74094075 0.7408591
 0.7131479  0.6877459  0.7255574  0.7377833  0.7219621  0.7244922
 0.73633    0.7208246  0.7493673  0.7422878  0.7508543  0.74737924
 0.76282114 0.73490316 0.77220327 0.7048794  0.73961693 0.73159844
 0.7567639  0.74509025 0.7368819 ]
[[2025-10-15 20:28:16]] Epoch 11/30, Validation Loss: 0.02266528
[[2025-10-15 20:28:16]] Mask: [0.7326799  0.7356433  0.7228114  0.71341276 0.7205284  0.696769
 0.737792   0.6953407  0.76449144 0.7586157  0.7433418  0.7415616
 0.7121593  0.68631446 0.72562873 0.7366547  0.7187959  0.72080606
 0.7398499  0.7204553  0.7504649  0.74261206 0.7507869  0.751601
 0.76806456 0.73474985 0.77647716 0.7044759  0.73996645 0.7335134
 0.75751805 0.7485844  0.7362701 ]
[[2025-10-15 20:28:18]] Epoch 12/30, Validation Loss: 0.02332346
[[2025-10-15 20:28:18]] Mask: [0.7314386  0.7381966  0.7227226  0.714385   0.7217831  0.6946218
 0.7403678  0.69346565 0.7636026  0.7617809  0.7514012  0.7417366
 0.71326995 0.682305   0.72416556 0.7404928  0.7173425  0.7224511
 0.74237096 0.71953833 0.7510595  0.7421086  0.7504748  0.75360703
 0.77007145 0.7334522  0.7799185  0.703811   0.7409989  0.73333883
 0.76166874 0.749338   0.7368355 ]
[[2025-10-15 20:28:20]] Epoch 13/30, Validation Loss: 0.02283714
[[2025-10-15 20:28:20]] Mask: [0.73040944 0.7365824  0.7234813  0.71214205 0.7213516  0.69155186
 0.741056   0.68677276 0.76427597 0.76347226 0.75125265 0.74078
 0.71163404 0.6814568  0.72368354 0.7459453  0.7175103  0.7206582
 0.7454406  0.7203789  0.7518504  0.7426288  0.75525177 0.75422984
 0.77049035 0.73259175 0.78534216 0.70520943 0.7407922  0.7357684
 0.7614635  0.7513871  0.7351978 ]
[[2025-10-15 20:28:22]] Epoch 14/30, Validation Loss: 0.02300784
[[2025-10-15 20:28:22]] Mask: [0.73203033 0.7371058  0.7243978  0.7136085  0.7205376  0.68943375
 0.74437994 0.688294   0.7643247  0.7670723  0.7565083  0.738336
 0.71329176 0.6752046  0.723034   0.7439565  0.7165626  0.72013295
 0.7466876  0.7200047  0.7524803  0.74291605 0.75984603 0.756178
 0.77131116 0.73466706 0.7885471  0.70471036 0.7414431  0.7377498
 0.76580316 0.74923116 0.73147887]
[[2025-10-15 20:28:25]] Epoch 15/30, Validation Loss: 0.02620308
[[2025-10-15 20:28:25]] Mask: [0.73073304 0.73733366 0.725687   0.71106964 0.72077495 0.68681234
 0.74474066 0.68668115 0.7637891  0.7688325  0.76131654 0.7447409
 0.71319145 0.67486185 0.7210965  0.75085545 0.7169973  0.7190925
 0.7527157  0.7175131  0.75241053 0.7445718  0.7600734  0.7547908
 0.77565736 0.7362887  0.79422027 0.70265216 0.74334514 0.7332251
 0.7689357  0.75071365 0.7319807 ]
[[2025-10-15 20:28:27]] Epoch 16/30, Validation Loss: 0.02434311
[[2025-10-15 20:28:27]] Mask: [0.73135144 0.73609954 0.72447205 0.7093218  0.7210882  0.6868178
 0.74409    0.68482304 0.7645822  0.7740909  0.7684524  0.7487361
 0.71438074 0.6765736  0.7221517  0.7559502  0.7131098  0.7159161
 0.75268507 0.7199654  0.75200754 0.7423986  0.7620962  0.7562994
 0.77892095 0.7366182  0.7941396  0.7051238  0.74251306 0.7355728
 0.7729543  0.748918   0.73296356]
[[2025-10-15 20:28:29]] Epoch 17/30, Validation Loss: 0.02511560
[[2025-10-15 20:28:29]] Mask: [0.73101425 0.7382896  0.72215027 0.7122627  0.7191444  0.6858634
 0.7437326  0.68784666 0.7643702  0.77851516 0.77163047 0.7537747
 0.71182895 0.66728747 0.72108084 0.7548025  0.7145954  0.7158961
 0.7567078  0.718737   0.7510365  0.7428315  0.76716846 0.75816804
 0.7809381  0.7393048  0.79987794 0.706773   0.74391574 0.7345305
 0.7794768  0.7528767  0.7348642 ]
[[2025-10-15 20:28:32]] Epoch 18/30, Validation Loss: 0.02449703
[[2025-10-15 20:28:32]] Mask: [0.73068607 0.738823   0.7229882  0.70863307 0.719294   0.6832279
 0.74492633 0.68651307 0.7653405  0.78077143 0.7733103  0.7566578
 0.71368444 0.6662839  0.720104   0.75617707 0.7156161  0.7164455
 0.7593772  0.71956164 0.7516346  0.7422559  0.768468   0.7600988
 0.7836664  0.73857576 0.80132914 0.70723706 0.7456844  0.73347104
 0.7839791  0.7501208  0.7320614 ]
[[2025-10-15 20:28:34]] Epoch 19/30, Validation Loss: 0.02347001
[[2025-10-15 20:28:34]] Mask: [0.7308609  0.7402293  0.72110397 0.7090404  0.7201297  0.68077517
 0.74809617 0.683136   0.76522225 0.7859102  0.7769461  0.76065654
 0.7122683  0.6606832  0.71862584 0.75804335 0.7139415  0.71799034
 0.76428586 0.71935    0.7532158  0.7419485  0.769361   0.7593937
 0.78346664 0.73614925 0.8033605  0.7106568  0.74741155 0.73606604
 0.7844198  0.75012106 0.7278664 ]
[[2025-10-15 20:28:36]] Epoch 20/30, Validation Loss: 0.02369336
[[2025-10-15 20:28:36]] Mask: [0.7300611  0.73986036 0.7212578  0.7095408  0.7171038  0.68310434
 0.74537486 0.6840602  0.7666631  0.7870023  0.7792272  0.7655073
 0.71272755 0.65189475 0.71834767 0.7603649  0.71182424 0.7162865
 0.7662721  0.71836555 0.7524078  0.7412009  0.7694924  0.7599414
 0.7847349  0.7378381  0.80905616 0.7091396  0.74831486 0.73524755
 0.7894307  0.74897826 0.7312957 ]
[[2025-10-15 20:28:38]] Epoch 21/30, Validation Loss: 0.02489241
[[2025-10-15 20:28:38]] Mask: [0.7302309  0.74428535 0.7204889  0.70800716 0.7152589  0.68027484
 0.7486752  0.6847194  0.7658839  0.79029393 0.783012   0.7667543
 0.71067023 0.65079355 0.7199965  0.76211226 0.7140567  0.71426964
 0.765534   0.7203554  0.7520097  0.74271214 0.77052957 0.76051766
 0.78911215 0.73961425 0.8081984  0.71328676 0.7504324  0.7388076
 0.7943455  0.75135446 0.72904134]
[[2025-10-15 20:28:40]] Epoch 22/30, Validation Loss: 0.02421273
[[2025-10-15 20:28:40]] Mask: [0.72877514 0.7441093  0.71990913 0.70845336 0.71535504 0.6801563
 0.74810624 0.6820887  0.7664534  0.7916244  0.7855367  0.7718773
 0.71227837 0.65093666 0.71906763 0.76527363 0.71286535 0.71237093
 0.76939136 0.7214871  0.7515259  0.7437013  0.773624   0.76211864
 0.789613   0.7416772  0.8110762  0.7104508  0.75217307 0.73752236
 0.7958617  0.7548141  0.7263171 ]
[[2025-10-15 20:28:43]] Epoch 23/30, Validation Loss: 0.02924090
[[2025-10-15 20:28:43]] Mask: [0.7284274  0.74579483 0.7180541  0.7106245  0.71288306 0.6769327
 0.749737   0.68136734 0.7668234  0.7954937  0.7876244  0.772975
 0.7120634  0.64773333 0.71927017 0.7687007  0.71118635 0.71511143
 0.7741193  0.7204367  0.75068516 0.7443719  0.7740573  0.76489586
 0.79224557 0.74273604 0.811627   0.70811236 0.7513231  0.7384484
 0.7972434  0.75408465 0.72874415]
[[2025-10-15 20:28:45]] Epoch 24/30, Validation Loss: 0.02484741
[[2025-10-15 20:28:45]] Mask: [0.72882944 0.7468465  0.715176   0.7103147  0.7163424  0.67530036
 0.75044566 0.67887753 0.76710874 0.79584605 0.78930396 0.7785142
 0.71288055 0.64885885 0.7202196  0.7693935  0.71254325 0.71580654
 0.77550125 0.7218913  0.7521996  0.74466527 0.7762794  0.763014
 0.79362893 0.7436429  0.813105   0.70919055 0.75441927 0.73830503
 0.7992674  0.7549402  0.72704667]
[[2025-10-15 20:28:48]] Epoch 25/30, Validation Loss: 0.02550741
[[2025-10-15 20:28:48]] Mask: [0.7268488  0.74965405 0.71298414 0.71021897 0.71159095 0.6748063
 0.74942774 0.68088055 0.767362   0.7950178  0.79145086 0.7812551
 0.71407324 0.6444973  0.7195572  0.7716122  0.70771295 0.715206
 0.77671546 0.7211981  0.7530554  0.7459731  0.7779244  0.76717895
 0.7938689  0.74392205 0.8183722  0.7120275  0.7538058  0.7404563
 0.8005567  0.7580278  0.726363  ]
[[2025-10-15 20:28:50]] Epoch 26/30, Validation Loss: 0.02602618
[[2025-10-15 20:28:50]] Mask: [0.7265339  0.7509333  0.7153159  0.7116345  0.7103362  0.67402285
 0.7498372  0.68221784 0.76696575 0.79375505 0.7933605  0.78370005
 0.713276   0.6407788  0.7196949  0.77136105 0.7076602  0.7170845
 0.78185105 0.72131133 0.75358075 0.7460757  0.77942455 0.76629454
 0.7955973  0.7449064  0.8203849  0.7153551  0.7562852  0.7362692
 0.80463    0.75873584 0.7235375 ]
[[2025-10-15 20:28:53]] Epoch 27/30, Validation Loss: 0.02676963
[[2025-10-15 20:28:53]] Mask: [0.72632897 0.75114286 0.71531016 0.71100044 0.7096105  0.6709127
 0.7535093  0.6814976  0.7675656  0.79548323 0.79690534 0.788952
 0.71377677 0.6415216  0.7204538  0.7721931  0.7080655  0.7151497
 0.78528565 0.7213444  0.75319445 0.745168   0.77775455 0.7659229
 0.7988057  0.7464218  0.8209789  0.7160163  0.7561775  0.7376213
 0.8068826  0.7595278  0.724712  ]
[[2025-10-15 20:28:55]] Epoch 28/30, Validation Loss: 0.02658173
[[2025-10-15 20:28:55]] Mask: [0.72450334 0.753856   0.7167296  0.7097325  0.7115462  0.67089915
 0.7546855  0.6782249  0.7688597  0.7943416  0.7989694  0.78957963
 0.7103272  0.6413052  0.72106916 0.77310866 0.7093436  0.71596813
 0.7841988  0.72356415 0.7541548  0.7453255  0.7805297  0.7680373
 0.80098975 0.7474575  0.82273906 0.718515   0.756538   0.73981905
 0.8088083  0.76105577 0.72290885]
[[2025-10-15 20:28:57]] Epoch 29/30, Validation Loss: 0.02634990
[[2025-10-15 20:28:57]] Mask: [0.72452646 0.7567924  0.7184008  0.71089226 0.71313643 0.67014706
 0.7554881  0.67866427 0.76846397 0.79538375 0.79919684 0.7907559
 0.7087636  0.6395991  0.72017133 0.77384657 0.71120644 0.7177912
 0.7861389  0.72371024 0.7539219  0.74603945 0.7832638  0.76800793
 0.8009705  0.74783427 0.826157   0.71833986 0.75723946 0.74077433
 0.80804783 0.76393455 0.721628  ]
[[2025-10-15 20:29:00]] Epoch 30/30, Validation Loss: 0.02593550
[[2025-10-15 20:29:00]] Mask: [0.72411305 0.75752825 0.71645564 0.71035534 0.71069914 0.6669967
 0.7563329  0.67944604 0.76799977 0.7974265  0.79875416 0.7930603
 0.7080429  0.64004475 0.7186811  0.7751561  0.7094094  0.7152541
 0.79045177 0.723929   0.7543309  0.74522823 0.7850707  0.77136546
 0.80474895 0.752769   0.82826006 0.71734095 0.75762326 0.7397999
 0.80881137 0.7615939  0.7221016 ]
