[[2025-10-15 20:26:32]] Starting training on model: model_[33, 32, 32, 1]_output_Sigmoid_intermediate_ReLU_normalized_data_True_loss_MSELoss
[[2025-10-15 20:26:34]] Epoch 1/30, Validation Loss: 0.02370502
[[2025-10-15 20:26:34]] Mask: [0.03438852 0.02997728 0.03069892 0.03146823 0.02386638 0.02780007
 0.02762367 0.02793576 0.03506427 0.02898292 0.02882797 0.02933162
 0.03299116 0.02132215 0.03171008 0.03432329 0.01779202 0.02990115
 0.03058315 0.03093794 0.03380577 0.03547079 0.03421007 0.02759962
 0.03201371 0.03327374 0.03403815 0.02940198 0.02935048 0.02948067
 0.03649774 0.02884934 0.03048141]
[[2025-10-15 20:26:36]] Epoch 2/30, Validation Loss: 0.02362327
[[2025-10-15 20:26:36]] Mask: [0.03416729 0.02968837 0.0301088  0.03152636 0.02387403 0.02806449
 0.027241   0.02781994 0.03502904 0.02941409 0.02893676 0.02960773
 0.0330164  0.02088081 0.03169113 0.03437395 0.01778939 0.02996165
 0.03043652 0.03089953 0.03366188 0.03539555 0.03455391 0.02761896
 0.03239556 0.03386774 0.03430777 0.0290326  0.02950307 0.02930269
 0.03602894 0.02929281 0.03051113]
[[2025-10-15 20:26:39]] Epoch 3/30, Validation Loss: 0.02387039
[[2025-10-15 20:26:39]] Mask: [0.03424985 0.02935467 0.02999987 0.03156346 0.02388109 0.02774194
 0.0272979  0.02742579 0.03492025 0.02915755 0.02872771 0.02981075
 0.03333043 0.02091719 0.03199537 0.03408251 0.01761583 0.03032217
 0.03050892 0.03100513 0.03375375 0.03526398 0.03488669 0.02755766
 0.03207787 0.03414964 0.03447927 0.02898398 0.02984519 0.02952969
 0.03634228 0.02906856 0.03015301]
[[2025-10-15 20:26:41]] Epoch 4/30, Validation Loss: 0.02401583
[[2025-10-15 20:26:41]] Mask: [0.03437132 0.02973353 0.02990325 0.03153477 0.02382568 0.02785454
 0.02757253 0.02783854 0.03483609 0.0292985  0.0285958  0.02975447
 0.03316997 0.02073918 0.03183481 0.03456412 0.01744066 0.03021874
 0.03041445 0.03115791 0.03359812 0.03542015 0.03461844 0.02739527
 0.03269594 0.03363171 0.03495513 0.02887839 0.02935752 0.02990477
 0.03601517 0.02849986 0.03037062]
[[2025-10-15 20:26:43]] Epoch 5/30, Validation Loss: 0.02381291
[[2025-10-15 20:26:43]] Mask: [0.03420889 0.02944939 0.02995772 0.03149901 0.02347535 0.02801319
 0.02752394 0.0277825  0.03484766 0.02908244 0.02839204 0.02980158
 0.03300835 0.02061778 0.03174219 0.03474565 0.01718435 0.02993872
 0.03088889 0.03134976 0.03364054 0.03547698 0.03450614 0.0272815
 0.0328446  0.03405805 0.03534094 0.02902456 0.02928393 0.02984192
 0.03613768 0.02902778 0.03002585]
[[2025-10-15 20:26:45]] Epoch 6/30, Validation Loss: 0.02411287
[[2025-10-15 20:26:45]] Mask: [0.03426418 0.02901079 0.0301431  0.03139237 0.02326295 0.02803038
 0.0276331  0.02770003 0.03482394 0.02911631 0.02823783 0.02968771
 0.03288145 0.02049359 0.03172154 0.03492019 0.01717151 0.02986122
 0.03111573 0.03127239 0.03373896 0.03567509 0.03466796 0.02721129
 0.03314285 0.03415992 0.03494601 0.02914122 0.02927464 0.02996231
 0.0363469  0.02883604 0.03015645]
[[2025-10-15 20:26:47]] Epoch 7/30, Validation Loss: 0.02383658
[[2025-10-15 20:26:47]] Mask: [0.03428692 0.02889809 0.03012863 0.03170468 0.02338543 0.02767479
 0.02769113 0.0272157  0.03478443 0.02884373 0.02858953 0.03031369
 0.03312511 0.0204509  0.03175007 0.03517779 0.0171776  0.03019108
 0.0309815  0.03080802 0.03363644 0.03538787 0.03455868 0.0269651
 0.03281347 0.03432047 0.03528321 0.02913183 0.02955349 0.03018214
 0.03612266 0.02885444 0.03001135]
[[2025-10-15 20:26:49]] Epoch 8/30, Validation Loss: 0.02473911
[[2025-10-15 20:26:49]] Mask: [0.03419531 0.02911329 0.02981587 0.0315891  0.02338145 0.02778521
 0.02780356 0.02725299 0.03465118 0.02877887 0.02880459 0.03024339
 0.03324088 0.02050477 0.03146299 0.03562194 0.01706329 0.03008692
 0.03052249 0.03145187 0.03361064 0.03541309 0.03442324 0.02714267
 0.03281517 0.03433027 0.03547581 0.02929948 0.02948455 0.0299908
 0.0358957  0.02902342 0.02972522]
[[2025-10-15 20:26:51]] Epoch 9/30, Validation Loss: 0.02541152
[[2025-10-15 20:26:51]] Mask: [0.03419004 0.02911895 0.02985981 0.03160471 0.02335342 0.02762235
 0.02735302 0.02710094 0.03475493 0.02886823 0.02832861 0.03045977
 0.03327717 0.02018847 0.03187753 0.03576336 0.01699275 0.02987739
 0.03123609 0.03160977 0.03352502 0.03521661 0.03459128 0.02666934
 0.03291598 0.03404933 0.03551351 0.02929944 0.02970491 0.03019037
 0.03612596 0.02915523 0.02960574]
[[2025-10-15 20:26:53]] Epoch 10/30, Validation Loss: 0.02352961
[[2025-10-15 20:26:53]] Mask: [0.03401016 0.02898387 0.02982236 0.03157366 0.02289392 0.02731018
 0.02780184 0.02698866 0.03475599 0.02882312 0.02827591 0.03067348
 0.03319249 0.02013192 0.0319373  0.03618091 0.01683144 0.02957875
 0.03137825 0.03188685 0.03323723 0.03499228 0.034919   0.02688255
 0.03301134 0.03387732 0.0350836  0.02971245 0.02960905 0.02987105
 0.03635697 0.02957038 0.02984576]
[[2025-10-15 20:26:55]] Epoch 11/30, Validation Loss: 0.02415329
[[2025-10-15 20:26:55]] Mask: [0.03395643 0.02879722 0.02980725 0.03147756 0.02309521 0.02748569
 0.02770672 0.0270373  0.034748   0.0291334  0.02807765 0.03062199
 0.03325466 0.02007545 0.03162929 0.03611485 0.01696951 0.02966899
 0.0317247  0.03173242 0.03364122 0.03519953 0.03519325 0.02692358
 0.03334247 0.03352013 0.0353144  0.02960888 0.02982505 0.02935925
 0.03556016 0.02966026 0.02973759]
[[2025-10-15 20:26:58]] Epoch 12/30, Validation Loss: 0.02431583
[[2025-10-15 20:26:58]] Mask: [0.0338944  0.02887926 0.02987745 0.03133361 0.02311854 0.02722368
 0.02812246 0.02668959 0.03467352 0.02920527 0.02778901 0.03063702
 0.03320587 0.02012484 0.03194432 0.03618225 0.0167497  0.02958588
 0.03116271 0.03162186 0.03345334 0.03535818 0.03472278 0.02696706
 0.03311612 0.03420858 0.03618872 0.02936949 0.03003011 0.0293722
 0.03603858 0.02942552 0.0297281 ]
[[2025-10-15 20:27:00]] Epoch 13/30, Validation Loss: 0.02481433
[[2025-10-15 20:27:00]] Mask: [0.03368279 0.02851979 0.02996657 0.03130317 0.02304827 0.02743695
 0.02811575 0.02656935 0.03464846 0.02903076 0.02780677 0.03044299
 0.03323571 0.01999309 0.03194593 0.0371826  0.01662735 0.02946416
 0.03119466 0.03158959 0.03335343 0.03501162 0.03488527 0.02691535
 0.03314187 0.03427166 0.03603474 0.02952678 0.02973909 0.02968279
 0.03639588 0.02949029 0.02974652]
[[2025-10-15 20:27:02]] Epoch 14/30, Validation Loss: 0.02492725
[[2025-10-15 20:27:02]] Mask: [0.03382288 0.02849411 0.0299688  0.03131466 0.02287136 0.02719881
 0.02802811 0.0263315  0.0346831  0.02907709 0.0278644  0.0307621
 0.03298822 0.02002624 0.03180767 0.03722143 0.01653284 0.02944737
 0.03091145 0.03119742 0.03322295 0.03525251 0.0352782  0.02707944
 0.0334395  0.03432019 0.03584982 0.02982015 0.02956364 0.0298659
 0.03685376 0.02948888 0.02941551]
[[2025-10-15 20:27:04]] Epoch 15/30, Validation Loss: 0.02460988
[[2025-10-15 20:27:04]] Mask: [0.03386854 0.02901278 0.02937334 0.03160015 0.02273803 0.02737476
 0.02797606 0.02643467 0.03470404 0.02851409 0.02855653 0.03095084
 0.03296176 0.02001551 0.03178482 0.03745459 0.01656582 0.02941343
 0.03132526 0.03145817 0.03322645 0.03533992 0.03473788 0.02700457
 0.03318283 0.03494199 0.03612518 0.02996189 0.02934302 0.0295954
 0.03609627 0.02912973 0.02923179]
[[2025-10-15 20:27:06]] Epoch 16/30, Validation Loss: 0.02511517
[[2025-10-15 20:27:06]] Mask: [0.03380778 0.0288405  0.02942876 0.0316653  0.02309968 0.02739369
 0.02826931 0.02648333 0.03468291 0.02862207 0.02820882 0.03068515
 0.03285867 0.02008123 0.03227114 0.03716843 0.01641776 0.02957872
 0.0315144  0.03136795 0.03317316 0.0352589  0.0346413  0.02663609
 0.0333633  0.03453659 0.03626478 0.02980932 0.02984845 0.02959939
 0.03600244 0.02893308 0.02948768]
[[2025-10-15 20:27:09]] Epoch 17/30, Validation Loss: 0.02415012
[[2025-10-15 20:27:09]] Mask: [0.03394314 0.02881991 0.02974644 0.0315816  0.02290319 0.0277583
 0.02794233 0.02646528 0.03487372 0.02908683 0.02800681 0.03073368
 0.0329454  0.01987196 0.03220217 0.03771235 0.0165532  0.02980634
 0.03161021 0.03159731 0.03318898 0.03541978 0.03458592 0.02662863
 0.03329358 0.0342497  0.03545292 0.02967514 0.02958247 0.02944474
 0.03531779 0.02936142 0.02963877]
[[2025-10-15 20:27:11]] Epoch 18/30, Validation Loss: 0.02485756
[[2025-10-15 20:27:11]] Mask: [0.03379853 0.02862859 0.02946571 0.03173658 0.02301496 0.02768414
 0.02864695 0.02631094 0.03472988 0.02942682 0.02813035 0.03077811
 0.03323131 0.01972464 0.03203268 0.03798456 0.01629347 0.02969071
 0.03148199 0.03137126 0.03324668 0.03542845 0.03447206 0.02673009
 0.03313453 0.03387288 0.03585065 0.02950456 0.02948236 0.02917903
 0.03550474 0.03010678 0.02932498]
[[2025-10-15 20:27:13]] Epoch 19/30, Validation Loss: 0.02561322
[[2025-10-15 20:27:13]] Mask: [0.0336216  0.02844194 0.02920111 0.03181393 0.02281749 0.02746219
 0.02862688 0.02612289 0.03486727 0.02929922 0.02835734 0.03111648
 0.03323629 0.01962364 0.03222242 0.03791104 0.01601192 0.02938436
 0.03190096 0.03163698 0.03297475 0.03508762 0.03437302 0.02685617
 0.03345597 0.03427979 0.03600521 0.02953558 0.02959321 0.02925481
 0.03564199 0.02973494 0.029531  ]
[[2025-10-15 20:27:16]] Epoch 20/30, Validation Loss: 0.02497558
[[2025-10-15 20:27:16]] Mask: [0.03377359 0.02861889 0.02944304 0.03184551 0.02296825 0.02704982
 0.02834546 0.02631428 0.03491049 0.02916535 0.02853922 0.03131479
 0.03317952 0.01963027 0.03237066 0.03798747 0.01598493 0.02959634
 0.03218858 0.03145572 0.03317997 0.03528424 0.03393642 0.02697649
 0.03303902 0.0343164  0.03597976 0.02929202 0.02992181 0.02894942
 0.0357379  0.02964896 0.02905531]
[[2025-10-15 20:27:19]] Epoch 21/30, Validation Loss: 0.02513151
[[2025-10-15 20:27:19]] Mask: [0.03364918 0.02865074 0.02924248 0.03182483 0.02253426 0.0273116
 0.02856711 0.02606063 0.03488056 0.02905088 0.02812078 0.03111636
 0.03321565 0.01951985 0.03256477 0.03776156 0.01602578 0.02960686
 0.03221368 0.03157686 0.03313964 0.03527052 0.0338584  0.02703083
 0.03335521 0.03435906 0.0359188  0.02940603 0.02977937 0.0288932
 0.0358593  0.03019119 0.02944396]
[[2025-10-15 20:27:21]] Epoch 22/30, Validation Loss: 0.02539777
[[2025-10-15 20:27:21]] Mask: [0.03376868 0.02855239 0.0293099  0.03192162 0.02258333 0.02723918
 0.02845763 0.02584371 0.03464813 0.02920551 0.02773322 0.03159176
 0.0331518  0.01925085 0.03249193 0.03777871 0.01594724 0.0297875
 0.03187548 0.0318547  0.0331351  0.03536439 0.0341118  0.02698996
 0.03370769 0.03441389 0.03614531 0.02926895 0.02976042 0.0285286
 0.03593803 0.02990017 0.02974248]
[[2025-10-15 20:27:24]] Epoch 23/30, Validation Loss: 0.02513409
[[2025-10-15 20:27:24]] Mask: [0.03366237 0.0285818  0.02908837 0.031865   0.02281815 0.02688108
 0.02849896 0.02592001 0.03466563 0.02909888 0.02754167 0.03157486
 0.03305765 0.01932903 0.03240992 0.03799068 0.0158281  0.02971227
 0.03153475 0.03200801 0.03295841 0.0352531  0.03407043 0.02702544
 0.03377362 0.03444504 0.03636684 0.02940924 0.02968694 0.02870194
 0.03644663 0.03005123 0.02974389]
[[2025-10-15 20:27:27]] Epoch 24/30, Validation Loss: 0.02570090
[[2025-10-15 20:27:27]] Mask: [0.03343    0.02853098 0.02906449 0.03211601 0.02274982 0.02698324
 0.0285945  0.02585631 0.03473102 0.02946173 0.02789135 0.03166995
 0.03289121 0.0192008  0.03242069 0.03816275 0.01589729 0.02962043
 0.03174882 0.03202575 0.03293517 0.03529532 0.03357359 0.026942
 0.03335603 0.03438217 0.03617647 0.02958863 0.02972246 0.02882914
 0.03621434 0.03009762 0.02983994]
[[2025-10-15 20:27:29]] Epoch 25/30, Validation Loss: 0.02678037
[[2025-10-15 20:27:29]] Mask: [0.03342906 0.02845451 0.02915084 0.0322327  0.02262963 0.02670945
 0.02894075 0.02568079 0.03443642 0.02933792 0.02769796 0.0315629
 0.03282916 0.01927076 0.03254973 0.03796677 0.01595009 0.02969508
 0.0319088  0.03161295 0.03297539 0.03557703 0.03356803 0.02709525
 0.03347142 0.03434514 0.03581348 0.02991282 0.02990586 0.02910884
 0.03593807 0.03034338 0.02989903]
[[2025-10-15 20:27:31]] Epoch 26/30, Validation Loss: 0.02602397
[[2025-10-15 20:27:31]] Mask: [0.03390442 0.02806198 0.02912102 0.03214222 0.02273095 0.02663871
 0.02839463 0.02537479 0.03480712 0.02914841 0.02793301 0.03176885
 0.03277412 0.01921523 0.03218758 0.03806002 0.01587483 0.0297159
 0.03178418 0.03206585 0.03299054 0.03532876 0.03352941 0.0272517
 0.03314858 0.03449656 0.03642589 0.02998444 0.02974408 0.02910554
 0.03627002 0.0303342  0.02968648]
[[2025-10-15 20:27:34]] Epoch 27/30, Validation Loss: 0.02523910
[[2025-10-15 20:27:34]] Mask: [0.03373338 0.02822958 0.02893621 0.03223996 0.02252088 0.02658251
 0.02849614 0.02535003 0.03455853 0.02891408 0.02750536 0.03174825
 0.0326549  0.01923806 0.03240726 0.03856481 0.01583281 0.02964647
 0.03225491 0.03193904 0.03281339 0.03553292 0.03391486 0.02702915
 0.03338852 0.03487632 0.03637051 0.02962023 0.03007171 0.02873306
 0.03608852 0.03050274 0.02970486]
[[2025-10-15 20:27:36]] Epoch 28/30, Validation Loss: 0.02599598
[[2025-10-15 20:27:36]] Mask: [0.0338833  0.02800726 0.02892357 0.03219137 0.02257809 0.0270161
 0.02813438 0.02559078 0.03475817 0.02899798 0.02729706 0.03202401
 0.03294826 0.01907448 0.03222252 0.03844088 0.01600834 0.02968926
 0.03228654 0.03198311 0.03280234 0.03562794 0.03383997 0.02687292
 0.03322697 0.03471002 0.03642679 0.02953615 0.02996509 0.02824757
 0.03622995 0.03050937 0.02994949]
[[2025-10-15 20:27:38]] Epoch 29/30, Validation Loss: 0.02619720
[[2025-10-15 20:27:38]] Mask: [0.03400048 0.02818121 0.02906174 0.03229802 0.02252846 0.02672431
 0.02821951 0.02554749 0.03479829 0.02923115 0.0272117  0.03193568
 0.03311274 0.01910438 0.03221121 0.03848381 0.01581673 0.02948868
 0.03208273 0.03209247 0.03267515 0.03566212 0.03415309 0.02701478
 0.0337582  0.03451542 0.03612934 0.02967526 0.03009803 0.02804199
 0.03587492 0.03053476 0.02973616]
[[2025-10-15 20:27:41]] Epoch 30/30, Validation Loss: 0.02607544
[[2025-10-15 20:27:41]] Mask: [0.03390034 0.02849734 0.02889915 0.03227771 0.02223655 0.02705108
 0.02828679 0.02566385 0.03485356 0.02877428 0.02653101 0.03163429
 0.03311149 0.01901542 0.03224282 0.03912211 0.01587204 0.02947264
 0.03214474 0.03243342 0.03281663 0.035845   0.03330037 0.02689892
 0.03395104 0.03443999 0.03624486 0.02966099 0.03032302 0.02797478
 0.0359454  0.03056228 0.0300161 ]
