[[2025-10-16 17:33:37]] Starting training on model: model_[33, 8, 1]_output_Sigmoid_intermediate_ReLU_normalized_data_True_loss_MSELoss
[[2025-10-16 17:33:40]] Epoch 1/100, Validation Loss: 0.01540798
[[2025-10-16 17:33:40]] Mask: [0.4722123  0.13384852 0.09695937 0.06878728 0.14128408 0.146883
 0.09583257 0.21820581 0.3976316  0.12277081 0.05637871 0.07676352
 0.1793872  0.3793077  0.33850518 0.1616811  0.09153877 0.11538713
 0.05972814 0.45633838 0.4525502  0.45350996 0.06409477 0.1183589
 0.11364526 0.12408288 0.06831673 0.09348871 0.12951192 0.11146519
 0.0665696  0.05349201 0.08591526]
[[2025-10-16 17:33:42]] Epoch 2/100, Validation Loss: 0.01140687
[[2025-10-16 17:33:42]] Mask: [0.21899933 0.04327941 0.03782004 0.02131702 0.0461851  0.03869468
 0.0310398  0.06528717 0.25037202 0.07607941 0.01698716 0.02282216
 0.05017634 0.10779262 0.1411418  0.05453173 0.02572792 0.03055196
 0.0195221  0.21017262 0.25345612 0.32068068 0.02110206 0.06341597
 0.0464526  0.06162255 0.02040697 0.0318113  0.06338372 0.03343727
 0.01938469 0.01659021 0.02580211]
[[2025-10-16 17:33:45]] Epoch 3/100, Validation Loss: 0.00994602
[[2025-10-16 17:33:45]] Mask: [0.13200843 0.02499816 0.02397384 0.01131105 0.02401416 0.01792612
 0.01718936 0.03298722 0.19229673 0.05736097 0.00836864 0.01103598
 0.02365158 0.04810729 0.08541349 0.03330944 0.01211241 0.0144626
 0.01051085 0.11939979 0.1717581  0.22388934 0.0105071  0.05029163
 0.02904424 0.0521671  0.00994519 0.01686226 0.04532818 0.01673538
 0.00931033 0.00828004 0.01295577]
[[2025-10-16 17:33:47]] Epoch 4/100, Validation Loss: 0.00940826
[[2025-10-16 17:33:47]] Mask: [0.08972697 0.01732339 0.01864856 0.00733729 0.01514523 0.01024305
 0.01179732 0.02120043 0.14633556 0.0478275  0.0048902  0.00641864
 0.01359145 0.02659039 0.06205317 0.02435467 0.00697044 0.00847339
 0.00671654 0.08553237 0.13115108 0.17549115 0.00660332 0.03533081
 0.02070565 0.04364279 0.005821   0.01129902 0.03956406 0.01013908
 0.0053316  0.00498703 0.00774633]
[[2025-10-16 17:33:50]] Epoch 5/100, Validation Loss: 0.00915811
[[2025-10-16 17:33:50]] Mask: [0.07109034 0.01468769 0.01444886 0.00532995 0.01070056 0.00657318
 0.00896477 0.01431249 0.12509358 0.04409415 0.00312457 0.00413388
 0.00853261 0.01650905 0.05016349 0.01918702 0.00450303 0.00556913
 0.00475287 0.06867833 0.11846884 0.14925751 0.00451614 0.03074904
 0.01750525 0.03743726 0.00371017 0.00817021 0.0335307  0.00679507
 0.00338653 0.0033187  0.00515645]
[[2025-10-16 17:33:52]] Epoch 6/100, Validation Loss: 0.00977794
[[2025-10-16 17:33:52]] Mask: [0.05823166 0.01308827 0.01286592 0.00437477 0.00818918 0.00447722
 0.00827611 0.01111862 0.11173779 0.0374045  0.00213154 0.00280846
 0.0056498  0.01158065 0.04106433 0.01735674 0.00313183 0.00391154
 0.0034453  0.05864394 0.10162505 0.12930046 0.00321085 0.02759924
 0.01546342 0.03246019 0.0025256  0.00674549 0.03011286 0.00474715
 0.00226454 0.00229365 0.00360358]
[[2025-10-16 17:33:55]] Epoch 7/100, Validation Loss: 0.01142992
[[2025-10-16 17:33:55]] Mask: [0.04959432 0.01296517 0.01162274 0.00384345 0.00682349 0.00313583
 0.0069569  0.00867948 0.0948281  0.03225278 0.00148812 0.00198391
 0.00399624 0.00840164 0.03453618 0.0154701  0.00221497 0.00277181
 0.0028412  0.04674418 0.08869069 0.11270159 0.00239368 0.0250773
 0.0142291  0.0284686  0.00180039 0.00584285 0.0260941  0.00352904
 0.00156435 0.00167879 0.00266063]
[[2025-10-16 17:33:58]] Epoch 8/100, Validation Loss: 0.00877641
[[2025-10-16 17:33:58]] Mask: [0.04188921 0.01130431 0.0114362  0.00366411 0.00586637 0.00225942
 0.00615547 0.00757935 0.08549523 0.0309255  0.00105411 0.00143143
 0.00299235 0.00685084 0.03371153 0.01416431 0.00160285 0.00203629
 0.00235779 0.04277977 0.08019587 0.09567388 0.00186628 0.02198652
 0.01291442 0.02509781 0.00130536 0.0048645  0.02555568 0.00292324
 0.00111343 0.00130262 0.00204318]
[[2025-10-16 17:34:00]] Epoch 9/100, Validation Loss: 0.00857290
[[2025-10-16 17:34:00]] Mask: [0.0388825  0.01098211 0.01091131 0.00348805 0.00540237 0.00168613
 0.00635918 0.00590304 0.07766489 0.0263175  0.0007714  0.00105014
 0.00215841 0.00558694 0.03061792 0.01280136 0.00120088 0.00156299
 0.00210102 0.03894625 0.06958779 0.08767623 0.00159176 0.01838015
 0.01216167 0.02572916 0.00098755 0.00430752 0.02176721 0.00227444
 0.00081052 0.00103502 0.00161487]
[[2025-10-16 17:34:03]] Epoch 10/100, Validation Loss: 0.00863853
[[2025-10-16 17:34:03]] Mask: [0.03486947 0.0114534  0.01040338 0.00358993 0.00492318 0.00129614
 0.00579505 0.00506209 0.06889296 0.02526043 0.00057676 0.00078576
 0.00159232 0.00461147 0.02785449 0.01159735 0.00089809 0.00122273
 0.00201375 0.03253384 0.06916817 0.08147251 0.00134051 0.01627926
 0.01114681 0.02206961 0.00075864 0.00408566 0.02035157 0.00221858
 0.00059189 0.00088322 0.00127081]
[[2025-10-16 17:34:05]] Epoch 11/100, Validation Loss: 0.00852686
[[2025-10-16 17:34:06]] Mask: [0.03294821 0.01103144 0.00852047 0.00389705 0.00511954 0.0010188
 0.00539299 0.00462015 0.0672998  0.02236638 0.00043587 0.00059158
 0.00120644 0.00400784 0.02498772 0.01071158 0.00070373 0.00097491
 0.00170869 0.02969537 0.06627919 0.07132737 0.00129034 0.0167128
 0.01036748 0.01936864 0.00056065 0.00368717 0.0208291  0.002043
 0.00043573 0.00072867 0.00104078]
[[2025-10-16 17:34:09]] Epoch 12/100, Validation Loss: 0.00876240
[[2025-10-16 17:34:09]] Mask: [0.02911483 0.01086396 0.00868597 0.00407599 0.00537678 0.00080786
 0.00540792 0.00419922 0.06311429 0.02260704 0.00032836 0.00045845
 0.00095594 0.00374934 0.02419163 0.01053609 0.00055145 0.00080308
 0.00160486 0.02961394 0.0583654  0.0698291  0.0011151  0.01486982
 0.00982649 0.01900582 0.00042824 0.00365344 0.01820842 0.00213624
 0.00032536 0.00065919 0.00091108]
[[2025-10-16 17:34:12]] Epoch 13/100, Validation Loss: 0.00878594
[[2025-10-16 17:34:12]] Mask: [0.02624232 0.01059247 0.00842266 0.00408973 0.00488682 0.00069912
 0.00553102 0.00394972 0.05802712 0.02061805 0.00025152 0.00035123
 0.00075464 0.0034191  0.02217808 0.00948855 0.00045185 0.00074971
 0.00160967 0.02718906 0.05413579 0.06668835 0.00099935 0.01416946
 0.00919156 0.01742013 0.00032191 0.00351432 0.0175274  0.00196972
 0.0002429  0.00057244 0.00078155]
[[2025-10-16 17:34:14]] Epoch 14/100, Validation Loss: 0.00834247
[[2025-10-16 17:34:14]] Mask: [0.02453169 0.00990603 0.00731487 0.00460617 0.00495991 0.00059829
 0.00590728 0.00386295 0.05707498 0.01874323 0.00019166 0.00027115
 0.00059357 0.00318053 0.02144113 0.00925201 0.00037919 0.00074207
 0.00171106 0.02697605 0.05257957 0.06056997 0.00098745 0.01285096
 0.00880409 0.01676098 0.00024883 0.0033604  0.01871218 0.00181354
 0.00018245 0.00053542 0.00067525]
[[2025-10-16 17:34:16]] Epoch 15/100, Validation Loss: 0.00874396
[[2025-10-16 17:34:16]] Mask: [0.02293315 0.00918849 0.00686272 0.00483701 0.00480004 0.00048594
 0.00570059 0.00365844 0.05422768 0.01836089 0.00014807 0.0002157
 0.00045314 0.0029531  0.01920025 0.00875256 0.00030208 0.00061012
 0.00207619 0.02426728 0.04872433 0.05340099 0.00096995 0.01200481
 0.00823842 0.01553086 0.00018813 0.00346075 0.01654684 0.00177358
 0.00013716 0.00054701 0.00061246]
[[2025-10-16 17:34:19]] Epoch 16/100, Validation Loss: 0.00829595
[[2025-10-16 17:34:19]] Mask: [0.02401575 0.00923852 0.00659906 0.00480923 0.00581341 0.00045548
 0.00554935 0.00344759 0.05031411 0.02027236 0.00011469 0.00016603
 0.00036845 0.00276419 0.01858177 0.0082671  0.00026535 0.00062573
 0.001986   0.02287908 0.04790643 0.05592794 0.00096296 0.01113565
 0.0081192  0.01566737 0.00014371 0.00318768 0.01562236 0.00184975
 0.00010333 0.00060588 0.0005527 ]
[[2025-10-16 17:34:21]] Epoch 17/100, Validation Loss: 0.00827031
[[2025-10-16 17:34:21]] Mask: [2.0693464e-02 8.6717261e-03 6.0370839e-03 4.7773439e-03 4.8880931e-03
 3.8882170e-04 5.3731157e-03 3.2400216e-03 4.8237529e-02 1.7764293e-02
 8.7840170e-05 1.3152751e-04 3.2027048e-04 2.7150023e-03 1.8758254e-02
 8.0717057e-03 1.9790247e-04 5.7912274e-04 2.1401432e-03 2.2975309e-02
 4.4173647e-02 5.3166371e-02 8.6821214e-04 1.1368700e-02 7.9881800e-03
 1.5211376e-02 1.1560529e-04 3.2144364e-03 1.5183501e-02 2.1600986e-03
 7.8117664e-05 7.2160026e-04 5.1884050e-04]
[[2025-10-16 17:34:24]] Epoch 18/100, Validation Loss: 0.01209210
[[2025-10-16 17:34:24]] Mask: [1.87399965e-02 8.06399807e-03 5.58149954e-03 4.97833313e-03
 4.89318930e-03 3.33068805e-04 5.38916886e-03 2.94874096e-03
 4.57588844e-02 1.66644696e-02 6.99712473e-05 1.03407445e-04
 2.41811242e-04 2.49742740e-03 1.77607480e-02 7.70484656e-03
 1.55163652e-04 5.21505077e-04 2.28650402e-03 1.92329139e-02
 4.55468521e-02 5.15442342e-02 9.73708928e-04 1.17130680e-02
 8.72547831e-03 1.36462087e-02 8.85952541e-05 3.60035850e-03
 1.47830807e-02 2.42516678e-03 5.88125476e-05 8.16709304e-04
 4.96251800e-04]
[[2025-10-16 17:34:28]] Epoch 19/100, Validation Loss: 0.00822623
[[2025-10-16 17:34:28]] Mask: [1.8203592e-02 7.4434392e-03 5.7582315e-03 4.7026444e-03 5.1767551e-03
 2.8642421e-04 4.9809483e-03 2.9419591e-03 4.5026101e-02 1.6701296e-02
 5.4100419e-05 8.0391845e-05 2.1088285e-04 2.4574532e-03 1.7236888e-02
 7.6775565e-03 1.2881708e-04 4.6653510e-04 2.4574227e-03 2.0106576e-02
 4.1045286e-02 4.9601123e-02 1.2662098e-03 1.0967136e-02 7.8715514e-03
 1.4129068e-02 6.9963382e-05 3.5368034e-03 1.5185241e-02 3.2558939e-03
 4.4468579e-05 9.3763397e-04 4.2191541e-04]
[[2025-10-16 17:34:30]] Epoch 20/100, Validation Loss: 0.00824277
[[2025-10-16 17:34:30]] Mask: [1.7025203e-02 7.2675827e-03 5.6706043e-03 4.3085939e-03 4.3146494e-03
 2.5603012e-04 4.4892156e-03 2.7134197e-03 4.4827964e-02 1.5258169e-02
 4.2846157e-05 6.4754902e-05 1.6726872e-04 2.4943419e-03 1.7795868e-02
 7.1775680e-03 1.0512950e-04 4.5416155e-04 2.8606374e-03 2.0127881e-02
 3.7876219e-02 4.6344601e-02 1.2317513e-03 1.1631240e-02 7.2411951e-03
 1.3174813e-02 5.4632084e-05 3.2823978e-03 1.5537059e-02 3.8559660e-03
 3.3759334e-05 1.2005921e-03 4.1550444e-04]
[[2025-10-16 17:34:33]] Epoch 21/100, Validation Loss: 0.00870288
[[2025-10-16 17:34:33]] Mask: [1.7683988e-02 7.5732549e-03 5.1902789e-03 4.5136092e-03 4.4615804e-03
 2.2337226e-04 4.2897640e-03 2.6016305e-03 4.2708039e-02 1.6110076e-02
 3.2859418e-05 5.1933592e-05 1.2982010e-04 2.0757557e-03 1.5844967e-02
 7.5123874e-03 8.7713524e-05 4.1545651e-04 3.0084206e-03 1.7771540e-02
 4.0264856e-02 4.4969179e-02 1.4740181e-03 9.6009513e-03 6.7109764e-03
 1.3786966e-02 4.4637593e-05 3.3605031e-03 1.5103608e-02 3.6252853e-03
 2.5498239e-05 1.7018903e-03 4.1935194e-04]
[[2025-10-16 17:34:36]] Epoch 22/100, Validation Loss: 0.00818751
[[2025-10-16 17:34:36]] Mask: [1.60568394e-02 7.44928932e-03 5.32047078e-03 4.58865520e-03
 4.21429332e-03 1.94340973e-04 4.38831607e-03 2.60966737e-03
 4.25395742e-02 1.53104095e-02 2.62924696e-05 4.09311797e-05
 1.11064175e-04 2.04512919e-03 1.51927937e-02 7.28305569e-03
 6.84831830e-05 3.79926903e-04 2.97891349e-03 1.74107980e-02
 3.71152237e-02 4.22103889e-02 1.56661274e-03 9.73080937e-03
 6.56485232e-03 1.26686888e-02 3.52413263e-05 3.21330293e-03
 1.36080356e-02 3.51244118e-03 1.92931620e-05 2.21282826e-03
 4.30830318e-04]
[[2025-10-16 17:34:38]] Epoch 23/100, Validation Loss: 0.00909756
[[2025-10-16 17:34:38]] Mask: [1.47028388e-02 7.14610331e-03 4.97777341e-03 4.74658934e-03
 4.20822436e-03 1.89381433e-04 4.78291744e-03 2.23723776e-03
 4.01124582e-02 1.40485466e-02 2.05844772e-05 3.26622794e-05
 9.86334053e-05 1.95787125e-03 1.47309462e-02 7.49126263e-03
 5.77735555e-05 4.20406461e-04 2.97012855e-03 1.56947933e-02
 3.64434421e-02 4.03048694e-02 1.83320825e-03 8.67765956e-03
 6.21593790e-03 1.09331096e-02 2.95229784e-05 3.34205525e-03
 1.28572397e-02 3.49493208e-03 1.46458615e-05 2.87414552e-03
 4.18082636e-04]
[[2025-10-16 17:34:41]] Epoch 24/100, Validation Loss: 0.00919276
[[2025-10-16 17:34:41]] Mask: [1.3934251e-02 7.2905854e-03 5.3262301e-03 4.7613871e-03 3.8320336e-03
 1.8119179e-04 4.3472047e-03 2.1708133e-03 3.9475847e-02 1.4245702e-02
 1.6118647e-05 2.7430489e-05 8.3060062e-05 1.9131037e-03 1.4329432e-02
 7.0960722e-03 4.8229602e-05 4.3460730e-04 2.8113173e-03 1.6166480e-02
 3.4184206e-02 4.1783255e-02 2.0616583e-03 1.0336413e-02 6.4503760e-03
 1.1171049e-02 2.2643873e-05 3.6423563e-03 1.2284090e-02 3.4083996e-03
 1.1061559e-05 2.9549045e-03 4.6654712e-04]
[[2025-10-16 17:34:44]] Epoch 25/100, Validation Loss: 0.00845389
[[2025-10-16 17:34:44]] Mask: [1.39216632e-02 7.14151049e-03 5.06304763e-03 4.49328357e-03
 3.77557147e-03 1.77076770e-04 4.18107444e-03 2.17382517e-03
 3.84820327e-02 1.41201774e-02 1.27968669e-05 2.10358103e-05
 6.81552847e-05 1.95900723e-03 1.41977984e-02 6.49661431e-03
 4.20020042e-05 4.67209349e-04 2.52677244e-03 1.59842949e-02
 3.24571021e-02 3.83684449e-02 2.09079287e-03 9.19894688e-03
 5.82550000e-03 1.03272265e-02 1.76177400e-05 3.07934592e-03
 1.25045292e-02 3.32174730e-03 8.40001849e-06 2.82776728e-03
 4.57056856e-04]
[[2025-10-16 17:34:46]] Epoch 26/100, Validation Loss: 0.00888501
[[2025-10-16 17:34:46]] Mask: [1.34791965e-02 6.96829800e-03 5.20732440e-03 4.28076694e-03
 3.57035152e-03 1.55283837e-04 4.05798433e-03 2.08828831e-03
 3.65581512e-02 1.43078286e-02 1.01141113e-05 1.76023568e-05
 5.83567307e-05 1.75592361e-03 1.27426023e-02 6.30134810e-03
 3.23085587e-05 4.50145220e-04 2.50650267e-03 1.56930033e-02
 3.36679108e-02 4.08747680e-02 2.28869496e-03 9.17029846e-03
 5.62807405e-03 1.06902430e-02 1.43542766e-05 3.03486595e-03
 1.17628668e-02 3.50985839e-03 6.39352447e-06 2.66970554e-03
 4.90521546e-04]
[[2025-10-16 17:34:48]] Epoch 27/100, Validation Loss: 0.00861855
[[2025-10-16 17:34:48]] Mask: [1.2977470e-02 6.2912377e-03 5.3481846e-03 4.0156869e-03 3.5083496e-03
 1.3664216e-04 3.9516818e-03 1.9993228e-03 3.6892910e-02 1.2846532e-02
 7.6487613e-06 1.5813386e-05 5.5232984e-05 1.7005047e-03 1.2850808e-02
 5.8256378e-03 2.6023856e-05 4.3348415e-04 2.5540385e-03 1.5279082e-02
 3.1920597e-02 3.7341025e-02 2.2369579e-03 9.4795329e-03 5.6776288e-03
 1.0286971e-02 1.1362059e-05 2.9445214e-03 1.2242498e-02 3.7900386e-03
 4.8874354e-06 2.5868164e-03 5.3079781e-04]
[[2025-10-16 17:34:51]] Epoch 28/100, Validation Loss: 0.00846102
[[2025-10-16 17:34:51]] Mask: [1.3679721e-02 6.2616696e-03 5.3534079e-03 3.9167376e-03 3.6229573e-03
 1.2516959e-04 3.8931689e-03 2.1771579e-03 3.6037982e-02 1.3973050e-02
 6.3359948e-06 1.5077008e-05 4.7169826e-05 1.7198945e-03 1.2386788e-02
 5.7347422e-03 2.1944552e-05 4.0898946e-04 2.6270647e-03 1.5808202e-02
 3.0540841e-02 3.5376403e-02 2.2932659e-03 9.3182363e-03 5.5435491e-03
 1.0413605e-02 8.6232958e-06 3.0446143e-03 1.2032334e-02 3.5320458e-03
 3.7360655e-06 2.7229823e-03 5.2755937e-04]
[[2025-10-16 17:34:53]] Epoch 29/100, Validation Loss: 0.00805779
[[2025-10-16 17:34:53]] Mask: [1.3173698e-02 6.1085094e-03 4.9173771e-03 4.0714350e-03 3.3764422e-03
 1.2345907e-04 4.0335297e-03 2.0693217e-03 3.3608411e-02 1.3346819e-02
 5.0916406e-06 1.2916989e-05 4.0948431e-05 1.5830826e-03 1.2385727e-02
 5.8612050e-03 1.9486133e-05 4.4311199e-04 2.4113252e-03 1.6024485e-02
 3.0568240e-02 3.5510283e-02 2.5190159e-03 8.4417500e-03 5.5781635e-03
 1.0424343e-02 7.2920247e-06 2.9237000e-03 1.1690409e-02 3.5577540e-03
 2.8884228e-06 2.5811263e-03 4.9747230e-04]
[[2025-10-16 17:34:55]] Epoch 30/100, Validation Loss: 0.00968532
[[2025-10-16 17:34:55]] Mask: [1.2209651e-02 6.3269790e-03 4.8706126e-03 4.0146210e-03 3.6683066e-03
 1.3012461e-04 3.9043226e-03 2.1126885e-03 3.3019435e-02 1.2972505e-02
 4.3808955e-06 1.2008962e-05 3.3408483e-05 1.5073596e-03 1.1912228e-02
 5.4284516e-03 1.7218103e-05 4.6400289e-04 2.4965247e-03 1.3977584e-02
 2.9871488e-02 3.5295814e-02 2.3729797e-03 8.5612284e-03 5.1994161e-03
 1.0056132e-02 5.9094332e-06 2.9512653e-03 1.0719274e-02 3.2315920e-03
 2.2354891e-06 2.4939897e-03 5.0761260e-04]
[[2025-10-16 17:34:58]] Epoch 31/100, Validation Loss: 0.00808669
[[2025-10-16 17:34:58]] Mask: [1.22871855e-02 6.38042856e-03 4.89382586e-03 4.02871054e-03
 3.91646754e-03 1.27956446e-04 3.75027559e-03 2.00491166e-03
 3.39126848e-02 1.33162048e-02 3.42067415e-06 1.03210905e-05
 3.42967032e-05 1.48872402e-03 1.15100052e-02 5.56987198e-03
 1.51113118e-05 4.92260733e-04 2.49150558e-03 1.36773782e-02
 3.05413697e-02 3.47332098e-02 2.52380711e-03 8.87499563e-03
 5.30146761e-03 1.01402281e-02 5.01712657e-06 3.01204855e-03
 1.00162085e-02 3.51540302e-03 1.72149953e-06 2.56414199e-03
 5.49571647e-04]
[[2025-10-16 17:35:01]] Epoch 32/100, Validation Loss: 0.00857001
[[2025-10-16 17:35:01]] Mask: [1.11559480e-02 6.13577385e-03 4.74155974e-03 3.80615913e-03
 3.24344495e-03 1.23654419e-04 4.04591905e-03 1.94683764e-03
 3.34846936e-02 1.34913195e-02 2.79845085e-06 9.18924616e-06
 2.98977375e-05 1.37667020e-03 1.19124958e-02 5.56735042e-03
 1.27961603e-05 5.26318036e-04 2.61529675e-03 1.36955883e-02
 3.02072726e-02 3.18624303e-02 2.61015748e-03 8.50810017e-03
 5.13256481e-03 1.00244582e-02 4.27955956e-06 3.04907560e-03
 1.03615839e-02 3.45365144e-03 1.33425544e-06 2.34413799e-03
 5.42272581e-04]
[[2025-10-16 17:35:03]] Epoch 33/100, Validation Loss: 0.00865224
[[2025-10-16 17:35:03]] Mask: [1.16082001e-02 6.25505298e-03 4.66551678e-03 3.69229005e-03
 3.78182321e-03 1.24859405e-04 3.80932633e-03 1.85079419e-03
 3.27269323e-02 1.20475115e-02 2.31642116e-06 8.04615229e-06
 2.62376161e-05 1.33589050e-03 1.13282660e-02 5.18849958e-03
 1.14757695e-05 5.28053148e-04 2.46589794e-03 1.28534157e-02
 3.11977323e-02 3.27872597e-02 2.93599279e-03 8.70879833e-03
 4.83795395e-03 9.82970744e-03 3.65751657e-06 2.98655801e-03
 1.02397781e-02 3.48152290e-03 1.04376659e-06 2.27546459e-03
 5.38090768e-04]
[[2025-10-16 17:35:05]] Epoch 34/100, Validation Loss: 0.00885820
[[2025-10-16 17:35:05]] Mask: [1.09864557e-02 6.27872394e-03 4.60024597e-03 3.68803181e-03
 3.49611812e-03 1.16963165e-04 3.59315029e-03 1.72258611e-03
 3.06330658e-02 1.04949381e-02 1.85423914e-06 7.11747725e-06
 2.64127957e-05 1.27617794e-03 1.10269999e-02 5.34381112e-03
 9.28694953e-06 5.01321221e-04 2.46218010e-03 1.26158576e-02
 3.01666167e-02 3.29793990e-02 2.90216692e-03 7.94145279e-03
 4.91275033e-03 1.04476549e-02 3.18642560e-06 3.17993714e-03
 1.07597057e-02 3.73848411e-03 8.18652779e-07 2.53953296e-03
 5.75212296e-04]
[[2025-10-16 17:35:08]] Epoch 35/100, Validation Loss: 0.00809959
[[2025-10-16 17:35:08]] Mask: [1.06829926e-02 5.89544047e-03 5.10852830e-03 3.64982733e-03
 3.21533345e-03 1.17367046e-04 3.51945288e-03 1.81431533e-03
 3.12079415e-02 1.23150628e-02 1.55644580e-06 6.91193736e-06
 2.35820371e-05 1.32818555e-03 1.15827881e-02 5.07819839e-03
 8.35504670e-06 5.29988436e-04 2.25727912e-03 1.33403903e-02
 2.79934388e-02 3.25365327e-02 2.76732980e-03 8.16587452e-03
 4.80275741e-03 9.82358772e-03 2.44100897e-06 3.17030097e-03
 1.08994637e-02 3.39926034e-03 6.45306386e-07 2.58027320e-03
 6.11431198e-04]
[[2025-10-16 17:35:10]] Epoch 36/100, Validation Loss: 0.00833778
[[2025-10-16 17:35:10]] Mask: [1.09088905e-02 5.85906627e-03 4.67354385e-03 3.70171457e-03
 3.28397099e-03 1.24870247e-04 3.51372967e-03 1.96214975e-03
 3.02395020e-02 1.07308691e-02 1.29891146e-06 6.70472627e-06
 2.07958365e-05 1.25686580e-03 1.13579705e-02 4.85803513e-03
 7.48587991e-06 5.61441819e-04 2.21740012e-03 1.38978753e-02
 2.86351144e-02 3.18479724e-02 2.50771642e-03 7.77903059e-03
 4.77864780e-03 9.50275734e-03 1.99437204e-06 3.34729441e-03
 1.02622611e-02 3.35899414e-03 5.20861022e-07 2.33896729e-03
 6.66843029e-04]
[[2025-10-16 17:35:13]] Epoch 37/100, Validation Loss: 0.00798112
[[2025-10-16 17:35:13]] Mask: [1.1460761e-02 5.6776986e-03 4.6093338e-03 3.8030343e-03 3.4271081e-03
 1.3308508e-04 3.3453591e-03 1.6468090e-03 2.9364286e-02 1.1742381e-02
 1.0914030e-06 7.0585133e-06 1.8012097e-05 1.2797968e-03 1.1390389e-02
 5.0686500e-03 6.9131111e-06 6.2720483e-04 2.3029528e-03 1.3258571e-02
 2.8147345e-02 2.8761521e-02 2.6146711e-03 6.9022165e-03 4.2761858e-03
 8.5094161e-03 1.5049595e-06 3.1351205e-03 9.3513699e-03 2.9010368e-03
 4.0931971e-07 2.4080263e-03 6.7773915e-04]
[[2025-10-16 17:35:16]] Epoch 38/100, Validation Loss: 0.00835631
[[2025-10-16 17:35:16]] Mask: [1.0662959e-02 5.6544873e-03 4.5874226e-03 3.8633656e-03 3.4860338e-03
 1.2518284e-04 3.1683864e-03 1.5898100e-03 2.8313333e-02 1.1448358e-02
 9.2469173e-07 8.7927610e-06 1.9250652e-05 1.2790200e-03 1.0273857e-02
 5.4504173e-03 6.0652019e-06 6.4968609e-04 2.2955223e-03 1.3048579e-02
 2.7230414e-02 3.0305756e-02 2.8095252e-03 7.4257962e-03 4.9556661e-03
 9.0054246e-03 1.4209442e-06 3.3889958e-03 9.6217543e-03 2.9925627e-03
 3.3189639e-07 2.3501699e-03 6.9952843e-04]
[[2025-10-16 17:35:19]] Epoch 39/100, Validation Loss: 0.00843590
[[2025-10-16 17:35:19]] Mask: [1.0326019e-02 5.1641506e-03 4.8068501e-03 3.6338919e-03 3.6159891e-03
 1.4185892e-04 2.9291972e-03 1.5982684e-03 3.0079026e-02 1.1586342e-02
 8.2827199e-07 9.7218372e-06 1.7150553e-05 1.3285961e-03 1.0467426e-02
 4.7180895e-03 6.2925187e-06 7.7299040e-04 2.4806419e-03 1.2480735e-02
 2.6445094e-02 2.9589437e-02 2.2793566e-03 7.5154989e-03 4.5060846e-03
 8.4888544e-03 1.1810978e-06 3.1131655e-03 1.0567392e-02 3.0432802e-03
 2.6333177e-07 2.5061341e-03 7.0694735e-04]
[[2025-10-16 17:35:21]] Epoch 40/100, Validation Loss: 0.00800539
[[2025-10-16 17:35:21]] Mask: [1.0797980e-02 5.3338618e-03 4.5420695e-03 3.5284208e-03 3.9673885e-03
 1.4262579e-04 3.0119496e-03 1.6287907e-03 3.0267846e-02 1.1110638e-02
 7.1546162e-07 9.9786494e-06 1.7631943e-05 1.2793660e-03 1.0080546e-02
 4.6565905e-03 5.3990152e-06 8.0709090e-04 2.3405533e-03 1.2502797e-02
 2.6876282e-02 2.8814595e-02 2.1892753e-03 7.3264642e-03 4.4693113e-03
 7.8452369e-03 1.0814616e-06 3.1945475e-03 9.6470043e-03 2.9499412e-03
 2.1561884e-07 2.3064788e-03 7.5911841e-04]
[[2025-10-16 17:35:23]] Epoch 41/100, Validation Loss: 0.00991715
[[2025-10-16 17:35:23]] Mask: [1.0553536e-02 5.5016275e-03 4.1502425e-03 3.5437627e-03 4.1620778e-03
 1.3847627e-04 3.0894380e-03 1.5054137e-03 2.7262323e-02 1.0510275e-02
 6.6475519e-07 9.9227464e-06 1.8877436e-05 1.2275927e-03 9.7281132e-03
 4.7804103e-03 4.9234477e-06 8.4278971e-04 2.2969544e-03 1.1944227e-02
 2.6197923e-02 2.9882096e-02 2.3019668e-03 7.2946828e-03 4.4363635e-03
 8.0176201e-03 9.6480915e-07 3.2479481e-03 9.1431774e-03 3.1399124e-03
 1.7664161e-07 2.4510918e-03 7.3983514e-04]
[[2025-10-16 17:35:26]] Epoch 42/100, Validation Loss: 0.00803961
[[2025-10-16 17:35:26]] Mask: [1.0137171e-02 5.2980338e-03 4.1488572e-03 3.1919142e-03 3.6194993e-03
 1.2852138e-04 3.0016419e-03 1.4963690e-03 2.8127877e-02 9.8079545e-03
 5.8431658e-07 1.0828490e-05 1.9356909e-05 1.2130638e-03 1.0482793e-02
 4.4938657e-03 4.1732897e-06 8.0279936e-04 2.1763253e-03 1.1877289e-02
 2.6945509e-02 2.9001543e-02 2.1016223e-03 7.6482878e-03 4.2902972e-03
 8.7473849e-03 8.2138916e-07 3.3541131e-03 9.1878101e-03 3.3550395e-03
 1.4742879e-07 2.4369739e-03 7.9539523e-04]
[[2025-10-16 17:35:29]] Epoch 43/100, Validation Loss: 0.00850931
[[2025-10-16 17:35:29]] Mask: [9.6478295e-03 5.1355259e-03 3.9619487e-03 3.2592509e-03 3.1694421e-03
 1.1948163e-04 2.9247359e-03 1.5037741e-03 2.8516954e-02 1.0526827e-02
 5.3846765e-07 1.0672596e-05 2.0460728e-05 1.2142828e-03 1.0449084e-02
 4.7719828e-03 3.3145302e-06 7.4783305e-04 2.2043032e-03 1.1828800e-02
 2.3662020e-02 2.9136622e-02 2.0238177e-03 7.6111043e-03 4.6274820e-03
 9.1308383e-03 7.7845698e-07 3.4289293e-03 9.1730850e-03 3.1151089e-03
 1.2509209e-07 2.4526827e-03 8.4182608e-04]
[[2025-10-16 17:35:32]] Epoch 44/100, Validation Loss: 0.00831416
[[2025-10-16 17:35:32]] Mask: [9.63452552e-03 5.29190805e-03 4.09733457e-03 3.17031308e-03
 3.46749555e-03 1.20950404e-04 2.89853872e-03 1.50087569e-03
 2.91324295e-02 1.09263724e-02 4.90851619e-07 9.42473525e-06
 1.85663666e-05 1.19565439e-03 1.01386681e-02 4.39825421e-03
 3.10412838e-06 7.21009099e-04 2.36409996e-03 1.16718514e-02
 2.52866484e-02 2.66453512e-02 2.16383371e-03 6.96723210e-03
 4.44245618e-03 8.22285376e-03 6.64850234e-07 2.97501567e-03
 9.41036269e-03 2.98061315e-03 1.09033088e-07 2.27350602e-03
 8.75419704e-04]
[[2025-10-16 17:35:34]] Epoch 45/100, Validation Loss: 0.00883313
[[2025-10-16 17:35:34]] Mask: [9.4696246e-03 5.3440216e-03 3.8727999e-03 3.3292403e-03 3.3050412e-03
 1.1595151e-04 2.9775514e-03 1.4478381e-03 2.7337581e-02 9.8843621e-03
 4.4113185e-07 1.0671445e-05 1.9124192e-05 1.1301377e-03 9.8077282e-03
 4.7055557e-03 2.5769923e-06 7.1578473e-04 2.3073128e-03 1.1586479e-02
 2.4679491e-02 2.8211817e-02 2.2155873e-03 6.7050573e-03 4.4123982e-03
 8.2713868e-03 6.2746454e-07 3.1950593e-03 9.4119050e-03 3.0566424e-03
 9.4692020e-08 2.1264064e-03 9.0804795e-04]
[[2025-10-16 17:35:36]] Epoch 46/100, Validation Loss: 0.00861189
[[2025-10-16 17:35:36]] Mask: [9.34292283e-03 4.87842597e-03 4.06997139e-03 3.32867540e-03
 3.11846798e-03 1.09433735e-04 2.80904956e-03 1.35319354e-03
 2.72902194e-02 9.77337640e-03 4.07319362e-07 1.17858472e-05
 1.69491286e-05 1.16106425e-03 9.50271729e-03 4.27042181e-03
 2.29329089e-06 6.93822920e-04 2.10823864e-03 1.15843937e-02
 2.34550051e-02 2.65266690e-02 2.46484135e-03 6.97364844e-03
 4.10024077e-03 7.80999009e-03 5.36965103e-07 2.97116255e-03
 9.73858219e-03 3.03917984e-03 8.48854285e-08 1.89450313e-03
 8.70865944e-04]
[[2025-10-16 17:35:38]] Epoch 47/100, Validation Loss: 0.00926921
[[2025-10-16 17:35:38]] Mask: [9.5314756e-03 4.9473378e-03 3.7796071e-03 3.2024209e-03 3.0245995e-03
 1.0640015e-04 2.9561566e-03 1.3305987e-03 2.7183453e-02 9.8823979e-03
 3.7006404e-07 1.3938093e-05 1.5671456e-05 1.0790783e-03 9.4257947e-03
 4.9006669e-03 1.9888753e-06 7.0188334e-04 2.2141805e-03 1.1491318e-02
 2.3958094e-02 2.5849210e-02 2.2966943e-03 6.9093099e-03 4.4397446e-03
 7.5791059e-03 4.6192272e-07 3.1094949e-03 1.0000697e-02 2.8371988e-03
 7.4189494e-08 1.9620433e-03 8.8690489e-04]
[[2025-10-16 17:35:41]] Epoch 48/100, Validation Loss: 0.00850178
[[2025-10-16 17:35:41]] Mask: [9.0961149e-03 5.0702929e-03 4.3197428e-03 3.2697704e-03 2.9167677e-03
 9.6898118e-05 2.7755825e-03 1.3982673e-03 2.6978316e-02 9.0301475e-03
 3.6841888e-07 1.5882017e-05 1.5719519e-05 1.1111182e-03 9.4882445e-03
 4.8238561e-03 1.7000243e-06 6.8371900e-04 2.2882388e-03 1.2061312e-02
 2.3690529e-02 2.6390629e-02 2.2935248e-03 6.8704118e-03 4.5974604e-03
 7.3220334e-03 4.5402894e-07 3.2283680e-03 8.9247478e-03 3.0426409e-03
 6.6537801e-08 2.0570348e-03 9.0192445e-04]
[[2025-10-16 17:35:43]] Epoch 49/100, Validation Loss: 0.00816045
[[2025-10-16 17:35:43]] Mask: [9.1984253e-03 5.0410596e-03 4.0113884e-03 3.2035478e-03 3.0447983e-03
 1.0589880e-04 2.9076308e-03 1.4845548e-03 2.6392108e-02 9.6625891e-03
 3.6201865e-07 1.6997008e-05 1.6115035e-05 1.0245264e-03 9.8074600e-03
 4.7918116e-03 1.4884550e-06 7.3536392e-04 2.5533449e-03 1.1250346e-02
 2.3909008e-02 2.5080685e-02 2.2938072e-03 6.3989446e-03 4.3660165e-03
 6.8459138e-03 4.3511150e-07 3.2388654e-03 9.9607147e-03 3.0624792e-03
 6.1157237e-08 1.9303206e-03 9.0967026e-04]
[[2025-10-16 17:35:47]] Epoch 50/100, Validation Loss: 0.00894043
[[2025-10-16 17:35:47]] Mask: [8.9062052e-03 4.9686865e-03 3.9120279e-03 3.2617161e-03 2.7403240e-03
 1.0365426e-04 3.0167084e-03 1.6005451e-03 2.5982011e-02 9.3415724e-03
 3.3789001e-07 1.8035869e-05 1.4608393e-05 1.1076640e-03 9.6258484e-03
 4.3202164e-03 1.3092413e-06 7.2032952e-04 2.3309106e-03 1.1336290e-02
 2.2208974e-02 2.7828660e-02 2.2730043e-03 6.6520083e-03 4.3084649e-03
 7.6752314e-03 3.5724733e-07 3.0200877e-03 9.6324198e-03 2.8276178e-03
 5.6062952e-08 1.9839117e-03 9.2060346e-04]
[[2025-10-16 17:35:49]] Epoch 51/100, Validation Loss: 0.00864215
[[2025-10-16 17:35:49]] Mask: [8.8355122e-03 5.2869502e-03 4.1762907e-03 3.3308561e-03 2.8866658e-03
 1.0092242e-04 2.9181617e-03 1.4264882e-03 2.5482059e-02 9.6006477e-03
 3.2832574e-07 2.0181667e-05 1.5694279e-05 1.0707098e-03 9.2058117e-03
 4.3876511e-03 1.1319751e-06 6.8357732e-04 2.3237683e-03 1.0375709e-02
 2.2640862e-02 2.6164697e-02 2.2314992e-03 6.5311473e-03 4.1168910e-03
 7.2680954e-03 3.5798737e-07 3.3428322e-03 8.6320257e-03 2.5601387e-03
 5.0786788e-08 2.2354545e-03 1.0115809e-03]
[[2025-10-16 17:35:51]] Epoch 52/100, Validation Loss: 0.00817287
[[2025-10-16 17:35:51]] Mask: [8.4758727e-03 4.7778268e-03 4.1465568e-03 3.2511004e-03 3.1546794e-03
 1.0745413e-04 3.1312839e-03 1.3761340e-03 2.5461847e-02 9.8189320e-03
 3.3184415e-07 2.0838601e-05 1.5626758e-05 1.0830330e-03 9.1645597e-03
 4.1790120e-03 1.0321959e-06 7.3918892e-04 2.5400114e-03 9.9677183e-03
 2.3065543e-02 2.5657609e-02 2.2304612e-03 6.5714144e-03 4.1415328e-03
 7.8044375e-03 3.8684897e-07 3.4511923e-03 9.0539632e-03 2.7069396e-03
 4.6836178e-08 2.4110442e-03 1.0763181e-03]
[[2025-10-16 17:35:54]] Epoch 53/100, Validation Loss: 0.00836580
[[2025-10-16 17:35:54]] Mask: [8.73166695e-03 4.61490685e-03 3.92021565e-03 3.10661527e-03
 3.28199076e-03 1.08538836e-04 2.92113074e-03 1.27833115e-03
 2.54546553e-02 9.15035978e-03 3.13546451e-07 2.39983456e-05
 1.63859386e-05 1.02749118e-03 8.97083338e-03 4.51426022e-03
 9.14265627e-07 7.51091633e-04 2.70855171e-03 1.03574274e-02
 2.36707907e-02 2.54358295e-02 2.15440197e-03 5.69110690e-03
 3.74122895e-03 7.06597278e-03 3.36600607e-07 3.60437343e-03
 9.18048155e-03 3.01481062e-03 4.43729675e-08 2.16520973e-03
 1.05453073e-03]
[[2025-10-16 17:35:56]] Epoch 54/100, Validation Loss: 0.00823153
[[2025-10-16 17:35:56]] Mask: [8.6416332e-03 4.5292657e-03 3.6483505e-03 3.1958977e-03 3.1725939e-03
 1.0497223e-04 2.9090494e-03 1.2406093e-03 2.5763405e-02 9.6257208e-03
 3.2944891e-07 2.4585739e-05 1.5413629e-05 9.8562369e-04 8.7925969e-03
 3.9650132e-03 7.6825927e-07 7.3355471e-04 2.4538555e-03 1.0976626e-02
 2.3128845e-02 2.5628271e-02 2.3000457e-03 6.4584822e-03 3.6094922e-03
 7.9048118e-03 3.2896730e-07 3.6136296e-03 9.1068055e-03 2.5963513e-03
 4.2069129e-08 2.0523963e-03 1.0654913e-03]
[[2025-10-16 17:35:58]] Epoch 55/100, Validation Loss: 0.00802802
[[2025-10-16 17:35:58]] Mask: [8.49088188e-03 4.55221627e-03 3.99944419e-03 3.08605167e-03
 3.14974855e-03 1.00194629e-04 2.86727585e-03 1.24472775e-03
 2.59824693e-02 1.02388505e-02 3.32595675e-07 2.83114314e-05
 1.43678899e-05 1.01860531e-03 8.10981262e-03 4.02704626e-03
 6.84724796e-07 7.08883628e-04 2.31978088e-03 1.03324335e-02
 2.20363885e-02 2.62895487e-02 2.25746166e-03 6.98286761e-03
 3.86202778e-03 7.88153335e-03 3.07906532e-07 3.45993624e-03
 9.35207214e-03 2.68057385e-03 4.04200762e-08 1.95772760e-03
 1.13311992e-03]
[[2025-10-16 17:36:01]] Epoch 56/100, Validation Loss: 0.00795720
[[2025-10-16 17:36:01]] Mask: [7.9915961e-03 4.5326748e-03 4.3629268e-03 3.1190640e-03 2.8975329e-03
 9.9791578e-05 2.8232490e-03 1.3052846e-03 2.5258861e-02 1.0831949e-02
 3.1513378e-07 3.4057150e-05 1.5296364e-05 1.0117037e-03 8.3163483e-03
 3.7791438e-03 6.1328541e-07 7.4561214e-04 2.5054393e-03 9.9490266e-03
 2.2129020e-02 2.4166824e-02 2.0267149e-03 6.4760661e-03 3.6089919e-03
 7.1276454e-03 2.8295730e-07 3.3486325e-03 9.1055147e-03 2.7220543e-03
 3.8458410e-08 2.0848410e-03 1.1826302e-03]
[[2025-10-16 17:36:04]] Epoch 57/100, Validation Loss: 0.00826091
[[2025-10-16 17:36:04]] Mask: [8.2940133e-03 4.8119146e-03 3.8386052e-03 3.2116615e-03 3.0844398e-03
 9.7319171e-05 2.7103454e-03 1.2617434e-03 2.4711862e-02 1.0836160e-02
 3.3527553e-07 4.3670858e-05 1.5798902e-05 9.6305081e-04 8.1405938e-03
 3.9204503e-03 5.3012099e-07 7.5138221e-04 2.5005583e-03 1.0625338e-02
 2.2749497e-02 2.5510505e-02 2.1229873e-03 6.2689963e-03 3.7413838e-03
 7.2852555e-03 2.9190147e-07 3.0288426e-03 8.9695621e-03 2.6915735e-03
 3.7313292e-08 1.8810934e-03 1.2131967e-03]
[[2025-10-16 17:36:06]] Epoch 58/100, Validation Loss: 0.00804774
[[2025-10-16 17:36:06]] Mask: [7.77116232e-03 4.31402633e-03 4.12555877e-03 3.05576064e-03
 2.95837107e-03 1.01028345e-04 2.73032673e-03 1.30702683e-03
 2.64354590e-02 1.05604297e-02 3.52894375e-07 4.97159090e-05
 1.61245807e-05 1.07147859e-03 8.58535152e-03 3.71594215e-03
 4.85471332e-07 7.94492254e-04 2.33886484e-03 1.04105640e-02
 2.13865601e-02 2.36452669e-02 2.03779759e-03 6.74070697e-03
 4.01964039e-03 7.39176152e-03 2.76804883e-07 3.03243869e-03
 8.65257066e-03 2.63994234e-03 3.56310217e-08 1.89145049e-03
 1.31387403e-03]
[[2025-10-16 17:36:09]] Epoch 59/100, Validation Loss: 0.00798906
[[2025-10-16 17:36:09]] Mask: [8.1010414e-03 4.4002570e-03 4.0473486e-03 3.0636033e-03 2.9890409e-03
 9.5899923e-05 2.8034013e-03 1.3710081e-03 2.5390243e-02 9.6979151e-03
 3.3986333e-07 5.5422239e-05 1.7070010e-05 1.0254991e-03 8.1639402e-03
 3.7199536e-03 4.0750004e-07 7.3369662e-04 2.2994659e-03 9.7103836e-03
 2.0330815e-02 2.3875847e-02 1.7655804e-03 6.2670037e-03 3.7603960e-03
 7.1907984e-03 2.8134096e-07 2.9572560e-03 8.3967596e-03 2.4943871e-03
 3.3757878e-08 1.9324725e-03 1.3011663e-03]
[[2025-10-16 17:36:11]] Epoch 60/100, Validation Loss: 0.00833356
[[2025-10-16 17:36:11]] Mask: [7.6530911e-03 4.5120516e-03 3.8693782e-03 3.2605585e-03 2.9746678e-03
 9.6245116e-05 2.5233305e-03 1.2950740e-03 2.3381406e-02 8.6282892e-03
 3.6360092e-07 6.5609063e-05 1.7627857e-05 9.7648054e-04 8.7363198e-03
 3.9595217e-03 3.6486324e-07 7.7908469e-04 2.2498341e-03 9.5934281e-03
 2.1181071e-02 2.3511214e-02 1.9047834e-03 5.9141098e-03 3.5488582e-03
 6.8762610e-03 2.6906744e-07 3.0758949e-03 8.3097871e-03 2.4429162e-03
 3.2631878e-08 1.9462364e-03 1.2198874e-03]
[[2025-10-16 17:36:13]] Epoch 61/100, Validation Loss: 0.00825852
[[2025-10-16 17:36:13]] Mask: [8.0007082e-03 4.3260250e-03 3.5602364e-03 3.0610352e-03 3.1570394e-03
 9.8098753e-05 2.3854841e-03 1.3326774e-03 2.4557484e-02 9.0759369e-03
 3.8483580e-07 6.5415836e-05 1.8152223e-05 1.0157141e-03 8.0700489e-03
 3.6477230e-03 3.3750030e-07 8.3385338e-04 2.3427890e-03 9.5850956e-03
 2.1397596e-02 2.2928501e-02 1.8224353e-03 6.6930824e-03 3.6397080e-03
 6.4602047e-03 2.9132551e-07 3.1827923e-03 9.4348816e-03 2.4439471e-03
 3.1323168e-08 1.8785766e-03 1.2094986e-03]
[[2025-10-16 17:36:16]] Epoch 62/100, Validation Loss: 0.00837941
[[2025-10-16 17:36:16]] Mask: [8.1900125e-03 4.1390061e-03 3.5697559e-03 2.9608503e-03 3.2144897e-03
 9.3026807e-05 2.4937573e-03 1.2612568e-03 2.4682103e-02 9.1068232e-03
 3.7328675e-07 7.9946767e-05 2.0673735e-05 9.8958309e-04 8.2759839e-03
 3.5342805e-03 2.7650754e-07 8.0360868e-04 2.1838800e-03 1.0320898e-02
 2.1342902e-02 2.2851123e-02 2.0264583e-03 6.2028118e-03 3.6446205e-03
 6.4174193e-03 2.6800720e-07 3.4545199e-03 9.3044108e-03 2.5940926e-03
 3.0340988e-08 1.7972626e-03 1.2617698e-03]
[[2025-10-16 17:36:19]] Epoch 63/100, Validation Loss: 0.00851077
[[2025-10-16 17:36:19]] Mask: [7.5699692e-03 4.6602362e-03 3.9422279e-03 3.1078428e-03 3.0615299e-03
 9.8807563e-05 2.5277198e-03 1.2239465e-03 2.3372943e-02 9.2982156e-03
 3.7010253e-07 1.0214749e-04 2.3673723e-05 9.4800198e-04 8.3662625e-03
 3.6205999e-03 2.5486895e-07 8.5168408e-04 2.2040694e-03 9.4718160e-03
 2.0985568e-02 2.2636658e-02 1.9252442e-03 6.1203269e-03 3.6247754e-03
 6.7369440e-03 2.5696247e-07 3.8986038e-03 8.2893362e-03 2.3365193e-03
 2.9460045e-08 1.9466450e-03 1.2432786e-03]
[[2025-10-16 17:36:22]] Epoch 64/100, Validation Loss: 0.00819920
[[2025-10-16 17:36:22]] Mask: [8.1949802e-03 4.7085360e-03 3.8951351e-03 2.9595515e-03 3.2541165e-03
 9.4421550e-05 2.6546724e-03 1.1497079e-03 2.3877712e-02 8.8302158e-03
 3.5978977e-07 1.1928423e-04 2.3818109e-05 8.7255868e-04 8.2369000e-03
 3.5556515e-03 2.3085231e-07 8.3377393e-04 2.1593980e-03 9.4891498e-03
 2.2134412e-02 2.2699434e-02 1.9436595e-03 5.8457549e-03 3.4313742e-03
 6.8240776e-03 2.5851003e-07 3.5778473e-03 7.7836732e-03 2.3836733e-03
 2.8208722e-08 1.8871084e-03 1.3193538e-03]
[[2025-10-16 17:36:24]] Epoch 65/100, Validation Loss: 0.00801647
[[2025-10-16 17:36:24]] Mask: [8.2105864e-03 4.6416190e-03 3.5883919e-03 2.8583519e-03 2.9555245e-03
 9.1917951e-05 2.6243986e-03 1.2164864e-03 2.3971612e-02 1.0788613e-02
 4.0271408e-07 1.2764946e-04 2.2816463e-05 8.6378888e-04 8.7666651e-03
 3.6390333e-03 1.9674022e-07 7.8488729e-04 2.2661511e-03 9.8049873e-03
 2.0754885e-02 2.2243714e-02 1.7803827e-03 6.8011610e-03 3.5735404e-03
 7.1807937e-03 2.3673579e-07 3.2361003e-03 7.9462072e-03 2.5163624e-03
 2.7054069e-08 2.0130419e-03 1.3619323e-03]
[[2025-10-16 17:36:26]] Epoch 66/100, Validation Loss: 0.00801828
[[2025-10-16 17:36:26]] Mask: [7.4704266e-03 4.2500338e-03 3.3862735e-03 2.8366027e-03 2.5975101e-03
 8.7626999e-05 2.5123798e-03 1.2030820e-03 2.3505982e-02 9.3275635e-03
 3.9490493e-07 1.6268520e-04 2.7765655e-05 8.9153438e-04 8.4877592e-03
 3.8630699e-03 1.6320374e-07 7.5591041e-04 2.3160747e-03 9.9539543e-03
 1.9968577e-02 2.2828113e-02 2.0466121e-03 6.7541865e-03 3.4581264e-03
 6.9393744e-03 2.5883909e-07 3.2455393e-03 8.1321290e-03 3.0196158e-03
 2.6204154e-08 1.9918212e-03 1.3906790e-03]
[[2025-10-16 17:36:28]] Epoch 67/100, Validation Loss: 0.00812927
[[2025-10-16 17:36:28]] Mask: [7.2814566e-03 4.3596737e-03 3.3460970e-03 2.9372636e-03 2.4223975e-03
 8.7194639e-05 2.6524500e-03 1.1662963e-03 2.4072159e-02 9.6255261e-03
 4.2630398e-07 1.9360172e-04 2.5342388e-05 8.7759236e-04 8.5270638e-03
 3.5069112e-03 1.4528425e-07 7.5283006e-04 2.3553227e-03 9.9592619e-03
 2.0038193e-02 2.1737948e-02 2.0998798e-03 6.2979897e-03 3.2468645e-03
 6.1060553e-03 2.4234865e-07 3.3975148e-03 8.1116008e-03 2.7604392e-03
 2.5617746e-08 1.8634533e-03 1.3629547e-03]
[[2025-10-16 17:36:31]] Epoch 68/100, Validation Loss: 0.00811019
[[2025-10-16 17:36:31]] Mask: [7.4515431e-03 4.3638777e-03 3.2872453e-03 2.9606025e-03 2.5792941e-03
 8.6814398e-05 2.7035330e-03 1.1321618e-03 2.2440244e-02 1.0405525e-02
 4.2814722e-07 2.9005934e-04 2.9375591e-05 8.3494821e-04 8.3468463e-03
 3.6171132e-03 1.3118942e-07 7.3831592e-04 2.1789861e-03 9.6649118e-03
 1.9625077e-02 2.2609424e-02 2.0382903e-03 5.6849071e-03 3.4814086e-03
 6.6425940e-03 2.3467405e-07 3.3417267e-03 7.9324348e-03 2.5825519e-03
 2.4884283e-08 2.1002886e-03 1.3678786e-03]
[[2025-10-16 17:36:34]] Epoch 69/100, Validation Loss: 0.00810204
[[2025-10-16 17:36:34]] Mask: [7.4625183e-03 4.4530639e-03 3.5939030e-03 2.8083764e-03 2.6854912e-03
 7.9099264e-05 2.6631420e-03 1.2343505e-03 2.4384679e-02 1.1028638e-02
 4.5825897e-07 3.4696667e-04 3.1524509e-05 8.7998004e-04 8.0885980e-03
 3.4203122e-03 1.2017077e-07 6.7348732e-04 2.4962812e-03 1.0336354e-02
 1.9510299e-02 2.2368744e-02 2.1755819e-03 5.8482578e-03 3.4275071e-03
 6.6984165e-03 2.3276166e-07 3.5493253e-03 7.4889446e-03 2.4919254e-03
 2.4594796e-08 2.0560327e-03 1.2883634e-03]
[[2025-10-16 17:36:37]] Epoch 70/100, Validation Loss: 0.00804616
[[2025-10-16 17:36:37]] Mask: [7.2781336e-03 4.4119898e-03 3.6931247e-03 2.7323088e-03 2.7224440e-03
 8.2284394e-05 2.6850507e-03 1.2654027e-03 2.3503006e-02 9.7238515e-03
 4.9941991e-07 4.1499242e-04 2.7420992e-05 8.4174832e-04 8.5891429e-03
 3.2172212e-03 1.1208488e-07 6.9572852e-04 2.1362039e-03 9.4232662e-03
 1.9600913e-02 2.0932456e-02 2.2089090e-03 5.5483798e-03 3.2948079e-03
 6.3955318e-03 2.4347008e-07 3.5352444e-03 8.1768697e-03 2.6899201e-03
 2.4226562e-08 1.8270523e-03 1.2070369e-03]
[[2025-10-16 17:36:39]] Epoch 71/100, Validation Loss: 0.00800698
[[2025-10-16 17:36:39]] Mask: [7.6849707e-03 4.4660391e-03 3.6312926e-03 2.8095199e-03 2.9529526e-03
 8.2842373e-05 2.6971162e-03 1.1190366e-03 2.3291966e-02 8.6318059e-03
 4.9930657e-07 4.3050782e-04 2.5660040e-05 8.2372944e-04 8.1524001e-03
 3.7265366e-03 1.0522615e-07 6.9127104e-04 2.1063476e-03 9.5219593e-03
 2.0950614e-02 2.2018224e-02 2.0496673e-03 6.5369359e-03 3.5734589e-03
 6.9219698e-03 2.7177191e-07 3.4958224e-03 8.1957206e-03 2.6330324e-03
 2.3558394e-08 1.8069260e-03 1.1652502e-03]
[[2025-10-16 17:36:42]] Epoch 72/100, Validation Loss: 0.00909726
[[2025-10-16 17:36:42]] Mask: [7.2329929e-03 4.3098624e-03 3.6408424e-03 2.9252991e-03 2.7836291e-03
 7.8190031e-05 2.5353066e-03 1.1671198e-03 2.2073472e-02 9.0751136e-03
 4.8987613e-07 4.7084215e-04 2.5953146e-05 8.2374708e-04 7.7867224e-03
 3.7442732e-03 9.5694809e-08 6.8226655e-04 2.2613185e-03 9.2354557e-03
 1.9522406e-02 2.2011345e-02 2.0146144e-03 5.7530170e-03 3.5790373e-03
 6.6690040e-03 2.5860692e-07 3.1387112e-03 7.4330606e-03 2.5520835e-03
 2.3134481e-08 1.5606150e-03 1.2018472e-03]
[[2025-10-16 17:36:44]] Epoch 73/100, Validation Loss: 0.00833615
[[2025-10-16 17:36:44]] Mask: [7.0650899e-03 4.3830378e-03 3.7609360e-03 2.8583587e-03 2.8856832e-03
 7.9776175e-05 2.5123965e-03 1.1250097e-03 2.3669524e-02 9.6676685e-03
 5.0453167e-07 5.0948735e-04 2.6010508e-05 8.2672585e-04 7.9444591e-03
 3.6886467e-03 9.1045145e-08 7.2004506e-04 2.2726301e-03 9.2868721e-03
 1.9904610e-02 2.1272460e-02 1.9768341e-03 5.8094789e-03 3.9832289e-03
 7.4372664e-03 2.4857465e-07 2.9615909e-03 7.6997736e-03 2.4933955e-03
 2.2420611e-08 1.7138737e-03 1.3468465e-03]
[[2025-10-16 17:36:46]] Epoch 74/100, Validation Loss: 0.00798427
[[2025-10-16 17:36:46]] Mask: [6.7251520e-03 4.5938701e-03 3.5995904e-03 2.6581290e-03 3.0938485e-03
 9.2350383e-05 2.8580204e-03 1.1333779e-03 2.4114184e-02 8.5390490e-03
 5.4203866e-07 5.6189048e-04 2.6460522e-05 8.4005564e-04 7.7132657e-03
 3.4225658e-03 8.6187811e-08 8.1076461e-04 2.1060740e-03 9.2860870e-03
 1.9100945e-02 2.1271044e-02 1.9685538e-03 5.7860753e-03 3.9761262e-03
 7.2837798e-03 2.6032492e-07 3.1085738e-03 8.6007519e-03 2.4795460e-03
 2.1656943e-08 1.8709360e-03 1.2748920e-03]
[[2025-10-16 17:36:50]] Epoch 75/100, Validation Loss: 0.00807507
[[2025-10-16 17:36:50]] Mask: [6.8094400e-03 4.4461819e-03 3.8756747e-03 2.6639109e-03 2.8062928e-03
 1.0057744e-04 2.8274311e-03 1.1361279e-03 2.3328194e-02 8.7500606e-03
 5.3673267e-07 6.2530831e-04 2.7788938e-05 8.5571309e-04 8.3142249e-03
 3.7547788e-03 7.9166895e-08 9.2359632e-04 1.9540901e-03 9.2391782e-03
 1.9169874e-02 2.2182796e-02 1.8427541e-03 5.4190475e-03 3.6488234e-03
 6.6924514e-03 2.7734896e-07 3.0252007e-03 8.4727835e-03 2.6395456e-03
 2.1193507e-08 2.0367806e-03 1.3126432e-03]
[[2025-10-16 17:36:53]] Epoch 76/100, Validation Loss: 0.00828071
[[2025-10-16 17:36:53]] Mask: [6.8221968e-03 4.3004905e-03 3.6901732e-03 2.6426467e-03 2.8589037e-03
 1.1320200e-04 2.8727849e-03 1.2155893e-03 2.2673970e-02 8.6912755e-03
 6.3627800e-07 6.5218221e-04 3.1724641e-05 8.0296956e-04 8.4676659e-03
 3.5499241e-03 7.4857994e-08 9.8738971e-04 2.1749930e-03 9.0910830e-03
 1.8479377e-02 2.1913014e-02 1.9156738e-03 5.9116683e-03 3.5884771e-03
 6.8287421e-03 2.7438819e-07 3.1268157e-03 8.6244065e-03 2.7417827e-03
 2.0959066e-08 1.9998394e-03 1.2373215e-03]
[[2025-10-16 17:36:55]] Epoch 77/100, Validation Loss: 0.00811668
[[2025-10-16 17:36:55]] Mask: [6.8408195e-03 4.6187332e-03 3.6706044e-03 2.5641869e-03 2.8581128e-03
 1.2326932e-04 2.7468083e-03 1.1990429e-03 2.2826778e-02 9.0502379e-03
 6.2160206e-07 7.6076487e-04 4.1347266e-05 8.8026095e-04 8.3075957e-03
 3.2420796e-03 6.8961235e-08 1.1472360e-03 2.0590797e-03 9.2313597e-03
 1.8223211e-02 2.1834821e-02 1.8943272e-03 5.9226523e-03 3.7199587e-03
 5.9737377e-03 2.8135383e-07 3.0457841e-03 8.9981211e-03 2.9339457e-03
 2.0425418e-08 1.8008198e-03 1.2922474e-03]
[[2025-10-16 17:36:57]] Epoch 78/100, Validation Loss: 0.00800787
[[2025-10-16 17:36:57]] Mask: [6.8453494e-03 4.2426162e-03 3.4598357e-03 2.7022080e-03 2.7965738e-03
 1.2121446e-04 2.8781346e-03 1.1344224e-03 2.2948362e-02 8.9324191e-03
 6.3736934e-07 7.0249132e-04 4.2615677e-05 8.8396092e-04 7.7185892e-03
 3.2103399e-03 6.3854060e-08 1.1558331e-03 2.0921940e-03 8.7193437e-03
 1.9349700e-02 2.1296598e-02 1.8116883e-03 5.8901859e-03 3.6121104e-03
 6.2755737e-03 2.7429635e-07 3.2232718e-03 8.0931019e-03 2.6452157e-03
 2.0135424e-08 1.9843320e-03 1.2801894e-03]
[[2025-10-16 17:36:59]] Epoch 79/100, Validation Loss: 0.00789800
[[2025-10-16 17:36:59]] Mask: [6.8765930e-03 4.2363699e-03 3.5450512e-03 2.7194887e-03 2.9183172e-03
 1.1971930e-04 2.9416026e-03 1.1312378e-03 2.2845054e-02 9.4758747e-03
 6.9663014e-07 7.2299928e-04 5.2410665e-05 8.9444127e-04 7.4693421e-03
 3.1531041e-03 5.9941989e-08 1.1444461e-03 2.1679024e-03 8.8512152e-03
 1.8563680e-02 2.0456133e-02 1.8482096e-03 5.7575381e-03 3.4598573e-03
 6.5688277e-03 2.5825005e-07 3.4822079e-03 7.5943540e-03 2.6873387e-03
 1.9616573e-08 2.1196010e-03 1.2418797e-03]
[[2025-10-16 17:37:02]] Epoch 80/100, Validation Loss: 0.00799888
[[2025-10-16 17:37:02]] Mask: [6.6507016e-03 3.9842697e-03 3.6056940e-03 2.6383118e-03 2.8825826e-03
 1.1699083e-04 2.8216559e-03 1.1718214e-03 2.2350570e-02 8.8684130e-03
 7.9755239e-07 7.2327908e-04 5.7384037e-05 8.9772418e-04 8.0488957e-03
 3.1158288e-03 5.5150419e-08 1.0904439e-03 2.0601773e-03 8.9045055e-03
 1.8259469e-02 1.9774754e-02 1.9103887e-03 5.7985005e-03 3.4995619e-03
 6.1106202e-03 2.8693367e-07 3.2217202e-03 8.2269190e-03 2.7624404e-03
 1.9482414e-08 1.8973976e-03 1.3243216e-03]
[[2025-10-16 17:37:04]] Epoch 81/100, Validation Loss: 0.00810917
[[2025-10-16 17:37:04]] Mask: [6.7296405e-03 4.1297101e-03 3.5613447e-03 2.6894186e-03 3.0594408e-03
 1.1897796e-04 3.1058090e-03 1.1258830e-03 2.2530261e-02 1.0725131e-02
 9.2317703e-07 6.7572307e-04 5.5007538e-05 8.5987500e-04 7.7576656e-03
 3.0407971e-03 5.4220667e-08 1.1171710e-03 2.0222918e-03 8.4868558e-03
 1.7872276e-02 2.0177403e-02 1.8075248e-03 5.9822579e-03 3.9308807e-03
 5.9468532e-03 3.3646069e-07 3.3254148e-03 7.7511496e-03 2.7092823e-03
 1.8891793e-08 2.1190080e-03 1.2801997e-03]
[[2025-10-16 17:37:07]] Epoch 82/100, Validation Loss: 0.00873591
[[2025-10-16 17:37:07]] Mask: [7.07927672e-03 4.10336303e-03 3.45113804e-03 2.87316996e-03
 3.31462245e-03 1.12959795e-04 2.82668648e-03 1.08685612e-03
 2.14319155e-02 1.00702122e-02 9.52087646e-07 6.67928834e-04
 5.70445627e-05 8.48491385e-04 7.75202969e-03 3.26553662e-03
 5.39917728e-08 1.03840395e-03 2.06493959e-03 8.37912597e-03
 1.79680176e-02 2.04557274e-02 2.05092318e-03 5.61143830e-03
 3.38989426e-03 6.19254122e-03 3.65188384e-07 3.58465477e-03
 7.39306957e-03 2.63427594e-03 1.86564968e-08 2.04358739e-03
 1.24473299e-03]
[[2025-10-16 17:37:09]] Epoch 83/100, Validation Loss: 0.00877107
[[2025-10-16 17:37:09]] Mask: [6.7814346e-03 4.0344894e-03 3.5021752e-03 2.8221402e-03 3.0267916e-03
 1.0712838e-04 2.5759216e-03 1.0278431e-03 2.2044457e-02 9.0000816e-03
 9.5679536e-07 7.6158269e-04 6.9637557e-05 8.7200850e-04 7.8270640e-03
 3.4440018e-03 4.9154067e-08 1.0238459e-03 2.0436621e-03 9.1267368e-03
 1.9628432e-02 1.9472420e-02 1.8757479e-03 5.3931060e-03 3.2894881e-03
 6.4895884e-03 4.0551089e-07 3.5570152e-03 7.6152585e-03 2.7867586e-03
 1.8777124e-08 1.6783207e-03 1.2786667e-03]
[[2025-10-16 17:37:12]] Epoch 84/100, Validation Loss: 0.00868965
[[2025-10-16 17:37:12]] Mask: [6.5905554e-03 4.1176635e-03 3.6087155e-03 2.8723751e-03 2.8203670e-03
 9.9455472e-05 2.6537259e-03 1.0244347e-03 2.2888556e-02 1.0067018e-02
 1.3055120e-06 7.8747794e-04 6.0158269e-05 8.0767833e-04 8.1234099e-03
 3.4156539e-03 4.3550585e-08 9.2292298e-04 2.0277973e-03 8.6372141e-03
 1.9082233e-02 1.9140135e-02 2.1399243e-03 5.6898985e-03 3.1512461e-03
 6.4565027e-03 4.2312081e-07 3.9310972e-03 7.5726248e-03 2.8592707e-03
 1.8437488e-08 1.6736439e-03 1.2373169e-03]
[[2025-10-16 17:37:14]] Epoch 85/100, Validation Loss: 0.00792180
[[2025-10-16 17:37:14]] Mask: [6.9224881e-03 4.1885581e-03 3.4185152e-03 2.6554554e-03 2.5427989e-03
 9.8523524e-05 2.7688623e-03 1.0905177e-03 2.2378761e-02 9.9054305e-03
 1.2491319e-06 7.3886605e-04 5.7304256e-05 8.1613444e-04 7.8196693e-03
 3.2270548e-03 3.9682082e-08 9.6492673e-04 1.9327758e-03 8.2143499e-03
 1.8747486e-02 1.9923635e-02 2.1125558e-03 5.6262091e-03 3.2953075e-03
 6.7063621e-03 4.0683565e-07 3.7049532e-03 7.2739292e-03 2.5546676e-03
 1.8184283e-08 1.6390778e-03 1.2771277e-03]
[[2025-10-16 17:37:16]] Epoch 86/100, Validation Loss: 0.00843655
[[2025-10-16 17:37:16]] Mask: [6.6400589e-03 4.5156023e-03 3.4541208e-03 2.8010134e-03 2.5614265e-03
 9.6683158e-05 2.6864160e-03 1.0430089e-03 2.1009028e-02 9.8947603e-03
 1.3143455e-06 8.6190773e-04 6.6021348e-05 8.1248046e-04 7.4816928e-03
 3.1173460e-03 3.7304542e-08 9.5891656e-04 2.0605146e-03 8.0600549e-03
 1.8896110e-02 1.9581556e-02 2.0633610e-03 6.1243395e-03 3.5760438e-03
 6.7689880e-03 4.4435808e-07 3.9908658e-03 7.1421838e-03 2.4546867e-03
 1.7949548e-08 1.5837514e-03 1.3070020e-03]
[[2025-10-16 17:37:18]] Epoch 87/100, Validation Loss: 0.00805440
[[2025-10-16 17:37:18]] Mask: [7.0386888e-03 4.1846018e-03 3.3166031e-03 2.6031914e-03 2.6413098e-03
 1.0156880e-04 2.8302569e-03 1.0868106e-03 2.2095637e-02 1.1348834e-02
 1.4485801e-06 8.8693533e-04 5.8413909e-05 8.4519340e-04 7.5609866e-03
 2.9868630e-03 3.6354574e-08 9.8329387e-04 1.9978182e-03 8.0135632e-03
 1.9026631e-02 1.9370621e-02 1.9628522e-03 6.2755798e-03 3.3557364e-03
 6.5623620e-03 4.2378025e-07 3.3127801e-03 7.9499027e-03 2.4225279e-03
 1.7701389e-08 1.5228363e-03 1.3127739e-03]
[[2025-10-16 17:37:21]] Epoch 88/100, Validation Loss: 0.00856532
[[2025-10-16 17:37:21]] Mask: [6.2863412e-03 4.0704878e-03 3.2060107e-03 2.7096160e-03 2.4502478e-03
 9.6472068e-05 2.6536665e-03 1.0749236e-03 2.0669686e-02 9.5855296e-03
 1.7071729e-06 9.1239635e-04 6.7815308e-05 8.6071360e-04 7.4604950e-03
 3.1187274e-03 3.2823078e-08 9.5538551e-04 2.2010324e-03 7.7683721e-03
 1.8478274e-02 1.9393031e-02 2.0200191e-03 5.7100994e-03 3.3253266e-03
 6.1413832e-03 5.0740846e-07 3.3863506e-03 8.0524068e-03 2.5042302e-03
 1.7389700e-08 1.6344844e-03 1.3102244e-03]
[[2025-10-16 17:37:24]] Epoch 89/100, Validation Loss: 0.00793469
[[2025-10-16 17:37:24]] Mask: [6.6298479e-03 4.0172702e-03 3.0044059e-03 2.7046814e-03 2.4611931e-03
 8.7702734e-05 2.7316981e-03 1.0449049e-03 2.1316355e-02 9.9016577e-03
 2.2370693e-06 9.0416928e-04 7.8645877e-05 9.1835455e-04 7.4301343e-03
 3.0475222e-03 3.0863202e-08 8.6968765e-04 2.1379651e-03 7.9450039e-03
 1.7572453e-02 1.9085193e-02 1.9615064e-03 5.7439851e-03 3.4112872e-03
 6.1853761e-03 5.4758192e-07 3.5442980e-03 7.3400182e-03 2.5516588e-03
 1.7101103e-08 1.6185389e-03 1.4130325e-03]
[[2025-10-16 17:37:27]] Epoch 90/100, Validation Loss: 0.00821611
[[2025-10-16 17:37:27]] Mask: [6.6275685e-03 4.0086652e-03 3.1100477e-03 2.7943102e-03 2.7624194e-03
 9.1415335e-05 2.5596775e-03 9.4825943e-04 2.1248184e-02 9.0895249e-03
 2.5470983e-06 1.0646624e-03 7.2287286e-05 9.0211222e-04 7.2225817e-03
 3.1271875e-03 3.0918468e-08 9.2269212e-04 2.1730247e-03 7.6308162e-03
 1.8224517e-02 1.8987574e-02 1.9484829e-03 6.2662140e-03 3.7251171e-03
 6.2177558e-03 5.9761277e-07 3.4537876e-03 7.2517637e-03 2.5343518e-03
 1.6827499e-08 1.4547290e-03 1.4164837e-03]
[[2025-10-16 17:37:29]] Epoch 91/100, Validation Loss: 0.00795989
[[2025-10-16 17:37:29]] Mask: [6.05446240e-03 3.97957582e-03 3.47736129e-03 2.71741394e-03
 2.51569692e-03 9.19858139e-05 2.83553870e-03 9.83151840e-04
 2.17639841e-02 1.00957565e-02 2.98362897e-06 9.97634605e-04
 7.42645207e-05 9.34488839e-04 6.95790490e-03 3.17401462e-03
 2.90197413e-08 9.33207106e-04 2.20645103e-03 8.19640234e-03
 1.77920200e-02 1.89529993e-02 2.13620090e-03 5.92210190e-03
 3.79645708e-03 6.85230363e-03 6.75043850e-07 3.34163615e-03
 6.95504947e-03 2.44378322e-03 1.64313594e-08 1.65472250e-03
 1.43247249e-03]
[[2025-10-16 17:37:32]] Epoch 92/100, Validation Loss: 0.00801761
[[2025-10-16 17:37:32]] Mask: [6.05699094e-03 3.89837613e-03 3.29781557e-03 2.69515836e-03
 2.38657463e-03 8.53028105e-05 2.94247107e-03 1.03442336e-03
 2.08746921e-02 1.04280375e-02 3.07408527e-06 9.59020283e-04
 7.86248856e-05 9.57062817e-04 7.22140539e-03 3.02159879e-03
 2.73380696e-08 8.78216408e-04 1.94946153e-03 8.40464793e-03
 1.79614909e-02 1.87447630e-02 1.98865705e-03 5.26881358e-03
 3.50815430e-03 6.12633117e-03 7.18672936e-07 3.08534619e-03
 7.35472934e-03 2.28481437e-03 1.61748250e-08 1.68444705e-03
 1.45104050e-03]
[[2025-10-16 17:37:34]] Epoch 93/100, Validation Loss: 0.00798394
[[2025-10-16 17:37:34]] Mask: [5.9781251e-03 3.8484512e-03 3.0862587e-03 2.6695163e-03 2.3503767e-03
 8.5424421e-05 2.8259566e-03 9.8259433e-04 2.0731803e-02 9.5830578e-03
 3.5956066e-06 8.7593624e-04 7.9542282e-05 9.5329917e-04 7.1012951e-03
 3.1352695e-03 2.6256687e-08 9.1421162e-04 1.8292083e-03 8.7041976e-03
 1.8592224e-02 1.9064993e-02 2.1471179e-03 5.5230120e-03 3.3542740e-03
 6.1495579e-03 8.4276326e-07 3.0959991e-03 8.0459882e-03 2.6737065e-03
 1.6070608e-08 1.5664555e-03 1.4071849e-03]
[[2025-10-16 17:37:37]] Epoch 94/100, Validation Loss: 0.00799071
[[2025-10-16 17:37:37]] Mask: [5.9817475e-03 4.0281215e-03 3.2724412e-03 2.7215029e-03 2.3818226e-03
 7.9989848e-05 2.7298955e-03 1.0053086e-03 2.0697156e-02 1.0054258e-02
 4.0933678e-06 8.3421578e-04 8.7484390e-05 9.8549784e-04 7.3079411e-03
 3.1093794e-03 2.4592778e-08 8.4629183e-04 1.7431579e-03 8.0570625e-03
 1.7671138e-02 1.8207615e-02 2.2488120e-03 5.7789064e-03 3.6031476e-03
 5.5004400e-03 9.0747528e-07 3.1825623e-03 7.4088150e-03 2.5759644e-03
 1.5827492e-08 1.6919465e-03 1.3794695e-03]
[[2025-10-16 17:37:40]] Epoch 95/100, Validation Loss: 0.00815991
[[2025-10-16 17:37:40]] Mask: [6.1182589e-03 4.0785293e-03 3.4805071e-03 2.6378715e-03 2.2885599e-03
 7.3739844e-05 2.6795950e-03 9.8685129e-04 2.0780196e-02 9.7638378e-03
 4.5708325e-06 8.2769181e-04 8.0718630e-05 9.0691482e-04 7.4115233e-03
 2.9487817e-03 2.2646253e-08 8.1754365e-04 1.9186987e-03 8.1336861e-03
 1.7823419e-02 1.9684367e-02 2.0700160e-03 5.8028949e-03 3.4761687e-03
 6.1461143e-03 1.0587759e-06 3.2066996e-03 7.0738355e-03 2.3375533e-03
 1.5347760e-08 2.1450100e-03 1.3794742e-03]
[[2025-10-16 17:37:42]] Epoch 96/100, Validation Loss: 0.00960742
[[2025-10-16 17:37:42]] Mask: [5.7835826e-03 4.0384745e-03 3.3584004e-03 2.7175935e-03 2.1958412e-03
 7.0498754e-05 2.5755111e-03 9.5337682e-04 1.9581400e-02 9.4091538e-03
 4.4416593e-06 9.6855848e-04 8.4007093e-05 8.8843494e-04 7.0714043e-03
 3.0594685e-03 2.1306672e-08 7.8294810e-04 2.0164896e-03 7.7149444e-03
 1.7432721e-02 1.9116964e-02 2.1224692e-03 5.4517300e-03 3.7316687e-03
 5.3406539e-03 1.0645704e-06 3.4726190e-03 7.5064767e-03 2.4019137e-03
 1.5151114e-08 2.0030588e-03 1.3487089e-03]
[[2025-10-16 17:37:44]] Epoch 97/100, Validation Loss: 0.00798755
[[2025-10-16 17:37:44]] Mask: [6.0006771e-03 3.8035563e-03 3.3722280e-03 2.5098573e-03 2.2386175e-03
 7.2281975e-05 2.7478558e-03 1.0234134e-03 2.0280162e-02 8.5970769e-03
 4.4173862e-06 9.7726425e-04 9.0805515e-05 9.1431051e-04 6.7680073e-03
 2.6878037e-03 2.0953108e-08 8.7212358e-04 1.9823641e-03 7.3790858e-03
 1.8060369e-02 1.8924432e-02 1.9127385e-03 5.5743740e-03 3.3462271e-03
 5.5874893e-03 1.1560131e-06 3.2925929e-03 7.2932020e-03 2.4816191e-03
 1.5119879e-08 1.7854295e-03 1.3179522e-03]
[[2025-10-16 17:37:47]] Epoch 98/100, Validation Loss: 0.00790491
[[2025-10-16 17:37:47]] Mask: [6.1198194e-03 3.4692492e-03 2.9801556e-03 2.4129015e-03 2.4672188e-03
 6.9238005e-05 2.5942209e-03 9.8239817e-04 2.0014914e-02 9.0794414e-03
 5.0589069e-06 9.1605401e-04 9.5123207e-05 8.5689902e-04 7.4244500e-03
 2.6711889e-03 2.0175136e-08 8.8999473e-04 2.0111823e-03 7.4360939e-03
 1.8604185e-02 1.7685216e-02 2.2146115e-03 5.5318479e-03 3.2468045e-03
 5.7397168e-03 1.3117083e-06 3.7898801e-03 7.1964962e-03 2.5438054e-03
 1.5043561e-08 1.7968571e-03 1.2870401e-03]
[[2025-10-16 17:37:49]] Epoch 99/100, Validation Loss: 0.00812578
[[2025-10-16 17:37:49]] Mask: [6.06392464e-03 3.68244154e-03 3.17199226e-03 2.33003357e-03
 2.37042550e-03 6.95749623e-05 2.44143489e-03 1.10889599e-03
 2.03108564e-02 9.13809799e-03 6.50607262e-06 8.67392693e-04
 9.88723114e-05 8.77832470e-04 7.25421915e-03 2.83218618e-03
 1.92677074e-08 8.66544724e-04 1.78902713e-03 8.31481908e-03
 1.85516085e-02 1.72116961e-02 2.10195035e-03 5.71037829e-03
 3.00866086e-03 5.10429125e-03 1.24197504e-06 3.73217417e-03
 7.19856378e-03 2.39413627e-03 1.48694905e-08 1.78738183e-03
 1.30193110e-03]
[[2025-10-16 17:37:52]] Epoch 100/100, Validation Loss: 0.00836938
[[2025-10-16 17:37:52]] Mask: [5.8134738e-03 3.8889314e-03 3.1844222e-03 2.3940292e-03 2.2097509e-03
 6.9326670e-05 2.2202823e-03 1.0745105e-03 2.0181937e-02 8.6506940e-03
 8.0304981e-06 8.8229059e-04 1.0815409e-04 8.2184270e-04 6.8955356e-03
 2.9528332e-03 1.8599648e-08 8.7853993e-04 2.0557528e-03 7.8627784e-03
 1.8331407e-02 1.9375544e-02 2.0828252e-03 5.9888712e-03 3.4410148e-03
 5.5697057e-03 1.4561954e-06 3.9716531e-03 7.0335288e-03 2.1914451e-03
 1.4670685e-08 1.8375954e-03 1.3394852e-03]
