[[2025-10-15 20:24:02]] Starting training on model: model_[33, 32, 32, 1]_output_Sigmoid_intermediate_ReLU_normalized_data_True_loss_MSELoss
[[2025-10-15 20:24:04]] Epoch 1/30, Validation Loss: 0.02078772
[[2025-10-15 20:24:04]] Mask: [ 3.2588828e-02 -9.9150301e-04  2.0330639e-04 -2.9338221e-03
  5.7049084e-04  3.3379527e-04  1.1490230e-04  4.7543617e-03
  3.7008941e-02  2.0940997e-02 -2.8246234e-03  3.9793918e-04
 -2.0254479e-04  2.6440530e-03  1.2606259e-03  1.1509458e-02
 -6.0503837e-04 -5.9235585e-04 -5.4393522e-03  2.0388845e-02
  3.7800044e-02  3.9337721e-02  1.0148548e-03  9.4044413e-03
 -1.2410028e-02  1.5289777e-02 -4.0443978e-05 -2.1700792e-03
  1.9603241e-02  1.6231397e-03 -1.9895252e-04  4.5443978e-03
 -2.2306565e-04]
[[2025-10-15 20:24:06]] Epoch 2/30, Validation Loss: 0.02180118
[[2025-10-15 20:24:06]] Mask: [ 3.2304537e-02 -4.1625017e-04  3.1629959e-05  1.1933194e-03
  8.0923637e-04 -1.0229042e-03  2.0851968e-03  1.5290421e-02
  3.6462005e-02  1.5668379e-02  4.1400228e-04  2.2150189e-04
 -1.1429519e-03  9.2141319e-04  3.9329971e-03  1.7867945e-02
 -3.6087757e-04 -6.3950475e-04  8.0745947e-04  1.2719070e-02
  3.7213191e-02  4.2733625e-02  1.8581909e-03  2.0546881e-02
 -1.3729151e-02  1.5811458e-02 -1.2116755e-03 -1.2262810e-03
  1.5790224e-02  2.2943898e-03 -9.3216758e-04  5.5659278e-03
  1.3686824e-03]
[[2025-10-15 20:24:08]] Epoch 3/30, Validation Loss: 0.02098370
[[2025-10-15 20:24:08]] Mask: [ 0.03437543  0.00021544 -0.00306671 -0.00024146  0.00273458  0.00050598
  0.00216854  0.00426531  0.03757891  0.01579486  0.00020658 -0.00333819
  0.00317694 -0.00026291 -0.00393911  0.01328206 -0.00490754 -0.00334469
  0.00063378  0.01326316  0.0345077   0.0366844  -0.00152076  0.01442902
  0.01517907  0.01378932 -0.00054859  0.00348933  0.01249037  0.00030326
  0.0009318   0.00516248 -0.00895724]
[[2025-10-15 20:24:10]] Epoch 4/30, Validation Loss: 0.02101826
[[2025-10-15 20:24:10]] Mask: [ 0.03235662  0.00255173  0.00085961 -0.00095451 -0.00116597  0.00220245
  0.00069784  0.0030429   0.03840421  0.0263531  -0.00212577 -0.00022438
  0.00496844  0.01002668  0.00853376  0.01373942  0.00429187 -0.001094
  0.00286024  0.01894199  0.03421381  0.03791216 -0.00097385  0.01003536
  0.01018237  0.01249797 -0.0009001   0.00219949  0.02189545  0.00442626
  0.00194354  0.00361147  0.00115221]
[[2025-10-15 20:24:13]] Epoch 5/30, Validation Loss: 0.02069990
[[2025-10-15 20:24:13]] Mask: [ 3.3126473e-02  2.2374463e-04 -1.2827819e-02 -7.4642577e-04
 -2.2784737e-03  1.7515470e-03 -1.8363588e-03 -8.3120856e-03
  3.5481062e-02  1.5946733e-02 -1.4080257e-04  3.6645820e-03
  9.5501717e-05  2.1546057e-03  6.0379142e-03  7.3243110e-03
  7.6185435e-04 -4.3135663e-03  8.1620505e-04  1.3710349e-02
  3.0524042e-02  3.7049241e-02 -2.3032655e-03  1.2651840e-02
  1.6561670e-02  1.4834551e-02 -3.5503048e-03 -3.9757169e-03
  1.5335138e-02  1.8894528e-03 -2.8079206e-03  4.3392772e-04
 -1.0869611e-03]
[[2025-10-15 20:24:15]] Epoch 6/30, Validation Loss: 0.02147067
[[2025-10-15 20:24:15]] Mask: [ 0.02786645 -0.00302559 -0.01282131  0.0060916  -0.00172789  0.00175312
  0.00097682 -0.00712715  0.03783171  0.0194008  -0.00268327 -0.00028934
 -0.00746442 -0.00149017  0.00620782  0.01081861  0.00153195  0.0014011
 -0.00023868  0.01780716  0.03815623  0.03617609  0.00027968  0.00969615
  0.02009641  0.01567947 -0.00123859  0.00388002  0.02786757 -0.0041945
 -0.00552096 -0.01123279  0.00310898]
[[2025-10-15 20:24:17]] Epoch 7/30, Validation Loss: 0.02059351
[[2025-10-15 20:24:17]] Mask: [ 0.03105842 -0.00884558  0.00822876  0.00145777 -0.00126431  0.00032404
  0.00374146 -0.00513657  0.03678165  0.01993188  0.00171201  0.00077968
  0.0013404   0.00084312  0.00432198  0.00690071  0.00090786  0.00091639
 -0.00019269  0.01715499  0.03783637  0.03905661  0.00258257  0.01300773
  0.01807775  0.01688441  0.00399762 -0.00528543  0.02128274  0.00735888
  0.00010891 -0.00714836  0.0011365 ]
[[2025-10-15 20:24:19]] Epoch 8/30, Validation Loss: 0.02042936
[[2025-10-15 20:24:19]] Mask: [ 3.0042535e-02  7.6080058e-03  7.7989376e-03 -1.0195617e-03
  7.2813901e-04 -5.5392552e-04  7.6952507e-05  5.0253430e-03
  3.3328097e-02  2.2454562e-02  6.4142798e-03 -1.4027471e-03
 -4.4439472e-03  7.0166835e-03  1.0985213e-02  2.4102926e-03
 -8.2417233e-03  1.3787635e-02  4.2158859e-03  1.8784380e-02
  3.3915695e-02  3.6294203e-02  8.4737211e-04  7.6837591e-03
  2.0917434e-02  6.7880843e-03  4.6339491e-04 -3.0685705e-03
  1.7496467e-02 -1.5447706e-03 -2.1376305e-04 -6.1260555e-03
  2.1012677e-03]
[[2025-10-15 20:24:21]] Epoch 9/30, Validation Loss: 0.02105730
[[2025-10-15 20:24:21]] Mask: [ 3.07168700e-02  2.98991380e-03 -5.77887660e-03  4.84886719e-03
 -6.86605053e-05 -1.64712861e-03  3.03921686e-03 -1.83351082e-03
  3.57136168e-02  2.00502183e-02  3.70080874e-04  2.33577983e-03
  6.46365061e-03 -4.76752780e-03  1.35001568e-02  1.21067315e-02
 -5.35131153e-03 -5.64774079e-03  4.51882341e-04  2.09013633e-02
  3.25725190e-02  3.86808217e-02 -3.30744102e-03  1.28832590e-02
  1.25614377e-02  2.16849670e-02 -2.30970909e-05 -2.91790185e-03
  2.13135686e-02  1.59545045e-04 -1.31937140e-03 -7.07775762e-05
  1.58307573e-03]
[[2025-10-15 20:24:23]] Epoch 10/30, Validation Loss: 0.02112001
[[2025-10-15 20:24:23]] Mask: [ 0.02698799  0.00056376 -0.00221644 -0.00068687  0.00291417 -0.00048441
  0.00934479  0.00283285  0.03240814  0.02311483  0.00408884  0.00049247
  0.00513542 -0.00048899  0.0091775   0.01613533 -0.00101942 -0.00107319
 -0.00022853  0.01644694  0.02834682  0.03929662 -0.00047115  0.00557449
  0.00648321  0.00749312  0.00075683  0.00798368  0.01974098 -0.00849023
  0.00593067  0.0033557   0.00115296]
[[2025-10-15 20:24:26]] Epoch 11/30, Validation Loss: 0.02051973
[[2025-10-15 20:24:26]] Mask: [ 0.02801667 -0.00399592  0.00322533 -0.00104     0.00569692 -0.00183665
 -0.02036508 -0.01279976  0.03036712  0.02039732  0.00012244 -0.00056331
 -0.00133591 -0.0013716   0.0181681   0.01364531  0.00540805 -0.00688364
 -0.00180342  0.01912727  0.03771168  0.03531874 -0.00603674  0.01442748
  0.0123632   0.01537061 -0.0026593  -0.00493024  0.01378825 -0.00021641
  0.00011307  0.00120265 -0.00457747]
[[2025-10-15 20:24:29]] Epoch 12/30, Validation Loss: 0.02085615
[[2025-10-15 20:24:29]] Mask: [ 3.09618656e-02  4.42422839e-04  1.36922868e-02  4.42169281e-03
 -1.87340798e-03  8.04178941e-04 -1.11208027e-02 -1.31251598e-02
  3.54966447e-02  1.49591947e-02  1.31509372e-03  1.51325259e-02
 -2.44628172e-03 -9.38709266e-03  1.60616916e-02  1.61856413e-02
  8.91526288e-05  1.68339489e-03 -2.13625771e-03  1.32720135e-02
  3.01896185e-02  3.60551663e-02  1.91925466e-03  2.42589433e-02
  1.28618740e-02  8.60963203e-03  1.88280665e-03 -8.25745892e-03
  1.86838116e-02  1.56321330e-03  1.25576931e-04 -3.48110707e-03
 -1.32826506e-03]
[[2025-10-15 20:24:31]] Epoch 13/30, Validation Loss: 0.02099439
[[2025-10-15 20:24:31]] Mask: [ 2.6625250e-02 -3.6939047e-03 -4.5655980e-03 -4.3012155e-04
  3.0798285e-05 -1.5465071e-03 -3.6020917e-03  8.1861978e-03
  3.1996936e-02  1.4591598e-02  3.3741334e-04 -5.8464184e-03
  9.6188225e-03  7.9084001e-03  1.4439212e-02  1.4610818e-02
 -1.6405169e-04  4.8002775e-04  7.4281222e-03  1.2674966e-02
  3.2883357e-02  3.7723422e-02  6.8688341e-03  9.0901125e-03
  9.4126463e-03  1.3360263e-02  1.0294584e-03 -9.5438649e-04
  2.3404749e-02 -8.6244720e-05 -6.0347500e-03 -1.9330423e-03
 -1.9263095e-03]
[[2025-10-15 20:24:33]] Epoch 14/30, Validation Loss: 0.02104597
[[2025-10-15 20:24:33]] Mask: [ 0.03104945 -0.00133834 -0.00467278  0.010256    0.0018033   0.00087883
  0.00435906 -0.00231177  0.0333691   0.02096789  0.00017659 -0.00311556
 -0.01083183 -0.0053173   0.01313935  0.01415415 -0.00023388  0.00569991
  0.00270792  0.01436542  0.0295648   0.03765874 -0.0093872   0.01326238
  0.01288209  0.00868716 -0.00319356  0.00320698  0.01693471 -0.00074875
 -0.00067115  0.00213193 -0.00171643]
[[2025-10-15 20:24:35]] Epoch 15/30, Validation Loss: 0.02118146
[[2025-10-15 20:24:35]] Mask: [ 0.02741509  0.0010298  -0.00983623 -0.0014996   0.00358694  0.00225052
  0.0079709   0.00473925  0.03610619  0.0214421   0.00232285  0.00372516
 -0.00342906  0.00312158  0.01647856  0.0143894  -0.00242312  0.00286909
  0.00145262  0.01373884  0.02789978  0.03146415  0.00052505  0.01360202
  0.02051973  0.01844999 -0.00125624  0.00013128  0.01871998  0.00243839
 -0.00152122 -0.00835133 -0.0085625 ]
[[2025-10-15 20:24:37]] Epoch 16/30, Validation Loss: 0.02286804
[[2025-10-15 20:24:37]] Mask: [ 3.3897724e-02 -4.2933854e-03 -9.1000469e-03  5.0167972e-03
 -1.7310025e-03  8.4579588e-05 -3.2178464e-03 -1.8215509e-02
  3.9933015e-02  1.1461067e-02  1.0818837e-03  3.1794074e-03
 -1.2289509e-02  2.0630588e-03  1.6876083e-02  1.6965015e-02
 -6.6262120e-03  2.8054018e-03  3.2714892e-03  1.5052194e-02
  3.7162166e-02  3.4433525e-02 -1.8255574e-03  2.0211909e-02
  1.8110875e-02  2.2789061e-02  3.8824819e-03 -4.3232329e-03
  1.8340200e-02 -1.2349783e-04 -2.7464918e-04 -1.5181022e-02
  2.2189757e-03]
[[2025-10-15 20:24:39]] Epoch 17/30, Validation Loss: 0.02110109
[[2025-10-15 20:24:39]] Mask: [ 3.4643456e-02 -1.0816564e-02  1.1750297e-02  1.8062494e-03
  1.5845889e-03  6.2968273e-04  9.1390783e-04 -8.5280072e-03
  3.5464618e-02  1.8402895e-02  4.6131844e-03 -1.6843826e-03
  6.9055837e-03 -4.2648371e-03  1.1642784e-02  1.7343424e-02
 -6.9797426e-03  3.6551303e-03  3.6728634e-03  2.1905389e-02
  3.2090258e-02  3.4920499e-02  2.2163063e-03  5.5946088e-03
  6.9485358e-03  1.3356464e-02  6.5559213e-04 -3.2190001e-05
  1.7229749e-02  9.4161099e-03 -8.8617858e-04 -1.2106160e-03
 -3.1785312e-04]
[[2025-10-15 20:24:42]] Epoch 18/30, Validation Loss: 0.02075965
[[2025-10-15 20:24:42]] Mask: [ 3.5203524e-02 -5.6376690e-03  8.1148194e-03  5.9464253e-03
  3.6832495e-04  1.4115726e-04 -3.3393123e-03 -4.9404665e-03
  2.7009202e-02  1.1302500e-02 -2.9298015e-05  1.4021322e-03
  1.3327785e-02 -6.2619988e-03  1.1850580e-02  1.1858673e-02
  1.8738289e-03 -1.7044618e-03 -1.2610959e-02  1.4691304e-02
  3.2131735e-02  3.3923488e-02 -1.9558785e-03  1.7447663e-03
  1.7039310e-02  1.2354647e-02  1.2607638e-03  3.8951002e-03
  1.8539036e-02  6.7079947e-03 -7.8649126e-04  1.8000850e-02
  1.9119127e-04]
[[2025-10-15 20:24:44]] Epoch 19/30, Validation Loss: 0.02132299
[[2025-10-15 20:24:44]] Mask: [ 0.02759474 -0.00987408  0.0105158   0.004024    0.00059228  0.00053562
 -0.0064227  -0.01179885  0.02911171  0.01888366  0.00512489  0.00300333
 -0.00625082 -0.00143347  0.01536516  0.01343709 -0.00178385  0.0002392
  0.00082217  0.01595335  0.0367586   0.03445095 -0.00283015  0.01688432
  0.01819202  0.01379461  0.00207778 -0.01041855  0.01703    -0.00052298
  0.00249523 -0.00426186  0.00271991]
[[2025-10-15 20:24:46]] Epoch 20/30, Validation Loss: 0.02047340
[[2025-10-15 20:24:46]] Mask: [ 3.2998480e-02 -1.1134238e-02  1.7801188e-02 -4.5496644e-03
  2.0427408e-04 -1.4680279e-03  3.7326703e-03 -5.0766389e-03
  3.4268882e-02  1.5793994e-02 -1.1295265e-03 -4.1863797e-03
 -7.9424940e-03 -7.7433288e-03  1.2496363e-02  1.5333894e-02
  3.3550586e-03  2.4715303e-03  1.8776878e-03  1.8565321e-02
  3.5890486e-02  3.7622802e-02  6.4745749e-05  1.1507246e-02
  1.3128585e-02  2.3620687e-02  1.0810446e-03 -2.4091343e-03
  2.2476606e-02 -6.1327815e-03  3.6393204e-03 -1.2384975e-02
 -1.9791822e-03]
[[2025-10-15 20:24:49]] Epoch 21/30, Validation Loss: 0.02220108
[[2025-10-15 20:24:49]] Mask: [ 0.0300144  -0.0140752   0.00322584  0.00750865  0.00624779  0.0022862
 -0.0007807   0.00909053  0.03452028  0.01917205 -0.01339888  0.00020256
 -0.00039358  0.00017395  0.01397224  0.00348189  0.00114935 -0.00558907
  0.00827715  0.01489579  0.03512505  0.03572427  0.01099753  0.00797784
  0.01160615  0.01637122 -0.00057977  0.00767737  0.01444826  0.00025356
 -0.00031498 -0.0093455   0.00326379]
[[2025-10-15 20:24:51]] Epoch 22/30, Validation Loss: 0.02023180
[[2025-10-15 20:24:51]] Mask: [ 0.03387952 -0.01027961 -0.01496392  0.0010273   0.00090661  0.00091215
 -0.0026772   0.00762023  0.03275343  0.01685358 -0.00182982 -0.00889759
 -0.02124689 -0.00626111  0.01583589  0.01121374 -0.00893174  0.00036561
  0.02317689  0.02101148  0.03127866  0.03570254 -0.01018652  0.01335419
  0.01958617  0.00702714 -0.00080366 -0.0036838   0.01057737 -0.00136782
 -0.00210275  0.00529596 -0.0012886 ]
[[2025-10-15 20:24:53]] Epoch 23/30, Validation Loss: 0.02065409
[[2025-10-15 20:24:53]] Mask: [ 0.02761796  0.02028836 -0.00979034  0.00273717  0.00177356  0.00387386
 -0.00408214 -0.00688241  0.03291641  0.01869657 -0.00688287  0.00316704
  0.00150902  0.00388009  0.01521847  0.01379395  0.00236272 -0.00570324
 -0.00667552  0.01680869  0.03164222  0.03905941  0.00260985  0.01799273
  0.01952883  0.00723491 -0.00120384  0.01454398  0.0208837   0.00340054
 -0.00376867  0.00902397 -0.00258053]
[[2025-10-15 20:24:55]] Epoch 24/30, Validation Loss: 0.02321772
[[2025-10-15 20:24:55]] Mask: [ 0.03678518 -0.00174256 -0.01564773 -0.00179687 -0.00142473 -0.00194173
 -0.00479346 -0.00535043  0.03449258  0.01792147 -0.0034765   0.00026358
  0.00467268 -0.00622498  0.01963835  0.00767443 -0.00092251 -0.00436825
  0.00365104  0.01732643  0.03443079  0.02965472  0.01243536  0.01403536
  0.00484777  0.01929622 -0.00142572  0.00999717  0.01776806 -0.00220039
 -0.00579502  0.00684802  0.00223275]
[[2025-10-15 20:24:58]] Epoch 25/30, Validation Loss: 0.02077966
[[2025-10-15 20:24:58]] Mask: [ 0.02953158 -0.00580826 -0.01173653 -0.00231217 -0.00155189  0.00012951
 -0.01148386 -0.00773449  0.03350574  0.01853256 -0.00376787  0.0055542
 -0.00693328  0.00948767  0.01101244  0.00558531  0.00343874  0.00304072
  0.01509297  0.01349791  0.03043032  0.03295569 -0.00454326  0.01461911
  0.02515275  0.01014069 -0.00072823  0.00886775  0.01932595 -0.00158008
 -0.00070945 -0.00585327  0.00293367]
[[2025-10-15 20:25:00]] Epoch 26/30, Validation Loss: 0.02069137
[[2025-10-15 20:25:00]] Mask: [ 0.03275423 -0.00877948 -0.01152299 -0.00585427 -0.00015954 -0.01542556
  0.00951192 -0.00644998  0.03175271  0.01976038  0.00900275 -0.00090086
 -0.00123907  0.00598038  0.01173784  0.01127059  0.0030554  -0.00543332
 -0.00398733  0.01519793  0.03233145  0.0337707   0.00670571  0.0205833
  0.01455367  0.01742578  0.00012984  0.01594448  0.02083146 -0.00206219
  0.00063425 -0.00264605 -0.00561186]
[[2025-10-15 20:25:03]] Epoch 27/30, Validation Loss: 0.02288280
[[2025-10-15 20:25:03]] Mask: [ 0.02482236 -0.00615342 -0.01467645  0.00461816 -0.0012217   0.00945929
 -0.00860285 -0.00727195  0.0284401   0.01801316  0.00455567  0.00179228
  0.0008101  -0.01243006  0.01132698  0.01397677 -0.01584499 -0.00584595
 -0.00874725  0.01921856  0.03107242  0.03851759 -0.00548934  0.01279237
  0.00486085  0.01310534 -0.0035858  -0.01193899  0.02403252 -0.01162211
 -0.00620601 -0.01410937  0.00616456]
[[2025-10-15 20:25:06]] Epoch 28/30, Validation Loss: 0.02096949
[[2025-10-15 20:25:06]] Mask: [ 0.03086242 -0.01289611  0.00159481 -0.00188172 -0.00135851 -0.00690924
  0.01472693 -0.00183077  0.03225055  0.01538193 -0.00791481  0.00524585
  0.00227879  0.00555882  0.01632496  0.01426631  0.00075271  0.00237836
  0.00219287  0.0157691   0.03457757  0.03406782  0.00896012  0.01504962
 -0.00959349  0.01902812 -0.0002699  -0.00854919  0.02624591  0.00394068
 -0.00322298  0.01165703  0.00343757]
[[2025-10-15 20:25:08]] Epoch 29/30, Validation Loss: 0.02107253
[[2025-10-15 20:25:08]] Mask: [ 2.8115246e-02  9.0561323e-03 -1.5120920e-02  1.1690887e-02
  8.6261280e-05 -1.3129214e-03 -6.7645716e-03  1.0598093e-02
  3.3212107e-02  8.6423270e-03  2.0368122e-03  2.8608642e-03
  1.3794959e-02  2.1615610e-03  1.7342446e-02  1.4535010e-02
  5.3007789e-03  7.5115757e-03  4.5178356e-03  2.1595871e-02
  3.3087797e-02  3.3353478e-02 -8.4676975e-03  1.2469377e-02
 -2.6796579e-02  1.6434778e-02 -8.8049294e-03 -5.2170022e-03
  2.1454457e-02  9.8395273e-03 -2.7536049e-03  5.4097530e-03
 -4.5467713e-03]
[[2025-10-15 20:25:11]] Epoch 30/30, Validation Loss: 0.02146245
[[2025-10-15 20:25:11]] Mask: [ 0.03186252 -0.00915741 -0.00704299 -0.00114872 -0.00224313 -0.00024441
  0.01017308  0.01271955  0.03779775  0.01244407 -0.00360875  0.00225473
 -0.00034242  0.00436809  0.01719793  0.01748225  0.00101171 -0.00164028
 -0.00858505  0.01912262  0.03098102  0.032701   -0.00056129  0.01590488
 -0.01253353  0.01177849  0.00047459 -0.0138609   0.01909665 -0.00987685
 -0.00471925  0.00820996 -0.00385633]
