[[2025-10-16 23:41:17]] Starting training on model: model_[33, 8, 1]_output_Sigmoid_intermediate_Tanh_normalized_data_True_loss_MSELoss
[[2025-10-16 23:41:20]] Mask: [7.5610722e-03 2.1377839e-03 3.1747480e-03 2.2399120e-03 3.5594127e-03
 2.3738314e-05 1.3800274e-03 1.0063229e-03 1.4336782e-02 5.4983981e-03
 2.0754791e-03 6.5417805e-09 2.9858960e-09 6.4772565e-04 5.9673986e-03
 1.3815560e-03 3.1286671e-09 7.8996201e-04 2.1722203e-03 4.5944941e-03
 8.1856605e-03 1.2650975e-02 6.6756189e-04 3.7803669e-03 1.8343786e-03
 3.8711487e-03 3.6958485e-09 1.4185795e-03 6.2450045e-03 2.8047425e-04
 1.4026635e-08 1.6855297e-03 4.3152148e-04]
[[2025-10-16 23:41:21]] Mask: [8.0256714e-03 2.0574811e-03 3.0244270e-03 2.1570176e-03 3.4958906e-03
 2.4799838e-05 1.4358247e-03 1.0241263e-03 1.4530163e-02 5.1829573e-03
 2.0698868e-03 6.5335626e-09 2.9652771e-09 6.1192911e-04 5.7427026e-03
 1.4004329e-03 3.1051131e-09 7.8610890e-04 2.2510986e-03 4.8122457e-03
 8.3257994e-03 1.1982046e-02 6.3150097e-04 3.9942944e-03 2.0361342e-03
 3.9933021e-03 3.6760368e-09 1.3642762e-03 6.7341174e-03 3.1178570e-04
 1.4068782e-08 1.6332787e-03 4.4433799e-04]
[[2025-10-16 23:41:24]] Mask: [8.1778010e-03 1.9766751e-03 3.1314776e-03 2.2148602e-03 3.4687351e-03
 2.5933059e-05 1.3298285e-03 9.7800244e-04 1.3905249e-02 5.0253444e-03
 2.0579826e-03 6.4938308e-09 2.9568790e-09 6.6580478e-04 5.5517037e-03
 1.3949954e-03 3.0887866e-09 7.7781209e-04 2.1773507e-03 4.6380009e-03
 7.8815706e-03 1.2599438e-02 6.4400194e-04 4.0310286e-03 1.9083858e-03
 3.9926120e-03 3.6503112e-09 1.4384934e-03 6.1410307e-03 3.0524735e-04
 1.4115631e-08 1.6181492e-03 4.5979174e-04]
[[2025-10-16 23:41:26]] Mask: [7.6479400e-03 1.9448096e-03 3.1433005e-03 2.2770066e-03 3.4017670e-03
 2.5073219e-05 1.3292206e-03 9.5835159e-04 1.3750505e-02 5.3889258e-03
 2.2377295e-03 6.4705130e-09 2.9385110e-09 6.5941096e-04 5.8419323e-03
 1.3500995e-03 3.0629728e-09 7.2649651e-04 2.2300601e-03 4.7381809e-03
 7.8626117e-03 1.2872651e-02 6.1851204e-04 3.9436459e-03 1.8699514e-03
 3.7821576e-03 3.6261136e-09 1.3757501e-03 6.2292870e-03 2.7797263e-04
 1.3931900e-08 1.6576350e-03 4.6412679e-04]
[[2025-10-16 23:41:29]] Mask: [7.5395484e-03 1.9445209e-03 3.1415380e-03 2.3058150e-03 3.4014662e-03
 2.5751280e-05 1.3176089e-03 9.6692657e-04 1.3687926e-02 5.6401943e-03
 2.0700267e-03 6.4246306e-09 2.9147871e-09 6.3241890e-04 5.8903089e-03
 1.3571403e-03 3.0336111e-09 7.2380109e-04 2.1618817e-03 4.8065991e-03
 7.8613879e-03 1.2511991e-02 5.8047223e-04 3.6486743e-03 1.9589681e-03
 4.0504141e-03 3.6000161e-09 1.3868606e-03 6.3024559e-03 2.9194288e-04
 1.3860867e-08 1.6193630e-03 4.6210096e-04]
[[2025-10-16 23:41:31]] Mask: [7.8276377e-03 2.0639845e-03 3.0647351e-03 2.3209841e-03 3.5196536e-03
 2.8117007e-05 1.3524746e-03 9.4648794e-04 1.4003046e-02 6.3204262e-03
 2.2673695e-03 6.3810686e-09 2.8999532e-09 6.1571627e-04 6.0563795e-03
 1.3241500e-03 3.0175800e-09 7.8498048e-04 2.1235612e-03 4.7155241e-03
 7.7678761e-03 1.2646259e-02 6.0260645e-04 3.7258961e-03 1.9912100e-03
 4.0095621e-03 3.5831371e-09 1.3323093e-03 6.1904257e-03 2.9234003e-04
 1.3958205e-08 1.5305665e-03 4.5223330e-04]
[[2025-10-16 23:41:33]] Mask: [7.6936958e-03 1.9087828e-03 3.0958080e-03 2.2237592e-03 3.5315091e-03
 2.9153503e-05 1.3143622e-03 9.7306527e-04 1.4333365e-02 5.5575906e-03
 2.6123021e-03 6.3368959e-09 2.8879752e-09 6.3851464e-04 5.9343711e-03
 1.3180145e-03 2.9991094e-09 8.3429209e-04 2.1567270e-03 4.8244740e-03
 8.1925429e-03 1.1548403e-02 5.9895671e-04 3.8493522e-03 1.9899369e-03
 3.8700120e-03 3.5647927e-09 1.3382826e-03 7.0105041e-03 3.0086009e-04
 1.3902303e-08 1.5426567e-03 4.5038556e-04]
[[2025-10-16 23:41:35]] Mask: [7.9205967e-03 1.8482431e-03 3.0806796e-03 2.1855233e-03 3.4016487e-03
 3.0572792e-05 1.1272094e-03 9.3678560e-04 1.4340737e-02 5.2397586e-03
 2.7017195e-03 6.3233370e-09 2.8738478e-09 6.3668954e-04 5.9599276e-03
 1.2787660e-03 2.9803997e-09 8.8227715e-04 2.0672854e-03 4.9417075e-03
 7.9431217e-03 1.1686349e-02 6.3129998e-04 3.8940108e-03 1.8918485e-03
 3.8769301e-03 3.5454539e-09 1.3416818e-03 6.6434094e-03 3.3494690e-04
 1.3894059e-08 1.6229153e-03 4.7765666e-04]
[[2025-10-16 23:41:38]] Mask: [7.2529656e-03 1.8779651e-03 3.1141720e-03 2.2602687e-03 3.3230151e-03
 3.1598222e-05 1.1640687e-03 9.3777594e-04 1.3780956e-02 5.2152649e-03
 2.6336247e-03 6.2930647e-09 2.8481242e-09 5.8496761e-04 6.0914448e-03
 1.3075810e-03 2.9545564e-09 8.8996463e-04 2.1501163e-03 4.8444029e-03
 8.1772758e-03 1.1550324e-02 6.9342135e-04 4.1532274e-03 2.2082312e-03
 3.7253669e-03 3.5202121e-09 1.3854501e-03 6.6413139e-03 3.3592450e-04
 1.3923055e-08 1.5754439e-03 4.6085319e-04]
[[2025-10-16 23:41:40]] Mask: [7.2434573e-03 1.8393840e-03 3.3287657e-03 2.2165868e-03 3.4664795e-03
 3.2236941e-05 1.1865095e-03 9.8270469e-04 1.3330045e-02 4.9278270e-03
 2.3878715e-03 6.2830261e-09 2.8265206e-09 5.7154853e-04 6.2543806e-03
 1.3875933e-03 2.9351723e-09 8.6287368e-04 2.0360027e-03 4.7638011e-03
 8.1420653e-03 1.1774913e-02 6.1788631e-04 4.3061948e-03 2.2456411e-03
 3.8060597e-03 3.4971241e-09 1.3733996e-03 6.5644169e-03 3.2747656e-04
 1.3920506e-08 1.5237479e-03 4.6576152e-04]
[[2025-10-16 23:41:42]] Mask: [7.5949039e-03 1.8327041e-03 3.1959265e-03 2.2545594e-03 3.4727743e-03
 3.3017575e-05 1.1970133e-03 1.0632657e-03 1.3800855e-02 5.3566657e-03
 2.3653777e-03 6.2659002e-09 2.8153078e-09 5.9450517e-04 6.2478730e-03
 1.2948100e-03 2.9179243e-09 9.1444503e-04 2.1455807e-03 4.7777700e-03
 8.0205025e-03 1.1776449e-02 6.1900716e-04 3.7564433e-03 2.0125024e-03
 3.7628193e-03 3.4674545e-09 1.3031828e-03 6.7738821e-03 3.2328910e-04
 1.4012704e-08 1.4469781e-03 4.5927506e-04]
[[2025-10-16 23:41:45]] Mask: [7.5902473e-03 1.8790998e-03 3.2005538e-03 2.2467524e-03 3.3400469e-03
 3.5424018e-05 1.2400174e-03 9.5035508e-04 1.3857366e-02 5.5950456e-03
 2.8345021e-03 6.2595698e-09 2.8006917e-09 5.7895912e-04 6.0105748e-03
 1.3284752e-03 2.8925951e-09 8.6635858e-04 2.3246629e-03 4.6124524e-03
 7.8179678e-03 1.2279745e-02 5.9585751e-04 3.9475323e-03 2.0624471e-03
 3.8756027e-03 3.4407595e-09 1.3284385e-03 6.7348224e-03 3.3658551e-04
 1.3892761e-08 1.5006735e-03 4.6416681e-04]
[[2025-10-16 23:41:47]] Mask: [7.4341372e-03 1.7996252e-03 3.0988969e-03 2.1893899e-03 3.3257660e-03
 3.7697657e-05 1.2613144e-03 9.5264910e-04 1.4253921e-02 5.0620991e-03
 3.0624471e-03 6.2330727e-09 2.7818186e-09 5.8431679e-04 5.9399456e-03
 1.3400007e-03 2.8744838e-09 8.8801602e-04 2.0142079e-03 4.7525647e-03
 7.9109212e-03 1.2325131e-02 5.7922822e-04 4.3419884e-03 2.2483894e-03
 3.8904888e-03 3.4233729e-09 1.3272522e-03 7.1236952e-03 3.2890393e-04
 1.3848869e-08 1.5496683e-03 4.5419292e-04]
[[2025-10-16 23:41:50]] Mask: [7.4849012e-03 1.8789960e-03 3.3630480e-03 2.2726227e-03 3.3101880e-03
 3.8067952e-05 1.2805100e-03 9.5545105e-04 1.4112366e-02 5.0839474e-03
 2.8461083e-03 6.2038241e-09 2.7690394e-09 5.9790723e-04 6.1494033e-03
 1.2913517e-03 2.8547866e-09 9.0382004e-04 2.2003069e-03 4.7564683e-03
 7.6375715e-03 1.1722157e-02 5.3674279e-04 3.9185332e-03 1.9733883e-03
 3.8806740e-03 3.3939993e-09 1.3225519e-03 6.6237394e-03 3.6351208e-04
 1.3934612e-08 1.6077239e-03 4.5234666e-04]
[[2025-10-16 23:41:52]] Mask: [7.7636247e-03 1.9437575e-03 3.0600533e-03 2.3256338e-03 3.6590365e-03
 3.9695598e-05 1.2477112e-03 8.8106201e-04 1.3416055e-02 4.8629916e-03
 3.0144306e-03 6.1868439e-09 2.7482769e-09 5.5945356e-04 6.0249292e-03
 1.3517012e-03 2.8371829e-09 9.3308836e-04 2.1382398e-03 4.5872768e-03
 7.7999788e-03 1.2323064e-02 5.1160576e-04 3.9306511e-03 2.0463530e-03
 3.8929584e-03 3.3747563e-09 1.3186213e-03 6.4474428e-03 3.3868969e-04
 1.3857483e-08 1.6474294e-03 4.6996956e-04]
[[2025-10-16 23:41:54]] Mask: [7.64823006e-03 1.89901027e-03 3.23725562e-03 2.17115902e-03
 3.26776132e-03 4.21508739e-05 1.34076667e-03 9.28836525e-04
 1.37855522e-02 5.42422105e-03 2.81585264e-03 6.15838802e-09
 2.74054535e-09 6.14136807e-04 6.18965458e-03 1.25515147e-03
 2.81201262e-09 9.40469268e-04 2.19584210e-03 4.77064447e-03
 7.80908717e-03 1.23242475e-02 5.49120305e-04 3.85997188e-03
 1.85808365e-03 3.84319550e-03 3.35133032e-09 1.31913146e-03
 6.76020328e-03 3.57460667e-04 1.39358605e-08 1.57196738e-03
 4.74937580e-04]
[[2025-10-16 23:41:57]] Mask: [7.61814881e-03 1.97735522e-03 3.07617988e-03 2.21216632e-03
 3.09470156e-03 4.52996173e-05 1.34572585e-03 9.22105915e-04
 1.38415331e-02 5.13980584e-03 2.86680157e-03 6.17120399e-09
 2.72265899e-09 5.98012703e-04 6.18343288e-03 1.24745222e-03
 2.78987389e-09 9.63995059e-04 2.02791323e-03 4.56733629e-03
 7.71959266e-03 1.18224025e-02 5.42150810e-04 4.03005583e-03
 2.02730997e-03 3.96113005e-03 3.32952799e-09 1.34971645e-03
 6.16308628e-03 3.33206641e-04 1.39984655e-08 1.57033082e-03
 4.90385049e-04]
[[2025-10-16 23:41:59]] Mask: [7.39717204e-03 1.88405730e-03 3.06114019e-03 2.15038448e-03
 3.10231932e-03 4.47236162e-05 1.39872078e-03 9.17260128e-04
 1.32920174e-02 4.78448626e-03 2.92158243e-03 6.15614448e-09
 2.70887557e-09 6.02497079e-04 6.08277833e-03 1.25446473e-03
 2.77163936e-09 1.06117351e-03 2.20341724e-03 4.82732290e-03
 7.55696557e-03 1.23876575e-02 5.64332004e-04 3.74601106e-03
 1.96731673e-03 3.80363758e-03 3.30945715e-09 1.33760739e-03
 6.56661298e-03 3.39334132e-04 1.40694265e-08 1.58340298e-03
 4.65334830e-04]
[[2025-10-16 23:42:02]] Mask: [7.3479163e-03 1.8209065e-03 3.0446074e-03 2.1586448e-03 2.8344928e-03
 4.6591416e-05 1.3692199e-03 9.4683253e-04 1.3419793e-02 4.5394422e-03
 3.1138225e-03 6.1199805e-09 2.6936557e-09 5.7559262e-04 6.5999334e-03
 1.2334583e-03 2.7488327e-09 9.4277138e-04 2.2246842e-03 4.6903831e-03
 7.9484927e-03 1.2285391e-02 5.8765977e-04 3.9677522e-03 1.9210523e-03
 3.8781676e-03 3.2903487e-09 1.3246855e-03 6.2048519e-03 3.2702732e-04
 1.4087362e-08 1.5449013e-03 4.7505618e-04]
[[2025-10-16 23:42:04]] Mask: [7.3575606e-03 1.8709644e-03 3.1989967e-03 2.0822692e-03 2.9238709e-03
 4.7351856e-05 1.3974746e-03 9.2503009e-04 1.3294150e-02 4.4576111e-03
 3.3413614e-03 6.0841683e-09 2.6774232e-09 5.6214700e-04 6.5311692e-03
 1.2191655e-03 2.7316631e-09 9.6131413e-04 2.0422544e-03 4.5428374e-03
 7.6198652e-03 1.1483257e-02 5.7377055e-04 3.7457477e-03 2.1626791e-03
 3.9603962e-03 3.2662251e-09 1.3803317e-03 6.0719657e-03 3.3049632e-04
 1.4130663e-08 1.4747615e-03 4.6444545e-04]
[[2025-10-16 23:42:06]] Mask: [7.5271875e-03 1.7544348e-03 3.1709266e-03 2.1691353e-03 3.0307008e-03
 5.0819704e-05 1.3892389e-03 9.5089484e-04 1.3734697e-02 4.9107228e-03
 3.3021020e-03 6.0876855e-09 2.6665528e-09 5.5220252e-04 6.0472814e-03
 1.1867435e-03 2.7121068e-09 1.0562440e-03 1.9553013e-03 4.4782036e-03
 7.4969409e-03 1.1515160e-02 5.9103908e-04 4.4093993e-03 2.1579927e-03
 3.6954102e-03 3.2452239e-09 1.4504119e-03 6.2645809e-03 3.2230496e-04
 1.4240160e-08 1.4153159e-03 4.7128709e-04]
[[2025-10-16 23:42:08]] Mask: [7.35243969e-03 1.85689272e-03 3.13688559e-03 2.20417418e-03
 2.97432113e-03 5.33232560e-05 1.24729006e-03 8.82786291e-04
 1.30760204e-02 5.22781489e-03 3.03331832e-03 6.05865669e-09
 2.64727529e-09 5.22578368e-04 6.24469062e-03 1.23010459e-03
 2.69311107e-09 1.05398381e-03 2.06881645e-03 4.46805963e-03
 7.65414536e-03 1.11462520e-02 6.29104674e-04 3.97874042e-03
 2.15253513e-03 3.79306800e-03 3.22102589e-09 1.48990320e-03
 6.21122122e-03 3.25978297e-04 1.41803955e-08 1.47892488e-03
 4.83204058e-04]
[[2025-10-16 23:42:10]] Mask: [7.1197669e-03 1.8215212e-03 2.9500381e-03 2.3042643e-03 3.0738104e-03
 5.6933266e-05 1.2606550e-03 8.3736161e-04 1.2595038e-02 4.8089721e-03
 2.9035525e-03 6.0353242e-09 2.6368692e-09 5.3946726e-04 5.6655281e-03
 1.2707604e-03 2.6816396e-09 1.2418808e-03 2.0575614e-03 4.3852818e-03
 7.3394841e-03 1.1849257e-02 5.4237002e-04 3.8375515e-03 1.9485450e-03
 3.9579086e-03 3.2016578e-09 1.4808134e-03 6.1689010e-03 3.2048614e-04
 1.4304758e-08 1.5161097e-03 4.7102256e-04]
[[2025-10-16 23:42:12]] Mask: [7.3600058e-03 1.8644060e-03 2.7772842e-03 2.1945459e-03 3.1265942e-03
 5.6991168e-05 1.2518372e-03 8.6200057e-04 1.3104283e-02 5.2156085e-03
 3.1890783e-03 5.9885736e-09 2.6237850e-09 5.3791510e-04 5.7280813e-03
 1.3924900e-03 2.6653322e-09 1.2639560e-03 2.0394244e-03 4.4535859e-03
 7.6103476e-03 1.1945009e-02 5.8225979e-04 3.8051377e-03 1.9082169e-03
 3.9297496e-03 3.1859901e-09 1.4034396e-03 6.2627047e-03 3.4275927e-04
 1.4298730e-08 1.4368335e-03 4.7372788e-04]
[[2025-10-16 23:42:14]] Mask: [7.3014228e-03 1.7478523e-03 3.1948222e-03 2.1322444e-03 3.1135667e-03
 6.0166873e-05 1.3319034e-03 8.7248307e-04 1.3242509e-02 5.3525344e-03
 3.4545658e-03 5.9568808e-09 2.6072575e-09 5.8573863e-04 5.8761030e-03
 1.4226990e-03 2.6499378e-09 1.3903824e-03 1.9694834e-03 4.5585907e-03
 7.6976395e-03 1.1795054e-02 5.5957143e-04 3.8119417e-03 1.9042541e-03
 3.7854160e-03 3.1654683e-09 1.3659266e-03 6.7500807e-03 3.1926658e-04
 1.4230249e-08 1.4779106e-03 4.7191448e-04]
[[2025-10-16 23:42:17]] Mask: [7.4241548e-03 1.8737244e-03 3.1446081e-03 2.2084760e-03 3.2094948e-03
 5.9969992e-05 1.3166392e-03 8.4644387e-04 1.3351857e-02 5.4078517e-03
 3.5809032e-03 5.9417546e-09 2.5915456e-09 5.6245015e-04 5.7225525e-03
 1.3681437e-03 2.6316587e-09 1.3413772e-03 1.9492621e-03 4.4887764e-03
 7.4868286e-03 1.1433587e-02 5.0840288e-04 3.9623324e-03 1.8658796e-03
 3.9473637e-03 3.1473950e-09 1.3777673e-03 6.2112273e-03 3.0016471e-04
 1.4309290e-08 1.5467375e-03 4.4522199e-04]
[[2025-10-16 23:42:19]] Mask: [7.8698974e-03 1.7816561e-03 3.1461362e-03 2.1090705e-03 3.1957182e-03
 5.9717640e-05 1.2978114e-03 9.0438040e-04 1.3633206e-02 5.0973464e-03
 3.5394144e-03 5.9246896e-09 2.5765283e-09 5.5600563e-04 5.8548572e-03
 1.2954619e-03 2.6173472e-09 1.2597553e-03 1.8738946e-03 4.7592544e-03
 7.8525562e-03 1.1560171e-02 5.3886988e-04 3.7034894e-03 1.7883392e-03
 3.7077004e-03 3.1206393e-09 1.3544041e-03 6.4595873e-03 2.9425297e-04
 1.4208661e-08 1.5971382e-03 4.5285214e-04]
[[2025-10-16 23:42:22]] Mask: [7.6265931e-03 1.7578788e-03 2.9671153e-03 2.0851605e-03 2.8573547e-03
 6.4065505e-05 1.2353919e-03 8.8065991e-04 1.3968288e-02 5.2764737e-03
 3.6192930e-03 5.9066476e-09 2.5650588e-09 5.3955475e-04 5.8345539e-03
 1.2793185e-03 2.5966269e-09 1.3219443e-03 2.0034011e-03 4.6971217e-03
 7.7393278e-03 1.1637775e-02 5.1069807e-04 3.8155615e-03 1.9806121e-03
 3.6676235e-03 3.0978899e-09 1.3687022e-03 6.6043152e-03 2.9710660e-04
 1.4237742e-08 1.6714974e-03 4.3653449e-04]
[[2025-10-16 23:42:24]] Mask: [7.4653057e-03 1.6536626e-03 2.8185581e-03 2.0776223e-03 3.0573909e-03
 6.0364113e-05 1.1884766e-03 8.1337866e-04 1.3674175e-02 4.6448740e-03
 3.3968382e-03 5.8771477e-09 2.5505646e-09 5.3708744e-04 5.9560724e-03
 1.2421500e-03 2.5849947e-09 1.2971133e-03 1.9475828e-03 4.7659562e-03
 7.7666515e-03 1.1188914e-02 5.4085406e-04 3.6975313e-03 2.1066384e-03
 3.5779797e-03 3.0815015e-09 1.3964615e-03 6.6274526e-03 2.8913081e-04
 1.4396536e-08 1.5908101e-03 4.5960792e-04]
[[2025-10-16 23:42:26]] Mask: [7.6570874e-03 1.6888033e-03 2.8879177e-03 2.1432533e-03 3.0297702e-03
 6.0673039e-05 1.2214023e-03 8.4816077e-04 1.3600453e-02 4.7192671e-03
 3.2109716e-03 5.8509868e-09 2.5364810e-09 5.2310288e-04 5.6026094e-03
 1.2661417e-03 2.5708680e-09 1.3781269e-03 2.0178016e-03 4.7226707e-03
 7.9287095e-03 1.1643124e-02 5.3537212e-04 3.8953607e-03 2.2627229e-03
 4.0008365e-03 3.0663572e-09 1.5034891e-03 6.0754861e-03 2.8423761e-04
 1.4556849e-08 1.5681941e-03 4.5133068e-04]
[[2025-10-16 23:42:28]] Mask: [7.4651535e-03 1.7203219e-03 2.9920933e-03 2.0496869e-03 2.8051652e-03
 6.9193520e-05 1.2575483e-03 8.5112103e-04 1.3340842e-02 4.9512526e-03
 3.5725879e-03 5.8381229e-09 2.5228653e-09 5.3731067e-04 5.9623290e-03
 1.2776459e-03 2.5457871e-09 1.3327961e-03 2.0500557e-03 4.4543366e-03
 7.7604521e-03 1.1161977e-02 4.9822353e-04 3.7147896e-03 2.1922239e-03
 3.6216250e-03 3.0451015e-09 1.3927838e-03 5.9810784e-03 2.8036116e-04
 1.4571934e-08 1.5178027e-03 4.4961620e-04]
[[2025-10-16 23:42:31]] Mask: [7.5400090e-03 1.7312462e-03 3.0589756e-03 2.1236169e-03 2.8691073e-03
 7.8290897e-05 1.2553404e-03 8.3874544e-04 1.3436988e-02 4.9723913e-03
 3.2746398e-03 5.8093752e-09 2.5123297e-09 5.3947576e-04 6.0436884e-03
 1.3030997e-03 2.5336573e-09 1.4725617e-03 1.9238594e-03 4.6389960e-03
 7.7749277e-03 1.2163683e-02 5.1328843e-04 4.0575489e-03 2.1735914e-03
 3.8193692e-03 3.0234852e-09 1.4761573e-03 6.1603561e-03 2.9572894e-04
 1.4625006e-08 1.5054423e-03 4.4506756e-04]
[[2025-10-16 23:42:34]] Mask: [7.2402558e-03 1.7369979e-03 3.0277343e-03 2.2015907e-03 2.6582060e-03
 8.0739184e-05 1.1746874e-03 9.2651678e-04 1.2950806e-02 5.1796883e-03
 3.3198947e-03 5.7946017e-09 2.4980427e-09 5.4363260e-04 6.1739781e-03
 1.2586603e-03 2.5146212e-09 1.4331266e-03 1.9757675e-03 4.5078280e-03
 7.9608085e-03 1.1663884e-02 5.5742881e-04 3.8424213e-03 1.9081369e-03
 4.0710848e-03 3.0046636e-09 1.4637928e-03 6.2190611e-03 2.7152171e-04
 1.4873546e-08 1.4027641e-03 4.3858899e-04]
[[2025-10-16 23:42:37]] Mask: [7.5101969e-03 1.7461950e-03 2.9010121e-03 2.1873615e-03 2.6363176e-03
 8.1719190e-05 1.1500650e-03 8.7830762e-04 1.3018278e-02 5.0368276e-03
 3.0532822e-03 5.7654637e-09 2.4878102e-09 5.5426196e-04 6.1078095e-03
 1.2658811e-03 2.4960758e-09 1.3544989e-03 2.0344607e-03 4.5672888e-03
 7.4085728e-03 1.2052848e-02 5.8132631e-04 3.8681012e-03 1.7238780e-03
 3.8043279e-03 2.9840570e-09 1.5393699e-03 6.3496740e-03 2.8064064e-04
 1.4841014e-08 1.3588797e-03 4.3436023e-04]
[[2025-10-16 23:42:39]] Mask: [7.5716283e-03 1.7792255e-03 2.9683076e-03 2.2179310e-03 2.8101651e-03
 8.4881030e-05 1.2256503e-03 8.7391661e-04 1.3320685e-02 4.9000736e-03
 3.2035597e-03 5.7325127e-09 2.4737430e-09 5.3552142e-04 6.3072895e-03
 1.2981998e-03 2.4844624e-09 1.4585998e-03 1.9243291e-03 4.5471047e-03
 7.4945530e-03 1.1395046e-02 5.6851009e-04 4.2931992e-03 1.8454574e-03
 3.9545940e-03 2.9651528e-09 1.4305523e-03 6.2562684e-03 2.8693915e-04
 1.4592071e-08 1.5522698e-03 4.3028261e-04]
[[2025-10-16 23:42:42]] Mask: [7.4204342e-03 1.8065899e-03 2.9921844e-03 2.1801312e-03 2.6907416e-03
 8.6987187e-05 1.2247249e-03 8.9206669e-04 1.2936689e-02 4.8809270e-03
 3.1624597e-03 5.7218079e-09 2.4635347e-09 5.5953249e-04 6.0482360e-03
 1.3610325e-03 2.4681392e-09 1.4122186e-03 1.9490636e-03 4.3942803e-03
 7.7967718e-03 1.1671268e-02 6.1718450e-04 4.0517645e-03 1.8050401e-03
 3.8365289e-03 2.9483638e-09 1.4953391e-03 6.2255920e-03 2.7289771e-04
 1.4544916e-08 1.5673686e-03 4.3913512e-04]
[[2025-10-16 23:42:44]] Mask: [7.30552012e-03 1.72412989e-03 3.05709452e-03 2.29568710e-03
 2.74102669e-03 8.97939244e-05 1.26129517e-03 8.66524933e-04
 1.30986972e-02 4.96480474e-03 3.07153887e-03 5.72474423e-09
 2.45432341e-09 6.06616086e-04 6.06356282e-03 1.33660517e-03
 2.45487120e-09 1.48917700e-03 1.94176415e-03 4.54488629e-03
 7.16007967e-03 1.22998077e-02 6.42207568e-04 4.07251017e-03
 1.79751846e-03 3.65358032e-03 2.93078650e-09 1.46589079e-03
 5.94699476e-03 3.01746273e-04 1.43924455e-08 1.60683692e-03
 4.42923425e-04]
[[2025-10-16 23:42:46]] Mask: [7.44582433e-03 1.75991678e-03 2.95407744e-03 2.19933642e-03
 3.07054329e-03 9.18626538e-05 1.25227962e-03 8.64241214e-04
 1.30311940e-02 5.07969456e-03 3.17399949e-03 5.71226666e-09
 2.44118570e-09 6.20289007e-04 5.91849908e-03 1.32542755e-03
 2.44635046e-09 1.79747317e-03 1.95071078e-03 4.57895361e-03
 7.38121336e-03 1.13278115e-02 6.27512753e-04 3.80033092e-03
 1.79253134e-03 3.60589288e-03 2.91434232e-09 1.42196217e-03
 6.23537041e-03 2.93022022e-04 1.45250389e-08 1.50645920e-03
 4.43289231e-04]
[[2025-10-16 23:42:50]] Mask: [7.6426510e-03 1.8446074e-03 3.0178330e-03 2.2331614e-03 2.9905348e-03
 9.4378614e-05 1.1810260e-03 8.5224537e-04 1.2870386e-02 4.8569590e-03
 3.1609191e-03 5.7188840e-09 2.4338727e-09 6.4505113e-04 5.9491089e-03
 1.3066410e-03 2.4312974e-09 1.7224572e-03 1.9172372e-03 4.4612181e-03
 7.3893261e-03 1.1111718e-02 5.8774208e-04 3.8338180e-03 1.6183309e-03
 3.5649880e-03 2.8975315e-09 1.3612605e-03 6.4067645e-03 2.9589617e-04
 1.4426471e-08 1.5029579e-03 4.4675442e-04]
[[2025-10-16 23:42:52]] Mask: [7.20748166e-03 1.77338393e-03 2.92369584e-03 2.18076282e-03
 2.57543661e-03 1.05940722e-04 1.25018856e-03 8.44794908e-04
 1.30928485e-02 5.08372579e-03 3.59211396e-03 5.68218805e-09
 2.42288589e-09 6.28100301e-04 5.89009142e-03 1.29756005e-03
 2.41275444e-09 1.74018170e-03 1.89275085e-03 4.47663898e-03
 7.53297145e-03 1.08218072e-02 6.19925850e-04 3.80798010e-03
 1.62573694e-03 3.48643633e-03 2.88120772e-09 1.36341166e-03
 6.37579337e-03 2.80668988e-04 1.42538559e-08 1.49798638e-03
 4.47027909e-04]
[[2025-10-16 23:42:54]] Mask: [7.4346508e-03 1.7307797e-03 3.0374250e-03 2.0373478e-03 2.6868416e-03
 1.0433404e-04 1.2362913e-03 8.6903776e-04 1.3237445e-02 4.5926492e-03
 3.6933583e-03 5.6773346e-09 2.4135642e-09 6.3798210e-04 5.9951362e-03
 1.2948310e-03 2.3978350e-09 1.5836864e-03 1.9075739e-03 4.4314442e-03
 7.3207063e-03 1.0693616e-02 6.4782478e-04 3.7098462e-03 1.8507764e-03
 3.2454131e-03 2.8667855e-09 1.3225953e-03 6.4138141e-03 2.9653611e-04
 1.4442961e-08 1.4939985e-03 4.7293602e-04]
[[2025-10-16 23:42:56]] Mask: [7.33987289e-03 1.77505857e-03 3.19602061e-03 2.01442838e-03
 2.53559113e-03 1.09840425e-04 1.27974804e-03 8.27114214e-04
 1.31582338e-02 4.60647047e-03 3.60737159e-03 5.67403280e-09
 2.40471887e-09 6.35861128e-04 5.92050748e-03 1.30358757e-03
 2.38525888e-09 1.60142547e-03 1.95297156e-03 4.49081184e-03
 7.43026845e-03 1.20574757e-02 6.27524976e-04 3.67560051e-03
 1.93461927e-03 3.39657185e-03 2.84910784e-09 1.29980617e-03
 6.49366621e-03 2.92395795e-04 1.44108503e-08 1.43962202e-03
 4.71847219e-04]
[[2025-10-16 23:42:59]] Mask: [7.24115735e-03 1.78066001e-03 2.79304408e-03 2.13218876e-03
 2.63522589e-03 1.12050926e-04 1.21750543e-03 7.89349084e-04
 1.26643116e-02 4.57931031e-03 3.51261301e-03 5.65538372e-09
 2.39209297e-09 6.13892102e-04 5.96829783e-03 1.32943585e-03
 2.37421105e-09 1.69057865e-03 1.81476865e-03 4.38484224e-03
 7.27018015e-03 1.13215921e-02 7.36668590e-04 3.75634688e-03
 1.95828313e-03 3.53815849e-03 2.83446755e-09 1.39048963e-03
 6.21303450e-03 3.20609281e-04 1.42825121e-08 1.53844373e-03
 4.70504514e-04]
[[2025-10-16 23:43:01]] Mask: [7.2788955e-03 1.8364736e-03 2.9355127e-03 2.1007664e-03 2.5321960e-03
 1.2901647e-04 1.2614051e-03 8.2421035e-04 1.3102235e-02 4.8969081e-03
 4.0035453e-03 5.6229124e-09 2.3842539e-09 6.1704009e-04 5.5634999e-03
 1.3268826e-03 2.3611870e-09 1.8978385e-03 1.7771027e-03 4.5117624e-03
 7.5049037e-03 1.1520240e-02 6.9942849e-04 3.6999369e-03 1.8372753e-03
 3.4293935e-03 2.8156086e-09 1.4259734e-03 6.1682025e-03 3.5066149e-04
 1.4537926e-08 1.4387716e-03 4.7446019e-04]
[[2025-10-16 23:43:04]] Mask: [7.1438579e-03 1.7350765e-03 3.0036017e-03 2.0495425e-03 2.5293711e-03
 1.2628634e-04 1.2855454e-03 8.2051556e-04 1.2971907e-02 4.6118330e-03
 4.3040649e-03 5.6126472e-09 2.3659115e-09 5.8350730e-04 6.0596466e-03
 1.3070824e-03 2.3414271e-09 1.6066680e-03 1.6697954e-03 4.5875334e-03
 7.7362736e-03 1.0867571e-02 7.3186727e-04 3.6325352e-03 2.0980872e-03
 3.4079703e-03 2.8014930e-09 1.4638702e-03 6.2117064e-03 3.5438195e-04
 1.4757546e-08 1.3937318e-03 4.7256917e-04]
[[2025-10-16 23:43:06]] Mask: [7.4009229e-03 1.7107568e-03 3.0051044e-03 2.0308665e-03 2.4259584e-03
 1.3715531e-04 1.2502898e-03 8.3036628e-04 1.2876573e-02 5.0215619e-03
 4.0641963e-03 5.6045599e-09 2.3578657e-09 6.1715802e-04 5.8073699e-03
 1.2814227e-03 2.3270288e-09 1.5910199e-03 1.6318092e-03 4.7125774e-03
 7.5761401e-03 1.1368615e-02 7.3330343e-04 3.6500965e-03 1.9909893e-03
 3.3867673e-03 2.7838727e-09 1.3423178e-03 6.1748093e-03 3.7380081e-04
 1.4954018e-08 1.3702940e-03 4.8036227e-04]
[[2025-10-16 23:43:08]] Mask: [7.1181417e-03 1.7634018e-03 3.0334294e-03 2.1377066e-03 2.3098467e-03
 1.4950773e-04 1.2050557e-03 8.1479823e-04 1.2509381e-02 5.3709405e-03
 4.0636733e-03 5.5836789e-09 2.3458795e-09 6.3399342e-04 6.2665013e-03
 1.2301867e-03 2.3119782e-09 1.5724069e-03 1.7185025e-03 4.3452238e-03
 7.3353406e-03 1.0709681e-02 7.0160319e-04 3.5500152e-03 1.8716360e-03
 3.5585740e-03 2.7671176e-09 1.3438091e-03 5.9235734e-03 3.2655281e-04
 1.5046488e-08 1.3698179e-03 4.9164781e-04]
[[2025-10-16 23:43:11]] Mask: [7.6192627e-03 1.8208530e-03 2.9524697e-03 2.1615413e-03 2.5460082e-03
 1.4877960e-04 1.1297205e-03 8.4624346e-04 1.2594257e-02 4.6565221e-03
 3.4767946e-03 5.5398774e-09 2.3349562e-09 6.2457239e-04 5.7575707e-03
 1.2227078e-03 2.3046518e-09 1.7209788e-03 1.7014933e-03 4.3852483e-03
 7.3080692e-03 1.1788953e-02 6.5162737e-04 3.6010137e-03 1.7128437e-03
 3.6863219e-03 2.7529723e-09 1.3581824e-03 5.8487905e-03 3.5419248e-04
 1.5102412e-08 1.3929383e-03 4.8009973e-04]
[[2025-10-16 23:43:14]] Mask: [7.1720965e-03 1.8365687e-03 3.1814929e-03 2.1324402e-03 2.4266392e-03
 1.5690005e-04 1.1556207e-03 8.8940986e-04 1.2534906e-02 4.7374121e-03
 3.6201251e-03 5.5454810e-09 2.3252718e-09 6.1887293e-04 5.9637083e-03
 1.2231575e-03 2.2893616e-09 1.6439353e-03 1.9442795e-03 4.2792000e-03
 6.7851739e-03 1.1001040e-02 6.7811518e-04 3.8710344e-03 1.7222974e-03
 3.6565617e-03 2.7350571e-09 1.3686102e-03 5.8377464e-03 3.3115296e-04
 1.5129599e-08 1.4317292e-03 4.7559582e-04]
[[2025-10-16 23:43:16]] Mask: [7.2948975e-03 1.8891492e-03 3.1343992e-03 2.0688155e-03 2.2958925e-03
 1.6658590e-04 1.3018003e-03 7.9728209e-04 1.2187179e-02 5.0029489e-03
 4.3978724e-03 5.5713274e-09 2.3127058e-09 6.0201663e-04 6.0330648e-03
 1.2381203e-03 2.2744764e-09 1.7400276e-03 1.8813710e-03 4.1157221e-03
 6.6960505e-03 1.1528839e-02 6.4709969e-04 3.9457213e-03 1.9185187e-03
 3.8576059e-03 2.7233031e-09 1.4327816e-03 6.0644853e-03 3.7805541e-04
 1.5015869e-08 1.5828890e-03 4.6827586e-04]
[[2025-10-16 23:43:20]] Mask: [7.3151430e-03 1.8595443e-03 2.9306668e-03 2.0460812e-03 2.1464590e-03
 1.7825890e-04 1.2360411e-03 8.0571888e-04 1.2542056e-02 5.1563955e-03
 4.5892587e-03 5.5552416e-09 2.3034521e-09 6.0171465e-04 5.8620474e-03
 1.2160601e-03 2.2587745e-09 1.6862873e-03 1.6898616e-03 4.2081983e-03
 7.0187943e-03 1.1871868e-02 6.5380405e-04 3.8231360e-03 1.8748252e-03
 3.4767038e-03 2.7077545e-09 1.4774096e-03 6.2288591e-03 4.1208096e-04
 1.5347089e-08 1.4602941e-03 4.6384969e-04]
[[2025-10-16 23:43:22]] Mask: [7.0649991e-03 1.8177356e-03 2.9722077e-03 2.0182703e-03 2.2606063e-03
 1.7778174e-04 1.2802071e-03 7.7297457e-04 1.2340163e-02 4.7361148e-03
 4.2413455e-03 5.5492899e-09 2.2934918e-09 5.8596284e-04 5.9857094e-03
 1.2511106e-03 2.2499038e-09 1.7778347e-03 1.7272951e-03 4.2832512e-03
 7.3046447e-03 1.1234291e-02 6.5040111e-04 3.7076455e-03 1.7697605e-03
 3.6420499e-03 2.6950278e-09 1.5005026e-03 6.0272859e-03 4.1996245e-04
 1.5482273e-08 1.4177745e-03 4.4518869e-04]
[[2025-10-16 23:43:24]] Mask: [7.3362538e-03 1.7517562e-03 2.9213766e-03 1.9588945e-03 2.3891691e-03
 1.7843643e-04 1.1502858e-03 8.0855849e-04 1.2863820e-02 4.6478380e-03
 4.6240985e-03 5.5129563e-09 2.2831737e-09 5.8901875e-04 6.2985332e-03
 1.1879553e-03 2.2377027e-09 1.8561056e-03 1.8644220e-03 4.4335043e-03
 7.5735673e-03 1.0257438e-02 6.5847964e-04 3.6819708e-03 1.7275243e-03
 3.6742366e-03 2.6806171e-09 1.5058854e-03 5.7058479e-03 4.2284233e-04
 1.5623030e-08 1.4216575e-03 4.5141517e-04]
[[2025-10-16 23:43:26]] Mask: [7.1689631e-03 1.7071993e-03 2.9274372e-03 2.0892753e-03 2.3170754e-03
 1.9061896e-04 1.2373858e-03 7.7053875e-04 1.2525903e-02 4.8571988e-03
 4.0091695e-03 5.4919664e-09 2.2759388e-09 6.2704133e-04 6.2392070e-03
 1.2215758e-03 2.2261235e-09 1.9720928e-03 1.7238139e-03 4.3483009e-03
 7.5770617e-03 1.0985243e-02 5.9938186e-04 3.6610637e-03 1.8205808e-03
 3.6545610e-03 2.6664968e-09 1.5717706e-03 5.9888684e-03 3.9097961e-04
 1.5637907e-08 1.5706635e-03 4.5799342e-04]
[[2025-10-16 23:43:28]] Mask: [7.0617720e-03 1.6844422e-03 2.9066091e-03 2.1508439e-03 2.2931371e-03
 1.9302517e-04 1.3328475e-03 8.1577164e-04 1.1902863e-02 4.4201659e-03
 4.2959517e-03 5.5016640e-09 2.2661797e-09 6.2731659e-04 6.3014408e-03
 1.2464641e-03 2.2133753e-09 1.9884196e-03 1.7859098e-03 4.2773718e-03
 7.2415275e-03 1.1010937e-02 5.7645515e-04 3.5421180e-03 1.8183396e-03
 3.6160701e-03 2.6529314e-09 1.4969761e-03 5.9786378e-03 3.7295558e-04
 1.5888803e-08 1.5028457e-03 4.4119742e-04]
[[2025-10-16 23:43:30]] Mask: [7.3587270e-03 1.6473494e-03 2.8368467e-03 2.1357893e-03 2.4437334e-03
 1.9045800e-04 1.3561066e-03 8.1875123e-04 1.2333219e-02 4.3966863e-03
 4.4889045e-03 5.4999014e-09 2.2583093e-09 6.2046136e-04 6.0788216e-03
 1.2613727e-03 2.2049145e-09 2.0165883e-03 1.7829803e-03 4.1836579e-03
 7.0696468e-03 1.0887621e-02 5.6616159e-04 3.7226139e-03 1.7249295e-03
 3.4195469e-03 2.6388112e-09 1.5318234e-03 5.7797283e-03 3.7746839e-04
 1.6036100e-08 1.4816074e-03 4.3815875e-04]
[[2025-10-16 23:43:33]] Mask: [7.3284241e-03 1.6831917e-03 2.9561510e-03 2.0298257e-03 2.2377935e-03
 1.9417908e-04 1.2543878e-03 7.9985266e-04 1.2204039e-02 4.9108625e-03
 4.2304583e-03 5.4818985e-09 2.2493547e-09 6.2398304e-04 6.0145212e-03
 1.2958902e-03 2.1916231e-09 1.8231346e-03 1.6858756e-03 4.3609929e-03
 7.0389090e-03 1.1426335e-02 5.7169917e-04 3.9115804e-03 1.8554281e-03
 3.4753510e-03 2.6222589e-09 1.5851817e-03 5.8453339e-03 3.7650650e-04
 1.6147453e-08 1.4357645e-03 4.4190284e-04]
[[2025-10-16 23:43:36]] Mask: [7.0733605e-03 1.6662643e-03 3.0449387e-03 2.0823693e-03 2.1231791e-03
 2.0525686e-04 1.3530111e-03 8.2029746e-04 1.2032850e-02 4.6879193e-03
 3.8241877e-03 5.4558837e-09 2.2386930e-09 6.2003097e-04 6.4057964e-03
 1.3152875e-03 2.1803781e-09 1.8792482e-03 1.7175841e-03 4.4083572e-03
 7.1810484e-03 1.0700544e-02 5.6014856e-04 3.5361734e-03 1.6971049e-03
 3.4920604e-03 2.6069740e-09 1.4283538e-03 6.4048832e-03 3.5629881e-04
 1.6209910e-08 1.4157972e-03 4.3442482e-04]
[[2025-10-16 23:43:40]] Mask: [6.9699907e-03 1.6841487e-03 2.9343965e-03 2.0921135e-03 2.0947023e-03
 2.1150587e-04 1.3196133e-03 7.9998298e-04 1.2130296e-02 4.5285886e-03
 4.1702185e-03 5.4493103e-09 2.2331914e-09 6.2780315e-04 6.0246382e-03
 1.3397429e-03 2.1689011e-09 1.8808714e-03 1.7332993e-03 4.4433484e-03
 6.8246527e-03 1.1915398e-02 5.6669337e-04 3.7268074e-03 1.7274717e-03
 3.6566711e-03 2.5954288e-09 1.3990825e-03 5.9669260e-03 3.7753963e-04
 1.6473880e-08 1.3868865e-03 4.3624497e-04]
[[2025-10-16 23:43:44]] Mask: [6.8893698e-03 1.7033807e-03 3.2696291e-03 2.0901731e-03 2.0535188e-03
 2.0779729e-04 1.2569508e-03 8.4409612e-04 1.2021891e-02 4.6797167e-03
 4.3093916e-03 5.4338667e-09 2.2234967e-09 6.3745002e-04 6.3689821e-03
 1.2172410e-03 2.1559503e-09 1.7747426e-03 1.7641312e-03 4.2355899e-03
 7.0339083e-03 1.0887000e-02 5.4950721e-04 3.6487093e-03 1.6753761e-03
 3.5811721e-03 2.5841123e-09 1.3603488e-03 6.0975594e-03 3.7938531e-04
 1.6599571e-08 1.4173277e-03 4.3646252e-04]
[[2025-10-16 23:43:47]] Mask: [7.0845876e-03 1.7045415e-03 2.8432570e-03 2.0926620e-03 2.1931503e-03
 2.0298734e-04 1.2788457e-03 8.4217236e-04 1.2113594e-02 4.3783872e-03
 4.4412604e-03 5.3998135e-09 2.2113795e-09 6.2699709e-04 6.3385195e-03
 1.2790163e-03 2.1478685e-09 1.8526935e-03 1.7013240e-03 4.2451313e-03
 7.1539879e-03 1.0020371e-02 5.4047554e-04 3.5690758e-03 1.6908097e-03
 3.4949835e-03 2.5746221e-09 1.3016633e-03 5.8221314e-03 3.5837991e-04
 1.6788997e-08 1.3639365e-03 4.3392571e-04]
[[2025-10-16 23:43:50]] Mask: [7.1306867e-03 1.5878214e-03 3.0649246e-03 1.9884820e-03 2.0390840e-03
 2.1331363e-04 1.2306067e-03 7.9767726e-04 1.2375827e-02 4.3811426e-03
 4.3525184e-03 5.3886398e-09 2.2064206e-09 6.7101431e-04 6.3801357e-03
 1.2703611e-03 2.1385647e-09 1.9998576e-03 1.7629082e-03 4.4748350e-03
 7.0127118e-03 1.0601943e-02 5.1751878e-04 3.6846218e-03 1.6047722e-03
 3.4656345e-03 2.5620961e-09 1.2632759e-03 5.8928281e-03 4.1620474e-04
 1.6900774e-08 1.3795478e-03 4.7280418e-04]
[[2025-10-16 23:43:53]] Mask: [7.5148474e-03 1.5951738e-03 2.7667996e-03 1.9831925e-03 2.1075888e-03
 2.0979546e-04 1.2336205e-03 7.9605979e-04 1.2319171e-02 4.4141412e-03
 4.5363749e-03 5.3827329e-09 2.1968043e-09 6.6570612e-04 6.0960138e-03
 1.1757883e-03 2.1281601e-09 1.9383674e-03 1.7822481e-03 4.5697000e-03
 6.8143667e-03 1.0885059e-02 5.6634756e-04 3.5933671e-03 1.4850299e-03
 3.2939357e-03 2.5506328e-09 1.2323293e-03 5.6427540e-03 3.7635505e-04
 1.7002947e-08 1.3268909e-03 4.6972546e-04]
[[2025-10-16 23:43:56]] Mask: [7.4813846e-03 1.5898759e-03 2.7893889e-03 2.0070663e-03 2.0566178e-03
 2.1384635e-04 1.1865902e-03 7.5126119e-04 1.1743100e-02 4.5670629e-03
 4.7392654e-03 5.3649498e-09 2.1854283e-09 6.2617572e-04 6.2808478e-03
 1.2138914e-03 2.1161990e-09 1.8906613e-03 1.9073143e-03 4.3494836e-03
 6.9360300e-03 1.0898632e-02 6.0430897e-04 3.9734188e-03 1.4964673e-03
 3.5433369e-03 2.5422544e-09 1.3368565e-03 5.8488348e-03 3.5677329e-04
 1.7129310e-08 1.3063218e-03 4.5442398e-04]
[[2025-10-16 23:43:58]] Mask: [7.6063261e-03 1.5805103e-03 2.7255903e-03 1.9641034e-03 2.1104137e-03
 2.1924023e-04 1.1186374e-03 7.8675494e-04 1.2320720e-02 4.2146230e-03
 5.1043178e-03 5.3181153e-09 2.1776516e-09 6.1143265e-04 6.2161176e-03
 1.1872471e-03 2.1049233e-09 1.9382023e-03 1.7988023e-03 4.3810909e-03
 6.9441404e-03 1.0436495e-02 6.5389375e-04 3.9362111e-03 1.4210992e-03
 3.3880069e-03 2.5282747e-09 1.2989114e-03 5.7902709e-03 3.6411750e-04
 1.7288732e-08 1.3107873e-03 4.4088165e-04]
[[2025-10-16 23:44:01]] Mask: [7.2192312e-03 1.6389716e-03 2.9578803e-03 1.9054872e-03 1.9542566e-03
 2.4775270e-04 1.2269480e-03 7.9717161e-04 1.2087152e-02 4.3784543e-03
 4.7834013e-03 5.3068270e-09 2.1689466e-09 5.9782545e-04 6.1536105e-03
 1.1883293e-03 2.0904918e-09 1.8738001e-03 1.8350448e-03 4.3069064e-03
 7.1496437e-03 1.1129384e-02 6.3945254e-04 3.7115931e-03 1.4529749e-03
 3.5563528e-03 2.5188551e-09 1.3064625e-03 6.0131275e-03 3.5146606e-04
 1.7233948e-08 1.3497974e-03 4.2791892e-04]
[[2025-10-16 23:44:03]] Mask: [7.0962901e-03 1.6525963e-03 2.8773928e-03 1.9976213e-03 2.0258885e-03
 2.4509054e-04 1.2510379e-03 7.5931125e-04 1.1466322e-02 4.0888037e-03
 4.7299247e-03 5.2965330e-09 2.1607545e-09 6.1453693e-04 5.7465839e-03
 1.1833046e-03 2.0832713e-09 1.9946177e-03 1.7988253e-03 4.2024353e-03
 6.7627747e-03 1.1766254e-02 6.1276893e-04 3.6086095e-03 1.4616707e-03
 3.4414530e-03 2.5064186e-09 1.3435213e-03 5.7475157e-03 3.5209671e-04
 1.7350208e-08 1.2846586e-03 4.3698834e-04]
[[2025-10-16 23:44:06]] Mask: [7.2425562e-03 1.7768617e-03 2.9246619e-03 2.0538012e-03 2.1038034e-03
 2.4127582e-04 1.1965790e-03 7.5721828e-04 1.2160699e-02 4.3683820e-03
 4.8457887e-03 5.2969673e-09 2.1516451e-09 6.4544036e-04 6.0919300e-03
 1.2336517e-03 2.0758539e-09 2.0852913e-03 1.8650725e-03 4.1850014e-03
 6.8337996e-03 1.0453498e-02 6.5601949e-04 3.7211005e-03 1.6727303e-03
 3.3608880e-03 2.4969899e-09 1.3271304e-03 5.7837088e-03 3.4708795e-04
 1.7258783e-08 1.3676435e-03 4.4523025e-04]
[[2025-10-16 23:44:10]] Mask: [7.3368228e-03 1.7607143e-03 2.8679236e-03 2.0498626e-03 2.1215433e-03
 2.4634815e-04 1.2058394e-03 7.2019122e-04 1.2019678e-02 4.6044881e-03
 4.6522850e-03 5.2730971e-09 2.1401969e-09 6.0332945e-04 5.7583079e-03
 1.2388522e-03 2.0633957e-09 1.9002472e-03 1.8988078e-03 4.1024201e-03
 6.7713833e-03 1.0320879e-02 6.3613604e-04 3.3411281e-03 1.5783132e-03
 3.5613428e-03 2.4866622e-09 1.3561209e-03 5.4522604e-03 3.5262480e-04
 1.7045972e-08 1.3873469e-03 4.5413277e-04]
[[2025-10-16 23:44:12]] Mask: [7.2349659e-03 1.7147484e-03 2.7795844e-03 1.9885197e-03 2.0874885e-03
 2.6950150e-04 1.1965039e-03 7.1953196e-04 1.2054081e-02 4.6129930e-03
 4.9727331e-03 5.2605698e-09 2.1307147e-09 6.0431735e-04 5.7806051e-03
 1.2654002e-03 2.0554491e-09 2.2760623e-03 1.8482070e-03 4.0593548e-03
 6.7331190e-03 1.0770140e-02 7.0504536e-04 3.7311248e-03 1.4214389e-03
 3.7548838e-03 2.4782814e-09 1.4263367e-03 5.7544685e-03 3.4386929e-04
 1.7186021e-08 1.3085265e-03 4.5257874e-04]
[[2025-10-16 23:44:15]] Mask: [6.92429766e-03 1.68663822e-03 2.98124971e-03 1.87478855e-03
 2.12558918e-03 2.72897974e-04 1.13137043e-03 7.49935803e-04
 1.22158695e-02 4.44214186e-03 4.75248136e-03 5.25494404e-09
 2.12311235e-09 6.34874101e-04 6.06145384e-03 1.18837296e-03
 2.04549200e-09 2.33632838e-03 1.86170160e-03 4.21091262e-03
 6.97645638e-03 1.04545290e-02 6.91220630e-04 3.90209234e-03
 1.59614929e-03 3.46291182e-03 2.46580534e-09 1.32923713e-03
 5.78974094e-03 3.33920238e-04 1.75872685e-08 1.25966419e-03
 4.41110547e-04]
[[2025-10-16 23:44:17]] Mask: [6.8864734e-03 1.7770994e-03 3.0223716e-03 1.9957807e-03 2.0286466e-03
 2.7525524e-04 1.1783381e-03 7.1181281e-04 1.1767945e-02 4.7749551e-03
 5.4057641e-03 5.2629185e-09 2.1155129e-09 6.4495485e-04 6.0373726e-03
 1.2003897e-03 2.0313438e-09 1.9653882e-03 1.8498942e-03 4.0262989e-03
 6.8260687e-03 1.0568809e-02 7.0766255e-04 3.8079256e-03 1.7250823e-03
 3.4778903e-03 2.4544171e-09 1.3962652e-03 5.4206513e-03 3.4357817e-04
 1.7760945e-08 1.2791278e-03 4.4324802e-04]
[[2025-10-16 23:44:20]] Mask: [6.8659787e-03 1.6912161e-03 2.8186885e-03 2.0039245e-03 2.0549234e-03
 2.7053771e-04 1.1995473e-03 6.7096727e-04 1.1855137e-02 5.1180902e-03
 5.0724293e-03 5.2554352e-09 2.1059072e-09 6.0273858e-04 6.0803862e-03
 1.2023511e-03 2.0233433e-09 2.0735986e-03 1.6954351e-03 4.1248715e-03
 7.1254116e-03 1.0231532e-02 6.7694357e-04 3.6099914e-03 1.6588208e-03
 3.3800078e-03 2.4438271e-09 1.3384880e-03 5.5010193e-03 3.4370460e-04
 1.7710439e-08 1.3592221e-03 4.6426835e-04]
[[2025-10-16 23:44:24]] Mask: [6.7370748e-03 1.6327424e-03 2.7606189e-03 2.0400875e-03 1.8938900e-03
 2.9235036e-04 1.1542041e-03 7.3038985e-04 1.1667177e-02 4.6763397e-03
 5.2103018e-03 5.2389817e-09 2.0972410e-09 6.2116137e-04 6.1469590e-03
 1.1804085e-03 2.0126354e-09 2.0458612e-03 1.7573694e-03 4.2736731e-03
 6.8134535e-03 1.1198695e-02 6.4131862e-04 3.4236491e-03 1.5273010e-03
 3.5047024e-03 2.4306854e-09 1.3279464e-03 5.8478946e-03 3.6895857e-04
 1.7857175e-08 1.3145105e-03 4.7389319e-04]
[[2025-10-16 23:44:26]] Mask: [7.0287515e-03 1.6404237e-03 2.7847029e-03 2.0355347e-03 1.9727459e-03
 2.9526604e-04 1.1590470e-03 6.8430341e-04 1.1984366e-02 4.7110948e-03
 5.6610084e-03 5.2293974e-09 2.0901807e-09 6.1994739e-04 5.7718838e-03
 1.1851223e-03 2.0042190e-09 2.2361884e-03 1.8009680e-03 4.1219029e-03
 6.9094570e-03 1.0774485e-02 6.1358680e-04 3.4924783e-03 1.5227159e-03
 3.3503931e-03 2.4200963e-09 1.3632956e-03 5.7199728e-03 3.4153688e-04
 1.8478996e-08 1.2066581e-03 4.6603195e-04]
[[2025-10-16 23:44:29]] Mask: [6.9506443e-03 1.7488385e-03 2.8681334e-03 2.0904436e-03 1.9859152e-03
 3.0057051e-04 1.2246432e-03 6.7148992e-04 1.1868987e-02 4.7076149e-03
 4.8377062e-03 5.2295075e-09 2.0788058e-09 5.9922994e-04 5.8169202e-03
 1.2429778e-03 1.9934299e-09 2.2847110e-03 1.7583215e-03 4.1215038e-03
 6.9398573e-03 1.0553497e-02 6.1429042e-04 3.8044963e-03 1.6469118e-03
 3.6249235e-03 2.4114430e-09 1.3847016e-03 5.3933389e-03 3.0637597e-04
 1.8173674e-08 1.3434272e-03 4.7713271e-04]
[[2025-10-16 23:44:31]] Mask: [6.6949055e-03 1.7580196e-03 2.8831845e-03 2.0243621e-03 1.8278863e-03
 3.0786544e-04 1.2415277e-03 6.9791602e-04 1.1791154e-02 4.9320846e-03
 5.6467205e-03 5.2060400e-09 2.0698721e-09 5.8652944e-04 6.0624075e-03
 1.1940515e-03 1.9803630e-09 1.9236150e-03 1.7126268e-03 4.1147275e-03
 7.0553520e-03 9.9933688e-03 5.8855605e-04 3.8313859e-03 1.6175252e-03
 3.3122855e-03 2.4010889e-09 1.3592462e-03 5.6046681e-03 3.1830923e-04
 1.8609585e-08 1.2945980e-03 4.8567427e-04]
[[2025-10-16 23:44:33]] Mask: [7.1135233e-03 1.7524083e-03 2.7101960e-03 2.0714093e-03 1.8545107e-03
 3.1086468e-04 1.1519586e-03 7.0739153e-04 1.1830562e-02 4.3263803e-03
 5.1842090e-03 5.1784297e-09 2.0626443e-09 6.4314046e-04 5.7647843e-03
 1.1488551e-03 1.9731352e-09 2.0886629e-03 1.8117938e-03 4.1200868e-03
 6.9408664e-03 1.0450273e-02 5.8004557e-04 3.4668169e-03 1.6984022e-03
 3.4127333e-03 2.3900544e-09 1.3213885e-03 6.0382397e-03 3.4367933e-04
 1.9051333e-08 1.2578557e-03 4.8570440e-04]
[[2025-10-16 23:44:36]] Mask: [6.8369005e-03 1.6760573e-03 2.6577318e-03 2.0778982e-03 1.9239179e-03
 2.9673436e-04 1.1473174e-03 7.0545060e-04 1.1552883e-02 4.5051537e-03
 5.1718806e-03 5.1602185e-09 2.0547555e-09 6.2977418e-04 5.9637874e-03
 1.2132470e-03 1.9641986e-09 2.0370365e-03 1.7664201e-03 4.0853433e-03
 6.7276303e-03 1.0542404e-02 5.7293690e-04 3.4891276e-03 1.8386215e-03
 3.5208915e-03 2.3773967e-09 1.2701384e-03 6.0379822e-03 3.7986517e-04
 1.9110946e-08 1.2532759e-03 4.7883898e-04]
[[2025-10-16 23:44:38]] Mask: [7.0127551e-03 1.7136143e-03 2.6765000e-03 1.9273353e-03 1.8807568e-03
 3.2633869e-04 1.1484737e-03 7.1938353e-04 1.2191284e-02 4.6554636e-03
 4.6684761e-03 5.1524593e-09 2.0499289e-09 6.2654552e-04 5.8888434e-03
 1.1834906e-03 1.9539192e-09 2.0765471e-03 1.7266900e-03 4.1911998e-03
 6.9543314e-03 1.0418982e-02 6.3475640e-04 3.7736958e-03 1.8376706e-03
 3.5490487e-03 2.3663358e-09 1.3163176e-03 5.7782377e-03 3.9848615e-04
 1.9642219e-08 1.2998532e-03 4.6542994e-04]
[[2025-10-16 23:44:41]] Mask: [7.0390957e-03 1.6286992e-03 2.6020033e-03 1.9188677e-03 1.8706067e-03
 3.2089520e-04 1.1952547e-03 6.7243743e-04 1.1804534e-02 4.9653491e-03
 4.5908992e-03 5.1581033e-09 2.0394186e-09 6.1104959e-04 5.9285788e-03
 1.2002096e-03 1.9442312e-09 2.0696062e-03 1.6598634e-03 4.1358671e-03
 6.8890899e-03 1.0597253e-02 6.1695214e-04 3.4409969e-03 1.8380957e-03
 3.6920584e-03 2.3555731e-09 1.2790479e-03 5.7144463e-03 3.5474988e-04
 2.0111436e-08 1.2287351e-03 4.2294528e-04]
[[2025-10-16 23:44:43]] Mask: [6.8708253e-03 1.6734089e-03 2.6984569e-03 1.9807855e-03 1.8287845e-03
 3.3137179e-04 1.2577986e-03 6.5245235e-04 1.1876175e-02 4.9352194e-03
 4.5824912e-03 5.1337716e-09 2.0305613e-09 6.1247143e-04 5.7609756e-03
 1.2285607e-03 1.9354771e-09 2.1482857e-03 1.6156181e-03 4.1790777e-03
 7.1264473e-03 1.0619810e-02 6.7207764e-04 3.5589847e-03 1.6414804e-03
 3.7126124e-03 2.3465372e-09 1.2784402e-03 5.6224861e-03 3.4953153e-04
 1.9608194e-08 1.3723223e-03 4.2536866e-04]
[[2025-10-16 23:44:45]] Mask: [7.19475886e-03 1.63734576e-03 2.62285629e-03 1.95052032e-03
 1.89827650e-03 3.29050119e-04 1.28367892e-03 5.97053906e-04
 1.17125595e-02 4.36482253e-03 4.44713840e-03 5.12959231e-09
 2.01971884e-09 5.77953761e-04 5.98064484e-03 1.19286845e-03
 1.92503591e-09 2.16968567e-03 1.67337456e-03 4.18874063e-03
 7.13889115e-03 1.08228382e-02 6.61081926e-04 3.40175070e-03
 1.77526393e-03 3.32852057e-03 2.33498709e-09 1.23008050e-03
 6.35688985e-03 3.65014683e-04 1.98320649e-08 1.34558999e-03
 4.27924824e-04]
[[2025-10-16 23:44:47]] Mask: [7.3057446e-03 1.6937000e-03 2.7940259e-03 1.9859069e-03 1.9128806e-03
 3.1774046e-04 1.3262558e-03 6.3584087e-04 1.1676258e-02 4.5960229e-03
 4.3598106e-03 5.1139035e-09 2.0116375e-09 6.1208603e-04 5.8798809e-03
 1.1544537e-03 1.9161233e-09 2.2451719e-03 1.6228103e-03 4.2852648e-03
 7.1786731e-03 1.0498291e-02 6.6050381e-04 3.5868238e-03 1.7115559e-03
 3.4375812e-03 2.3270199e-09 1.2568723e-03 5.7755592e-03 4.3239997e-04
 2.0294046e-08 1.3825328e-03 4.4315192e-04]
[[2025-10-16 23:44:49]] Mask: [7.3191193e-03 1.6393018e-03 2.6486597e-03 1.9191918e-03 1.8475825e-03
 3.4379374e-04 1.2346468e-03 6.7499699e-04 1.2027216e-02 4.6919193e-03
 4.4939062e-03 5.1074114e-09 2.0072568e-09 6.4976537e-04 5.7661263e-03
 1.0843244e-03 1.9069537e-09 2.2564395e-03 1.6727988e-03 4.4136466e-03
 6.8317708e-03 1.0522769e-02 6.8056508e-04 3.4025607e-03 1.7506550e-03
 3.5065413e-03 2.3182838e-09 1.2322689e-03 5.9934771e-03 4.2679737e-04
 2.0721366e-08 1.3204953e-03 4.4822076e-04]
[[2025-10-16 23:44:51]] Mask: [6.8172743e-03 1.6960793e-03 2.8795977e-03 1.8843111e-03 1.8229696e-03
 3.6291633e-04 1.3224706e-03 6.8662508e-04 1.2026854e-02 4.2710807e-03
 4.8240069e-03 5.1152007e-09 1.9958533e-09 6.0407975e-04 6.0606841e-03
 1.0881771e-03 1.8986535e-09 2.3643542e-03 1.7143331e-03 4.2251325e-03
 7.0973621e-03 1.0430035e-02 7.0098025e-04 3.3578132e-03 1.7545100e-03
 3.6653765e-03 2.3106423e-09 1.2544469e-03 5.9557818e-03 4.2650575e-04
 2.1071738e-08 1.3260893e-03 4.3136926e-04]
[[2025-10-16 23:44:53]] Mask: [6.9651478e-03 1.6489162e-03 2.8282688e-03 1.8282188e-03 1.8038884e-03
 3.5741774e-04 1.2305769e-03 6.9610990e-04 1.2275339e-02 4.1500987e-03
 4.8860963e-03 5.0859565e-09 1.9859272e-09 5.9076253e-04 6.0357619e-03
 1.1229962e-03 1.8904471e-09 2.2824393e-03 1.7587015e-03 4.1115964e-03
 7.0769372e-03 1.0112612e-02 6.6731352e-04 3.3249443e-03 1.7887955e-03
 3.4821283e-03 2.3017701e-09 1.2668739e-03 5.9357579e-03 4.0901714e-04
 2.1299886e-08 1.3511736e-03 4.3447039e-04]
[[2025-10-16 23:44:56]] Mask: [7.0521859e-03 1.6739555e-03 2.7014141e-03 1.8503633e-03 1.9047137e-03
 3.5888710e-04 1.1706878e-03 7.5150933e-04 1.1988477e-02 4.1445391e-03
 4.3826611e-03 5.0553850e-09 1.9797852e-09 6.0426840e-04 6.0108625e-03
 1.1207360e-03 1.8828041e-09 2.3733568e-03 1.7529990e-03 4.0490250e-03
 6.8798955e-03 9.9057863e-03 6.5878313e-04 3.4147678e-03 1.6741722e-03
 3.5311482e-03 2.2908904e-09 1.3825642e-03 5.9026298e-03 3.7321897e-04
 2.1906461e-08 1.2343345e-03 4.3709870e-04]
[[2025-10-16 23:44:58]] Mask: [6.9778105e-03 1.7059757e-03 2.6242028e-03 1.8540829e-03 1.7795617e-03
 3.6908948e-04 1.1880503e-03 7.2531117e-04 1.1943951e-02 4.1630981e-03
 4.8531899e-03 5.0650852e-09 1.9725972e-09 6.0903234e-04 5.9980466e-03
 1.1498114e-03 1.8735651e-09 2.2066589e-03 1.7020028e-03 4.0723612e-03
 6.6404329e-03 1.0130789e-02 6.5079075e-04 3.8894927e-03 1.5801964e-03
 3.5239542e-03 2.2805058e-09 1.3419298e-03 5.8196010e-03 3.7203726e-04
 2.1930962e-08 1.2853134e-03 4.2587929e-04]
[[2025-10-16 23:45:00]] Mask: [6.8131723e-03 1.7523392e-03 2.7176333e-03 1.8364098e-03 1.8522375e-03
 3.6126288e-04 1.2251682e-03 6.9136289e-04 1.1368385e-02 4.3286900e-03
 5.1759006e-03 5.0278541e-09 1.9643784e-09 5.9983419e-04 5.8843899e-03
 1.1879948e-03 1.8661255e-09 2.5348663e-03 1.6709013e-03 3.9584367e-03
 6.7230021e-03 1.0017765e-02 6.4829260e-04 3.6937005e-03 1.6800441e-03
 3.5771383e-03 2.2728415e-09 1.3660756e-03 5.3188936e-03 3.7796784e-04
 2.1498328e-08 1.4013969e-03 4.0813300e-04]
[[2025-10-16 23:45:02]] Mask: [7.2952393e-03 1.8123164e-03 2.7475697e-03 1.8364316e-03 1.8091481e-03
 3.7114069e-04 1.2268686e-03 6.7083369e-04 1.1520132e-02 4.5743524e-03
 4.9318154e-03 5.0168474e-09 1.9583255e-09 5.9858238e-04 5.5085840e-03
 1.1164454e-03 1.8568693e-09 2.5244961e-03 1.7269719e-03 4.0530404e-03
 6.7396499e-03 1.0418068e-02 6.1805599e-04 3.6061071e-03 1.5660700e-03
 3.6604949e-03 2.2621807e-09 1.3263759e-03 5.3312066e-03 4.3287344e-04
 2.1803084e-08 1.4162645e-03 4.3042473e-04]
[[2025-10-16 23:45:04]] Mask: [7.1756993e-03 1.7969641e-03 2.6517198e-03 1.8739036e-03 1.6954836e-03
 4.0514293e-04 1.2866582e-03 6.9600012e-04 1.1281509e-02 4.8305374e-03
 5.0608627e-03 4.9938866e-09 1.9503932e-09 5.9086358e-04 5.5370992e-03
 1.1646504e-03 1.8463837e-09 2.5562758e-03 1.7745297e-03 4.1471752e-03
 6.4865882e-03 1.0718414e-02 6.6150952e-04 3.5605950e-03 1.5205469e-03
 3.7811873e-03 2.2539972e-09 1.3011179e-03 5.7026455e-03 4.0227023e-04
 2.2154461e-08 1.2716267e-03 4.2193334e-04]
[[2025-10-16 23:45:06]] Mask: [6.67083915e-03 1.74062408e-03 2.88323523e-03 1.86008424e-03
 1.69961515e-03 3.85168853e-04 1.25869154e-03 6.86019077e-04
 1.09471325e-02 4.24237084e-03 4.78614867e-03 4.99897634e-09
 1.94317828e-09 6.07193331e-04 5.90901542e-03 1.19969470e-03
 1.83801063e-09 2.51048664e-03 1.75685924e-03 4.05595545e-03
 6.74544321e-03 1.01377256e-02 6.28100941e-04 3.62650491e-03
 1.57575577e-03 3.55677865e-03 2.24623786e-09 1.33726653e-03
 5.81290945e-03 4.10456880e-04 2.22352305e-08 1.28999038e-03
 4.25513892e-04]
[[2025-10-16 23:45:08]] Mask: [7.2778002e-03 1.7084992e-03 2.7765592e-03 1.9221643e-03 1.8068134e-03
 3.8609104e-04 1.2831532e-03 6.4609275e-04 1.1273752e-02 4.4447761e-03
 4.6411809e-03 5.0151732e-09 1.9360900e-09 5.9433380e-04 5.8054295e-03
 1.1492607e-03 1.8298848e-09 2.5111076e-03 1.7528671e-03 4.1332319e-03
 6.7790910e-03 9.8366346e-03 6.4708519e-04 3.4533101e-03 1.4948024e-03
 3.4372837e-03 2.2363968e-09 1.4201183e-03 5.5933106e-03 4.1052338e-04
 2.2984635e-08 1.2176370e-03 4.1758336e-04]
[[2025-10-16 23:45:08]] Early stopping at epoch 94/100
