[[2025-10-16 23:32:44]] Starting training on model: model_[33, 8, 1]_output_Sigmoid_intermediate_Tanh_normalized_data_True_loss_MSELoss
[[2025-10-16 23:32:46]] Mask: [9.1973087e-03 3.0890459e-03 3.5401308e-03 2.5632081e-03 5.6005400e-03
 6.2759860e-08 2.1163921e-03 1.4718658e-03 1.8941397e-02 7.5541981e-03
 5.8222457e-04 1.0370900e-08 6.9406689e-09 9.9547138e-04 5.0918646e-03
 1.9772593e-03 1.1754279e-08 2.3484190e-05 2.1790233e-03 6.9847722e-03
 1.0035505e-02 1.7347941e-02 1.3479686e-03 4.9601267e-03 2.9806984e-03
 5.1649595e-03 1.0439607e-08 1.9500017e-03 9.7304052e-03 1.1387321e-03
 2.2929111e-08 2.1260565e-03 6.7777274e-04]
[[2025-10-16 23:32:48]] Mask: [9.0475008e-03 2.8173726e-03 3.7280968e-03 2.7387270e-03 6.0517741e-03
 5.9773022e-08 2.0321899e-03 1.4331971e-03 1.8819468e-02 7.4798618e-03
 6.1956170e-04 1.0254611e-08 6.8448291e-09 1.0033351e-03 4.9172090e-03
 1.9395845e-03 1.1385730e-08 2.1822822e-05 2.1410345e-03 6.6964850e-03
 1.0003106e-02 1.7392166e-02 1.2165016e-03 4.8439410e-03 2.8797868e-03
 5.3099906e-03 1.0262771e-08 1.9694797e-03 9.3573667e-03 9.9021778e-04
 2.2273987e-08 2.3025374e-03 6.7599455e-04]
[[2025-10-16 23:32:50]] Mask: [9.0764128e-03 2.7946744e-03 3.9295983e-03 2.9018039e-03 6.1897831e-03
 6.1659478e-08 1.9265843e-03 1.3816627e-03 1.8661711e-02 7.8822197e-03
 6.6206959e-04 1.0242629e-08 6.7677952e-09 1.0215577e-03 4.9292394e-03
 1.8943524e-03 1.1116784e-08 2.1478883e-05 2.2433568e-03 6.5332111e-03
 9.6736560e-03 1.5817337e-02 1.1115464e-03 5.0762161e-03 3.1597295e-03
 4.9505173e-03 1.0107670e-08 1.9738483e-03 9.0215877e-03 8.8122446e-04
 2.1888003e-08 2.4164335e-03 7.1106630e-04]
[[2025-10-16 23:32:52]] Mask: [8.92670080e-03 2.67648371e-03 3.91310593e-03 2.91793956e-03
 5.87583007e-03 6.21846965e-08 1.99501356e-03 1.30882068e-03
 1.87644772e-02 7.71827437e-03 6.81169447e-04 1.01505995e-08
 6.65481803e-09 9.50796064e-04 4.68387827e-03 1.94408500e-03
 1.07295159e-08 2.07206522e-05 2.44263606e-03 6.63748989e-03
 1.01226596e-02 1.64323226e-02 1.11668161e-03 5.12736896e-03
 3.17766797e-03 5.07347146e-03 9.97468064e-09 2.04297272e-03
 9.26094502e-03 8.47546384e-04 2.17531966e-08 2.36947951e-03
 7.21379532e-04]
[[2025-10-16 23:32:55]] Mask: [9.05452855e-03 2.64400197e-03 3.81323835e-03 2.92100990e-03
 6.36914186e-03 6.17493967e-08 1.96611858e-03 1.29415852e-03
 1.79535355e-02 6.99808309e-03 6.86451094e-04 1.00518776e-08
 6.56534249e-09 9.38782177e-04 4.77088243e-03 1.90138607e-03
 1.04863256e-08 1.96685760e-05 2.43628188e-03 6.43110275e-03
 1.02880141e-02 1.61890443e-02 1.06099760e-03 5.16965101e-03
 3.11476435e-03 5.30158821e-03 9.83118831e-09 1.97583321e-03
 9.13923793e-03 7.59104267e-04 2.14747224e-08 2.32005888e-03
 7.30520405e-04]
[[2025-10-16 23:32:58]] Mask: [8.8700596e-03 2.6048955e-03 3.8572997e-03 3.0021984e-03 6.1801961e-03
 6.7387134e-08 1.9357069e-03 1.2163584e-03 1.7698159e-02 7.5015835e-03
 7.2747754e-04 9.9983382e-09 6.4667995e-09 9.3582622e-04 4.6147034e-03
 1.9654199e-03 1.0271347e-08 2.1450778e-05 2.4609505e-03 6.3687707e-03
 9.8014651e-03 1.7980829e-02 9.9483936e-04 5.0732475e-03 3.0386557e-03
 5.0938893e-03 9.6324708e-09 1.8864260e-03 8.9449314e-03 6.8158965e-04
 2.1305858e-08 2.3291304e-03 6.7415903e-04]
[[2025-10-16 23:33:00]] Mask: [9.3580252e-03 2.5345457e-03 3.8980928e-03 2.9404701e-03 6.1427979e-03
 6.7005452e-08 1.8286016e-03 1.1795616e-03 1.8130818e-02 7.4284044e-03
 7.8520447e-04 9.8896038e-09 6.3927881e-09 9.1450912e-04 4.4599837e-03
 1.9482698e-03 9.9495425e-09 2.0200596e-05 2.4192261e-03 6.4787357e-03
 1.0046221e-02 1.6706772e-02 9.3268492e-04 4.9939114e-03 2.8340102e-03
 5.1926165e-03 9.4870956e-09 1.9605425e-03 8.3673391e-03 6.6002866e-04
 2.0909832e-08 2.4767146e-03 6.9685996e-04]
[[2025-10-16 23:33:02]] Mask: [8.9891320e-03 2.5089013e-03 4.0003196e-03 2.9047178e-03 6.2310202e-03
 6.8821024e-08 1.8527877e-03 1.1887007e-03 1.8043064e-02 7.1417065e-03
 8.4245688e-04 9.8501269e-09 6.2992132e-09 9.0301695e-04 4.4623706e-03
 1.9260698e-03 9.7165218e-09 1.9571615e-05 2.5611389e-03 6.1678374e-03
 1.0018299e-02 1.5255469e-02 8.7458140e-04 5.2058278e-03 2.6852221e-03
 5.0443010e-03 9.2896961e-09 1.8199345e-03 8.6332988e-03 5.8951101e-04
 2.0723341e-08 2.1883817e-03 6.7279063e-04]
[[2025-10-16 23:33:04]] Mask: [8.8719130e-03 2.3866757e-03 4.2248238e-03 2.8358395e-03 5.7032462e-03
 7.5476201e-08 1.8752581e-03 1.1729639e-03 1.8243287e-02 7.0948964e-03
 8.8215317e-04 9.7886774e-09 6.2367831e-09 8.9826196e-04 4.5174072e-03
 1.8297788e-03 9.5243360e-09 2.1333413e-05 2.5934463e-03 6.2883794e-03
 9.4753206e-03 1.6340833e-02 9.1279630e-04 5.1799021e-03 2.7450323e-03
 5.1454366e-03 9.1176311e-09 1.8695758e-03 8.8417660e-03 5.7484861e-04
 2.0605299e-08 2.2043041e-03 6.5892161e-04]
[[2025-10-16 23:33:06]] Mask: [8.8333245e-03 2.3988660e-03 4.1895746e-03 2.7453273e-03 5.5419724e-03
 7.7167385e-08 1.8775050e-03 1.2477516e-03 1.8674172e-02 7.0499759e-03
 9.5829635e-04 9.7852615e-09 6.1481185e-09 8.5293635e-04 4.5643784e-03
 1.7764795e-03 9.2875343e-09 2.0625055e-05 2.6601548e-03 6.4756214e-03
 9.3735000e-03 1.5775511e-02 9.2492130e-04 4.8384871e-03 2.5513505e-03
 4.9484228e-03 8.9568468e-09 1.9070912e-03 8.4633110e-03 5.2709290e-04
 2.0352035e-08 2.2180839e-03 6.3564244e-04]
[[2025-10-16 23:33:09]] Mask: [8.8988887e-03 2.5140559e-03 4.0239459e-03 2.7198663e-03 5.5603981e-03
 7.7136924e-08 1.9792591e-03 1.1979818e-03 1.7968278e-02 6.7830025e-03
 1.0266169e-03 9.7732684e-09 6.0495693e-09 7.8944571e-04 4.5119510e-03
 1.8403421e-03 9.0822754e-09 2.0202544e-05 2.6222875e-03 6.2288917e-03
 1.0174363e-02 1.5830489e-02 8.9268194e-04 4.9890848e-03 2.4410496e-03
 4.8816749e-03 8.8457286e-09 1.8767838e-03 8.4960293e-03 5.1087479e-04
 2.0062549e-08 2.4334616e-03 6.2847970e-04]
[[2025-10-16 23:33:12]] Mask: [8.8299019e-03 2.4836692e-03 3.9661899e-03 2.8614711e-03 5.7220100e-03
 8.1885524e-08 1.8016470e-03 1.0534839e-03 1.7729847e-02 6.9248751e-03
 1.0170727e-03 9.6963610e-09 5.9741989e-09 7.7769236e-04 4.4735605e-03
 1.8255216e-03 8.8856869e-09 1.9836885e-05 2.6248430e-03 6.0505960e-03
 9.7569153e-03 1.6835447e-02 8.0850150e-04 5.1282253e-03 2.7005021e-03
 5.3124349e-03 8.7060306e-09 1.9978865e-03 8.3504543e-03 4.7015751e-04
 1.9907711e-08 2.3353482e-03 6.1974564e-04]
[[2025-10-16 23:33:15]] Mask: [9.0994379e-03 2.4365820e-03 3.5661685e-03 2.8185369e-03 5.6557930e-03
 8.4311154e-08 1.7285782e-03 1.1100755e-03 1.8412778e-02 7.0343241e-03
 1.0813536e-03 9.6655794e-09 5.8893121e-09 7.4974075e-04 4.6000602e-03
 1.7117424e-03 8.6610141e-09 2.0130288e-05 2.8530904e-03 6.0942802e-03
 1.0091458e-02 1.5822452e-02 8.7795628e-04 5.5684331e-03 2.5627206e-03
 5.5086473e-03 8.5901881e-09 1.8972739e-03 8.7912800e-03 4.4633367e-04
 1.9982883e-08 2.1905601e-03 6.1622408e-04]
[[2025-10-16 23:33:17]] Mask: [8.7438552e-03 2.4542126e-03 3.6053497e-03 2.7933682e-03 5.6648781e-03
 8.9228678e-08 1.7547664e-03 1.0591556e-03 1.7979600e-02 7.0788208e-03
 1.0854598e-03 9.6093489e-09 5.8575864e-09 7.9858804e-04 4.6363305e-03
 1.7448374e-03 8.4900771e-09 2.0435904e-05 2.5840288e-03 6.0041449e-03
 9.2933197e-03 1.6214566e-02 8.9146598e-04 5.3976378e-03 2.6806248e-03
 5.2103689e-03 8.4711038e-09 1.9423530e-03 8.8158036e-03 4.4062303e-04
 1.9869663e-08 2.2073279e-03 6.1764143e-04]
[[2025-10-16 23:33:20]] Mask: [9.0392837e-03 2.4989317e-03 3.7172681e-03 2.7768156e-03 5.5883056e-03
 8.9741739e-08 1.6843803e-03 1.1411927e-03 1.8276155e-02 7.1901688e-03
 1.1545699e-03 9.4736601e-09 5.7960055e-09 7.7952875e-04 4.7531985e-03
 1.7088287e-03 8.3058156e-09 1.9995650e-05 2.5507219e-03 6.2147188e-03
 9.6484814e-03 1.5228551e-02 8.6508453e-04 5.2686138e-03 2.5168373e-03
 4.6723508e-03 8.3246734e-09 1.7931687e-03 8.6210445e-03 4.1129076e-04
 1.9766018e-08 2.1637001e-03 6.2649563e-04]
[[2025-10-16 23:33:22]] Mask: [8.5600782e-03 2.3516808e-03 3.9629498e-03 2.8525940e-03 5.6400420e-03
 9.3388394e-08 1.6792365e-03 1.1323581e-03 1.8185342e-02 6.5759267e-03
 1.2153138e-03 9.4583497e-09 5.7399419e-09 7.7682687e-04 4.7067660e-03
 1.8169424e-03 8.1686284e-09 2.0835279e-05 2.5415148e-03 6.3619218e-03
 9.7412774e-03 1.6161134e-02 8.1705768e-04 5.4553254e-03 2.3685768e-03
 4.7513470e-03 8.1977376e-09 1.8568098e-03 8.6982260e-03 3.9995075e-04
 1.9764736e-08 2.0662919e-03 6.3016475e-04]
[[2025-10-16 23:33:25]] Mask: [8.9554796e-03 2.2850088e-03 3.9823097e-03 2.7581810e-03 5.7189562e-03
 9.2102368e-08 1.5675775e-03 1.1251915e-03 1.8675344e-02 6.3800481e-03
 1.2931371e-03 9.4116146e-09 5.6795009e-09 7.9226168e-04 4.7885315e-03
 1.7922403e-03 8.0046147e-09 2.0514222e-05 2.7150204e-03 6.2560313e-03
 9.5443316e-03 1.4423783e-02 8.1767101e-04 4.9360129e-03 2.1854173e-03
 4.4716606e-03 8.0990015e-09 1.6462973e-03 8.3254334e-03 3.7476362e-04
 1.9723950e-08 2.0804557e-03 6.4031268e-04]
[[2025-10-16 23:33:28]] Mask: [8.8584013e-03 2.3545811e-03 3.8151625e-03 2.8847558e-03 5.6247073e-03
 1.0040328e-07 1.5884882e-03 1.0530099e-03 1.8025065e-02 7.2282692e-03
 1.2412677e-03 9.3575041e-09 5.6065916e-09 7.7913812e-04 4.7634305e-03
 1.9220472e-03 7.8341911e-09 2.1498558e-05 2.5862381e-03 6.1325068e-03
 9.3520861e-03 1.5738204e-02 8.4074435e-04 4.9979170e-03 2.4096337e-03
 4.5325910e-03 7.9976257e-09 1.8492551e-03 8.4085241e-03 3.8599424e-04
 1.9427160e-08 2.0966101e-03 6.0980342e-04]
[[2025-10-16 23:33:30]] Mask: [8.7115373e-03 2.3140803e-03 3.9851251e-03 2.9321692e-03 5.9412969e-03
 1.0471440e-07 1.5936474e-03 1.0679954e-03 1.8097647e-02 6.6399896e-03
 1.1946020e-03 9.3308241e-09 5.5538325e-09 7.5600983e-04 4.7271554e-03
 1.8835058e-03 7.7090565e-09 2.2361510e-05 2.6404997e-03 6.0011572e-03
 9.3661584e-03 1.5751423e-02 7.9444388e-04 4.9874564e-03 2.2829021e-03
 4.6553486e-03 7.9125053e-09 1.6675799e-03 8.5825268e-03 3.7606669e-04
 1.9137465e-08 1.9875860e-03 6.1122963e-04]
[[2025-10-16 23:33:32]] Mask: [8.48079566e-03 2.44155573e-03 3.82658816e-03 2.96247215e-03
 5.51595585e-03 1.12060725e-07 1.80232129e-03 1.03406026e-03
 1.77576784e-02 6.66796742e-03 1.18356152e-03 9.30682909e-09
 5.49700729e-09 7.48728286e-04 4.86052781e-03 1.83834415e-03
 7.57093055e-09 2.33111296e-05 2.48579634e-03 5.90287335e-03
 9.44275502e-03 1.57540105e-02 7.76034896e-04 4.85377247e-03
 2.35192780e-03 4.57925582e-03 7.79127429e-09 1.71396905e-03
 8.58489703e-03 3.72670562e-04 1.89070768e-08 2.08724802e-03
 5.88800409e-04]
[[2025-10-16 23:33:35]] Mask: [8.6321486e-03 2.5655059e-03 3.5573973e-03 2.9268642e-03 5.4113325e-03
 1.1887272e-07 1.7097432e-03 1.0625903e-03 1.7524501e-02 6.2723691e-03
 1.1272358e-03 9.2892893e-09 5.4389684e-09 7.4198440e-04 4.7775749e-03
 1.8725297e-03 7.4448305e-09 2.4459947e-05 2.6703354e-03 6.0127540e-03
 9.3357544e-03 1.5937308e-02 7.8868971e-04 4.8271073e-03 2.2553287e-03
 5.0246911e-03 7.7106295e-09 1.7339926e-03 8.9490069e-03 3.7387028e-04
 1.8817781e-08 2.0033724e-03 5.9198507e-04]
[[2025-10-16 23:33:37]] Mask: [8.85170884e-03 2.39121565e-03 3.80807254e-03 2.85273767e-03
 5.68681257e-03 1.23893912e-07 1.66326459e-03 1.01080828e-03
 1.78634729e-02 6.80914661e-03 1.13754708e-03 9.25053190e-09
 5.40185274e-09 7.77214533e-04 4.84149298e-03 1.97943789e-03
 7.31990957e-09 2.42480874e-05 2.73840129e-03 6.11727033e-03
 9.20283701e-03 1.52304815e-02 7.63542543e-04 4.67108702e-03
 2.33082310e-03 4.88469377e-03 7.61421592e-09 1.70603918e-03
 8.66826251e-03 3.70820082e-04 1.86236448e-08 2.11829436e-03
 6.10443065e-04]
[[2025-10-16 23:33:39]] Mask: [8.6767077e-03 2.4486610e-03 3.8573986e-03 2.8779539e-03 5.6058932e-03
 1.2856761e-07 1.6426123e-03 9.8980742e-04 1.6725896e-02 7.0377691e-03
 1.2932657e-03 9.1522869e-09 5.3286544e-09 7.4428105e-04 4.8815473e-03
 1.9047871e-03 7.2014505e-09 2.4999848e-05 2.6724252e-03 5.9495065e-03
 9.3339952e-03 1.6194589e-02 6.8656390e-04 4.5226123e-03 2.4264683e-03
 4.6125245e-03 7.5093922e-09 1.7394504e-03 8.2243085e-03 3.6481224e-04
 1.9055076e-08 1.9972411e-03 5.9345184e-04]
[[2025-10-16 23:33:41]] Mask: [8.9460770e-03 2.3718264e-03 3.7528279e-03 2.8584050e-03 5.3580077e-03
 1.3378137e-07 1.6348501e-03 1.0022402e-03 1.7560760e-02 6.3677630e-03
 1.3062273e-03 9.1098435e-09 5.2930083e-09 7.6470617e-04 5.1034582e-03
 1.7721646e-03 7.0894504e-09 2.5129786e-05 2.7015293e-03 6.4953645e-03
 9.8402156e-03 1.5502295e-02 6.4546586e-04 4.6108477e-03 2.3718760e-03
 4.6696397e-03 7.4390964e-09 1.6378313e-03 8.2484307e-03 3.7699065e-04
 1.9106720e-08 1.9181552e-03 6.1382895e-04]
[[2025-10-16 23:33:43]] Mask: [8.6701438e-03 2.2865194e-03 3.8499832e-03 2.8381732e-03 5.1972787e-03
 1.4303795e-07 1.6465756e-03 1.0243591e-03 1.7826233e-02 6.3486393e-03
 1.3174892e-03 9.1004830e-09 5.2313531e-09 7.6384936e-04 5.1746340e-03
 1.7059344e-03 6.9787136e-09 2.6920992e-05 2.5138203e-03 6.0311691e-03
 9.6595455e-03 1.5105198e-02 6.8252435e-04 5.1393579e-03 2.5934710e-03
 4.9717496e-03 7.3656499e-09 1.7779319e-03 8.7478152e-03 3.7816391e-04
 1.8954813e-08 2.0134805e-03 5.9894129e-04]
[[2025-10-16 23:33:46]] Mask: [8.8048391e-03 2.2934393e-03 3.6010358e-03 3.0220367e-03 5.5247489e-03
 1.4009153e-07 1.6088057e-03 9.9467591e-04 1.7518360e-02 6.5281317e-03
 1.2901796e-03 9.0088816e-09 5.1676747e-09 7.6285680e-04 5.0509418e-03
 1.6611407e-03 6.8830319e-09 2.4974972e-05 2.4212860e-03 5.7234070e-03
 9.4885323e-03 1.5159676e-02 7.0674560e-04 5.0844396e-03 2.4376544e-03
 5.1156851e-03 7.3142430e-09 1.7325751e-03 8.6364951e-03 3.5022449e-04
 1.9054022e-08 1.8703805e-03 5.8247545e-04]
[[2025-10-16 23:33:48]] Mask: [8.6059859e-03 2.4035263e-03 3.6699262e-03 2.8992114e-03 4.9378071e-03
 1.4886324e-07 1.6981490e-03 9.9547463e-04 1.7329693e-02 6.5520806e-03
 1.3743595e-03 9.0138661e-09 5.1229727e-09 7.3715625e-04 4.9035186e-03
 1.6506716e-03 6.7354335e-09 2.6150983e-05 2.4509309e-03 5.6248214e-03
 9.4599323e-03 1.6362952e-02 7.0461177e-04 5.5028037e-03 2.7877542e-03
 5.0690444e-03 7.2381492e-09 1.7228615e-03 8.4464652e-03 3.2954267e-04
 1.9006256e-08 1.7331425e-03 5.9428223e-04]
[[2025-10-16 23:33:51]] Mask: [9.0441117e-03 2.2115989e-03 3.6772280e-03 2.7456183e-03 5.5637821e-03
 1.5291387e-07 1.6360905e-03 9.7624294e-04 1.6910750e-02 5.9318393e-03
 1.2791125e-03 8.8874330e-09 5.0652682e-09 7.6523249e-04 5.1380727e-03
 1.6229546e-03 6.6395658e-09 2.4102701e-05 2.4770093e-03 5.7233120e-03
 9.8492745e-03 1.5638487e-02 6.5591477e-04 4.7919052e-03 2.5232334e-03
 4.7653159e-03 7.1339286e-09 1.7121891e-03 8.6390227e-03 3.3441052e-04
 1.8606034e-08 1.9737941e-03 5.9650530e-04]
[[2025-10-16 23:33:53]] Mask: [8.9570377e-03 2.1862306e-03 3.8076057e-03 2.7986357e-03 5.0674216e-03
 1.8159977e-07 1.6429361e-03 9.9461956e-04 1.6701469e-02 6.3965227e-03
 1.2666568e-03 8.8284686e-09 5.0093032e-09 7.4297469e-04 4.9964283e-03
 1.6211933e-03 6.5538943e-09 2.8731134e-05 2.4385706e-03 5.4546422e-03
 9.5329164e-03 1.5201758e-02 7.0834643e-04 4.5248498e-03 2.6532514e-03
 4.6720868e-03 7.0326833e-09 1.6959823e-03 8.4907049e-03 3.4029389e-04
 1.8481041e-08 2.0111075e-03 5.9590093e-04]
[[2025-10-16 23:33:55]] Mask: [8.7884376e-03 2.2938901e-03 3.7626831e-03 2.7768498e-03 5.2317739e-03
 1.8930898e-07 1.5816649e-03 9.8030106e-04 1.6831959e-02 6.5052495e-03
 1.2927664e-03 8.7982608e-09 4.9576903e-09 7.2206353e-04 5.2385782e-03
 1.6780100e-03 6.4496648e-09 2.8065060e-05 2.4475616e-03 5.6332187e-03
 9.9541144e-03 1.5523413e-02 7.1894866e-04 4.6742936e-03 2.6694604e-03
 4.7819666e-03 6.9749606e-09 1.6606553e-03 8.4513109e-03 3.3527470e-04
 1.8448814e-08 2.0510626e-03 6.0368981e-04]
[[2025-10-16 23:33:57]] Mask: [8.5327290e-03 2.2663320e-03 3.9060107e-03 2.7014201e-03 4.7484953e-03
 2.1394415e-07 1.5787234e-03 1.0224646e-03 1.7277202e-02 6.6812616e-03
 1.2442672e-03 8.7400220e-09 4.9148703e-09 7.4164191e-04 5.5614584e-03
 1.5588989e-03 6.3397003e-09 3.2087053e-05 2.5646959e-03 5.6656781e-03
 9.5858919e-03 1.4717836e-02 6.8352156e-04 5.0697085e-03 2.6390434e-03
 4.6175779e-03 6.8822308e-09 1.5962443e-03 8.5228076e-03 3.2839729e-04
 1.8085634e-08 2.1303906e-03 6.1530148e-04]
[[2025-10-16 23:34:00]] Mask: [8.8651441e-03 2.3037505e-03 3.9837738e-03 2.6752136e-03 4.7867619e-03
 2.2698433e-07 1.6065172e-03 9.9906325e-04 1.7149184e-02 6.7983079e-03
 1.3603255e-03 8.6826155e-09 4.8844884e-09 7.5494789e-04 5.2227164e-03
 1.6478136e-03 6.2469745e-09 3.3040127e-05 2.4732738e-03 5.4729148e-03
 9.2043765e-03 1.4787242e-02 6.8393571e-04 5.2304589e-03 2.4198212e-03
 4.6654884e-03 6.8122432e-09 1.7029649e-03 8.1949532e-03 3.3873619e-04
 1.7851796e-08 2.1853216e-03 6.0095318e-04]
[[2025-10-16 23:34:03]] Mask: [8.9338841e-03 2.2984182e-03 3.6346035e-03 2.6732781e-03 5.3735669e-03
 2.3977660e-07 1.6033394e-03 9.9280605e-04 1.6756020e-02 6.4545972e-03
 1.4038580e-03 8.6122043e-09 4.8302069e-09 7.4596354e-04 5.4184105e-03
 1.6252124e-03 6.1841541e-09 3.4140463e-05 2.5127253e-03 5.5197757e-03
 9.0537453e-03 1.4761990e-02 7.2112074e-04 4.6619000e-03 2.2974692e-03
 4.4503715e-03 6.7424519e-09 1.7255445e-03 7.8117186e-03 3.3706220e-04
 1.7710743e-08 1.9872729e-03 5.7780696e-04]
[[2025-10-16 23:34:05]] Mask: [9.1170315e-03 2.2701803e-03 3.6366223e-03 2.6022741e-03 4.7880225e-03
 2.6083785e-07 1.5402042e-03 9.4782264e-04 1.6542591e-02 6.0327733e-03
 1.3472178e-03 8.6044389e-09 4.7899040e-09 7.2250370e-04 5.4684030e-03
 1.5933894e-03 6.0836109e-09 3.3470442e-05 2.3698187e-03 5.5841100e-03
 9.2262020e-03 1.4956026e-02 6.5563415e-04 4.5388993e-03 2.3231956e-03
 4.4384613e-03 6.6425550e-09 1.6428556e-03 7.5719901e-03 3.4118150e-04
 1.7784505e-08 1.9440103e-03 5.6178175e-04]
[[2025-10-16 23:34:07]] Mask: [8.5175065e-03 2.2365586e-03 3.7665749e-03 2.5921504e-03 4.6905209e-03
 2.8484169e-07 1.5503909e-03 1.0081509e-03 1.6028313e-02 6.4720507e-03
 1.2858766e-03 8.6153751e-09 4.7416999e-09 7.0452277e-04 5.5491696e-03
 1.5490369e-03 6.0084586e-09 3.6406182e-05 2.6996068e-03 5.5391113e-03
 9.1233263e-03 1.4606676e-02 6.6571368e-04 4.5449706e-03 2.3511762e-03
 4.5059156e-03 6.5515069e-09 1.6633192e-03 8.2312534e-03 3.1367087e-04
 1.7753731e-08 1.9097069e-03 5.7120901e-04]
[[2025-10-16 23:34:10]] Mask: [8.91054608e-03 2.24563992e-03 3.75170470e-03 2.48143263e-03
 4.74732136e-03 3.01974410e-07 1.46121846e-03 9.48953966e-04
 1.66369174e-02 6.75489986e-03 1.26570940e-03 8.57985594e-09
 4.71653383e-09 7.26708095e-04 5.34917647e-03 1.48098252e-03
 5.93009331e-09 3.72938521e-05 2.43182085e-03 5.73417637e-03
 9.06802807e-03 1.47070065e-02 6.58091856e-04 4.73211845e-03
 2.35184864e-03 4.19165380e-03 6.48306431e-09 1.63362862e-03
 8.48671142e-03 3.04142042e-04 1.76739956e-08 2.03365926e-03
 5.76627674e-04]
[[2025-10-16 23:34:12]] Mask: [8.7130526e-03 2.2877033e-03 3.4618471e-03 2.5321613e-03 4.6264757e-03
 3.1236786e-07 1.5000583e-03 9.6681976e-04 1.6213691e-02 7.4775652e-03
 1.4132747e-03 8.6268370e-09 4.6661923e-09 7.1324728e-04 5.3899898e-03
 1.6495725e-03 5.8386460e-09 3.8044906e-05 2.4611321e-03 5.6826244e-03
 9.0657184e-03 1.5396561e-02 6.9082383e-04 5.0035757e-03 2.3322052e-03
 4.4337739e-03 6.4038082e-09 1.7188117e-03 8.5024182e-03 2.9757945e-04
 1.7706320e-08 1.8243543e-03 5.3753791e-04]
[[2025-10-16 23:34:14]] Mask: [9.1874450e-03 2.2994932e-03 3.5836892e-03 2.6322235e-03 4.7306404e-03
 3.2296683e-07 1.5312270e-03 9.4207143e-04 1.6654501e-02 6.7536999e-03
 1.3967480e-03 8.6088709e-09 4.6289355e-09 7.1263814e-04 5.5686762e-03
 1.6159890e-03 5.7676854e-09 3.8499147e-05 2.5976002e-03 5.5489615e-03
 9.3850065e-03 1.4575070e-02 7.4720220e-04 5.0583207e-03 2.1749053e-03
 4.5286058e-03 6.3471779e-09 1.7040879e-03 8.4307054e-03 3.0240259e-04
 1.7481320e-08 1.9610119e-03 5.3320953e-04]
[[2025-10-16 23:34:17]] Mask: [9.3443096e-03 2.1971620e-03 3.7751712e-03 2.6902347e-03 4.9065114e-03
 3.3769317e-07 1.5019701e-03 9.8263216e-04 1.6092421e-02 5.9751025e-03
 1.4435283e-03 8.5384224e-09 4.5825175e-09 7.0585340e-04 5.5031194e-03
 1.5794918e-03 5.6908429e-09 3.9541635e-05 2.6354853e-03 5.6391004e-03
 9.4674286e-03 1.5607468e-02 7.3165953e-04 4.5779953e-03 2.1270553e-03
 4.3269102e-03 6.2869820e-09 1.6649195e-03 8.0488883e-03 3.1659895e-04
 1.7381044e-08 1.8699329e-03 5.2884396e-04]
[[2025-10-16 23:34:20]] Mask: [9.2852935e-03 2.1259706e-03 3.3982156e-03 2.6734355e-03 5.0936863e-03
 3.6752505e-07 1.5165862e-03 9.2191267e-04 1.6350102e-02 6.0434961e-03
 1.4980898e-03 8.4607850e-09 4.5403734e-09 6.8417948e-04 5.4009338e-03
 1.5713815e-03 5.6339480e-09 4.3784366e-05 2.6917909e-03 5.4370235e-03
 9.2996825e-03 1.4818737e-02 7.3222519e-04 4.8102890e-03 2.2436588e-03
 4.7467202e-03 6.2258367e-09 1.7302929e-03 8.3654597e-03 2.9714798e-04
 1.6999023e-08 1.8809958e-03 5.1750772e-04]
[[2025-10-16 23:34:22]] Mask: [9.0684528e-03 2.0339098e-03 3.4587064e-03 2.6317814e-03 5.0560939e-03
 4.0750004e-07 1.4086055e-03 9.5045101e-04 1.6224237e-02 6.0153566e-03
 1.4874033e-03 8.4021519e-09 4.5153197e-09 7.0169580e-04 5.4053850e-03
 1.6069709e-03 5.5578382e-09 4.6122157e-05 2.8394568e-03 5.4355436e-03
 9.1045732e-03 1.4272753e-02 7.5631391e-04 4.6385229e-03 2.2573790e-03
 4.5694984e-03 6.1433707e-09 1.7208633e-03 8.4243221e-03 2.9060603e-04
 1.6857246e-08 1.8580731e-03 5.2146951e-04]
[[2025-10-16 23:34:24]] Mask: [8.6301249e-03 2.1164888e-03 3.6639280e-03 2.7157411e-03 4.5815432e-03
 4.4679339e-07 1.5300179e-03 9.8757457e-04 1.6628033e-02 6.6474765e-03
 1.5333433e-03 8.4419254e-09 4.4755097e-09 7.0725707e-04 5.8051595e-03
 1.5896829e-03 5.4748872e-09 4.8845806e-05 2.7733250e-03 5.6110155e-03
 9.3628271e-03 1.4432265e-02 8.0377108e-04 4.6595442e-03 2.1340654e-03
 4.4800169e-03 6.0581944e-09 1.7027436e-03 8.5052811e-03 2.9687132e-04
 1.6818067e-08 1.8092196e-03 5.1841442e-04]
[[2025-10-16 23:34:26]] Mask: [8.6812042e-03 2.1599426e-03 3.3858791e-03 2.7281204e-03 4.9043465e-03
 4.8410931e-07 1.6395429e-03 9.4035635e-04 1.6740832e-02 6.7855632e-03
 1.6379553e-03 8.4273335e-09 4.4414095e-09 7.1747811e-04 5.7062423e-03
 1.5438661e-03 5.4067391e-09 5.2918960e-05 2.6352522e-03 5.4150708e-03
 8.8869818e-03 1.4759813e-02 8.0717052e-04 4.9117594e-03 2.0689082e-03
 4.6669231e-03 6.0153500e-09 1.7409612e-03 7.9024937e-03 3.0194427e-04
 1.6491015e-08 1.7836882e-03 5.2489422e-04]
[[2025-10-16 23:34:28]] Mask: [8.9592338e-03 2.1790203e-03 3.6652719e-03 2.6073088e-03 4.6859817e-03
 5.2172356e-07 1.5669238e-03 1.0009344e-03 1.6755439e-02 6.1290665e-03
 1.4723332e-03 8.3667606e-09 4.4005550e-09 6.9673877e-04 5.8226665e-03
 1.4753640e-03 5.3280851e-09 5.4011856e-05 2.6665244e-03 5.4727485e-03
 9.4606793e-03 1.4688789e-02 7.0080796e-04 5.0340616e-03 2.1802462e-03
 4.3910439e-03 5.9383449e-09 1.7436591e-03 7.7826022e-03 2.8616874e-04
 1.6410938e-08 1.8617600e-03 5.2350789e-04]
[[2025-10-16 23:34:31]] Mask: [8.5666487e-03 2.1758378e-03 3.6352130e-03 2.6157110e-03 4.4796532e-03
 5.6804237e-07 1.5568015e-03 1.0150978e-03 1.6419064e-02 6.4015980e-03
 1.6018617e-03 8.3218472e-09 4.3693418e-09 7.2450045e-04 5.7470086e-03
 1.4728190e-03 5.2618145e-09 5.7950234e-05 2.5402615e-03 5.1889746e-03
 8.8087562e-03 1.4586875e-02 6.6255213e-04 4.9596559e-03 2.0912318e-03
 4.1286689e-03 5.8926042e-09 1.7257328e-03 7.7964882e-03 2.7476938e-04
 1.6236026e-08 1.9157249e-03 5.0664000e-04]
[[2025-10-16 23:34:34]] Mask: [8.5138911e-03 2.1137311e-03 3.4711391e-03 2.6408893e-03 4.6749725e-03
 5.8657105e-07 1.4767203e-03 9.8091725e-04 1.6070519e-02 6.0096369e-03
 1.6108321e-03 8.2616864e-09 4.3169388e-09 6.6251808e-04 6.0747811e-03
 1.5058811e-03 5.2000262e-09 5.8474823e-05 2.4982330e-03 5.1895133e-03
 8.9385798e-03 1.4717532e-02 6.3669495e-04 4.9463664e-03 2.2337630e-03
 4.4697016e-03 5.8404614e-09 1.7230534e-03 8.1000570e-03 2.6327171e-04
 1.6303488e-08 1.8254200e-03 4.9527106e-04]
[[2025-10-16 23:34:36]] Mask: [8.5848970e-03 2.1197209e-03 3.3763750e-03 2.5303350e-03 4.2310068e-03
 6.0945945e-07 1.3732223e-03 9.5469120e-04 1.6179485e-02 6.1166794e-03
 1.4773506e-03 8.1937204e-09 4.2715551e-09 6.5459363e-04 5.8064889e-03
 1.4256366e-03 5.1116991e-09 5.9325532e-05 2.5105688e-03 5.1370785e-03
 9.5159663e-03 1.3821929e-02 5.9729384e-04 4.7450713e-03 2.1984314e-03
 4.5753950e-03 5.7562994e-09 1.7535498e-03 7.8001851e-03 3.0329535e-04
 1.6161779e-08 1.9208266e-03 4.7890289e-04]
[[2025-10-16 23:34:38]] Mask: [8.7044202e-03 2.0607577e-03 3.3520591e-03 2.5964736e-03 4.3131602e-03
 6.5648692e-07 1.4651874e-03 9.6538704e-04 1.6699910e-02 6.3176057e-03
 1.4901195e-03 8.1535134e-09 4.2397201e-09 6.4914580e-04 5.7158717e-03
 1.5488784e-03 5.0369153e-09 6.3154235e-05 2.5269925e-03 5.3909891e-03
 9.0759546e-03 1.4842996e-02 6.6122907e-04 5.1889126e-03 2.2632310e-03
 4.8181117e-03 5.7143810e-09 1.6918530e-03 7.9978593e-03 3.0012208e-04
 1.5944968e-08 2.0308527e-03 4.9962744e-04]
[[2025-10-16 23:34:40]] Mask: [8.90189596e-03 2.04051193e-03 3.62268696e-03 2.57584080e-03
 4.71242983e-03 6.72432009e-07 1.45474356e-03 9.27743386e-04
 1.63850933e-02 6.72900025e-03 1.50983036e-03 8.07393796e-09
 4.20473700e-09 6.83679187e-04 5.60695678e-03 1.52186269e-03
 5.00365038e-09 6.64490217e-05 2.59700464e-03 5.40652033e-03
 9.00516938e-03 1.40228905e-02 6.65897736e-04 4.62621683e-03
 2.10916274e-03 4.60243644e-03 5.66090996e-09 1.59961276e-03
 7.57430866e-03 2.87765404e-04 1.58752620e-08 2.04946171e-03
 5.16392349e-04]
[[2025-10-16 23:34:42]] Mask: [8.5192258e-03 2.0834892e-03 3.4439771e-03 2.5953983e-03 4.3693236e-03
 7.9719268e-07 1.6253771e-03 9.3769073e-04 1.6580625e-02 7.3263217e-03
 1.5521840e-03 8.0412184e-09 4.1658450e-09 6.2694540e-04 5.7790517e-03
 1.5193392e-03 4.9331370e-09 7.6095435e-05 2.4922667e-03 5.2801492e-03
 9.0513332e-03 1.4074229e-02 6.5197807e-04 4.7097737e-03 2.0774167e-03
 4.6885577e-03 5.6144245e-09 1.6107192e-03 7.7199657e-03 2.7513166e-04
 1.5640740e-08 2.0488903e-03 5.0870026e-04]
[[2025-10-16 23:34:44]] Mask: [8.4965359e-03 1.9798130e-03 3.6891093e-03 2.4440992e-03 4.7307080e-03
 9.0256424e-07 1.6624177e-03 9.4099267e-04 1.6650464e-02 6.2279319e-03
 1.5920004e-03 8.0324192e-09 4.1252983e-09 6.2289508e-04 6.0388725e-03
 1.4564034e-03 4.8858952e-09 8.2309598e-05 2.2693931e-03 5.2223373e-03
 8.9400792e-03 1.3422957e-02 5.6764588e-04 4.7429032e-03 2.0809330e-03
 4.3342402e-03 5.5476703e-09 1.5766302e-03 7.5016650e-03 2.6716347e-04
 1.5836642e-08 1.7851705e-03 4.8966898e-04]
[[2025-10-16 23:34:47]] Mask: [8.2383770e-03 2.1180767e-03 3.7359258e-03 2.5072242e-03 4.3039038e-03
 1.0573249e-06 1.6052244e-03 9.6568186e-04 1.6710047e-02 6.1334572e-03
 1.5339508e-03 7.9811224e-09 4.0986241e-09 6.1378710e-04 6.1961808e-03
 1.5961182e-03 4.8319948e-09 9.3397015e-05 2.4492899e-03 5.3896136e-03
 8.8634510e-03 1.4199267e-02 5.7743781e-04 4.9678423e-03 2.2355758e-03
 4.7859848e-03 5.5008145e-09 1.7415026e-03 7.4490607e-03 2.6182085e-04
 1.5859284e-08 1.8005755e-03 4.7230735e-04]
[[2025-10-16 23:34:50]] Mask: [8.9983586e-03 2.0728330e-03 3.4704118e-03 2.5625594e-03 4.7163968e-03
 1.0357418e-06 1.4536419e-03 9.1547903e-04 1.6018938e-02 6.1990209e-03
 1.4420156e-03 7.9437772e-09 4.0654022e-09 6.0086040e-04 5.9093069e-03
 1.5532663e-03 4.7887987e-09 9.0890935e-05 2.4008183e-03 5.4084002e-03
 9.1485875e-03 1.3570610e-02 6.1291375e-04 4.3575573e-03 1.9740071e-03
 4.2990595e-03 5.4380140e-09 1.7046964e-03 7.3141665e-03 2.6548331e-04
 1.5923572e-08 1.6661880e-03 4.9133255e-04]
[[2025-10-16 23:34:52]] Mask: [8.7134233e-03 2.0550820e-03 3.7197096e-03 2.6485187e-03 4.6460647e-03
 1.1473682e-06 1.4518234e-03 9.4845769e-04 1.5851073e-02 5.8061695e-03
 1.4656514e-03 7.9385964e-09 4.0545300e-09 6.5244641e-04 5.7833851e-03
 1.5712416e-03 4.7462332e-09 9.9922596e-05 2.5246788e-03 5.1069679e-03
 8.6493818e-03 1.3557493e-02 6.0419954e-04 4.5935498e-03 1.9227865e-03
 4.2243903e-03 5.3780536e-09 1.6411453e-03 7.3901135e-03 2.7462273e-04
 1.5855775e-08 1.6343109e-03 5.0814537e-04]
[[2025-10-16 23:34:54]] Mask: [8.0255046e-03 2.0563859e-03 3.4122143e-03 2.6567071e-03 4.1140867e-03
 1.2061066e-06 1.4259809e-03 9.2118740e-04 1.5307642e-02 5.6101270e-03
 1.4251113e-03 7.9167926e-09 4.0257868e-09 6.4336543e-04 6.1713397e-03
 1.5212485e-03 4.6761985e-09 9.5607546e-05 2.4032842e-03 5.3266948e-03
 8.5238060e-03 1.3796694e-02 5.7717372e-04 4.4152038e-03 2.0651212e-03
 4.3919301e-03 5.3335758e-09 1.6003198e-03 7.6697422e-03 2.7340348e-04
 1.5503048e-08 1.7051379e-03 5.1017158e-04]
[[2025-10-16 23:34:56]] Mask: [8.3509916e-03 1.9607646e-03 3.4717030e-03 2.6014945e-03 4.0137535e-03
 1.2951177e-06 1.4534323e-03 9.2233921e-04 1.5898854e-02 5.7669715e-03
 1.4909159e-03 7.8613436e-09 4.0029926e-09 6.3960731e-04 6.1782105e-03
 1.5682314e-03 4.6266933e-09 1.0059546e-04 2.3338611e-03 5.2235462e-03
 8.8668242e-03 1.3640364e-02 6.0324895e-04 4.3068514e-03 2.1754319e-03
 4.3129656e-03 5.2842832e-09 1.5888673e-03 7.9818983e-03 3.0120046e-04
 1.5397871e-08 1.7042477e-03 5.1897974e-04]
[[2025-10-16 23:34:58]] Mask: [8.52269400e-03 1.98378251e-03 3.69868032e-03 2.59354501e-03
 4.34101140e-03 1.31500485e-06 1.53540412e-03 9.30316572e-04
 1.58572774e-02 5.95520018e-03 1.53808482e-03 7.82611131e-09
 3.96729094e-09 6.37298741e-04 6.38006581e-03 1.59906305e-03
 4.58775551e-09 1.02278296e-04 2.31705885e-03 5.40092867e-03
 8.96532089e-03 1.38711594e-02 6.43072126e-04 4.24683886e-03
 2.10327678e-03 4.15146863e-03 5.23242072e-09 1.60876277e-03
 8.09950102e-03 2.69554701e-04 1.52531783e-08 1.74853893e-03
 5.08611265e-04]
[[2025-10-16 23:35:00]] Mask: [8.54756683e-03 1.98419881e-03 3.52768996e-03 2.48384289e-03
 4.37162258e-03 1.35566620e-06 1.45849073e-03 9.36275639e-04
 1.58532523e-02 5.56569826e-03 1.59072143e-03 7.81475951e-09
 3.94798150e-09 6.33842661e-04 6.11007633e-03 1.63418951e-03
 4.54123050e-09 1.06246946e-04 2.27097748e-03 5.34957973e-03
 9.01546795e-03 1.36735514e-02 6.05219684e-04 4.49469360e-03
 2.04144418e-03 4.37669177e-03 5.18232302e-09 1.55147910e-03
 7.91260507e-03 2.90138443e-04 1.52308228e-08 1.65721518e-03
 5.05477306e-04]
[[2025-10-16 23:35:03]] Mask: [8.85229465e-03 2.04524910e-03 3.14303022e-03 2.60964734e-03
 4.71244985e-03 1.35386392e-06 1.44669623e-03 9.38246492e-04
 1.58085059e-02 5.87795302e-03 1.51094072e-03 7.76929721e-09
 3.91970945e-09 6.34891330e-04 6.01017009e-03 1.54492492e-03
 4.49569226e-09 1.05164094e-04 2.34455941e-03 5.42487437e-03
 9.01586935e-03 1.28169898e-02 6.09083159e-04 4.39181505e-03
 1.98421953e-03 4.15368704e-03 5.13907139e-09 1.47756876e-03
 7.77916377e-03 2.61653156e-04 1.52542547e-08 1.59216707e-03
 4.98641632e-04]
[[2025-10-16 23:35:05]] Mask: [8.71907175e-03 2.06219405e-03 3.49959498e-03 2.53106072e-03
 4.32871422e-03 1.49897926e-06 1.45598338e-03 9.63825150e-04
 1.52248750e-02 5.85220195e-03 1.51029485e-03 7.74758835e-09
 3.88569132e-09 6.15926983e-04 6.02904567e-03 1.56132702e-03
 4.44268844e-09 1.11804904e-04 2.30673561e-03 5.45749627e-03
 9.04669799e-03 1.36288656e-02 6.05947163e-04 4.29943716e-03
 2.01012311e-03 4.00841935e-03 5.09916687e-09 1.49161019e-03
 7.54534500e-03 2.49572098e-04 1.50998769e-08 1.65530562e-03
 5.00361144e-04]
[[2025-10-16 23:35:07]] Mask: [8.37565586e-03 1.99838774e-03 3.48700141e-03 2.51432485e-03
 4.48681694e-03 1.55126963e-06 1.49684504e-03 9.10628587e-04
 1.49786063e-02 6.08163700e-03 1.47796189e-03 7.72193243e-09
 3.85407040e-09 6.37043384e-04 6.09436119e-03 1.53625535e-03
 4.40462733e-09 1.17355412e-04 2.28085881e-03 5.44723077e-03
 8.63614399e-03 1.31996349e-02 6.40201673e-04 4.54729237e-03
 1.99410901e-03 4.35536681e-03 5.05950393e-09 1.56656513e-03
 7.67746568e-03 2.44825467e-04 1.48578945e-08 1.70583546e-03
 4.81360796e-04]
[[2025-10-16 23:35:09]] Mask: [8.63312744e-03 1.95145071e-03 3.53471213e-03 2.49922997e-03
 4.57457872e-03 1.62103800e-06 1.53218955e-03 8.92238866e-04
 1.54909231e-02 5.62757207e-03 1.41519262e-03 7.63031061e-09
 3.84153509e-09 6.76876458e-04 6.10542763e-03 1.58635702e-03
 4.36286296e-09 1.23895064e-04 2.42888671e-03 5.49653405e-03
 8.71735252e-03 1.31916255e-02 5.67056763e-04 4.55593411e-03
 2.05724523e-03 4.44061123e-03 5.01587127e-09 1.49312592e-03
 7.28088804e-03 2.60841422e-04 1.48079033e-08 1.65121537e-03
 4.80323564e-04]
[[2025-10-16 23:35:12]] Mask: [8.4775602e-03 1.9857849e-03 3.4821383e-03 2.4065042e-03 4.5160996e-03
 1.8748585e-06 1.4707196e-03 9.5763517e-04 1.5084667e-02 5.6827781e-03
 1.4205747e-03 7.5680289e-09 3.8077745e-09 6.8302569e-04 6.3097496e-03
 1.5800853e-03 4.3194426e-09 1.4454461e-04 2.5258583e-03 5.3152395e-03
 8.7576201e-03 1.3475551e-02 5.8254733e-04 4.3000411e-03 2.2250833e-03
 4.0530576e-03 4.9610200e-09 1.5214331e-03 7.2660651e-03 2.7995437e-04
 1.4781491e-08 1.5873588e-03 4.7998782e-04]
[[2025-10-16 23:35:14]] Mask: [8.2482435e-03 2.0893328e-03 3.3726466e-03 2.4115180e-03 4.5132940e-03
 2.0474133e-06 1.4438151e-03 9.5506699e-04 1.5081791e-02 5.8305725e-03
 1.5399511e-03 7.5535649e-09 3.7815595e-09 6.7934935e-04 6.1062635e-03
 1.5116783e-03 4.2827968e-09 1.6038165e-04 2.5128517e-03 5.2904123e-03
 8.8083278e-03 1.2945997e-02 5.1656220e-04 4.3082340e-03 2.4816240e-03
 4.1167228e-03 4.9150484e-09 1.5486645e-03 7.2627398e-03 2.7645586e-04
 1.4742353e-08 1.5721470e-03 4.6671485e-04]
[[2025-10-16 23:35:16]] Mask: [8.2447296e-03 2.0107736e-03 3.3877930e-03 2.4079827e-03 4.1001593e-03
 2.1747571e-06 1.4103483e-03 9.7367039e-04 1.5413223e-02 5.5995625e-03
 1.5025050e-03 7.5076159e-09 3.7572945e-09 6.8790588e-04 6.0306974e-03
 1.5146226e-03 4.2300194e-09 1.6027525e-04 2.5113511e-03 5.3311815e-03
 8.5859075e-03 1.2827564e-02 5.4066698e-04 4.0513142e-03 2.2073016e-03
 4.0725297e-03 4.8780269e-09 1.5212747e-03 7.3446101e-03 2.9491581e-04
 1.4772500e-08 1.5928055e-03 4.8552270e-04]
[[2025-10-16 23:35:18]] Mask: [8.1831329e-03 1.9311605e-03 3.1970737e-03 2.3319845e-03 3.9811712e-03
 2.3136458e-06 1.4367760e-03 9.8511064e-04 1.4958604e-02 5.7826391e-03
 1.4048892e-03 7.4599829e-09 3.7169932e-09 6.5989315e-04 6.2924954e-03
 1.4779168e-03 4.1846393e-09 1.6283590e-04 2.4907177e-03 5.3267251e-03
 9.1102226e-03 1.3720351e-02 5.7539734e-04 4.1417708e-03 2.3001726e-03
 4.2541525e-03 4.8418478e-09 1.5361741e-03 7.6053296e-03 2.9584623e-04
 1.4689613e-08 1.5795022e-03 4.7136037e-04]
[[2025-10-16 23:35:21]] Mask: [8.0273990e-03 1.9301992e-03 3.1130959e-03 2.3679954e-03 4.1105440e-03
 2.5573379e-06 1.3035956e-03 9.4602187e-04 1.5235817e-02 5.3699366e-03
 1.6285931e-03 7.4507405e-09 3.6988030e-09 6.9394690e-04 6.4086933e-03
 1.4716161e-03 4.1443520e-09 1.7876852e-04 2.4932269e-03 5.3092483e-03
 8.8494876e-03 1.3337377e-02 5.6507852e-04 3.9782301e-03 1.9803680e-03
 4.2683664e-03 4.7981703e-09 1.4872404e-03 8.4261987e-03 3.1625325e-04
 1.4443815e-08 1.6698415e-03 4.6876352e-04]
[[2025-10-16 23:35:24]] Mask: [8.26464966e-03 2.04549800e-03 3.28396587e-03 2.33028759e-03
 4.09457646e-03 2.70191390e-06 1.38013123e-03 9.73219227e-04
 1.50445085e-02 5.63405687e-03 1.67444069e-03 7.42333439e-09
 3.67399733e-09 6.96074392e-04 6.21040305e-03 1.52349833e-03
 4.10594048e-09 1.83735174e-04 2.50719651e-03 5.16138785e-03
 8.81098025e-03 1.35922600e-02 5.65676135e-04 3.83586367e-03
 2.00720178e-03 4.11983626e-03 4.75640105e-09 1.47167849e-03
 7.28882942e-03 3.18318023e-04 1.45359031e-08 1.61981548e-03
 4.61520307e-04]
[[2025-10-16 23:35:26]] Mask: [8.1603229e-03 2.0620064e-03 3.1259628e-03 2.4541891e-03 3.9814077e-03
 2.9495889e-06 1.3313213e-03 9.3932566e-04 1.4938986e-02 5.9166364e-03
 1.7758497e-03 7.4020421e-09 3.6438419e-09 6.6692824e-04 6.0439659e-03
 1.5599293e-03 4.0668526e-09 1.9380932e-04 2.5663881e-03 5.0172587e-03
 8.6423522e-03 1.4214098e-02 5.6196225e-04 4.1027358e-03 2.0742351e-03
 4.5299414e-03 4.7153557e-09 1.6086517e-03 7.2137793e-03 3.0768587e-04
 1.4467721e-08 1.6512311e-03 4.6178457e-04]
[[2025-10-16 23:35:28]] Mask: [7.9939971e-03 1.9600284e-03 3.2947953e-03 2.4294192e-03 3.9435970e-03
 3.1392453e-06 1.3471922e-03 9.3149306e-04 1.4574488e-02 5.9184930e-03
 1.7167020e-03 7.3503807e-09 3.6153061e-09 6.3051382e-04 5.9858970e-03
 1.5746925e-03 4.0294665e-09 1.9682906e-04 2.5088177e-03 4.8969821e-03
 8.6022243e-03 1.3502550e-02 5.6742685e-04 4.0939874e-03 2.0094735e-03
 4.3995301e-03 4.6765547e-09 1.6056304e-03 6.8315342e-03 3.0662434e-04
 1.4547247e-08 1.5198751e-03 4.4695655e-04]
[[2025-10-16 23:35:30]] Mask: [8.1221424e-03 1.8907676e-03 3.1935531e-03 2.4039426e-03 4.1955151e-03
 3.1847121e-06 1.3063953e-03 9.6632750e-04 1.5469565e-02 6.0149748e-03
 1.8275620e-03 7.2996511e-09 3.6005383e-09 6.4116367e-04 5.8981460e-03
 1.5652843e-03 4.0031298e-09 2.1480866e-04 2.3346485e-03 5.0689029e-03
 8.4317820e-03 1.3249408e-02 5.7474041e-04 4.6288460e-03 1.9735564e-03
 4.2704074e-03 4.6477173e-09 1.6223607e-03 7.0038717e-03 2.8713429e-04
 1.4451559e-08 1.6206329e-03 4.5041344e-04]
[[2025-10-16 23:35:32]] Mask: [8.4694317e-03 1.9262964e-03 3.2478834e-03 2.2918284e-03 4.3375934e-03
 3.2701155e-06 1.3602239e-03 9.6180418e-04 1.5486765e-02 5.7319310e-03
 1.7194492e-03 7.2805877e-09 3.5779191e-09 6.3266815e-04 5.7298611e-03
 1.4899847e-03 3.9692813e-09 2.1866299e-04 2.2832898e-03 5.2614659e-03
 8.7996889e-03 1.2529642e-02 5.7090446e-04 4.6352125e-03 2.0071254e-03
 4.2046048e-03 4.5987067e-09 1.5859620e-03 7.0482739e-03 3.0237320e-04
 1.4407908e-08 1.6879484e-03 4.5867261e-04]
[[2025-10-16 23:35:35]] Mask: [8.00982304e-03 1.97393773e-03 3.23724467e-03 2.37554917e-03
 3.98634048e-03 3.75762647e-06 1.36731274e-03 9.84491780e-04
 1.50008621e-02 6.53304765e-03 1.85869134e-03 7.27180227e-09
 3.55302920e-09 6.63571467e-04 5.68656716e-03 1.51630817e-03
 3.92086852e-09 2.32610517e-04 2.31087767e-03 5.18608280e-03
 8.23145639e-03 1.34354262e-02 5.43633883e-04 4.20890190e-03
 1.96973281e-03 4.04881407e-03 4.57022731e-09 1.58816541e-03
 7.18710897e-03 2.88377603e-04 1.43352406e-08 1.68572157e-03
 4.64653771e-04]
[[2025-10-16 23:35:37]] Mask: [8.15553870e-03 1.99356047e-03 3.20292334e-03 2.44611269e-03
 4.32950584e-03 3.77404285e-06 1.45292783e-03 9.61691549e-04
 1.47309732e-02 6.09295769e-03 1.83198426e-03 7.26755944e-09
 3.52325502e-09 6.55373617e-04 5.70607232e-03 1.40161696e-03
 3.89309518e-09 2.38124936e-04 2.37799599e-03 4.97014355e-03
 8.20676610e-03 1.26601392e-02 5.66992676e-04 4.14563715e-03
 1.96840405e-03 4.39826678e-03 4.53720528e-09 1.59551634e-03
 6.48101000e-03 2.76798703e-04 1.45435015e-08 1.65641936e-03
 4.76235058e-04]
[[2025-10-16 23:35:39]] Mask: [8.46579671e-03 2.05696537e-03 3.25842225e-03 2.28316383e-03
 4.00201883e-03 4.24810287e-06 1.31684809e-03 1.03635574e-03
 1.53609207e-02 5.52998343e-03 1.87682849e-03 7.23235338e-09
 3.50054075e-09 6.58822362e-04 5.92507282e-03 1.29979325e-03
 3.85081522e-09 2.53223494e-04 2.33534374e-03 5.07324748e-03
 8.83864984e-03 1.26353735e-02 5.98569517e-04 4.53031342e-03
 2.13580555e-03 4.03946219e-03 4.48028370e-09 1.50613138e-03
 7.23126112e-03 2.79176340e-04 1.45109711e-08 1.61752221e-03
 4.79454902e-04]
[[2025-10-16 23:35:41]] Mask: [8.5082902e-03 2.0746982e-03 3.3129861e-03 2.3642585e-03 4.5398343e-03
 4.4230687e-06 1.3898092e-03 1.0266727e-03 1.4605351e-02 6.0201143e-03
 1.8972849e-03 7.1911148e-09 3.4819290e-09 6.5750850e-04 5.6544528e-03
 1.3492871e-03 3.8426564e-09 2.7746771e-04 2.1410782e-03 5.0136084e-03
 8.4278956e-03 1.3536521e-02 5.5444770e-04 4.4936053e-03 2.0695354e-03
 4.0895515e-03 4.4486668e-09 1.5956538e-03 7.0899734e-03 2.8874242e-04
 1.4333546e-08 1.6377869e-03 4.9505226e-04]
[[2025-10-16 23:35:44]] Mask: [8.43085255e-03 2.06356822e-03 3.48097179e-03 2.30810558e-03
 4.62507736e-03 4.94457527e-06 1.37563865e-03 9.81701654e-04
 1.53194405e-02 6.25141757e-03 1.88328349e-03 7.10290493e-09
 3.46092000e-09 6.57717581e-04 5.62943239e-03 1.35342684e-03
 3.80897314e-09 3.18832521e-04 2.13723280e-03 5.05871419e-03
 8.14594422e-03 1.28658609e-02 5.65270544e-04 4.44343872e-03
 2.02135090e-03 4.17240756e-03 4.41162307e-09 1.59473345e-03
 6.78012101e-03 2.80493230e-04 1.44150540e-08 1.66191033e-03
 4.90948383e-04]
[[2025-10-16 23:35:46]] Mask: [8.0262255e-03 2.0764333e-03 3.3655616e-03 2.3949051e-03 4.2805653e-03
 5.0961539e-06 1.3800923e-03 9.3953422e-04 1.5204963e-02 5.8839573e-03
 1.8493641e-03 7.0656112e-09 3.4309622e-09 6.5057375e-04 5.7037864e-03
 1.3911480e-03 3.7674059e-09 3.1714392e-04 2.2711430e-03 5.0358074e-03
 8.5046822e-03 1.3050748e-02 5.8259343e-04 4.1957777e-03 2.1021322e-03
 4.2751422e-03 4.3834572e-09 1.5249084e-03 6.8976195e-03 2.6558226e-04
 1.4250539e-08 1.6729764e-03 5.0157908e-04]
[[2025-10-16 23:35:48]] Mask: [8.62058718e-03 1.99429970e-03 3.39680933e-03 2.34918296e-03
 4.32133442e-03 5.58524380e-06 1.36358244e-03 9.53497656e-04
 1.54604400e-02 5.65569941e-03 1.72083220e-03 7.01219083e-09
 3.41719519e-09 6.74923707e-04 5.77564444e-03 1.36002304e-03
 3.74473119e-09 3.47925583e-04 2.41402443e-03 5.18353470e-03
 8.47516768e-03 1.29212933e-02 5.32720587e-04 4.22553578e-03
 2.23047705e-03 4.17815708e-03 4.33881420e-09 1.45746348e-03
 7.08676176e-03 2.56665313e-04 1.42939856e-08 1.67094835e-03
 5.04134805e-04]
[[2025-10-16 23:35:50]] Mask: [7.8705158e-03 2.1180564e-03 3.6373639e-03 2.3411401e-03 4.1388883e-03
 5.5428677e-06 1.3675810e-03 9.1380405e-04 1.4423267e-02 5.8019185e-03
 1.8280856e-03 7.0302431e-09 3.3901364e-09 6.7281310e-04 5.8662258e-03
 1.4509154e-03 3.6983239e-09 3.0634616e-04 2.3247679e-03 4.8979353e-03
 8.3386963e-03 1.2927159e-02 5.6051440e-04 4.1952240e-03 2.0443830e-03
 3.7643067e-03 4.3097894e-09 1.4841399e-03 6.5575549e-03 2.3607504e-04
 1.4422755e-08 1.5545387e-03 5.0582597e-04]
[[2025-10-16 23:35:53]] Mask: [8.1061805e-03 2.1147181e-03 3.3823315e-03 2.4300676e-03 3.9626802e-03
 6.5800518e-06 1.3001900e-03 9.6060411e-04 1.5191075e-02 6.0145441e-03
 1.8839480e-03 7.0142501e-09 3.3728320e-09 6.7370426e-04 5.7955328e-03
 1.3964183e-03 3.6644374e-09 3.7109980e-04 2.3210151e-03 4.9610538e-03
 8.4608551e-03 1.2316479e-02 5.7522295e-04 4.4915178e-03 1.9656864e-03
 3.8206759e-03 4.2768540e-09 1.6364013e-03 6.8973843e-03 2.4800442e-04
 1.4425232e-08 1.5464034e-03 5.1688188e-04]
[[2025-10-16 23:35:55]] Mask: [8.0799256e-03 2.1695492e-03 3.3355942e-03 2.3996776e-03 3.9270031e-03
 7.1159302e-06 1.2596078e-03 9.2425657e-04 1.4825972e-02 6.3802325e-03
 1.7308828e-03 7.0112280e-09 3.3562180e-09 6.9696753e-04 6.1159111e-03
 1.3428311e-03 3.6352545e-09 3.8205436e-04 2.2119398e-03 4.8517943e-03
 8.1291515e-03 1.2417953e-02 5.8906141e-04 4.4762604e-03 1.9586009e-03
 3.8825842e-03 4.2414348e-09 1.6485372e-03 7.0320070e-03 2.4311135e-04
 1.4231228e-08 1.5672455e-03 5.0770550e-04]
[[2025-10-16 23:35:57]] Mask: [8.2531711e-03 2.0698102e-03 3.2369772e-03 2.4162210e-03 4.4919313e-03
 7.1711656e-06 1.3184675e-03 8.8503549e-04 1.4597271e-02 6.0689794e-03
 1.8421683e-03 7.0120301e-09 3.3339891e-09 6.5928907e-04 5.6317518e-03
 1.3911016e-03 3.6133478e-09 3.9540892e-04 2.1230218e-03 4.7755558e-03
 8.2225120e-03 1.3061174e-02 5.8009534e-04 4.3852045e-03 2.0112090e-03
 4.1676294e-03 4.2095039e-09 1.5407234e-03 7.0567853e-03 2.4477250e-04
 1.4192680e-08 1.5703166e-03 4.7408609e-04]
[[2025-10-16 23:35:59]] Mask: [7.9147834e-03 2.1088198e-03 3.1927882e-03 2.3948802e-03 4.3840576e-03
 7.7393061e-06 1.3699906e-03 8.9188828e-04 1.4132063e-02 6.2755235e-03
 1.9880920e-03 6.9701871e-09 3.3183569e-09 6.5156003e-04 5.7860152e-03
 1.4307983e-03 3.5879175e-09 4.1808188e-04 2.1122452e-03 4.8680967e-03
 8.4325708e-03 1.3345432e-02 5.6639721e-04 4.5902431e-03 1.9283934e-03
 3.9653108e-03 4.1727239e-09 1.4734104e-03 7.0298724e-03 2.6447224e-04
 1.4206736e-08 1.4804023e-03 4.7747570e-04]
[[2025-10-16 23:36:01]] Mask: [7.8038028e-03 1.9508693e-03 3.2923564e-03 2.4293824e-03 3.7794132e-03
 7.9250140e-06 1.3208323e-03 8.9626526e-04 1.4066147e-02 6.0085747e-03
 2.0434211e-03 6.9375323e-09 3.2952285e-09 6.5599976e-04 6.0857949e-03
 1.4275835e-03 3.5383201e-09 3.7211250e-04 2.2016410e-03 4.8708185e-03
 8.1098313e-03 1.1952812e-02 5.8179908e-04 4.0514488e-03 1.9101870e-03
 4.2342888e-03 4.1409463e-09 1.4127095e-03 7.1948986e-03 2.5696281e-04
 1.4168554e-08 1.4515311e-03 4.8768395e-04]
[[2025-10-16 23:36:05]] Mask: [8.5953418e-03 1.9645437e-03 3.3789128e-03 2.2747631e-03 4.2606452e-03
 8.5468519e-06 1.3194901e-03 9.0874458e-04 1.4670904e-02 6.0810400e-03
 1.8657900e-03 6.9427082e-09 3.2763081e-09 6.6779292e-04 5.8511975e-03
 1.4881549e-03 3.5205614e-09 4.0566930e-04 2.2472218e-03 5.0016697e-03
 8.1229759e-03 1.2802241e-02 5.4256985e-04 4.1641751e-03 1.9135671e-03
 4.0473202e-03 4.1074677e-09 1.4448644e-03 6.9132671e-03 2.6925726e-04
 1.4175257e-08 1.4428735e-03 5.0382182e-04]
[[2025-10-16 23:36:09]] Mask: [8.0805225e-03 1.9757440e-03 3.2995308e-03 2.2496500e-03 4.1307146e-03
 9.4034922e-06 1.4718076e-03 9.6727762e-04 1.4820978e-02 5.8607496e-03
 2.0521013e-03 6.9138339e-09 3.2531999e-09 6.6513225e-04 6.1320127e-03
 1.3781933e-03 3.4875052e-09 4.3431658e-04 2.3118057e-03 4.9291155e-03
 8.6031463e-03 1.2730988e-02 5.3453411e-04 4.2551607e-03 1.9834936e-03
 4.2528440e-03 4.0837045e-09 1.5021631e-03 7.2278585e-03 2.9556319e-04
 1.4084139e-08 1.5327214e-03 4.8186694e-04]
[[2025-10-16 23:36:14]] Mask: [7.8045009e-03 1.9776705e-03 3.3327262e-03 2.4065364e-03 4.5181345e-03
 1.0726225e-05 1.3918072e-03 9.3692716e-04 1.3738612e-02 5.3274524e-03
 2.0632951e-03 6.8877992e-09 3.2284742e-09 6.4278505e-04 6.0176495e-03
 1.5751919e-03 3.4695387e-09 5.4855034e-04 2.3197676e-03 4.7568115e-03
 8.4096408e-03 1.3318855e-02 5.6920410e-04 4.6886560e-03 1.9130528e-03
 4.4503841e-03 4.0531463e-09 1.5607184e-03 6.9861114e-03 2.8119315e-04
 1.4166987e-08 1.4573719e-03 4.6153413e-04]
[[2025-10-16 23:36:16]] Mask: [7.8202421e-03 1.9154607e-03 3.2391762e-03 2.2910174e-03 4.1499687e-03
 1.1742372e-05 1.3957827e-03 9.5905957e-04 1.4192199e-02 5.4437732e-03
 2.1986209e-03 6.8546409e-09 3.2078622e-09 6.5132161e-04 6.1233239e-03
 1.4485243e-03 3.4344323e-09 5.6080724e-04 2.3486421e-03 4.8020193e-03
 8.4348209e-03 1.2147015e-02 5.6078960e-04 4.4991593e-03 1.9665903e-03
 4.2461734e-03 4.0185681e-09 1.4715272e-03 7.0676729e-03 3.1903535e-04
 1.4082689e-08 1.5224434e-03 4.5655892e-04]
[[2025-10-16 23:36:19]] Mask: [8.5764071e-03 1.8916829e-03 3.3314449e-03 2.2372217e-03 4.1859373e-03
 1.2568616e-05 1.4169343e-03 9.6642226e-04 1.4478180e-02 5.5790576e-03
 2.4186014e-03 6.8204726e-09 3.1883427e-09 6.4906164e-04 5.8959969e-03
 1.3621547e-03 3.4046843e-09 5.7125470e-04 2.1910770e-03 4.7241366e-03
 8.6314343e-03 1.1690238e-02 5.7354965e-04 3.9161458e-03 1.8677296e-03
 4.0331115e-03 3.9879948e-09 1.4641978e-03 6.8045142e-03 3.2833437e-04
 1.3906864e-08 1.5819768e-03 4.6337568e-04]
[[2025-10-16 23:36:22]] Mask: [7.9574576e-03 1.9408829e-03 3.4336613e-03 2.3035533e-03 3.7649164e-03
 1.3528544e-05 1.4522569e-03 9.1860181e-04 1.3934113e-02 5.5411919e-03
 2.4320798e-03 6.8264852e-09 3.1731697e-09 6.6334923e-04 6.5048519e-03
 1.5215317e-03 3.3712306e-09 5.8083556e-04 2.1678580e-03 4.8081782e-03
 8.2438989e-03 1.2922103e-02 5.4378808e-04 4.2014499e-03 1.8619532e-03
 4.1252142e-03 3.9536405e-09 1.5312050e-03 6.7366981e-03 2.9201998e-04
 1.3819157e-08 1.6132226e-03 4.7102413e-04]
[[2025-10-16 23:36:25]] Mask: [7.9132076e-03 1.8790434e-03 3.4894294e-03 2.2024496e-03 3.7059183e-03
 1.4756690e-05 1.4651275e-03 9.1210124e-04 1.4198500e-02 5.3779599e-03
 2.6351945e-03 6.7823200e-09 3.1535001e-09 6.6658505e-04 6.3582477e-03
 1.4576188e-03 3.3433498e-09 5.9863972e-04 1.9928035e-03 4.8273434e-03
 8.1382580e-03 1.2737624e-02 5.3583184e-04 4.0414329e-03 1.8514488e-03
 4.1011581e-03 3.9189394e-09 1.5838306e-03 6.9271377e-03 2.8742212e-04
 1.3831710e-08 1.5979855e-03 4.7686938e-04]
[[2025-10-16 23:36:29]] Mask: [8.0665462e-03 1.9205450e-03 3.1532075e-03 2.3016755e-03 3.8580399e-03
 1.4044449e-05 1.4316802e-03 9.0843212e-04 1.4526444e-02 5.3642625e-03
 2.4627764e-03 6.7072046e-09 3.1349334e-09 6.5836700e-04 6.2879263e-03
 1.4364327e-03 3.3236396e-09 5.8613351e-04 2.1632533e-03 4.9062506e-03
 8.1781615e-03 1.1988020e-02 5.8174448e-04 4.1667251e-03 1.7333241e-03
 4.0057627e-03 3.8962966e-09 1.6790088e-03 7.0620226e-03 2.7343372e-04
 1.3789090e-08 1.5350905e-03 4.7757267e-04]
[[2025-10-16 23:36:31]] Mask: [8.0298260e-03 2.0081564e-03 3.0074196e-03 2.3712520e-03 3.6190811e-03
 1.5271818e-05 1.3856230e-03 9.3021325e-04 1.3609642e-02 5.4591242e-03
 2.2214509e-03 6.6672436e-09 3.1126262e-09 6.2433555e-04 6.0072141e-03
 1.5107667e-03 3.2911580e-09 5.9353304e-04 2.2490013e-03 4.8895199e-03
 8.3168438e-03 1.2735052e-02 5.9698365e-04 3.9348165e-03 1.7691986e-03
 4.2303503e-03 3.8726915e-09 1.6485591e-03 6.8762647e-03 2.4921281e-04
 1.3910976e-08 1.5418637e-03 4.7821229e-04]
[[2025-10-16 23:36:34]] Mask: [8.1988024e-03 2.1114764e-03 3.1545311e-03 2.2932061e-03 3.7685507e-03
 1.5024132e-05 1.3630502e-03 9.2343357e-04 1.3625468e-02 5.4762275e-03
 2.2841438e-03 6.6782651e-09 3.0887157e-09 6.0449587e-04 6.0494430e-03
 1.4309237e-03 3.2719554e-09 5.8416702e-04 2.1755458e-03 4.9174540e-03
 8.2458016e-03 1.2808498e-02 5.8955397e-04 3.6204450e-03 1.7067612e-03
 3.9719078e-03 3.8441814e-09 1.4936165e-03 7.0788306e-03 2.6101930e-04
 1.3923639e-08 1.5670717e-03 4.7176852e-04]
[[2025-10-16 23:36:37]] Mask: [8.1589380e-03 2.0177586e-03 3.3676303e-03 2.3717904e-03 3.8176863e-03
 1.6573602e-05 1.3122713e-03 9.3086000e-04 1.4254136e-02 5.6790099e-03
 2.4693063e-03 6.6732104e-09 3.0699385e-09 6.2077510e-04 5.7764766e-03
 1.3628509e-03 3.2564591e-09 6.5406173e-04 2.2200954e-03 4.8986021e-03
 8.3844448e-03 1.2534871e-02 6.4058404e-04 3.7498074e-03 1.8042757e-03
 4.0302188e-03 3.8188590e-09 1.4454811e-03 6.6111386e-03 2.7605970e-04
 1.3807696e-08 1.6149877e-03 4.8008532e-04]
[[2025-10-16 23:36:41]] Mask: [8.2747629e-03 1.9924375e-03 3.2299245e-03 2.3987610e-03 3.8975263e-03
 1.8406730e-05 1.2974704e-03 9.8020909e-04 1.4550353e-02 6.4067258e-03
 2.2981786e-03 6.6748780e-09 3.0572644e-09 6.3823751e-04 5.7284567e-03
 1.3902381e-03 3.2358967e-09 7.1749242e-04 2.1231186e-03 4.9085305e-03
 8.0367494e-03 1.2210082e-02 6.2199903e-04 3.7166448e-03 1.6824355e-03
 4.2079585e-03 3.7911794e-09 1.4451148e-03 6.5290658e-03 2.6655817e-04
 1.3859043e-08 1.6076235e-03 4.7687418e-04]
[[2025-10-16 23:36:44]] Mask: [7.93584622e-03 1.95920956e-03 3.12639354e-03 2.33812397e-03
 3.76214366e-03 1.97245499e-05 1.29439449e-03 9.37345903e-04
 1.47762215e-02 5.78753464e-03 2.40227487e-03 6.58603660e-09
 3.04102654e-09 6.42053084e-04 6.02486404e-03 1.29794993e-03
 3.20496363e-09 7.20273238e-04 2.30272813e-03 4.94663604e-03
 8.19276366e-03 1.21159339e-02 6.41598599e-04 3.61873372e-03
 1.64040946e-03 3.82638257e-03 3.76491283e-09 1.40425318e-03
 7.00264471e-03 2.88679934e-04 1.39165506e-08 1.62491843e-03
 4.29848442e-04]
[[2025-10-16 23:36:47]] Mask: [7.8948895e-03 2.0190014e-03 3.1987093e-03 2.2661942e-03 3.6572707e-03
 2.1753982e-05 1.3177965e-03 9.2068943e-04 1.4355519e-02 5.5262139e-03
 2.3626585e-03 6.5586589e-09 3.0241600e-09 6.2814524e-04 6.1009298e-03
 1.3294651e-03 3.1781728e-09 7.2215061e-04 2.2496060e-03 4.8860875e-03
 8.2618799e-03 1.2342492e-02 6.5405143e-04 3.9923633e-03 1.5879234e-03
 3.8791846e-03 3.7405270e-09 1.4677590e-03 6.8025333e-03 2.8316028e-04
 1.4056846e-08 1.6175353e-03 4.3853588e-04]
[[2025-10-16 23:36:50]] Mask: [8.1161289e-03 1.9642015e-03 3.1916942e-03 2.1850243e-03 3.9990395e-03
 2.1386621e-05 1.3027522e-03 9.6870662e-04 1.4294270e-02 5.0915000e-03
 2.3564950e-03 6.5644787e-09 3.0058960e-09 6.4075162e-04 5.9236209e-03
 1.3961616e-03 3.1603404e-09 7.4996409e-04 2.2241571e-03 4.8081418e-03
 8.0613131e-03 1.2244303e-02 6.4711849e-04 3.7348859e-03 1.7730024e-03
 4.0331460e-03 3.7237913e-09 1.4445108e-03 6.7343665e-03 3.0057650e-04
 1.4094271e-08 1.5724233e-03 4.5355089e-04]
