[[2025-10-15 20:29:22]] Starting training on model: model_[33, 32, 32, 1]_output_Sigmoid_intermediate_ReLU_normalized_data_True_loss_MSELoss
[[2025-10-15 20:29:24]] Epoch 1/30, Validation Loss: 0.17618751
[[2025-10-15 20:29:24]] Mask: [0.6899859  0.6944211  0.6452079  0.65621173 0.63060206 0.5874372
 0.6860911  0.60814524 0.7250463  0.7318924  0.72220254 0.72383416
 0.6514269  0.5853875  0.6569039  0.7192476  0.6278358  0.6367453
 0.7152012  0.6678269  0.7132908  0.707089   0.7107676  0.70056653
 0.7399788  0.67290264 0.7654665  0.6359342  0.68833035 0.6575581
 0.7358783  0.68503773 0.65909624]
[[2025-10-15 20:29:26]] Epoch 2/30, Validation Loss: 0.16131133
[[2025-10-15 20:29:26]] Mask: [0.65192807 0.61739093 0.571107   0.6040187  0.54280996 0.5050692
 0.6101276  0.5325491  0.6781216  0.64601517 0.6232849  0.6377946
 0.59086525 0.5295046  0.59109837 0.65893906 0.54212135 0.55186945
 0.6200394  0.6063347  0.6706362  0.6635717  0.6151003  0.61620003
 0.65886796 0.5846001  0.6856582  0.5442723  0.6107141  0.56146556
 0.64182293 0.5925229  0.59373564]
[[2025-10-15 20:29:29]] Epoch 3/30, Validation Loss: 0.14344931
[[2025-10-15 20:29:29]] Mask: [0.6131399  0.5371771  0.49741077 0.5478405  0.4556612  0.4298617
 0.5292536  0.45843974 0.6298045  0.5496006  0.51612645 0.54283774
 0.5315876  0.47943252 0.5194693  0.60107297 0.45769727 0.4651953
 0.51526386 0.54066336 0.6267252  0.61457324 0.5119982  0.5279932
 0.5722878  0.49198154 0.5909275  0.45571533 0.5284121  0.46386817
 0.53656626 0.49115023 0.52581286]
[[2025-10-15 20:29:31]] Epoch 4/30, Validation Loss: 0.12455640
[[2025-10-15 20:29:31]] Mask: [0.5759293  0.46026185 0.4284156  0.4948848  0.37437814 0.3612375
 0.45187134 0.39124423 0.5806949  0.46030506 0.41169232 0.4485475
 0.47175235 0.4297089  0.45415255 0.5380212  0.38341165 0.38496178
 0.41842943 0.47663054 0.5798026  0.565576   0.41134727 0.44303054
 0.48963767 0.40721172 0.49741656 0.37517098 0.44824186 0.37466317
 0.43443704 0.3998879  0.4614871 ]
[[2025-10-15 20:29:33]] Epoch 5/30, Validation Loss: 0.10949650
[[2025-10-15 20:29:33]] Mask: [0.5344928  0.39150724 0.36921105 0.44611666 0.30839255 0.3011374
 0.38991395 0.3350574  0.53031945 0.37929952 0.32572874 0.36825424
 0.4195189  0.38331324 0.3935275  0.4806503  0.3195638  0.31891102
 0.3408785  0.41929916 0.5338207  0.51846266 0.32830518 0.36982575
 0.40917915 0.338322   0.4147758  0.30680647 0.37885964 0.30165946
 0.34735948 0.32347485 0.40276754]
[[2025-10-15 20:29:35]] Epoch 6/30, Validation Loss: 0.09946163
[[2025-10-15 20:29:35]] Mask: [0.49618706 0.33599457 0.32245153 0.40361008 0.25302488 0.2518222
 0.33875546 0.28726324 0.48381472 0.3132062  0.25844797 0.30112156
 0.37431476 0.3456139  0.34375975 0.42455554 0.27010062 0.26896945
 0.2770816  0.37002376 0.48967552 0.47659403 0.26254722 0.31113225
 0.34683627 0.2812609  0.3434764  0.25431323 0.3252345  0.24335831
 0.28004614 0.26156765 0.35236168]
[[2025-10-15 20:29:37]] Epoch 7/30, Validation Loss: 0.08843715
[[2025-10-15 20:29:37]] Mask: [0.45990726 0.28851074 0.28287795 0.36271086 0.20934185 0.21389839
 0.2915552  0.24833749 0.44561264 0.2609313  0.20677587 0.25118625
 0.331261   0.31147477 0.3016629  0.37973845 0.23030208 0.22823188
 0.22961813 0.3279723  0.4470671  0.43981946 0.21190347 0.26403046
 0.29415178 0.23565513 0.28803796 0.21133418 0.2795766  0.19857256
 0.22648872 0.2133691  0.31275162]
[[2025-10-15 20:29:39]] Epoch 8/30, Validation Loss: 0.08075339
[[2025-10-15 20:29:39]] Mask: [0.4256902  0.25551194 0.24877319 0.32923564 0.17455034 0.18503068
 0.25751358 0.21568568 0.4079947  0.22335714 0.1695828  0.21457475
 0.29748592 0.2844208  0.2654866  0.34048444 0.19917613 0.19477424
 0.19210547 0.29445297 0.41501522 0.4081633  0.17326498 0.22746024
 0.25073215 0.20117593 0.24395587 0.17826058 0.2429119  0.16458766
 0.18516849 0.17692003 0.27664024]
[[2025-10-15 20:29:41]] Epoch 9/30, Validation Loss: 0.07403643
[[2025-10-15 20:29:42]] Mask: [0.39669415 0.2252912  0.22167782 0.30171555 0.14795007 0.15942703
 0.22946809 0.19206662 0.3765792  0.19572048 0.14023827 0.18499605
 0.27022204 0.26026902 0.23726574 0.30862883 0.17592737 0.16798815
 0.16456954 0.26262537 0.3810999  0.376927   0.14456159 0.19872138
 0.21878187 0.17539452 0.20885415 0.15554951 0.21428803 0.13736585
 0.15687281 0.14848845 0.24918564]
[[2025-10-15 20:29:44]] Epoch 10/30, Validation Loss: 0.06876980
[[2025-10-15 20:29:44]] Mask: [0.37127158 0.20114034 0.19982027 0.27343583 0.12717518 0.1371006
 0.20640942 0.17136036 0.34844673 0.17193702 0.11746395 0.16067532
 0.24557295 0.23913963 0.21435662 0.28068596 0.15601338 0.14704429
 0.14226054 0.23832951 0.35402116 0.34961694 0.12053075 0.17865962
 0.19442907 0.15421173 0.18033521 0.13562457 0.1911234  0.11590727
 0.1332239  0.1264334  0.22339056]
[[2025-10-15 20:29:46]] Epoch 11/30, Validation Loss: 0.06555832
[[2025-10-15 20:29:46]] Mask: [0.34872103 0.18209322 0.18183634 0.25362864 0.11035945 0.121698
 0.18522674 0.15436092 0.32331663 0.15347166 0.10113029 0.1429216
 0.22509417 0.22040813 0.19356517 0.2556869  0.13912739 0.12981024
 0.12415134 0.21830507 0.32775462 0.32396385 0.10289133 0.15795264
 0.17283267 0.13776785 0.1588033  0.12009464 0.17066689 0.10003689
 0.11452442 0.1088849  0.2036431 ]
[[2025-10-15 20:29:48]] Epoch 12/30, Validation Loss: 0.06068579
[[2025-10-15 20:29:48]] Mask: [0.32637852 0.16519363 0.16590582 0.23389718 0.09566633 0.10959166
 0.16926189 0.13945305 0.3011898  0.1375215  0.0871338  0.12797093
 0.20689638 0.20524435 0.17694129 0.23729289 0.12545624 0.11440484
 0.11029277 0.20054299 0.303795   0.30290103 0.08873071 0.14184009
 0.15486753 0.12506467 0.13970058 0.106877   0.15645991 0.08857508
 0.10142099 0.09572913 0.18754572]
[[2025-10-15 20:29:50]] Epoch 13/30, Validation Loss: 0.05834451
[[2025-10-15 20:29:50]] Mask: [0.30737334 0.15318953 0.15305157 0.21768604 0.08475848 0.09733742
 0.15388638 0.1267603  0.28073975 0.12455235 0.07636745 0.11518227
 0.19028522 0.19090582 0.16067801 0.22080863 0.1149966  0.10441769
 0.09898086 0.18592836 0.283195   0.2846548  0.07822052 0.13037127
 0.14117496 0.11327822 0.12428346 0.0962013  0.14208977 0.07896996
 0.09071155 0.08493832 0.17487729]
[[2025-10-15 20:29:52]] Epoch 14/30, Validation Loss: 0.05499670
[[2025-10-15 20:29:52]] Mask: [0.2890561  0.13990028 0.14147371 0.2036406  0.07479312 0.08829171
 0.14290556 0.11694571 0.2641596  0.11516703 0.06768631 0.10609537
 0.17725794 0.17933077 0.14975782 0.20365408 0.10584512 0.09467803
 0.09074406 0.1719979  0.26422948 0.2655988  0.06961725 0.11968433
 0.12930241 0.10459806 0.1110452  0.08719805 0.13160649 0.07057209
 0.08220829 0.07613982 0.16359396]
[[2025-10-15 20:29:55]] Epoch 15/30, Validation Loss: 0.05329756
[[2025-10-15 20:29:55]] Mask: [0.27466375 0.1312903  0.13196653 0.18970014 0.06734116 0.07969087
 0.13167681 0.10679235 0.24898809 0.10663337 0.06055513 0.09732337
 0.16555513 0.16639407 0.13827553 0.19148752 0.09793846 0.08740339
 0.08285456 0.16070288 0.24880031 0.25083336 0.06191947 0.1111744
 0.1205961  0.09665366 0.10265724 0.07992608 0.12232808 0.06363776
 0.07494549 0.06919811 0.15294221]
[[2025-10-15 20:29:57]] Epoch 16/30, Validation Loss: 0.05160714
[[2025-10-15 20:29:57]] Mask: [0.25872818 0.12231247 0.12342606 0.17662035 0.06090029 0.0740785
 0.12270008 0.09895507 0.23624872 0.0987404  0.05462438 0.08973466
 0.1551476  0.15853648 0.12843327 0.18016037 0.09085444 0.07975019
 0.0772602  0.15046634 0.23448059 0.23669718 0.05695985 0.10333658
 0.11248106 0.09058952 0.0952516  0.07386589 0.11348364 0.05823865
 0.06844839 0.06317864 0.14518197]
[[2025-10-15 20:30:00]] Epoch 17/30, Validation Loss: 0.05106539
[[2025-10-15 20:30:00]] Mask: [0.24504037 0.11435344 0.11600897 0.16838332 0.05549293 0.06811914
 0.11433986 0.0917778  0.22406265 0.0929336  0.04943878 0.08442023
 0.1463688  0.15067318 0.1201532  0.17104039 0.08469816 0.07341751
 0.07198091 0.14279635 0.22207506 0.22418383 0.05217736 0.09736653
 0.10585203 0.08519913 0.08879674 0.06910633 0.10738296 0.05339868
 0.06250641 0.05727242 0.13665496]
[[2025-10-15 20:30:02]] Epoch 18/30, Validation Loss: 0.05080758
[[2025-10-15 20:30:02]] Mask: [0.23324129 0.10812438 0.10950379 0.1603869  0.05107687 0.06262548
 0.10785852 0.08680206 0.21299699 0.08729556 0.04534622 0.07981104
 0.13668193 0.14206472 0.11365695 0.16106671 0.08051719 0.06864372
 0.06792089 0.13522883 0.20743039 0.21283856 0.04807228 0.09212891
 0.09842886 0.07951234 0.0837757  0.06503674 0.10063644 0.04913589
 0.05859946 0.05284283 0.12998071]
[[2025-10-15 20:30:05]] Epoch 19/30, Validation Loss: 0.04697974
[[2025-10-15 20:30:05]] Mask: [0.22324722 0.10089428 0.1035654  0.15288416 0.04727769 0.05813988
 0.10268446 0.08110541 0.20377886 0.08243077 0.04118788 0.07505164
 0.13003266 0.13530585 0.10607535 0.15169236 0.0748781  0.06296736
 0.06430382 0.12925513 0.1983484  0.20230241 0.04499873 0.08592466
 0.09180728 0.07519837 0.07863978 0.06106724 0.09536251 0.04577395
 0.05441289 0.04937883 0.12298606]
[[2025-10-15 20:30:07]] Epoch 20/30, Validation Loss: 0.04597076
[[2025-10-15 20:30:07]] Mask: [0.21289669 0.09629977 0.09761446 0.14522177 0.0437537  0.05438075
 0.09740862 0.0766861  0.19483444 0.07780669 0.03809515 0.07106284
 0.12390883 0.1299383  0.10143594 0.14445193 0.07044908 0.05904144
 0.06056058 0.12259427 0.18849027 0.1920229  0.04161621 0.08167057
 0.08722984 0.07123797 0.07421111 0.05716814 0.0898514  0.04281005
 0.05174706 0.04554966 0.11694081]
[[2025-10-15 20:30:10]] Epoch 21/30, Validation Loss: 0.04505549
[[2025-10-15 20:30:10]] Mask: [0.20295359 0.09281142 0.09353224 0.13852017 0.04074133 0.05091532
 0.09348532 0.07263563 0.18573746 0.07510574 0.03598613 0.06807078
 0.11749806 0.12515758 0.09607213 0.13842423 0.06702618 0.05516583
 0.05736123 0.11685027 0.17887999 0.1844669  0.03880449 0.07753657
 0.08282468 0.06751626 0.07006903 0.05465131 0.08554635 0.04061406
 0.04923146 0.04237808 0.11161792]
[[2025-10-15 20:30:13]] Epoch 22/30, Validation Loss: 0.04472861
[[2025-10-15 20:30:13]] Mask: [0.19477606 0.08869339 0.08929338 0.13090158 0.03794385 0.04805443
 0.08934487 0.06920015 0.1785747  0.07188991 0.03362283 0.06443811
 0.11221488 0.11968092 0.09101927 0.13282786 0.06370971 0.05262795
 0.05564769 0.11284045 0.17197442 0.17534019 0.03749313 0.07456644
 0.07850041 0.0638824  0.0663439  0.05206906 0.08194914 0.03876019
 0.04666466 0.04014069 0.10674696]
[[2025-10-15 20:30:15]] Epoch 23/30, Validation Loss: 0.04375105
[[2025-10-15 20:30:15]] Mask: [0.18708874 0.08531038 0.08491566 0.12562037 0.03613901 0.04512619
 0.08520436 0.06501376 0.17046782 0.06940745 0.03156468 0.06166138
 0.10723311 0.11531516 0.08688007 0.1257671  0.06058046 0.04979908
 0.05326821 0.10745015 0.16386056 0.16910867 0.03557828 0.07069219
 0.07637746 0.06065572 0.06372814 0.04978276 0.07844934 0.03697369
 0.04463989 0.03817282 0.10199228]
[[2025-10-15 20:30:17]] Epoch 24/30, Validation Loss: 0.04358693
[[2025-10-15 20:30:17]] Mask: [0.18056265 0.08105821 0.08187583 0.12042623 0.03421262 0.04256621
 0.08235931 0.06224994 0.16384777 0.06560909 0.03011231 0.05999859
 0.10367208 0.11022315 0.08319031 0.12066464 0.05811556 0.04801571
 0.05162383 0.1035979  0.15936293 0.16253918 0.03373732 0.06793651
 0.07266445 0.05859907 0.06134021 0.04733917 0.07525036 0.03585318
 0.04307391 0.03581476 0.09729376]
[[2025-10-15 20:30:19]] Epoch 25/30, Validation Loss: 0.04305542
[[2025-10-15 20:30:19]] Mask: [0.17401943 0.07764953 0.07926378 0.11534491 0.03282515 0.04071425
 0.07859813 0.05977232 0.15763783 0.06388799 0.02876613 0.05730029
 0.09857444 0.1060555  0.07957458 0.11702337 0.05651088 0.04598048
 0.04947376 0.09935811 0.15115508 0.1561744  0.03263344 0.06547228
 0.07020392 0.05561121 0.05769299 0.04561897 0.07205597 0.0337157
 0.04183113 0.03413218 0.09462896]
[[2025-10-15 20:30:22]] Epoch 26/30, Validation Loss: 0.04343106
[[2025-10-15 20:30:22]] Mask: [0.16717763 0.07443759 0.0757726  0.1120381  0.03135103 0.03868815
 0.07614915 0.056705   0.15148999 0.06073177 0.02705798 0.05572791
 0.09593447 0.10307977 0.07645568 0.11151297 0.0534416  0.04369507
 0.04737083 0.09584933 0.14556184 0.14989603 0.03132272 0.06298877
 0.06808868 0.05442104 0.05619838 0.04401973 0.06903779 0.03265589
 0.04035479 0.03310377 0.09112056]
[[2025-10-15 20:30:24]] Epoch 27/30, Validation Loss: 0.04079905
[[2025-10-15 20:30:24]] Mask: [0.16161737 0.07272499 0.07257408 0.10730177 0.03013474 0.03679547
 0.07292325 0.05455378 0.14654222 0.05924403 0.02567518 0.05389794
 0.09124188 0.09911475 0.07387265 0.10893693 0.05187993 0.04220651
 0.04568509 0.09288229 0.14150858 0.1436887  0.0302464  0.06151564
 0.06572026 0.0524579  0.05454637 0.04213999 0.06661276 0.03120954
 0.03883927 0.03180531 0.08718119]
[[2025-10-15 20:30:26]] Epoch 28/30, Validation Loss: 0.04050331
[[2025-10-15 20:30:26]] Mask: [0.15606001 0.06945059 0.07083448 0.10395594 0.0286926  0.03462325
 0.06997658 0.05327026 0.14179611 0.05633809 0.02477828 0.05151736
 0.08780302 0.09628653 0.0707697  0.10438149 0.0510435  0.04075798
 0.04355801 0.09057713 0.13592723 0.1393002  0.02986742 0.05946044
 0.06422377 0.05038202 0.05228028 0.04083427 0.06578636 0.02975545
 0.03705939 0.03100703 0.08486523]
[[2025-10-15 20:30:28]] Epoch 29/30, Validation Loss: 0.04119116
[[2025-10-15 20:30:28]] Mask: [0.1503769  0.06756234 0.06805046 0.10086133 0.02772074 0.03334868
 0.06779894 0.05115334 0.13609193 0.05490037 0.0238091  0.04981142
 0.08559893 0.09336599 0.06811949 0.10116281 0.0490264  0.03945668
 0.04165744 0.08784279 0.13149789 0.13437422 0.02905519 0.05760039
 0.06289268 0.0489203  0.05111511 0.03967719 0.06305975 0.02904033
 0.03641642 0.03018032 0.08222112]
[[2025-10-15 20:30:31]] Epoch 30/30, Validation Loss: 0.03956824
[[2025-10-15 20:30:31]] Mask: [0.14601548 0.0655283  0.06623922 0.09777176 0.02653691 0.0316824
 0.06515004 0.04939882 0.13261549 0.05361824 0.0230477  0.0485409
 0.0832084  0.09070386 0.06580293 0.09744862 0.04749051 0.03763154
 0.04062498 0.08561559 0.1280619  0.12968427 0.02806558 0.05588768
 0.06074299 0.04764906 0.04931623 0.03856774 0.06135187 0.02841505
 0.03463626 0.02903816 0.08016568]
