[[2025-10-17 00:08:18]] Starting training on model: model_[33, 32, 16, 1]_output_Sigmoid_intermediate_Tanh_normalized_data_True_loss_MSELoss
[[2025-10-17 00:08:22]] Mask: [0.5931385  0.1673573  0.1795879  0.31562036 0.08417045 0.11013505
 0.1290983  0.22513121 0.3928235  0.13503598 0.10071249 0.0835557
 0.306691   0.29508507 0.4362472  0.16673312 0.22429791 0.1330333
 0.1449678  0.4106802  0.5523883  0.49999428 0.11224398 0.16390249
 0.16059038 0.19464472 0.08614658 0.09398575 0.22171581 0.09140687
 0.08673183 0.08542218 0.30813107]
[[2025-10-17 00:08:25]] Mask: [0.41524637 0.04902094 0.08596916 0.11670513 0.02579904 0.03352033
 0.04006172 0.07427132 0.2767813  0.07617941 0.03423361 0.02523935
 0.10688148 0.08779191 0.18045893 0.05050533 0.06522678 0.03722678
 0.04891161 0.21534085 0.34056434 0.32635507 0.03601733 0.08237656
 0.05894335 0.09635987 0.02570902 0.03220322 0.09674969 0.02677483
 0.02723386 0.02742393 0.09433073]
[[2025-10-17 00:08:27]] Mask: [0.27864388 0.02588991 0.05624404 0.07116499 0.01293693 0.01606523
 0.02158474 0.04013157 0.21106143 0.06677373 0.01723517 0.01227577
 0.0509173  0.03989654 0.09338837 0.02622182 0.03277408 0.0174466
 0.02515281 0.14253007 0.21744654 0.24533626 0.01823368 0.0582066
 0.0357443  0.07205323 0.01255814 0.01925935 0.06285268 0.01296639
 0.0133128  0.01497043 0.04373783]
[[2025-10-17 00:08:29]] Mask: [0.20895846 0.01549391 0.04449817 0.04688402 0.00789154 0.00958479
 0.01444825 0.02716995 0.17186263 0.05121735 0.01060618 0.00722443
 0.02905698 0.02274343 0.06374739 0.01737182 0.01966384 0.01034819
 0.01678983 0.10606307 0.15694247 0.18814787 0.01131035 0.05030261
 0.02473748 0.05200076 0.0073938  0.01407085 0.05228722 0.0076153
 0.00783036 0.00938709 0.02579121]
[[2025-10-17 00:08:32]] Mask: [0.16377904 0.01127326 0.03631542 0.03554015 0.00543361 0.00622696
 0.01141065 0.01905833 0.1471739  0.0446978  0.00755885 0.00475844
 0.01831526 0.0150356  0.04761988 0.01322468 0.01357585 0.00687916
 0.01252121 0.08829735 0.12487216 0.17220703 0.0078405  0.04415392
 0.01952029 0.04576557 0.00484921 0.01108425 0.04344096 0.00501222
 0.00509968 0.0069354  0.0171066 ]
[[2025-10-17 00:08:34]] Mask: [0.13839    0.00877502 0.03142362 0.03026377 0.0040199  0.00431066
 0.0089599  0.01519282 0.12448166 0.03909061 0.00548664 0.00327334
 0.01247505 0.01050046 0.03740748 0.01062658 0.0103919  0.00476203
 0.00948372 0.06787571 0.10145407 0.13141194 0.0055511  0.03537032
 0.01423134 0.03797062 0.00333433 0.00900695 0.03696819 0.00344305
 0.00352031 0.00570062 0.01207532]
[[2025-10-17 00:08:36]] Mask: [0.11952902 0.00696841 0.02717873 0.02529994 0.00309698 0.00316636
 0.00731256 0.01333049 0.11337495 0.03665842 0.00418845 0.00239077
 0.00884334 0.00774897 0.0297715  0.00921525 0.00812429 0.00355773
 0.00869397 0.05757025 0.08649486 0.11631389 0.00424904 0.03381673
 0.01184308 0.03621464 0.00240014 0.00725216 0.03407492 0.00249376
 0.00251999 0.00469134 0.00871334]
[[2025-10-17 00:08:39]] Mask: [0.1062289  0.00584843 0.02288283 0.02187656 0.00261002 0.00235322
 0.00624553 0.01054701 0.10026485 0.03075412 0.00318008 0.0017447
 0.00668166 0.00591046 0.02650378 0.00790937 0.00704128 0.00273396
 0.00792688 0.05140366 0.07710324 0.10724272 0.00337482 0.0279777
 0.01021654 0.03276574 0.00178735 0.00717946 0.03353906 0.00187006
 0.00185268 0.00408356 0.00664865]
[[2025-10-17 00:08:42]] Mask: [0.09268718 0.0053119  0.02427198 0.01992475 0.00217354 0.00177926
 0.00575273 0.00885885 0.087815   0.03115695 0.00263206 0.0013635
 0.00496169 0.004818   0.02261019 0.00838686 0.00608928 0.00207605
 0.00679497 0.04568546 0.068937   0.1011655  0.00259784 0.02602956
 0.00982471 0.03103272 0.00138096 0.00697257 0.02674356 0.00138137
 0.00139518 0.00363751 0.00523046]
[[2025-10-17 00:08:44]] Mask: [0.08214967 0.00452716 0.02142829 0.0176926  0.00187144 0.00136324
 0.00531529 0.00770225 0.08516318 0.02783622 0.00221685 0.00103449
 0.00376514 0.00398656 0.02142868 0.0071999  0.00552552 0.00165964
 0.00675993 0.04225155 0.06286331 0.09221318 0.00211511 0.02493441
 0.00839084 0.02577505 0.00103211 0.00695062 0.02433673 0.00106625
 0.0010626  0.00351203 0.00421493]
[[2025-10-17 00:08:46]] Mask: [0.0782161  0.00414042 0.02014987 0.01629123 0.00164076 0.00105628
 0.00529335 0.00711767 0.07646691 0.0291007  0.00188528 0.00081308
 0.00289295 0.00331032 0.01926961 0.00657252 0.00515292 0.00131449
 0.00638248 0.03736254 0.05780368 0.0842436  0.0016976  0.02244717
 0.00804318 0.02351058 0.00080215 0.00659536 0.02226918 0.00082095
 0.0008196  0.00356185 0.00349613]
[[2025-10-17 00:08:48]] Mask: [0.06956837 0.00362247 0.01844402 0.01491744 0.00134136 0.00083831
 0.00509354 0.00660109 0.07442918 0.02356531 0.00163812 0.00062945
 0.00229274 0.00300744 0.01803009 0.00598997 0.00439309 0.00102763
 0.00666112 0.03693589 0.05163035 0.08098222 0.00150387 0.02281459
 0.00843912 0.02472914 0.00063925 0.00618791 0.02253306 0.00064944
 0.00063984 0.00420351 0.00286352]
[[2025-10-17 00:08:50]] Mask: [0.06584432 0.00339122 0.01659004 0.01342046 0.00122113 0.00067035
 0.00587966 0.00629962 0.06950669 0.02274432 0.00140133 0.0004951
 0.00176952 0.00258421 0.01612845 0.00573072 0.00404007 0.00083587
 0.00681274 0.03299177 0.0461602  0.07121421 0.00127029 0.02387549
 0.00793264 0.02320115 0.0005009  0.00639812 0.02286445 0.00051333
 0.00049924 0.00433539 0.0024655 ]
[[2025-10-17 00:08:52]] Mask: [0.05930367 0.00326667 0.01752792 0.01246566 0.00118512 0.00053078
 0.00552471 0.00547754 0.06497247 0.0229275  0.00116721 0.0003891
 0.00143779 0.00254323 0.01601233 0.00533755 0.00409489 0.00071323
 0.00843632 0.03392285 0.0424268  0.07651176 0.00112273 0.02146281
 0.007046   0.02123763 0.00039489 0.00630328 0.02235109 0.0004019
 0.00039164 0.00526902 0.00210051]
[[2025-10-17 00:08:55]] Mask: [0.05643115 0.0032675  0.0156386  0.01154924 0.0013314  0.00041726
 0.00545842 0.00525747 0.06402265 0.0206493  0.00103121 0.00031062
 0.00115002 0.00221657 0.01528411 0.00503734 0.00443989 0.00063457
 0.00804137 0.03116443 0.0407106  0.07015354 0.0009819  0.01989818
 0.00684658 0.02079639 0.00031394 0.00656542 0.02238322 0.00031792
 0.00030785 0.00512392 0.00191009]
[[2025-10-17 00:08:58]] Mask: [0.05199137 0.00380347 0.01539584 0.01131178 0.00131593 0.00033927
 0.00546032 0.00473789 0.06255636 0.02152631 0.00098353 0.00025036
 0.00091757 0.00209447 0.01461831 0.00531988 0.00402039 0.0005255
 0.00716107 0.029847   0.03872333 0.06457854 0.00080759 0.01760648
 0.00614394 0.01941284 0.00025104 0.00619523 0.02114116 0.00025263
 0.0002433  0.00551117 0.00156485]
[[2025-10-17 00:09:00]] Mask: [0.04678363 0.00436225 0.01595057 0.01104365 0.00115476 0.00027989
 0.00533189 0.00449752 0.05936998 0.02091529 0.00088336 0.00020572
 0.00073296 0.00191311 0.01451353 0.00571653 0.00349659 0.00043075
 0.00664474 0.0278562  0.03815407 0.06293556 0.0007131  0.01823472
 0.00622058 0.02045042 0.00020115 0.00621291 0.01851819 0.00019728
 0.00019297 0.00665831 0.0013451 ]
[[2025-10-17 00:09:02]] Mask: [0.04668143 0.00515929 0.01353342 0.01014679 0.0013613  0.00021909
 0.00520722 0.00453722 0.05616353 0.01887687 0.00081309 0.00016571
 0.00057991 0.00161262 0.01367039 0.00601486 0.00364039 0.00038332
 0.00696333 0.02642687 0.03648018 0.06188374 0.00064603 0.01601779
 0.00635671 0.01859111 0.00016067 0.00554699 0.01767669 0.0001566
 0.00015235 0.00578484 0.00120315]
[[2025-10-17 00:09:04]] Mask: [0.04244629 0.0050708  0.01463269 0.00938404 0.00128777 0.00017417
 0.00484003 0.00470015 0.0544092  0.01950546 0.00074684 0.00013459
 0.00046472 0.00161439 0.01328205 0.00548431 0.00348388 0.00030666
 0.00754425 0.02460088 0.03245285 0.05978147 0.00064717 0.0171697
 0.00607807 0.01872422 0.00013185 0.00543679 0.01752529 0.00012662
 0.00012071 0.00542945 0.00108705]
[[2025-10-17 00:09:07]] Mask: [4.16636467e-02 5.11011109e-03 1.34201022e-02 9.24644899e-03
 1.64256862e-03 1.40953227e-04 4.93181264e-03 4.56712395e-03
 5.35159186e-02 1.91583373e-02 7.01438345e-04 1.10377063e-04
 3.70073511e-04 1.39636104e-03 1.37544759e-02 5.32902498e-03
 3.59069114e-03 2.91503151e-04 8.66658334e-03 2.37516630e-02
 3.24231200e-02 5.49601726e-02 6.34978816e-04 1.75831988e-02
 5.43260062e-03 1.74481235e-02 1.07320695e-04 5.10935951e-03
 1.77326445e-02 9.96919844e-05 9.59280005e-05 5.40054450e-03
 9.50855028e-04]
[[2025-10-17 00:09:09]] Mask: [3.99449207e-02 5.28088026e-03 1.27480272e-02 8.55392218e-03
 1.63626031e-03 1.20000121e-04 4.95433109e-03 4.35688067e-03
 5.33277877e-02 1.84861682e-02 7.73998327e-04 9.01598614e-05
 2.94876721e-04 1.33425347e-03 1.28962975e-02 4.92218370e-03
 3.25923832e-03 2.82029767e-04 8.34436435e-03 2.21772566e-02
 3.09818573e-02 5.28084785e-02 5.70850330e-04 1.55176427e-02
 5.24977455e-03 1.62435882e-02 8.53203019e-05 5.14262309e-03
 1.75581519e-02 8.24193194e-05 7.59988470e-05 5.50913299e-03
 8.68507952e-04]
[[2025-10-17 00:09:12]] Mask: [3.7178989e-02 5.4518599e-03 1.3442817e-02 8.3223404e-03 1.8654047e-03
 9.7830460e-05 4.6006436e-03 3.9137937e-03 5.2485444e-02 1.8200686e-02
 7.5343723e-04 7.5284312e-05 2.4562344e-04 1.3326247e-03 1.3355356e-02
 4.8293620e-03 3.3968447e-03 2.6646341e-04 9.0644769e-03 2.2979073e-02
 3.0535869e-02 5.2390549e-02 5.3972111e-04 1.5156457e-02 5.2040056e-03
 1.5483020e-02 6.9026122e-05 4.7563668e-03 1.7224913e-02 6.7400179e-05
 6.0413000e-05 4.8828097e-03 7.9078291e-04]
[[2025-10-17 00:09:14]] Mask: [3.4961808e-02 5.4744878e-03 1.2603194e-02 8.1380308e-03 2.0524648e-03
 7.8905643e-05 4.4405963e-03 3.6023960e-03 5.0386447e-02 1.7879074e-02
 6.8823440e-04 6.0517312e-05 2.0016036e-04 1.3834132e-03 1.3337103e-02
 5.2023549e-03 3.4789233e-03 2.4320873e-04 8.0658775e-03 2.2576757e-02
 2.8648609e-02 5.2546013e-02 5.5094552e-04 1.4875098e-02 5.2847341e-03
 1.6672119e-02 5.6695684e-05 4.8448094e-03 1.8037712e-02 5.3338666e-05
 4.8260197e-05 4.8421435e-03 7.5510336e-04]
[[2025-10-17 00:09:16]] Mask: [3.2483514e-02 5.4565081e-03 1.1608114e-02 8.2246894e-03 2.0975790e-03
 6.5460270e-05 4.5233746e-03 3.5077708e-03 4.7525354e-02 1.7631913e-02
 7.2182441e-04 5.1225448e-05 1.6179415e-04 1.2782593e-03 1.3231735e-02
 4.8891022e-03 3.2604593e-03 2.0869177e-04 7.6804771e-03 2.1207171e-02
 2.7387958e-02 5.2061673e-02 4.9262168e-04 1.4678710e-02 5.0911377e-03
 1.6264036e-02 4.5551034e-05 5.1176194e-03 1.7551688e-02 4.3712604e-05
 3.8657861e-05 4.8760399e-03 6.4770249e-04]
[[2025-10-17 00:09:19]] Mask: [3.1065159e-02 5.3823413e-03 1.1849323e-02 8.0132224e-03 2.1930961e-03
 5.4217504e-05 4.0195221e-03 3.4921300e-03 4.8709419e-02 1.6899806e-02
 8.9512032e-04 4.2040116e-05 1.3490347e-04 1.3431457e-03 1.3352138e-02
 4.4758571e-03 3.0113757e-03 1.7756372e-04 7.6246294e-03 2.0548867e-02
 2.6642507e-02 4.9461361e-02 4.5131514e-04 1.5265578e-02 4.8918659e-03
 1.5109972e-02 3.6976828e-05 4.6229679e-03 1.7077239e-02 3.4769837e-05
 3.0936881e-05 4.7569149e-03 6.3825975e-04]
[[2025-10-17 00:09:21]] Mask: [2.9918300e-02 5.5649485e-03 1.0568874e-02 7.4926028e-03 2.3269509e-03
 4.3975931e-05 4.0449719e-03 3.5502056e-03 4.5830697e-02 1.7146211e-02
 9.8465697e-04 3.4601668e-05 1.0349525e-04 1.1719157e-03 1.2301563e-02
 4.5547839e-03 2.9076212e-03 1.5425700e-04 7.8994287e-03 2.0003913e-02
 2.6619473e-02 4.9349681e-02 4.8070829e-04 1.3646081e-02 5.1972265e-03
 1.4013961e-02 2.8769162e-05 4.3342379e-03 1.7084902e-02 2.8603055e-05
 2.4797451e-05 4.6554506e-03 5.9483503e-04]
[[2025-10-17 00:09:23]] Mask: [3.0574119e-02 5.6345379e-03 1.1099966e-02 7.7469437e-03 2.7616590e-03
 3.5230642e-05 4.0766937e-03 3.4057216e-03 4.7546487e-02 1.7174069e-02
 1.1178071e-03 2.8074537e-05 8.6607688e-05 1.1564707e-03 1.1780679e-02
 4.4710301e-03 3.0685193e-03 1.4812166e-04 7.0640221e-03 2.1161998e-02
 2.6851457e-02 4.5833427e-02 5.1733066e-04 1.3653541e-02 4.5308615e-03
 1.3039537e-02 2.3811026e-05 4.0813466e-03 1.5835401e-02 2.3447690e-05
 1.9891690e-05 4.8278701e-03 5.9016456e-04]
[[2025-10-17 00:09:25]] Mask: [2.9290346e-02 5.8309701e-03 1.0718146e-02 7.5725704e-03 2.6408790e-03
 2.9143132e-05 4.0472490e-03 3.6603580e-03 4.6196464e-02 1.6215075e-02
 1.3443833e-03 2.3189314e-05 7.1085262e-05 1.2369533e-03 1.2203476e-02
 4.1765738e-03 2.8545693e-03 1.3383527e-04 6.5693599e-03 2.0250745e-02
 2.6067439e-02 4.2245172e-02 6.1687396e-04 1.3219331e-02 4.2247614e-03
 1.3232649e-02 1.9210305e-05 4.0189531e-03 1.6364895e-02 1.9111632e-05
 1.5924512e-05 4.8227869e-03 5.8083248e-04]
[[2025-10-17 00:09:28]] Mask: [2.7731163e-02 5.3936457e-03 1.0446170e-02 7.4258880e-03 2.6865769e-03
 2.4562796e-05 3.9211917e-03 3.3672464e-03 4.2545848e-02 1.4953434e-02
 1.3529622e-03 1.9848370e-05 5.8124406e-05 1.1789927e-03 1.2354310e-02
 4.1519711e-03 2.6937937e-03 1.2085586e-04 8.0485418e-03 1.8761847e-02
 2.4559209e-02 4.3867022e-02 6.6509802e-04 1.1797011e-02 4.2574485e-03
 1.4287997e-02 1.5734891e-05 4.1749203e-03 1.6448183e-02 1.5499741e-05
 1.2766431e-05 4.7913254e-03 5.7634967e-04]
[[2025-10-17 00:09:30]] Mask: [2.61230860e-02 4.97353124e-03 1.05090113e-02 6.69261022e-03
 2.43195263e-03 2.30315982e-05 4.18669870e-03 3.25786625e-03
 4.53509167e-02 1.59610230e-02 1.95687450e-03 1.73339413e-05
 4.78622314e-05 1.38613908e-03 1.29492320e-02 3.85973905e-03
 2.28303438e-03 1.18627126e-04 7.51775783e-03 1.93090942e-02
 2.49568988e-02 4.27940488e-02 7.29385531e-04 1.38698295e-02
 4.16502776e-03 1.38675803e-02 1.27307958e-05 3.87470820e-03
 1.65275410e-02 1.31917013e-05 1.03094126e-05 4.30003926e-03
 5.56511979e-04]
[[2025-10-17 00:09:33]] Mask: [2.56371256e-02 5.27258869e-03 9.84997675e-03 6.71975128e-03
 2.74623232e-03 1.82364965e-05 4.09456855e-03 3.14790150e-03
 4.29373458e-02 1.55080799e-02 2.27113208e-03 1.41534665e-05
 3.79564444e-05 1.30306242e-03 1.21214893e-02 3.85258999e-03
 2.29379418e-03 1.19380267e-04 7.83119351e-03 1.90660581e-02
 2.57119704e-02 4.13543656e-02 8.60707427e-04 1.30249271e-02
 3.87355429e-03 1.34090269e-02 1.04752680e-05 3.89955589e-03
 1.70136523e-02 1.04729397e-05 8.35931860e-06 4.32263734e-03
 5.21771319e-04]
[[2025-10-17 00:09:35]] Mask: [2.5237463e-02 5.5400752e-03 1.0411993e-02 6.9305240e-03 2.8467064e-03
 1.6142552e-05 4.1305460e-03 3.2190154e-03 4.1269612e-02 1.5846329e-02
 2.4591391e-03 1.2321324e-05 3.0747640e-05 1.2785668e-03 1.1139149e-02
 3.8295991e-03 2.2883846e-03 1.1047794e-04 7.7407300e-03 1.8406838e-02
 2.3946049e-02 4.5229573e-02 9.1271504e-04 1.3029569e-02 4.0397020e-03
 1.2304645e-02 8.5777174e-06 4.0320680e-03 1.5381922e-02 8.6333184e-06
 6.6872999e-06 4.2224755e-03 5.4271030e-04]
[[2025-10-17 00:09:37]] Mask: [2.38661021e-02 4.99123428e-03 9.66918468e-03 6.79323170e-03
 3.07167042e-03 1.39942331e-05 4.05601924e-03 3.55017511e-03
 4.22912091e-02 1.46844275e-02 2.82163336e-03 1.02782551e-05
 2.52683731e-05 1.33593194e-03 1.21447323e-02 3.83480336e-03
 2.19443114e-03 1.23924852e-04 8.52372218e-03 1.82571374e-02
 2.33851150e-02 4.11843136e-02 9.40085796e-04 1.27503015e-02
 3.98167036e-03 1.25070959e-02 7.02777743e-06 3.78529937e-03
 1.64905023e-02 7.14973703e-06 5.40867768e-06 4.24870057e-03
 5.26040909e-04]
[[2025-10-17 00:09:39]] Mask: [2.44862828e-02 5.16853761e-03 9.09602921e-03 6.83856802e-03
 3.42583144e-03 1.23282825e-05 4.09791060e-03 3.19910911e-03
 4.09310050e-02 1.41749708e-02 3.21768480e-03 8.73739191e-06
 2.08847359e-05 1.30928878e-03 1.12750484e-02 3.81307374e-03
 2.12804624e-03 1.42253630e-04 7.60693103e-03 1.73657183e-02
 2.27514729e-02 4.06318866e-02 9.58113756e-04 1.28887184e-02
 3.73877212e-03 1.27931135e-02 5.96314112e-06 3.64922057e-03
 1.63966566e-02 5.76765569e-06 4.35944867e-06 4.11060080e-03
 5.01462200e-04]
[[2025-10-17 00:09:41]] Mask: [2.2339070e-02 5.5914521e-03 8.6620487e-03 6.7351991e-03 3.3261024e-03
 1.2040956e-05 3.8254119e-03 3.1697857e-03 3.9734587e-02 1.4225709e-02
 3.7702322e-03 7.6079282e-06 1.6722666e-05 1.2950400e-03 1.0694353e-02
 3.7821915e-03 1.9650804e-03 1.5278043e-04 7.7892845e-03 1.6360406e-02
 2.2380728e-02 4.1236717e-02 1.1899854e-03 1.2399547e-02 3.8272513e-03
 1.3542444e-02 5.0489639e-06 3.9445786e-03 1.5609739e-02 4.5126030e-06
 3.4960669e-06 4.0899920e-03 4.8545742e-04]
[[2025-10-17 00:09:44]] Mask: [2.21319906e-02 5.50267566e-03 8.95583071e-03 6.35545608e-03
 3.42241768e-03 1.16334404e-05 3.61827831e-03 3.15522845e-03
 4.04880606e-02 1.54111609e-02 3.71242198e-03 6.89069248e-06
 1.41175815e-05 1.43172918e-03 1.05596622e-02 3.76392226e-03
 1.91640342e-03 2.17387656e-04 7.06681609e-03 1.60130989e-02
 2.25162208e-02 3.90765369e-02 1.33390410e-03 1.16047049e-02
 3.45775834e-03 1.13444589e-02 4.01746593e-06 3.54138273e-03
 1.47882635e-02 3.72772683e-06 2.83913346e-06 4.07352718e-03
 5.09478385e-04]
[[2025-10-17 00:09:46]] Mask: [2.18121465e-02 5.31373732e-03 8.83254036e-03 6.08156761e-03
 3.76100698e-03 1.17391928e-05 3.79983080e-03 2.70843203e-03
 3.86526361e-02 1.38610732e-02 3.85404914e-03 6.06292951e-06
 1.13387869e-05 1.31104211e-03 1.09219765e-02 3.99926957e-03
 1.83323701e-03 3.20925494e-04 6.91381004e-03 1.59973651e-02
 2.32175924e-02 4.00012098e-02 1.24967669e-03 1.11263087e-02
 3.41834431e-03 1.10446531e-02 3.30339708e-06 3.63807590e-03
 1.57579146e-02 3.10019664e-06 2.29140210e-06 4.16169874e-03
 5.42118854e-04]
[[2025-10-17 00:09:48]] Mask: [2.15493031e-02 5.32009220e-03 9.17206239e-03 6.18317816e-03
 3.81205045e-03 1.20858122e-05 3.96477943e-03 2.87732598e-03
 3.91325541e-02 1.48136700e-02 3.92436469e-03 5.25197856e-06
 8.98080725e-06 1.30118849e-03 1.14509119e-02 4.15470265e-03
 1.64109678e-03 3.99333570e-04 7.39663607e-03 1.56451762e-02
 2.27882229e-02 3.72163653e-02 1.46536250e-03 1.19224675e-02
 3.50728771e-03 1.28564481e-02 2.81450139e-06 3.96186346e-03
 1.44783156e-02 2.54100360e-06 1.87145190e-06 4.10402566e-03
 5.96516940e-04]
[[2025-10-17 00:09:51]] Mask: [2.12234184e-02 5.17613161e-03 9.01312102e-03 6.04604650e-03
 3.61033296e-03 1.07313299e-05 3.36577906e-03 2.86128744e-03
 3.77504900e-02 1.43000232e-02 4.34055971e-03 4.74434910e-06
 7.64414563e-06 1.28881808e-03 1.17158554e-02 4.04835446e-03
 1.53456139e-03 3.81484977e-04 7.75208464e-03 1.59611814e-02
 2.18816753e-02 3.87163758e-02 1.49475818e-03 1.13364719e-02
 3.81105626e-03 1.14341425e-02 2.36663391e-06 3.80719709e-03
 1.55092897e-02 2.16705757e-06 1.51287986e-06 3.96825140e-03
 5.59325330e-04]
[[2025-10-17 00:09:53]] Mask: [2.1226751e-02 5.0448300e-03 8.8583296e-03 6.1522690e-03 3.9471537e-03
 1.1171804e-05 3.3544158e-03 2.7992334e-03 3.6691327e-02 1.3302359e-02
 4.4378988e-03 4.2787965e-06 6.2506338e-06 1.4050899e-03 1.1903188e-02
 4.0560672e-03 1.4796589e-03 4.9959077e-04 8.3025843e-03 1.5996803e-02
 2.2086160e-02 3.8324837e-02 1.5432239e-03 1.1472235e-02 3.8893470e-03
 1.1286627e-02 1.9310457e-06 3.9486801e-03 1.4958371e-02 1.8178270e-06
 1.2375508e-06 3.7757307e-03 5.2604394e-04]
[[2025-10-17 00:09:55]] Mask: [2.19868105e-02 4.97404765e-03 8.72815959e-03 6.13434333e-03
 4.36818926e-03 1.08058257e-05 3.82077741e-03 2.99476716e-03
 3.68730798e-02 1.36139505e-02 4.68812371e-03 3.70468388e-06
 5.14597832e-06 1.37901446e-03 1.12988073e-02 3.92049178e-03
 1.47487596e-03 5.42127877e-04 6.94146380e-03 1.54242562e-02
 2.33113617e-02 3.58760580e-02 1.61294907e-03 1.14516132e-02
 3.84948612e-03 1.26668755e-02 1.61163973e-06 3.78114800e-03
 1.55440578e-02 1.59595936e-06 1.01149897e-06 3.55173252e-03
 5.25311101e-04]
[[2025-10-17 00:09:58]] Mask: [2.0558033e-02 5.1012579e-03 8.0756238e-03 6.2000905e-03 3.7937381e-03
 1.1282447e-05 3.5209348e-03 3.0262205e-03 3.4030892e-02 1.4176171e-02
 5.0071119e-03 3.2657181e-06 4.2675529e-06 1.4419045e-03 1.0881065e-02
 4.0307874e-03 1.2840030e-03 5.8520323e-04 6.5293657e-03 1.5065664e-02
 2.1613533e-02 3.7757553e-02 1.6747661e-03 1.1561315e-02 3.6345550e-03
 1.1750695e-02 1.3047652e-06 4.1474113e-03 1.5123753e-02 1.3090428e-06
 8.2734908e-07 3.7235974e-03 5.0477695e-04]
[[2025-10-17 00:10:01]] Mask: [1.9626390e-02 4.7757844e-03 7.8810677e-03 5.7696346e-03 3.4995801e-03
 1.1013518e-05 3.5228776e-03 3.1593435e-03 3.5704236e-02 1.2269074e-02
 5.9002521e-03 3.0603226e-06 3.6688039e-06 1.4061708e-03 1.1464099e-02
 3.9384309e-03 1.2010640e-03 6.0380634e-04 6.7186891e-03 1.5916770e-02
 2.1668272e-02 3.6019437e-02 1.6699200e-03 1.1027077e-02 3.4009700e-03
 1.0685059e-02 1.0268851e-06 3.8797634e-03 1.4944685e-02 1.1011878e-06
 6.8444729e-07 4.0597846e-03 5.2045006e-04]
[[2025-10-17 00:10:03]] Mask: [2.0163810e-02 5.0840275e-03 7.6420181e-03 5.7310858e-03 3.8046120e-03
 1.1294764e-05 3.7540244e-03 2.7555341e-03 3.6115576e-02 1.2614445e-02
 6.4093457e-03 3.0716499e-06 3.0719750e-06 1.3682428e-03 1.1029554e-02
 3.8347819e-03 1.1732393e-03 6.8485568e-04 6.6702738e-03 1.4649640e-02
 2.0822391e-02 3.6207799e-02 1.7336872e-03 1.0515820e-02 3.6267494e-03
 1.1764015e-02 8.8429545e-07 3.8661724e-03 1.4643599e-02 9.2347818e-07
 5.6721149e-07 3.8478479e-03 5.5827398e-04]
[[2025-10-17 00:10:05]] Mask: [1.98790412e-02 5.41946385e-03 8.08064081e-03 5.91910165e-03
 4.42850869e-03 1.06291318e-05 3.31468857e-03 2.92181713e-03
 3.57178561e-02 1.30801192e-02 5.39088156e-03 2.68225813e-06
 2.65211406e-06 1.33992278e-03 1.09465085e-02 4.13923617e-03
 1.18662929e-03 7.76237866e-04 5.78365661e-03 1.54207144e-02
 1.97921377e-02 3.67296636e-02 1.90823688e-03 1.18024042e-02
 3.60470242e-03 1.08197657e-02 7.84816905e-07 3.62516823e-03
 1.38021968e-02 7.64104584e-07 4.72481105e-07 3.87268956e-03
 5.68102754e-04]
[[2025-10-17 00:10:07]] Mask: [1.8543810e-02 5.7337196e-03 8.0565475e-03 5.9508546e-03 3.9745383e-03
 1.1265150e-05 3.2818425e-03 2.9080054e-03 3.4321096e-02 1.2652816e-02
 4.8218351e-03 2.5640757e-06 2.1122580e-06 1.2013076e-03 1.1628658e-02
 4.1951025e-03 1.1221835e-03 6.7439675e-04 6.5550855e-03 1.4292363e-02
 2.0075077e-02 3.5104673e-02 1.8885300e-03 1.1129452e-02 3.3309225e-03
 1.1076636e-02 6.4814094e-07 3.7738248e-03 1.3265703e-02 6.6221463e-07
 3.9766041e-07 4.1645351e-03 5.9079996e-04]
[[2025-10-17 00:10:09]] Mask: [1.85386557e-02 5.50255319e-03 8.45573936e-03 6.05463190e-03
 3.70587432e-03 1.14975901e-05 3.02324793e-03 2.51211226e-03
 3.52572203e-02 1.18634403e-02 4.71015135e-03 2.49743766e-06
 1.75422781e-06 1.18868542e-03 1.15125598e-02 3.99621064e-03
 1.04290945e-03 7.25266291e-04 7.27696996e-03 1.42084667e-02
 2.00851019e-02 3.68232355e-02 1.64450111e-03 1.02628665e-02
 3.03068059e-03 1.09188138e-02 5.31458397e-07 3.45363654e-03
 1.21785887e-02 5.56598252e-07 3.23182491e-07 4.59617330e-03
 6.14785647e-04]
[[2025-10-17 00:10:11]] Mask: [1.8290302e-02 5.4636025e-03 8.1420271e-03 6.0201199e-03 3.6536355e-03
 1.1394112e-05 3.2769765e-03 2.5251459e-03 3.4013350e-02 1.1747833e-02
 4.9008853e-03 2.2405284e-06 1.4739985e-06 1.2087380e-03 1.1272333e-02
 4.0654452e-03 9.5846853e-04 6.6183804e-04 5.7713580e-03 1.4281532e-02
 1.9074460e-02 3.4835801e-02 1.7890026e-03 9.7619938e-03 3.0885201e-03
 1.0270463e-02 4.5957017e-07 3.4321016e-03 1.2639443e-02 4.6910569e-07
 2.7902723e-07 4.5053358e-03 6.1741157e-04]
[[2025-10-17 00:10:13]] Mask: [1.8234368e-02 5.2373335e-03 7.3745605e-03 5.8568451e-03 3.8405587e-03
 1.1824112e-05 3.3800965e-03 2.5234062e-03 3.3525575e-02 1.0825038e-02
 5.2766036e-03 2.2595827e-06 1.1940838e-06 1.0916699e-03 1.1558765e-02
 4.2054118e-03 9.2909450e-04 7.4191159e-04 6.0674809e-03 1.3396674e-02
 1.8920315e-02 3.4511104e-02 1.6727844e-03 9.8281438e-03 2.9313494e-03
 1.0400910e-02 3.9309424e-07 3.3611804e-03 1.3125816e-02 4.3409230e-07
 2.3319981e-07 4.6718786e-03 6.2256778e-04]
[[2025-10-17 00:10:16]] Mask: [1.8420571e-02 5.2529201e-03 7.7239191e-03 5.9427647e-03 3.8996099e-03
 1.1942241e-05 3.4797811e-03 2.5220430e-03 3.4555595e-02 1.0915603e-02
 5.6087887e-03 1.9424235e-06 1.0397787e-06 1.1453148e-03 1.2375238e-02
 3.6374070e-03 9.1872306e-04 7.6972233e-04 5.9840162e-03 1.3677417e-02
 2.1705031e-02 3.1230109e-02 1.6329810e-03 8.4128622e-03 2.5972631e-03
 1.0173268e-02 3.4418613e-07 3.4334150e-03 1.3368990e-02 3.8662472e-07
 2.0320893e-07 4.5822370e-03 6.8147987e-04]
[[2025-10-17 00:10:18]] Mask: [1.7753137e-02 5.8354330e-03 7.5955861e-03 6.1077196e-03 3.9075487e-03
 1.4710995e-05 3.6198706e-03 2.3970741e-03 3.2017667e-02 1.2321962e-02
 5.5777295e-03 2.0926607e-06 8.7412485e-07 1.1071734e-03 1.1785727e-02
 4.2424574e-03 7.9610315e-04 1.0393932e-03 6.5292851e-03 1.3286559e-02
 1.9948117e-02 3.4924302e-02 1.6670353e-03 8.8837072e-03 2.8746400e-03
 9.9334503e-03 2.9018227e-07 3.6051834e-03 1.2421176e-02 3.2370011e-07
 1.8162609e-07 3.9395122e-03 6.4476131e-04]
[[2025-10-17 00:10:20]] Mask: [1.79923885e-02 5.09577198e-03 8.21539108e-03 5.80046931e-03
 4.24003275e-03 1.45493186e-05 3.34552745e-03 2.65096314e-03
 3.21838744e-02 1.18696522e-02 5.25347842e-03 1.84200030e-06
 7.52565370e-07 1.07250246e-03 1.23116830e-02 3.97107750e-03
 8.08392419e-04 1.13764079e-03 6.39093993e-03 1.44451912e-02
 1.97901260e-02 3.39885727e-02 1.67092844e-03 9.17900261e-03
 2.81314924e-03 9.77223180e-03 2.51129677e-07 3.56497290e-03
 1.35216685e-02 2.90978988e-07 1.55526166e-07 4.08262806e-03
 6.84017490e-04]
[[2025-10-17 00:10:22]] Mask: [1.7047020e-02 5.9830830e-03 8.1009073e-03 5.9832814e-03 4.4280314e-03
 1.4535658e-05 2.9371153e-03 2.5232909e-03 3.1176617e-02 1.1144707e-02
 4.8794821e-03 1.7120657e-06 6.4569912e-07 1.0450801e-03 1.1358490e-02
 3.9645331e-03 8.0899359e-04 1.2243254e-03 5.9696534e-03 1.3779861e-02
 1.8952157e-02 3.3943206e-02 1.9029768e-03 9.5214061e-03 3.1505241e-03
 9.5938081e-03 2.1822126e-07 3.5025431e-03 1.2375506e-02 2.4423963e-07
 1.3544164e-07 3.8297358e-03 6.7788933e-04]
[[2025-10-17 00:10:24]] Mask: [1.7006701e-02 5.7262299e-03 7.6449807e-03 5.3964606e-03 3.6498553e-03
 1.6150743e-05 3.0800018e-03 2.6108986e-03 3.1713162e-02 1.1592454e-02
 5.2641816e-03 1.7594989e-06 5.8880454e-07 1.0375121e-03 1.1808802e-02
 3.8877586e-03 6.7281077e-04 1.0750792e-03 6.0433219e-03 1.3590725e-02
 1.8683625e-02 3.3174954e-02 1.9822000e-03 8.4017878e-03 2.7907952e-03
 1.0444549e-02 1.9041276e-07 3.1063375e-03 1.3708000e-02 2.2635830e-07
 1.1761404e-07 4.3087308e-03 7.4626470e-04]
[[2025-10-17 00:10:26]] Mask: [1.7161421e-02 5.3358735e-03 7.4996911e-03 5.4586097e-03 3.8339472e-03
 1.7845632e-05 2.8397688e-03 2.3565232e-03 3.2905187e-02 1.1080465e-02
 5.2144905e-03 1.7785220e-06 4.9222837e-07 9.7248651e-04 1.1879153e-02
 4.1792821e-03 6.3471892e-04 1.1121231e-03 5.5325092e-03 1.4052695e-02
 1.9258602e-02 3.3154394e-02 1.9072283e-03 1.0115419e-02 2.8792622e-03
 1.0672329e-02 1.7550784e-07 3.4412339e-03 1.2196642e-02 2.0008271e-07
 1.0708442e-07 4.3951962e-03 7.1643345e-04]
[[2025-10-17 00:10:28]] Mask: [1.6519235e-02 5.1590698e-03 7.3298807e-03 5.4820841e-03 4.0893666e-03
 1.7916005e-05 3.0614415e-03 2.6140024e-03 3.1075070e-02 1.1095853e-02
 5.2279881e-03 1.9406459e-06 4.0763493e-07 9.3468075e-04 1.1621568e-02
 4.1595846e-03 6.1306887e-04 1.1679694e-03 6.4026136e-03 1.3803398e-02
 1.8820750e-02 3.3886120e-02 1.9157478e-03 8.9316843e-03 3.2641836e-03
 9.5972344e-03 1.5879600e-07 3.6987981e-03 1.1860249e-02 1.7487910e-07
 9.7803202e-08 3.9140335e-03 7.3935412e-04]
[[2025-10-17 00:10:31]] Mask: [1.66091509e-02 4.99238539e-03 6.94018928e-03 5.58372866e-03
 3.91891832e-03 1.84701203e-05 3.05124186e-03 2.52706953e-03
 3.17352526e-02 1.20008532e-02 5.10944426e-03 1.95347116e-06
 3.43711150e-07 9.92921065e-04 1.15700746e-02 4.12601558e-03
 5.74377889e-04 1.09131739e-03 6.24087173e-03 1.26816137e-02
 1.84724201e-02 3.33449617e-02 1.95437181e-03 8.88465997e-03
 3.20759136e-03 1.00305546e-02 1.39934642e-07 4.05830611e-03
 1.18124075e-02 1.55797238e-07 8.77485249e-08 3.75693571e-03
 7.57316418e-04]
[[2025-10-17 00:10:34]] Mask: [1.62744522e-02 5.41161513e-03 7.61030894e-03 5.86721580e-03
 3.94287426e-03 1.99962014e-05 3.14982026e-03 2.37429049e-03
 3.06739435e-02 1.21330395e-02 4.89923451e-03 1.97427698e-06
 3.26824676e-07 1.03753631e-03 1.14289690e-02 4.18661721e-03
 5.55000734e-04 1.19005737e-03 5.72877703e-03 1.31913768e-02
 1.86369624e-02 3.34523097e-02 1.99168385e-03 9.70628019e-03
 3.24099674e-03 1.00592468e-02 1.27094353e-07 3.99434520e-03
 1.16680842e-02 1.40877845e-07 7.94788733e-08 4.07928275e-03
 7.99848465e-04]
[[2025-10-17 00:10:36]] Mask: [1.6099248e-02 5.0490680e-03 6.4518796e-03 5.8175954e-03 3.7035828e-03
 1.9282988e-05 3.1288019e-03 2.4107620e-03 3.0640651e-02 1.1855690e-02
 5.5743535e-03 1.9228517e-06 2.9434409e-07 1.0726879e-03 1.2950403e-02
 4.4444790e-03 5.0261593e-04 1.0347259e-03 5.4975380e-03 1.2825445e-02
 1.8114015e-02 3.1692576e-02 1.8171439e-03 1.0414749e-02 3.1354635e-03
 9.7078159e-03 1.1394109e-07 3.9187581e-03 1.2102380e-02 1.2834943e-07
 7.3669462e-08 3.7614573e-03 8.0481189e-04]
[[2025-10-17 00:10:38]] Mask: [1.62296109e-02 5.26912836e-03 6.74028834e-03 5.66373952e-03
 3.79797933e-03 2.04791359e-05 2.86292587e-03 2.50358344e-03
 2.96812598e-02 1.13180382e-02 5.51095186e-03 1.91161075e-06
 2.64227822e-07 1.05109205e-03 1.19429268e-02 4.82201111e-03
 4.94594744e-04 1.10474392e-03 6.31887233e-03 1.33890063e-02
 1.73814297e-02 3.13148461e-02 1.66444154e-03 1.02098156e-02
 2.99221720e-03 9.93661117e-03 1.01835894e-07 3.59439803e-03
 1.26832910e-02 1.28208484e-07 6.72014053e-08 3.85290850e-03
 7.97792454e-04]
[[2025-10-17 00:10:40]] Mask: [1.67365093e-02 5.44067891e-03 8.09063017e-03 5.75795863e-03
 4.17735148e-03 2.11679835e-05 3.04512819e-03 2.37799133e-03
 2.83001196e-02 1.10453395e-02 6.15306804e-03 1.77288621e-06
 2.31045249e-07 9.89860739e-04 1.22175030e-02 4.46704403e-03
 4.91368119e-04 1.09219318e-03 6.78857835e-03 1.34434048e-02
 1.78566482e-02 3.03879231e-02 1.58925005e-03 9.70696844e-03
 2.99203070e-03 9.38723702e-03 9.64802993e-08 3.34828254e-03
 1.22904032e-02 1.16448405e-07 6.34551043e-08 3.89993563e-03
 8.07503238e-04]
[[2025-10-17 00:10:42]] Mask: [1.6443301e-02 5.8759637e-03 7.5300667e-03 5.3274985e-03 3.6605594e-03
 2.7845019e-05 3.2132051e-03 2.3300138e-03 2.9827667e-02 1.1320482e-02
 5.7823155e-03 1.8568438e-06 2.0515871e-07 1.0508368e-03 1.1552398e-02
 3.9290236e-03 4.2488094e-04 1.1957854e-03 5.6212330e-03 1.2355491e-02
 1.6838163e-02 3.0245125e-02 1.7455335e-03 9.1383187e-03 2.8229135e-03
 8.5990354e-03 8.8155495e-08 3.1669650e-03 1.2714804e-02 1.0835000e-07
 5.9575768e-08 3.4550189e-03 7.5231155e-04]
[[2025-10-17 00:10:44]] Mask: [1.5258584e-02 6.1261393e-03 7.6818950e-03 5.9293485e-03 3.9372472e-03
 2.8117194e-05 3.3453447e-03 2.2286728e-03 2.8368279e-02 1.0039120e-02
 5.9696613e-03 1.9291683e-06 1.7775287e-07 1.0044776e-03 1.1389058e-02
 3.9750743e-03 4.3272632e-04 1.2219039e-03 6.9035967e-03 1.2733920e-02
 1.7685067e-02 3.1012161e-02 1.8126208e-03 8.6691473e-03 2.8453777e-03
 9.3358122e-03 8.7606878e-08 3.2202888e-03 1.1183752e-02 9.9904881e-08
 5.5500117e-08 3.6950256e-03 7.5316872e-04]
[[2025-10-17 00:10:46]] Mask: [1.6605094e-02 5.2525196e-03 6.8497956e-03 5.1843049e-03 4.3562581e-03
 2.9357976e-05 3.4963107e-03 2.3330930e-03 2.8703377e-02 1.0558765e-02
 6.2985630e-03 2.2657673e-06 1.5213567e-07 9.6086448e-04 1.1487777e-02
 3.6807535e-03 4.2638156e-04 1.5195843e-03 6.5817572e-03 1.2092796e-02
 1.7562611e-02 2.9073780e-02 1.9289604e-03 9.2547033e-03 2.4157374e-03
 8.6668944e-03 7.8624417e-08 3.3593152e-03 1.1150384e-02 9.3213643e-08
 5.1857665e-08 3.3052375e-03 7.8590220e-04]
[[2025-10-17 00:10:49]] Mask: [1.6145183e-02 5.6881127e-03 6.7177881e-03 5.3031021e-03 3.9085010e-03
 3.1732692e-05 3.3286943e-03 2.4987843e-03 2.7675083e-02 1.0512635e-02
 7.0653837e-03 2.2742752e-06 1.3742950e-07 9.7739231e-04 1.1206908e-02
 3.8836466e-03 3.8760970e-04 1.6238419e-03 5.8036852e-03 1.1681196e-02
 1.7166376e-02 3.0547181e-02 2.0815053e-03 8.4511954e-03 2.5037907e-03
 9.4819283e-03 7.3926763e-08 3.4514037e-03 1.1621508e-02 8.7798412e-08
 4.9183612e-08 3.2060731e-03 7.6249876e-04]
[[2025-10-17 00:10:51]] Mask: [1.6257454e-02 5.2890447e-03 6.7248042e-03 5.7232496e-03 3.7211201e-03
 3.4564138e-05 3.6682927e-03 2.4934723e-03 2.8025186e-02 1.1507103e-02
 6.3785883e-03 2.4990816e-06 1.2162117e-07 9.5375889e-04 1.1773847e-02
 4.0288465e-03 3.5248781e-04 1.5016005e-03 5.2207024e-03 1.1697744e-02
 1.8206147e-02 2.9276868e-02 1.9754900e-03 8.5597998e-03 2.3500423e-03
 9.0966299e-03 7.2176938e-08 3.4084790e-03 1.2137904e-02 8.4907121e-08
 4.6557407e-08 3.6500650e-03 7.6447189e-04]
[[2025-10-17 00:10:53]] Mask: [1.57211348e-02 5.35656419e-03 6.60627708e-03 5.55721950e-03
 3.52678681e-03 3.32363416e-05 3.41071677e-03 2.41873018e-03
 2.99260430e-02 1.14129735e-02 5.67224203e-03 2.84879411e-06
 1.13629881e-07 1.04586047e-03 1.20351287e-02 3.79279046e-03
 3.57354904e-04 1.27780542e-03 4.18728497e-03 1.31077431e-02
 1.76768582e-02 3.04748658e-02 1.92274991e-03 9.03150532e-03
 2.25475896e-03 8.90599936e-03 6.94553179e-08 3.19199450e-03
 1.11570945e-02 7.88281795e-08 4.39891252e-08 4.06223210e-03
 8.24659306e-04]
[[2025-10-17 00:10:56]] Mask: [1.5459349e-02 5.5087283e-03 6.9418293e-03 5.3154989e-03 3.5396279e-03
 3.6850524e-05 3.6918723e-03 2.3144819e-03 2.9472088e-02 1.0620952e-02
 5.8529451e-03 3.0984052e-06 1.0259115e-07 9.7052747e-04 1.1513422e-02
 3.8543858e-03 3.5368616e-04 1.3306951e-03 4.5423284e-03 1.2997378e-02
 1.7230993e-02 2.8517706e-02 2.1492632e-03 8.8904398e-03 2.2018473e-03
 9.7480100e-03 6.5657709e-08 3.1723480e-03 1.1950970e-02 7.4031462e-08
 4.1289997e-08 4.1465117e-03 7.8514015e-04]
[[2025-10-17 00:10:58]] Mask: [1.52446777e-02 6.04022900e-03 7.01866159e-03 5.58211654e-03
 3.51711921e-03 3.95816642e-05 3.54768638e-03 2.46072817e-03
 2.81304978e-02 1.24684451e-02 5.61624067e-03 3.64469929e-06
 9.07879780e-08 8.93702323e-04 1.20950453e-02 4.28278744e-03
 3.40873434e-04 1.34238985e-03 4.71942173e-03 1.20611135e-02
 1.76945031e-02 2.99007557e-02 2.32331385e-03 8.61218851e-03
 2.35610618e-03 9.30977985e-03 6.12022788e-08 3.20812035e-03
 1.09054651e-02 6.75151455e-08 3.86488601e-08 4.29558288e-03
 7.06434541e-04]
[[2025-10-17 00:11:01]] Mask: [1.6469819e-02 5.2504796e-03 7.0415656e-03 4.8625050e-03 4.0634070e-03
 3.8211438e-05 3.5975762e-03 2.4449457e-03 2.8888639e-02 1.1916033e-02
 5.4568001e-03 4.3048567e-06 8.4807105e-08 9.6779381e-04 1.1857070e-02
 4.1474150e-03 3.8538684e-04 1.3389954e-03 5.8975788e-03 1.1690756e-02
 1.7527672e-02 2.8497752e-02 2.3665023e-03 8.4525263e-03 2.5768823e-03
 9.1674356e-03 5.6213391e-08 3.4303991e-03 1.0663421e-02 6.1901162e-08
 3.7536505e-08 3.8328732e-03 7.3681632e-04]
[[2025-10-17 00:11:04]] Mask: [1.4263639e-02 5.3726779e-03 6.7051332e-03 4.8948936e-03 3.6222087e-03
 3.8802202e-05 3.7551855e-03 2.7075640e-03 2.7926290e-02 1.1831164e-02
 5.5428292e-03 5.3101180e-06 7.9582172e-08 9.5529587e-04 1.2431071e-02
 4.6101892e-03 3.5383759e-04 1.2279664e-03 6.2019154e-03 1.1294041e-02
 1.7365817e-02 2.8607760e-02 2.4020132e-03 9.0312576e-03 2.5717106e-03
 8.9367768e-03 5.3060294e-08 3.4508626e-03 1.0705478e-02 5.7478108e-08
 3.5861472e-08 3.8241150e-03 6.5216544e-04]
[[2025-10-17 00:11:06]] Mask: [1.53766582e-02 5.57939894e-03 6.44141017e-03 4.66201548e-03
 3.81913385e-03 4.16348776e-05 3.39729851e-03 2.48937937e-03
 2.82937065e-02 1.09972637e-02 5.60544478e-03 5.60730632e-06
 7.26874134e-08 9.55571653e-04 1.12090642e-02 3.97546496e-03
 3.51756200e-04 1.44616386e-03 5.90119464e-03 1.17420545e-02
 1.69818066e-02 2.89162770e-02 2.41970504e-03 8.46396759e-03
 2.48748437e-03 8.53499211e-03 5.15826279e-08 3.13879317e-03
 1.08902045e-02 5.55338957e-08 3.39044206e-08 3.66568472e-03
 6.36887387e-04]
[[2025-10-17 00:11:08]] Mask: [1.5707970e-02 5.2151759e-03 6.9743684e-03 4.9820947e-03 3.9996151e-03
 4.4156335e-05 3.3099691e-03 2.6126513e-03 2.8029518e-02 1.1669388e-02
 5.1615937e-03 4.7253793e-06 6.8335233e-08 1.0141960e-03 1.1508024e-02
 4.1409642e-03 3.3900366e-04 1.5759127e-03 5.5243662e-03 1.1699894e-02
 1.6429009e-02 2.8741946e-02 2.4839540e-03 8.5698375e-03 2.6547899e-03
 8.2958499e-03 4.8397819e-08 3.2635338e-03 1.1729484e-02 5.3888577e-08
 3.2734924e-08 3.2592400e-03 5.9448642e-04]
[[2025-10-17 00:11:10]] Mask: [1.4701016e-02 5.1774108e-03 6.7064962e-03 4.9561509e-03 3.4270640e-03
 5.2621301e-05 3.1933710e-03 2.6545704e-03 2.7925331e-02 1.1127768e-02
 5.2161408e-03 4.6968321e-06 6.3254262e-08 1.0260948e-03 1.1270764e-02
 4.1545033e-03 3.1086055e-04 1.7042470e-03 5.9783291e-03 1.1552169e-02
 1.6069388e-02 2.9373631e-02 2.2236905e-03 8.5521387e-03 3.1538655e-03
 8.4776767e-03 4.5193801e-08 3.5378223e-03 1.1593980e-02 4.8654851e-08
 3.1643172e-08 2.9838458e-03 5.9847452e-04]
[[2025-10-17 00:11:13]] Mask: [1.4336229e-02 5.2930932e-03 7.0764520e-03 5.1257391e-03 3.8362592e-03
 4.9986123e-05 3.1489686e-03 2.7914932e-03 2.6726425e-02 1.1257797e-02
 4.8610610e-03 4.4197332e-06 5.8785851e-08 9.8953967e-04 1.1350193e-02
 4.4712657e-03 3.4826359e-04 1.7218220e-03 6.0554068e-03 1.1212458e-02
 1.6604440e-02 2.9567853e-02 2.2763070e-03 9.2653427e-03 3.1978078e-03
 8.5944515e-03 4.3082874e-08 3.4397903e-03 1.2268934e-02 4.6608758e-08
 3.0264641e-08 3.0988085e-03 6.2263990e-04]
[[2025-10-17 00:11:15]] Mask: [1.5002504e-02 5.4239738e-03 6.9051785e-03 5.5489433e-03 3.8393000e-03
 4.9759594e-05 2.7163918e-03 2.4882285e-03 2.6743958e-02 1.0293298e-02
 5.5814493e-03 5.2147366e-06 5.5211245e-08 9.5736189e-04 1.1070250e-02
 4.9607740e-03 3.4793973e-04 1.5133583e-03 6.1299759e-03 1.1153434e-02
 1.6527688e-02 2.8645206e-02 2.0844969e-03 8.8745588e-03 3.0730639e-03
 8.2873488e-03 4.3198238e-08 3.5008043e-03 1.2326071e-02 4.4770829e-08
 2.9122988e-08 3.3149833e-03 6.3824572e-04]
[[2025-10-17 00:11:17]] Mask: [1.4618624e-02 6.0372208e-03 7.7969315e-03 5.4828664e-03 3.5083911e-03
 5.3845954e-05 3.2653117e-03 2.4505963e-03 2.6862388e-02 1.1015343e-02
 5.3351368e-03 5.4571265e-06 5.2623690e-08 1.0008119e-03 1.1021572e-02
 4.4765305e-03 3.5294279e-04 1.4364503e-03 5.9458301e-03 1.0882615e-02
 1.6331086e-02 2.8011557e-02 2.0935137e-03 8.7818019e-03 2.8386535e-03
 8.0613624e-03 4.1195445e-08 3.4287092e-03 1.1748469e-02 4.2437840e-08
 2.8043761e-08 3.5500017e-03 6.7142467e-04]
[[2025-10-17 00:11:19]] Mask: [1.47727225e-02 5.61902113e-03 6.98846113e-03 6.05953485e-03
 3.40838521e-03 5.80107771e-05 3.38312238e-03 2.41478370e-03
 2.78887954e-02 9.61407274e-03 5.24667511e-03 6.64551817e-06
 4.88558065e-08 9.47745051e-04 1.01553109e-02 4.40823613e-03
 3.43152584e-04 1.35216035e-03 5.24767535e-03 1.14545710e-02
 1.59037802e-02 2.77809035e-02 2.19047978e-03 8.80669151e-03
 2.72979308e-03 8.45583156e-03 4.05738696e-08 3.47742252e-03
 1.04978252e-02 4.11311376e-08 2.72427609e-08 3.64136673e-03
 7.36067595e-04]
[[2025-10-17 00:11:22]] Mask: [1.4921180e-02 5.7391943e-03 6.5798680e-03 5.5849892e-03 3.5796443e-03
 6.5374741e-05 3.5834545e-03 2.4010935e-03 2.6720801e-02 1.0560350e-02
 5.3024306e-03 7.4507034e-06 4.7601883e-08 1.0499641e-03 1.0838945e-02
 3.9602080e-03 3.4796610e-04 1.4138408e-03 5.6184139e-03 1.1984773e-02
 1.6012955e-02 2.7254395e-02 2.0945778e-03 8.4700081e-03 2.6917551e-03
 8.1847431e-03 3.8683893e-08 3.5214636e-03 1.0359330e-02 4.0826084e-08
 2.6395073e-08 3.4870114e-03 8.0000283e-04]
[[2025-10-17 00:11:24]] Mask: [1.3861268e-02 6.0725440e-03 6.8432461e-03 4.9683163e-03 3.3643288e-03
 7.4904354e-05 3.6756808e-03 2.4073801e-03 2.5365165e-02 1.0822838e-02
 5.0459811e-03 7.5943362e-06 4.5654463e-08 1.0097836e-03 1.1179144e-02
 4.3193568e-03 3.2807747e-04 1.5349232e-03 5.3151846e-03 1.1472441e-02
 1.6257681e-02 2.8220398e-02 2.1739586e-03 9.2173796e-03 3.1440537e-03
 8.0379425e-03 3.6746645e-08 3.4705075e-03 1.0580807e-02 3.8450779e-08
 2.5405157e-08 3.6821403e-03 7.3757122e-04]
[[2025-10-17 00:11:26]] Mask: [1.3370438e-02 5.8978274e-03 6.3882964e-03 5.2436492e-03 3.3031600e-03
 8.4436128e-05 3.8870547e-03 2.1827798e-03 2.5958980e-02 1.0280623e-02
 5.2640121e-03 7.9063220e-06 4.3825651e-08 9.8230224e-04 1.0310247e-02
 3.9079981e-03 3.0877610e-04 1.7326048e-03 5.1260144e-03 1.0795963e-02
 1.4856299e-02 2.9342223e-02 2.3911884e-03 9.0161497e-03 3.1108239e-03
 8.2063628e-03 3.5563936e-08 3.3661213e-03 1.1088593e-02 3.7673576e-08
 2.4513259e-08 4.1855518e-03 7.4510748e-04]
[[2025-10-17 00:11:28]] Mask: [1.3548625e-02 6.2519540e-03 5.9950878e-03 5.4603540e-03 3.3638952e-03
 8.4310370e-05 3.3352943e-03 2.3652180e-03 2.6068686e-02 1.0753530e-02
 5.1913969e-03 7.8916100e-06 4.1366778e-08 1.0159832e-03 1.0308427e-02
 4.0472797e-03 3.0857246e-04 1.7901235e-03 5.9663830e-03 1.1599795e-02
 1.5546488e-02 2.7522536e-02 2.3593903e-03 7.4166991e-03 3.0863583e-03
 8.6145625e-03 3.4763630e-08 3.5447378e-03 1.0984170e-02 3.6289801e-08
 2.3837412e-08 3.7572894e-03 7.8073563e-04]
[[2025-10-17 00:11:30]] Mask: [1.39339678e-02 6.48493227e-03 5.89456828e-03 5.54585503e-03
 3.58588155e-03 8.87934220e-05 3.26005300e-03 2.35357555e-03
 2.57426202e-02 1.07758828e-02 4.89359815e-03 8.67234940e-06
 3.81527201e-08 9.38225538e-04 1.00916345e-02 4.39845026e-03
 3.12678720e-04 1.79975026e-03 5.96545311e-03 1.05273928e-02
 1.51843354e-02 2.79664826e-02 2.66530621e-03 7.66165741e-03
 2.71791010e-03 8.12551565e-03 3.37976971e-08 3.19981156e-03
 9.98644531e-03 3.41311228e-08 2.33149056e-08 3.38517292e-03
 7.75567663e-04]
[[2025-10-17 00:11:32]] Mask: [1.2767443e-02 6.3147531e-03 6.1488911e-03 5.9807212e-03 3.5536839e-03
 9.8558761e-05 3.4375025e-03 2.6895159e-03 2.5616936e-02 1.0106035e-02
 4.9856487e-03 1.0279107e-05 3.7910294e-08 1.0154350e-03 1.0606801e-02
 3.7637006e-03 3.0384498e-04 2.0256089e-03 4.9020364e-03 1.1383282e-02
 1.4482916e-02 2.7856454e-02 2.5960563e-03 7.9790065e-03 2.5091053e-03
 8.0825789e-03 3.2447797e-08 3.2268264e-03 1.1173615e-02 3.2874517e-08
 2.2431351e-08 3.3935807e-03 7.6933770e-04]
[[2025-10-17 00:11:35]] Mask: [1.2968366e-02 6.1705182e-03 6.1604730e-03 5.7344101e-03 3.8955440e-03
 9.3980583e-05 3.1729967e-03 2.8668190e-03 2.5644617e-02 9.4047943e-03
 5.7711038e-03 1.0069427e-05 3.5842731e-08 9.9278614e-04 1.0773743e-02
 3.4696667e-03 3.3005548e-04 1.9235763e-03 5.7447152e-03 1.1267344e-02
 1.5316082e-02 2.6181554e-02 2.4613298e-03 7.6439348e-03 2.3662255e-03
 8.1985928e-03 3.1591849e-08 3.0247304e-03 1.1927845e-02 3.1913377e-08
 2.1895268e-08 3.5519623e-03 8.2425546e-04]
[[2025-10-17 00:11:37]] Mask: [1.2779132e-02 6.3654706e-03 6.9383262e-03 5.5398019e-03 3.4038157e-03
 9.6911237e-05 3.1538277e-03 2.8075434e-03 2.5334572e-02 9.2403041e-03
 5.2714581e-03 1.0999390e-05 3.5039626e-08 9.7753666e-04 1.1322601e-02
 3.8391904e-03 3.3705126e-04 1.5855930e-03 5.8182217e-03 1.1033674e-02
 1.4694027e-02 2.6262086e-02 2.6250563e-03 7.6404600e-03 2.4450482e-03
 8.5563241e-03 3.0958418e-08 2.9629259e-03 1.1832797e-02 3.2118738e-08
 2.1236277e-08 3.7620845e-03 8.5776008e-04]
[[2025-10-17 00:11:40]] Mask: [1.3434364e-02 7.0574773e-03 5.8694021e-03 5.3895391e-03 3.6190660e-03
 9.7983007e-05 3.1901533e-03 2.5490373e-03 2.5560332e-02 9.8452587e-03
 4.7164327e-03 1.2092118e-05 3.4418967e-08 9.8013668e-04 1.0901176e-02
 3.9420635e-03 3.3743246e-04 1.6460355e-03 5.6185420e-03 1.1210713e-02
 1.4158948e-02 2.7342476e-02 2.6228365e-03 7.8551164e-03 2.5114981e-03
 8.4429355e-03 2.9844969e-08 3.0726651e-03 1.1004605e-02 3.0905852e-08
 2.0787276e-08 3.4120979e-03 8.6384150e-04]
[[2025-10-17 00:11:42]] Mask: [1.4007004e-02 6.5032742e-03 5.9309877e-03 4.9980995e-03 3.5262990e-03
 1.0739451e-04 2.8664905e-03 2.6559581e-03 2.5551140e-02 9.7647784e-03
 4.8189573e-03 1.2416587e-05 3.3061717e-08 9.9527359e-04 9.8305615e-03
 3.9154966e-03 3.0718819e-04 1.7285042e-03 6.4854394e-03 1.1004921e-02
 1.4902169e-02 2.6968863e-02 2.6285581e-03 7.7904891e-03 2.5247037e-03
 8.3832275e-03 2.9096949e-08 2.9282656e-03 1.0925702e-02 2.9441955e-08
 2.0344039e-08 3.1397350e-03 8.6529186e-04]
[[2025-10-17 00:11:44]] Mask: [1.29724192e-02 6.05849270e-03 5.86759113e-03 5.43259596e-03
 3.35039175e-03 1.20599718e-04 3.37542337e-03 2.49074376e-03
 2.59905066e-02 9.91281774e-03 4.89531225e-03 1.39321255e-05
 3.07261132e-08 9.13563301e-04 9.77998693e-03 3.77566624e-03
 2.79703556e-04 1.82819087e-03 5.74919162e-03 1.05804829e-02
 1.52488369e-02 2.71953642e-02 2.57770601e-03 8.41542054e-03
 2.68111820e-03 8.24864116e-03 2.79561760e-08 2.98052840e-03
 1.08508840e-02 2.82021073e-08 1.96954915e-08 3.31202266e-03
 8.05454445e-04]
[[2025-10-17 00:11:46]] Mask: [1.2950599e-02 6.1607417e-03 6.0894275e-03 5.3594057e-03 3.1281614e-03
 1.3557688e-04 3.1986849e-03 2.4218031e-03 2.5226051e-02 9.6042706e-03
 4.9716197e-03 1.3454266e-05 3.0806213e-08 9.7518275e-04 1.0152105e-02
 4.0651867e-03 2.6776452e-04 1.9276042e-03 5.2693132e-03 1.0516153e-02
 1.5094035e-02 2.6452681e-02 2.5831282e-03 7.2388193e-03 2.5459975e-03
 7.8564426e-03 2.6592808e-08 3.0915299e-03 1.1131577e-02 2.7177370e-08
 1.9253012e-08 2.9282600e-03 8.6398731e-04]
[[2025-10-17 00:11:48]] Mask: [1.3272982e-02 5.7958211e-03 6.0084499e-03 4.8316154e-03 3.3722732e-03
 1.3470101e-04 3.1676062e-03 2.7762384e-03 2.5043374e-02 8.9524202e-03
 4.8053726e-03 1.6137996e-05 3.0442489e-08 9.5019350e-04 9.8973066e-03
 4.1806474e-03 2.7597681e-04 1.8827523e-03 5.5006673e-03 1.0579155e-02
 1.4804223e-02 2.6270995e-02 2.7843427e-03 7.8042834e-03 2.3343873e-03
 8.3225090e-03 2.6690271e-08 2.8174222e-03 1.0765417e-02 2.6624274e-08
 1.8771001e-08 3.3455831e-03 9.1253244e-04]
[[2025-10-17 00:11:51]] Mask: [1.2729676e-02 5.7475539e-03 5.3492934e-03 5.0519556e-03 3.0757822e-03
 1.6385999e-04 2.8593047e-03 2.7428546e-03 2.4784608e-02 9.5185777e-03
 5.2073100e-03 1.8510660e-05 2.8427689e-08 8.8578922e-04 9.5878029e-03
 4.5799059e-03 2.7414580e-04 1.7947990e-03 5.8339373e-03 9.6043479e-03
 1.5927603e-02 2.6056502e-02 2.6629013e-03 8.0042100e-03 2.3268922e-03
 8.6041838e-03 2.5987093e-08 2.9364899e-03 9.9650184e-03 2.6011937e-08
 1.8244281e-08 3.6136021e-03 8.8846416e-04]
[[2025-10-17 00:11:54]] Mask: [1.29081635e-02 5.53230708e-03 5.49421506e-03 5.13074128e-03
 3.28824529e-03 1.65648191e-04 3.08778021e-03 2.56007910e-03
 2.44281869e-02 9.50216502e-03 5.03924675e-03 2.30440128e-05
 2.76381709e-08 8.75209575e-04 9.47074778e-03 4.60516987e-03
 2.78048188e-04 1.98133220e-03 5.18357893e-03 9.51179676e-03
 1.49859032e-02 2.57744566e-02 2.55888118e-03 9.17791389e-03
 2.15501315e-03 8.58172029e-03 2.55327226e-08 2.97015416e-03
 9.19896830e-03 2.51200039e-08 1.81199198e-08 3.40932631e-03
 8.57599895e-04]
[[2025-10-17 00:11:56]] Mask: [1.2258781e-02 5.5328556e-03 5.9969351e-03 4.7560711e-03 2.9693733e-03
 1.9880403e-04 2.8029347e-03 3.0007828e-03 2.5536375e-02 9.4463285e-03
 4.4918973e-03 2.8130471e-05 2.6841589e-08 8.9542620e-04 1.1062020e-02
 3.8818554e-03 2.8040045e-04 1.8058127e-03 6.0695745e-03 1.0205552e-02
 1.4331661e-02 2.5749756e-02 2.4608055e-03 7.6838802e-03 2.0735927e-03
 7.3072449e-03 2.4157579e-08 3.0755920e-03 1.0618232e-02 2.4863647e-08
 1.7970510e-08 2.7956525e-03 9.2335523e-04]
[[2025-10-17 00:11:58]] Mask: [1.24916993e-02 5.71738090e-03 5.57213044e-03 5.14763407e-03
 3.20014474e-03 2.07922945e-04 3.00029526e-03 2.62158294e-03
 2.39633415e-02 9.61138122e-03 4.84428508e-03 3.91204303e-05
 2.56557904e-08 9.04923887e-04 9.47755389e-03 4.50378750e-03
 3.03360721e-04 2.00320547e-03 6.11317297e-03 9.41781979e-03
 1.34604145e-02 2.68063713e-02 2.61440384e-03 7.58603867e-03
 2.10141717e-03 7.85736460e-03 2.39740174e-08 3.08124372e-03
 1.06804827e-02 2.38614302e-08 1.74430497e-08 3.01370258e-03
 8.72933306e-04]
[[2025-10-17 00:12:00]] Mask: [1.2651094e-02 5.1145684e-03 5.9867082e-03 5.0766519e-03 3.1416276e-03
 1.9513365e-04 3.0368606e-03 2.3812640e-03 2.5784479e-02 9.1978647e-03
 5.4703820e-03 4.2679079e-05 2.4819439e-08 9.6249499e-04 9.4991950e-03
 4.2445166e-03 3.3673554e-04 1.8252288e-03 5.6409244e-03 9.8001231e-03
 1.4138462e-02 2.4968971e-02 2.6921099e-03 8.0171572e-03 1.9499998e-03
 7.5118113e-03 2.3597250e-08 3.1090707e-03 1.0272131e-02 2.3207182e-08
 1.7030404e-08 3.1395450e-03 9.3211670e-04]
[[2025-10-17 00:12:02]] Mask: [1.26271732e-02 5.59846405e-03 6.34785695e-03 5.12377033e-03
 3.29578831e-03 2.15342254e-04 3.78437527e-03 2.41621188e-03
 2.37182956e-02 8.81945435e-03 5.34610776e-03 4.22791709e-05
 2.39481981e-08 8.68260569e-04 9.00954008e-03 4.33546444e-03
 3.29038478e-04 2.12617475e-03 5.55606047e-03 9.20617767e-03
 1.43545875e-02 2.62040813e-02 2.65043997e-03 7.63987750e-03
 1.93708926e-03 7.39306957e-03 2.28617729e-08 3.05846636e-03
 1.04422579e-02 2.26996590e-08 1.67136580e-08 2.92208930e-03
 9.21928033e-04]
[[2025-10-17 00:12:04]] Mask: [1.2409074e-02 5.5029159e-03 5.9952219e-03 5.0688665e-03 3.3861399e-03
 2.2580397e-04 4.2223088e-03 2.4569342e-03 2.2869889e-02 8.7123895e-03
 4.6649519e-03 4.9497405e-05 2.3631390e-08 9.3102461e-04 9.0526249e-03
 3.7823496e-03 3.3233961e-04 2.1552367e-03 5.7208976e-03 9.2299031e-03
 1.4169161e-02 2.6705727e-02 2.6204574e-03 8.4087821e-03 1.9663237e-03
 7.9464177e-03 2.2635154e-08 3.3697339e-03 1.0416484e-02 2.2567990e-08
 1.6396482e-08 3.4911046e-03 9.1428560e-04]
[[2025-10-17 00:12:07]] Mask: [1.27537651e-02 5.50311711e-03 5.30153280e-03 4.92838817e-03
 3.37328739e-03 2.47200340e-04 4.55150986e-03 2.41029286e-03
 2.27823295e-02 8.09865817e-03 5.38889552e-03 5.48217395e-05
 2.25785808e-08 8.64665024e-04 8.66336748e-03 3.83095094e-03
 3.30516777e-04 2.33687856e-03 5.61630679e-03 9.15921759e-03
 1.48530686e-02 2.54631657e-02 2.71460460e-03 8.20333231e-03
 1.93466234e-03 8.12561531e-03 2.25999930e-08 3.16783809e-03
 1.04988655e-02 2.24140280e-08 1.61011986e-08 3.69125139e-03
 9.00252315e-04]
[[2025-10-17 00:12:09]] Mask: [1.2869489e-02 5.3597051e-03 5.8597359e-03 4.7702375e-03 3.3007369e-03
 2.2306091e-04 3.9560199e-03 2.3283362e-03 2.3696277e-02 8.3607500e-03
 6.4596115e-03 5.7634057e-05 2.2119163e-08 9.2213403e-04 8.8967653e-03
 3.7396851e-03 3.4668978e-04 1.9938310e-03 5.6985565e-03 9.5028477e-03
 1.4393358e-02 2.5281629e-02 2.8112610e-03 8.7605510e-03 1.6196527e-03
 8.3657447e-03 2.2182959e-08 3.0854782e-03 9.7814417e-03 2.1470628e-08
 1.5888077e-08 3.3136350e-03 9.6480263e-04]
