[[2025-10-16 20:42:47]] Starting training on model: model_[33, 8, 1]_output_Sigmoid_intermediate_Tanh_normalized_data_True_loss_MSELoss
[[2025-10-16 20:42:54]] Epoch 1/100, Validation Loss: 0.01269772
[[2025-10-16 20:42:54]] Mask: [7.01982761e-03 2.61230092e-03 2.67214328e-03 2.31294311e-03
 2.36014114e-03 5.10974196e-08 1.91143830e-03 1.21285650e-03
 1.41845029e-02 5.04254969e-03 4.37699346e-04 1.01432835e-08
 6.87891077e-09 1.00538228e-03 4.83024213e-03 2.04858417e-03
 1.12898659e-08 1.80870611e-05 1.72009761e-03 5.16034244e-03
 8.35106242e-03 9.26113315e-03 1.19480910e-03 2.90632178e-03
 2.33961828e-03 3.18248663e-03 1.02850324e-08 1.57051184e-03
 6.27159653e-03 1.01695978e-03 2.24034711e-08 1.42939144e-03
 6.19704311e-04]
[[2025-10-16 20:43:01]] Epoch 2/100, Validation Loss: 0.01301965
[[2025-10-16 20:43:01]] Mask: [6.8433559e-03 2.2117305e-03 2.0799935e-03 2.2197848e-03 1.6968247e-03
 4.5733252e-08 1.9350603e-03 1.1211716e-03 1.3506323e-02 4.7509796e-03
 3.9581305e-04 9.8966417e-09 6.7449215e-09 9.7900687e-04 4.4002635e-03
 2.1449132e-03 1.0885558e-08 1.5455209e-05 1.2553595e-03 5.0834748e-03
 8.0454815e-03 8.9821983e-03 1.0647938e-03 2.9364326e-03 1.8616883e-03
 3.1131373e-03 1.0008431e-08 1.5464366e-03 5.0970321e-03 8.2753960e-04
 2.1019796e-08 1.2812469e-03 6.1753811e-04]
[[2025-10-16 20:43:12]] Epoch 3/100, Validation Loss: 0.01274405
[[2025-10-16 20:43:12]] Mask: [6.4622592e-03 2.2403714e-03 1.8019145e-03 2.3828573e-03 1.3539953e-03
 4.3328615e-08 1.8701216e-03 1.0492146e-03 1.1996767e-02 4.9193562e-03
 3.6276694e-04 9.6432986e-09 6.6140338e-09 8.7021105e-04 3.9497847e-03
 2.0511632e-03 1.0592181e-08 1.4725410e-05 1.0668478e-03 4.6632411e-03
 7.0453910e-03 1.0816015e-02 9.7631785e-04 2.6504491e-03 1.6332570e-03
 3.1525944e-03 9.7537329e-09 1.4266736e-03 4.4233063e-03 6.6892128e-04
 2.0099472e-08 1.0544674e-03 5.3623726e-04]
[[2025-10-16 20:43:21]] Epoch 4/100, Validation Loss: 0.01268761
[[2025-10-16 20:43:21]] Mask: [6.23575784e-03 2.01427029e-03 1.45778968e-03 2.13786424e-03
 1.16110186e-03 4.17632506e-08 1.66737975e-03 9.61338868e-04
 1.14185493e-02 4.03897325e-03 3.76359560e-04 9.40391676e-09
 6.49332321e-09 8.16682063e-04 3.66035267e-03 1.73260062e-03
 1.03229825e-08 1.40546053e-05 8.32480728e-04 4.71905433e-03
 6.66027842e-03 1.09868133e-02 8.54837417e-04 3.05656414e-03
 1.32630463e-03 2.58100359e-03 9.52055768e-09 1.36644114e-03
 3.81765165e-03 6.28264679e-04 1.90442488e-08 9.50647111e-04
 5.06935699e-04]
[[2025-10-16 20:43:27]] Epoch 5/100, Validation Loss: 0.01257580
[[2025-10-16 20:43:27]] Mask: [6.1924090e-03 1.8650290e-03 1.2012046e-03 1.8385121e-03 9.1736717e-04
 3.7704051e-08 1.4925274e-03 8.7531086e-04 1.1139785e-02 4.1391440e-03
 3.4375323e-04 9.1650385e-09 6.3752781e-09 7.2179758e-04 3.5378085e-03
 1.7638365e-03 1.0110602e-08 1.2334644e-05 6.5665343e-04 4.4632857e-03
 6.7233965e-03 1.1718042e-02 8.4459205e-04 3.1639212e-03 1.0293262e-03
 2.8104964e-03 9.3126173e-09 1.3169823e-03 3.6899368e-03 5.9331278e-04
 1.8203544e-08 6.6659239e-04 5.0191145e-04]
[[2025-10-16 20:43:33]] Epoch 6/100, Validation Loss: 0.01261463
[[2025-10-16 20:43:33]] Mask: [5.8742310e-03 1.7368946e-03 1.0444153e-03 1.6997212e-03 7.5643102e-04
 3.5838085e-08 1.5035027e-03 7.2697230e-04 1.0066224e-02 3.5858031e-03
 2.4083705e-04 8.9407681e-09 6.2590444e-09 6.4648205e-04 3.1269393e-03
 1.6273903e-03 9.8397246e-09 1.1980502e-05 5.1993266e-04 4.1600624e-03
 6.5124677e-03 1.0694994e-02 7.3279906e-04 2.3025549e-03 8.9012750e-04
 2.8341543e-03 9.0783088e-09 1.1889091e-03 3.0354518e-03 5.2535569e-04
 1.7386418e-08 6.2921050e-04 4.4097289e-04]
