[[2025-10-15 20:33:44]] Starting training on model: model_[33, 32, 32, 1]_output_Sigmoid_intermediate_ReLU_normalized_data_True_loss_MSELoss
[[2025-10-15 20:33:47]] Epoch 1/30, Validation Loss: 0.03287059
[[2025-10-15 20:33:47]] Mask: [0.14196904 0.06385485 0.06424963 0.09474932 0.02555148 0.03036935
 0.06291679 0.04812703 0.128604   0.05143122 0.0214973  0.04775173
 0.07999431 0.08840883 0.0637716  0.09499821 0.04638077 0.03653837
 0.03899824 0.08311315 0.12367484 0.12527846 0.02731173 0.05411916
 0.05926373 0.04540585 0.04765958 0.03739756 0.0593092  0.02740622
 0.03399682 0.02816488 0.07808659]
[[2025-10-15 20:33:50]] Epoch 2/30, Validation Loss: 0.03205405
[[2025-10-15 20:33:50]] Mask: [0.13796052 0.06264618 0.06283345 0.09228007 0.02482387 0.02931406
 0.06125677 0.04711941 0.12419875 0.04986757 0.02062743 0.0463837
 0.07770827 0.08455721 0.06210834 0.09219679 0.04484499 0.03510284
 0.0378441  0.08155637 0.12014121 0.12143044 0.02706631 0.0522879
 0.0573463  0.04409024 0.04604341 0.03635081 0.05716852 0.02666476
 0.0335357  0.02680959 0.07571439]
[[2025-10-15 20:33:52]] Epoch 3/30, Validation Loss: 0.03243763
[[2025-10-15 20:33:52]] Mask: [0.13357283 0.06060617 0.06108397 0.08980294 0.023915   0.02781402
 0.05951678 0.04580886 0.12077677 0.04871238 0.01982119 0.04490334
 0.07521236 0.0825551  0.06025421 0.09015526 0.04354428 0.03416389
 0.03736281 0.07909601 0.11649065 0.11854631 0.02664843 0.05019046
 0.05598635 0.04210376 0.04499967 0.03549984 0.05655123 0.02590355
 0.03273048 0.02617725 0.07426208]
[[2025-10-15 20:33:55]] Epoch 4/30, Validation Loss: 0.03127482
[[2025-10-15 20:33:55]] Mask: [0.13045017 0.05925127 0.05944771 0.08683408 0.02333682 0.02702894
 0.05887386 0.04468606 0.11689641 0.04652217 0.01933202 0.04354821
 0.0739161  0.0803576  0.05852208 0.08811578 0.04241523 0.03355636
 0.03630507 0.0772448  0.11406104 0.11457565 0.02595468 0.0489476
 0.05383248 0.04107076 0.04445997 0.03488407 0.05486416 0.02500952
 0.03209106 0.02532093 0.07244336]
[[2025-10-15 20:33:58]] Epoch 5/30, Validation Loss: 0.03219847
[[2025-10-15 20:33:58]] Mask: [0.12621085 0.05808496 0.05751906 0.08469485 0.02254683 0.02629431
 0.05721693 0.04346723 0.11411193 0.0458161  0.01893726 0.0426962
 0.07143573 0.07848799 0.05662239 0.08577664 0.0415365  0.03230038
 0.03475482 0.07485981 0.11053991 0.11095645 0.02562909 0.04788971
 0.05280274 0.03982493 0.04306502 0.03419838 0.0537256  0.02426467
 0.0316302  0.02475586 0.07062587]
[[2025-10-15 20:34:00]] Epoch 6/30, Validation Loss: 0.03184346
[[2025-10-15 20:34:00]] Mask: [0.12206265 0.05684627 0.0553443  0.08247803 0.02158436 0.0253607
 0.05555166 0.04269976 0.11084129 0.04515845 0.01833677 0.04151701
 0.06983927 0.07638846 0.05548    0.0833848  0.04028482 0.03144718
 0.03315019 0.07376902 0.10873632 0.10737547 0.02519515 0.04685051
 0.05162103 0.03881305 0.04208472 0.0335452  0.05252483 0.02406753
 0.03103991 0.02461191 0.06917237]
[[2025-10-15 20:34:03]] Epoch 7/30, Validation Loss: 0.03163583
[[2025-10-15 20:34:03]] Mask: [0.11925659 0.05549564 0.05436593 0.08105986 0.02115788 0.02438889
 0.05476807 0.04169524 0.10857051 0.04325823 0.01769144 0.04010312
 0.06859875 0.07400703 0.05383615 0.08082172 0.03963751 0.03095529
 0.0327212  0.07182912 0.1046279  0.10472233 0.02547902 0.0454726
 0.04996629 0.03785745 0.04088249 0.0326001  0.05136283 0.02346146
 0.03025321 0.02370749 0.06765655]
[[2025-10-15 20:34:05]] Epoch 8/30, Validation Loss: 0.03165873
[[2025-10-15 20:34:05]] Mask: [0.1162713  0.05445826 0.05291056 0.07891406 0.02044151 0.02395044
 0.0531073  0.04015271 0.10544865 0.04275347 0.0170832  0.03925466
 0.0670507  0.07261902 0.0527778  0.07915381 0.03817962 0.02953477
 0.03291689 0.07032506 0.10148018 0.10223202 0.02540512 0.04473347
 0.0493975  0.03656219 0.04018647 0.03217231 0.05056136 0.02313069
 0.03013354 0.0231188  0.06649009]
[[2025-10-15 20:34:08]] Epoch 9/30, Validation Loss: 0.03146477
[[2025-10-15 20:34:08]] Mask: [0.11305444 0.05356826 0.051558   0.07659286 0.01998674 0.02322085
 0.05152544 0.03950008 0.10353471 0.0414292  0.01643123 0.03876266
 0.06531218 0.07083828 0.05140648 0.07718208 0.03725449 0.02914916
 0.03179383 0.06847242 0.0992993  0.09945759 0.0252583  0.04361701
 0.04864731 0.0359274  0.03931209 0.0316503  0.04926123 0.0228421
 0.02948622 0.02246078 0.0648104 ]
