[[2025-10-16 18:42:23]] Starting training on model: model_[33, 128, 64, 32, 1]_output_Sigmoid_intermediate_ReLU_normalized_data_True_loss_MSELoss
[[2025-10-16 18:42:27]] Epoch 1/100, Validation Loss: 0.10547779
[[2025-10-16 18:42:27]] Mask: [0.05132977 0.05132977 0.05132977 0.05132977 0.05132977 0.05132977
 0.05132977 0.05132977 0.05132977 0.05132977 0.05132977 0.05132977
 0.05132977 0.05132977 0.05132977 0.05132977 0.05132977 0.05132977
 0.05132977 0.05132977 0.05132977 0.05132977 0.05132977 0.05132977
 0.05132977 0.05132977 0.05132977 0.05132977 0.05132977 0.05132977
 0.05132977 0.05132977 0.05132979]
[[2025-10-16 18:42:30]] Epoch 2/100, Validation Loss: 0.10399615
[[2025-10-16 18:42:30]] Mask: [0.01538514 0.01538514 0.01538514 0.01538514 0.01538514 0.01538514
 0.01538514 0.01538514 0.01538514 0.01538514 0.01538514 0.01538514
 0.01538514 0.01538514 0.01538514 0.01538514 0.01538514 0.01538514
 0.01538514 0.01538514 0.01538514 0.01538514 0.01538514 0.01538514
 0.01538514 0.01538514 0.01538514 0.01538514 0.01538514 0.01538514
 0.01538514 0.01538514 0.01538514]
[[2025-10-16 18:42:32]] Epoch 3/100, Validation Loss: 0.10366680
[[2025-10-16 18:42:32]] Mask: [0.00739536 0.00739536 0.00739536 0.00739536 0.00739536 0.00739536
 0.00739536 0.00739536 0.00739536 0.00739536 0.00739536 0.00739536
 0.00739536 0.00739536 0.00739536 0.00739536 0.00739536 0.00739536
 0.00739536 0.00739536 0.00739536 0.00739536 0.00739536 0.00739536
 0.00739536 0.00739536 0.00739536 0.00739536 0.00739536 0.00739536
 0.00739536 0.00739536 0.00739536]
[[2025-10-16 18:42:35]] Epoch 4/100, Validation Loss: 0.10353776
[[2025-10-16 18:42:35]] Mask: [0.00426473 0.00426473 0.00426473 0.00426473 0.00426473 0.00426473
 0.00426473 0.00426473 0.00426473 0.00426473 0.00426473 0.00426473
 0.00426473 0.00426473 0.00426473 0.00426473 0.00426473 0.00426473
 0.00426473 0.00426473 0.00426473 0.00426473 0.00426473 0.00426473
 0.00426473 0.00426473 0.00426473 0.00426473 0.00426473 0.00426473
 0.00426473 0.00426473 0.00426473]
[[2025-10-16 18:42:38]] Epoch 5/100, Validation Loss: 0.10347335
[[2025-10-16 18:42:38]] Mask: [0.00270211 0.00270211 0.00270211 0.00270211 0.00270211 0.00270211
 0.00270211 0.00270211 0.00270211 0.00270211 0.00270211 0.00270211
 0.00270211 0.00270211 0.00270211 0.00270211 0.00270211 0.00270211
 0.00270211 0.00270211 0.00270211 0.00270211 0.00270211 0.00270211
 0.00270211 0.00270211 0.00270211 0.00270211 0.00270211 0.00270211
 0.00270211 0.00270211 0.00270211]
[[2025-10-16 18:42:40]] Epoch 6/100, Validation Loss: 0.10343660
[[2025-10-16 18:42:40]] Mask: [0.00181058 0.00181058 0.00181058 0.00181058 0.00181058 0.00181058
 0.00181058 0.00181058 0.00181058 0.00181058 0.00181058 0.00181058
 0.00181058 0.00181058 0.00181058 0.00181058 0.00181058 0.00181058
 0.00181058 0.00181058 0.00181058 0.00181058 0.00181058 0.00181058
 0.00181058 0.00181058 0.00181058 0.00181058 0.00181058 0.00181058
 0.00181058 0.00181058 0.00181058]
[[2025-10-16 18:42:44]] Epoch 7/100, Validation Loss: 0.10341381
[[2025-10-16 18:42:44]] Mask: [0.00125766 0.00125766 0.00125766 0.00125766 0.00125766 0.00125766
 0.00125766 0.00125766 0.00125766 0.00125766 0.00125766 0.00125766
 0.00125766 0.00125766 0.00125766 0.00125766 0.00125766 0.00125766
 0.00125766 0.00125766 0.00125766 0.00125766 0.00125766 0.00125766
 0.00125766 0.00125766 0.00125766 0.00125766 0.00125766 0.00125766
 0.00125766 0.00125766 0.00125766]
[[2025-10-16 18:42:47]] Epoch 8/100, Validation Loss: 0.10339887
[[2025-10-16 18:42:47]] Mask: [0.00089512 0.00089512 0.00089512 0.00089512 0.00089512 0.00089512
 0.00089512 0.00089512 0.00089512 0.00089512 0.00089512 0.00089512
 0.00089512 0.00089512 0.00089512 0.00089512 0.00089512 0.00089512
 0.00089512 0.00089512 0.00089512 0.00089512 0.00089512 0.00089512
 0.00089512 0.00089512 0.00089512 0.00089512 0.00089512 0.00089512
 0.00089512 0.00089512 0.00089512]
[[2025-10-16 18:42:49]] Epoch 9/100, Validation Loss: 0.10338868
[[2025-10-16 18:42:49]] Mask: [0.00064801 0.00064801 0.00064801 0.00064801 0.00064801 0.00064801
 0.00064801 0.00064801 0.00064801 0.00064801 0.00064801 0.00064801
 0.00064801 0.00064801 0.00064801 0.00064801 0.00064801 0.00064801
 0.00064801 0.00064801 0.00064801 0.00064801 0.00064801 0.00064801
 0.00064801 0.00064801 0.00064801 0.00064801 0.00064801 0.00064801
 0.00064801 0.00064801 0.00064801]
[[2025-10-16 18:42:52]] Epoch 10/100, Validation Loss: 0.10338154
[[2025-10-16 18:42:52]] Mask: [0.00047486 0.00047486 0.00047486 0.00047486 0.00047486 0.00047486
 0.00047486 0.00047486 0.00047486 0.00047486 0.00047486 0.00047486
 0.00047486 0.00047486 0.00047486 0.00047486 0.00047486 0.00047486
 0.00047486 0.00047486 0.00047486 0.00047486 0.00047486 0.00047486
 0.00047486 0.00047486 0.00047486 0.00047486 0.00047486 0.00047486
 0.00047486 0.00047486 0.00047486]
[[2025-10-16 18:42:54]] Epoch 11/100, Validation Loss: 0.10337644
[[2025-10-16 18:42:54]] Mask: [0.00035105 0.00035105 0.00035105 0.00035105 0.00035105 0.00035105
 0.00035105 0.00035105 0.00035105 0.00035105 0.00035105 0.00035105
 0.00035105 0.00035105 0.00035105 0.00035105 0.00035105 0.00035105
 0.00035105 0.00035105 0.00035105 0.00035105 0.00035105 0.00035105
 0.00035105 0.00035105 0.00035105 0.00035105 0.00035105 0.00035105
 0.00035105 0.00035105 0.00035105]
[[2025-10-16 18:42:58]] Epoch 12/100, Validation Loss: 0.10337273
[[2025-10-16 18:42:58]] Mask: [0.00026121 0.00026121 0.00026121 0.00026121 0.00026121 0.00026121
 0.00026121 0.00026121 0.00026121 0.00026121 0.00026121 0.00026121
 0.00026121 0.00026121 0.00026121 0.00026121 0.00026121 0.00026121
 0.00026121 0.00026121 0.00026121 0.00026121 0.00026121 0.00026121
 0.00026121 0.00026121 0.00026121 0.00026121 0.00026121 0.00026121
 0.00026121 0.00026121 0.00026121]
[[2025-10-16 18:43:01]] Epoch 13/100, Validation Loss: 0.10337002
[[2025-10-16 18:43:01]] Mask: [0.0001953 0.0001953 0.0001953 0.0001953 0.0001953 0.0001953 0.0001953
 0.0001953 0.0001953 0.0001953 0.0001953 0.0001953 0.0001953 0.0001953
 0.0001953 0.0001953 0.0001953 0.0001953 0.0001953 0.0001953 0.0001953
 0.0001953 0.0001953 0.0001953 0.0001953 0.0001953 0.0001953 0.0001953
 0.0001953 0.0001953 0.0001953 0.0001953 0.0001953]
[[2025-10-16 18:43:04]] Epoch 14/100, Validation Loss: 0.10336801
[[2025-10-16 18:43:04]] Mask: [0.00014655 0.00014655 0.00014655 0.00014655 0.00014655 0.00014655
 0.00014655 0.00014655 0.00014655 0.00014655 0.00014655 0.00014655
 0.00014655 0.00014655 0.00014655 0.00014655 0.00014655 0.00014655
 0.00014655 0.00014655 0.00014655 0.00014655 0.00014655 0.00014655
 0.00014655 0.00014655 0.00014655 0.00014655 0.00014655 0.00014655
 0.00014655 0.00014655 0.00014655]
[[2025-10-16 18:43:06]] Epoch 15/100, Validation Loss: 0.10336651
[[2025-10-16 18:43:06]] Mask: [0.00011026 0.00011026 0.00011026 0.00011026 0.00011026 0.00011026
 0.00011026 0.00011026 0.00011026 0.00011026 0.00011026 0.00011026
 0.00011026 0.00011026 0.00011026 0.00011026 0.00011026 0.00011026
 0.00011026 0.00011026 0.00011026 0.00011026 0.00011026 0.00011026
 0.00011026 0.00011026 0.00011026 0.00011026 0.00011026 0.00011026
 0.00011026 0.00011026 0.00011026]
[[2025-10-16 18:43:09]] Epoch 16/100, Validation Loss: 0.10336539
[[2025-10-16 18:43:09]] Mask: [8.312829e-05 8.312829e-05 8.312829e-05 8.312829e-05 8.312829e-05
 8.312829e-05 8.312829e-05 8.312829e-05 8.312829e-05 8.312829e-05
 8.312829e-05 8.312829e-05 8.312829e-05 8.312829e-05 8.312829e-05
 8.312829e-05 8.312829e-05 8.312829e-05 8.312829e-05 8.312829e-05
 8.312829e-05 8.312829e-05 8.312829e-05 8.312829e-05 8.312829e-05
 8.312829e-05 8.312829e-05 8.312829e-05 8.312829e-05 8.312829e-05
 8.312829e-05 8.312829e-05 8.312836e-05]
[[2025-10-16 18:43:13]] Epoch 17/100, Validation Loss: 0.10336456
[[2025-10-16 18:43:13]] Mask: [6.276793e-05 6.276793e-05 6.276793e-05 6.276793e-05 6.276793e-05
 6.276793e-05 6.276793e-05 6.276793e-05 6.276793e-05 6.276793e-05
 6.276793e-05 6.276793e-05 6.276793e-05 6.276793e-05 6.276793e-05
 6.276793e-05 6.276793e-05 6.276793e-05 6.276793e-05 6.276793e-05
 6.276793e-05 6.276793e-05 6.276793e-05 6.276793e-05 6.276793e-05
 6.276793e-05 6.276793e-05 6.276793e-05 6.276793e-05 6.276793e-05
 6.276793e-05 6.276793e-05 6.276799e-05]
[[2025-10-16 18:43:16]] Epoch 18/100, Validation Loss: 0.10336393
[[2025-10-16 18:43:16]] Mask: [4.745221e-05 4.745221e-05 4.745221e-05 4.745221e-05 4.745221e-05
 4.745221e-05 4.745221e-05 4.745221e-05 4.745221e-05 4.745221e-05
 4.745221e-05 4.745221e-05 4.745221e-05 4.745221e-05 4.745221e-05
 4.745221e-05 4.745221e-05 4.745221e-05 4.745221e-05 4.745221e-05
 4.745221e-05 4.745221e-05 4.745221e-05 4.745221e-05 4.745221e-05
 4.745221e-05 4.745221e-05 4.745221e-05 4.745221e-05 4.745221e-05
 4.745221e-05 4.745221e-05 4.745226e-05]
[[2025-10-16 18:43:19]] Epoch 19/100, Validation Loss: 0.10336345
[[2025-10-16 18:43:19]] Mask: [3.5908866e-05 3.5908866e-05 3.5908866e-05 3.5908866e-05 3.5908866e-05
 3.5908866e-05 3.5908866e-05 3.5908866e-05 3.5908866e-05 3.5908866e-05
 3.5908866e-05 3.5908866e-05 3.5908866e-05 3.5908866e-05 3.5908866e-05
 3.5908866e-05 3.5908866e-05 3.5908866e-05 3.5908866e-05 3.5908866e-05
 3.5908866e-05 3.5908866e-05 3.5908866e-05 3.5908866e-05 3.5908866e-05
 3.5908866e-05 3.5908866e-05 3.5908866e-05 3.5908866e-05 3.5908866e-05
 3.5908866e-05 3.5908866e-05 3.5908903e-05]
[[2025-10-16 18:43:22]] Epoch 20/100, Validation Loss: 0.10336309
[[2025-10-16 18:43:22]] Mask: [2.7192276e-05 2.7192276e-05 2.7192276e-05 2.7192276e-05 2.7192276e-05
 2.7192276e-05 2.7192276e-05 2.7192276e-05 2.7192276e-05 2.7192276e-05
 2.7192276e-05 2.7192276e-05 2.7192276e-05 2.7192276e-05 2.7192276e-05
 2.7192276e-05 2.7192276e-05 2.7192276e-05 2.7192276e-05 2.7192276e-05
 2.7192276e-05 2.7192276e-05 2.7192276e-05 2.7192276e-05 2.7192276e-05
 2.7192276e-05 2.7192276e-05 2.7192276e-05 2.7192276e-05 2.7192276e-05
 2.7192276e-05 2.7192276e-05 2.7192302e-05]
[[2025-10-16 18:43:25]] Epoch 21/100, Validation Loss: 0.10336282
[[2025-10-16 18:43:25]] Mask: [2.0604706e-05 2.0604706e-05 2.0604706e-05 2.0604706e-05 2.0604706e-05
 2.0604706e-05 2.0604706e-05 2.0604706e-05 2.0604706e-05 2.0604706e-05
 2.0604706e-05 2.0604706e-05 2.0604706e-05 2.0604706e-05 2.0604706e-05
 2.0604706e-05 2.0604706e-05 2.0604706e-05 2.0604706e-05 2.0604706e-05
 2.0604706e-05 2.0604706e-05 2.0604706e-05 2.0604706e-05 2.0604706e-05
 2.0604706e-05 2.0604706e-05 2.0604706e-05 2.0604706e-05 2.0604706e-05
 2.0604706e-05 2.0604706e-05 2.0604726e-05]
[[2025-10-16 18:43:28]] Epoch 22/100, Validation Loss: 0.10336261
[[2025-10-16 18:43:28]] Mask: [1.5622110e-05 1.5622110e-05 1.5622110e-05 1.5622110e-05 1.5622110e-05
 1.5622110e-05 1.5622110e-05 1.5622110e-05 1.5622110e-05 1.5622110e-05
 1.5622110e-05 1.5622110e-05 1.5622110e-05 1.5622110e-05 1.5622110e-05
 1.5622110e-05 1.5622110e-05 1.5622110e-05 1.5622110e-05 1.5622110e-05
 1.5622110e-05 1.5622110e-05 1.5622110e-05 1.5622110e-05 1.5622110e-05
 1.5622110e-05 1.5622110e-05 1.5622110e-05 1.5622110e-05 1.5622110e-05
 1.5622110e-05 1.5622110e-05 1.5622125e-05]
[[2025-10-16 18:43:32]] Epoch 23/100, Validation Loss: 0.10336246
[[2025-10-16 18:43:32]] Mask: [1.1850584e-05 1.1850584e-05 1.1850584e-05 1.1850584e-05 1.1850584e-05
 1.1850584e-05 1.1850584e-05 1.1850584e-05 1.1850584e-05 1.1850584e-05
 1.1850584e-05 1.1850584e-05 1.1850584e-05 1.1850584e-05 1.1850584e-05
 1.1850584e-05 1.1850584e-05 1.1850584e-05 1.1850584e-05 1.1850584e-05
 1.1850584e-05 1.1850584e-05 1.1850584e-05 1.1850584e-05 1.1850584e-05
 1.1850584e-05 1.1850584e-05 1.1850584e-05 1.1850584e-05 1.1850584e-05
 1.1850584e-05 1.1850584e-05 1.1850596e-05]
[[2025-10-16 18:43:34]] Epoch 24/100, Validation Loss: 0.10336234
[[2025-10-16 18:43:34]] Mask: [8.9945115e-06 8.9945115e-06 8.9945115e-06 8.9945115e-06 8.9945115e-06
 8.9945115e-06 8.9945115e-06 8.9945115e-06 8.9945115e-06 8.9945115e-06
 8.9945115e-06 8.9945115e-06 8.9945115e-06 8.9945115e-06 8.9945115e-06
 8.9945115e-06 8.9945115e-06 8.9945115e-06 8.9945115e-06 8.9945115e-06
 8.9945115e-06 8.9945115e-06 8.9945115e-06 8.9945115e-06 8.9945115e-06
 8.9945115e-06 8.9945115e-06 8.9945115e-06 8.9945115e-06 8.9945115e-06
 8.9945115e-06 8.9945115e-06 8.9945206e-06]
[[2025-10-16 18:43:37]] Epoch 25/100, Validation Loss: 0.10336225
[[2025-10-16 18:43:37]] Mask: [6.8308577e-06 6.8308577e-06 6.8308577e-06 6.8308577e-06 6.8308577e-06
 6.8308577e-06 6.8308577e-06 6.8308577e-06 6.8308577e-06 6.8308577e-06
 6.8308577e-06 6.8308577e-06 6.8308577e-06 6.8308577e-06 6.8308577e-06
 6.8308577e-06 6.8308577e-06 6.8308577e-06 6.8308577e-06 6.8308577e-06
 6.8308577e-06 6.8308577e-06 6.8308577e-06 6.8308577e-06 6.8308577e-06
 6.8308577e-06 6.8308577e-06 6.8308577e-06 6.8308577e-06 6.8308577e-06
 6.8308577e-06 6.8308577e-06 6.8308641e-06]
[[2025-10-16 18:43:40]] Epoch 26/100, Validation Loss: 0.10336218
[[2025-10-16 18:43:40]] Mask: [5.191074e-06 5.191074e-06 5.191074e-06 5.191074e-06 5.191074e-06
 5.191074e-06 5.191074e-06 5.191074e-06 5.191074e-06 5.191074e-06
 5.191074e-06 5.191074e-06 5.191074e-06 5.191074e-06 5.191074e-06
 5.191074e-06 5.191074e-06 5.191074e-06 5.191074e-06 5.191074e-06
 5.191074e-06 5.191074e-06 5.191074e-06 5.191074e-06 5.191074e-06
 5.191074e-06 5.191074e-06 5.191074e-06 5.191074e-06 5.191074e-06
 5.191074e-06 5.191074e-06 5.191079e-06]
[[2025-10-16 18:43:43]] Epoch 27/100, Validation Loss: 0.10336213
[[2025-10-16 18:43:43]] Mask: [3.948081e-06 3.948081e-06 3.948081e-06 3.948081e-06 3.948081e-06
 3.948081e-06 3.948081e-06 3.948081e-06 3.948081e-06 3.948081e-06
 3.948081e-06 3.948081e-06 3.948081e-06 3.948081e-06 3.948081e-06
 3.948081e-06 3.948081e-06 3.948081e-06 3.948081e-06 3.948081e-06
 3.948081e-06 3.948081e-06 3.948081e-06 3.948081e-06 3.948081e-06
 3.948081e-06 3.948081e-06 3.948081e-06 3.948081e-06 3.948081e-06
 3.948081e-06 3.948081e-06 3.948085e-06]
[[2025-10-16 18:43:46]] Epoch 28/100, Validation Loss: 0.10336209
[[2025-10-16 18:43:46]] Mask: [3.0057881e-06 3.0057881e-06 3.0057881e-06 3.0057881e-06 3.0057881e-06
 3.0057881e-06 3.0057881e-06 3.0057881e-06 3.0057881e-06 3.0057881e-06
 3.0057881e-06 3.0057881e-06 3.0057881e-06 3.0057881e-06 3.0057881e-06
 3.0057881e-06 3.0057881e-06 3.0057881e-06 3.0057881e-06 3.0057881e-06
 3.0057881e-06 3.0057881e-06 3.0057881e-06 3.0057881e-06 3.0057881e-06
 3.0057881e-06 3.0057881e-06 3.0057881e-06 3.0057881e-06 3.0057881e-06
 3.0057881e-06 3.0057881e-06 3.0057881e-06]
[[2025-10-16 18:43:49]] Epoch 29/100, Validation Loss: 0.10336206
[[2025-10-16 18:43:49]] Mask: [2.2913016e-06 2.2913016e-06 2.2913016e-06 2.2913016e-06 2.2913016e-06
 2.2913016e-06 2.2913016e-06 2.2913016e-06 2.2913016e-06 2.2913016e-06
 2.2913016e-06 2.2913016e-06 2.2913016e-06 2.2913016e-06 2.2913016e-06
 2.2913016e-06 2.2913016e-06 2.2913016e-06 2.2913016e-06 2.2913016e-06
 2.2913016e-06 2.2913016e-06 2.2913016e-06 2.2913016e-06 2.2913016e-06
 2.2913016e-06 2.2913016e-06 2.2913016e-06 2.2913016e-06 2.2913016e-06
 2.2913016e-06 2.2913016e-06 2.2913016e-06]
[[2025-10-16 18:43:52]] Epoch 30/100, Validation Loss: 0.10336204
[[2025-10-16 18:43:52]] Mask: [1.7495249e-06 1.7495249e-06 1.7495249e-06 1.7495249e-06 1.7495249e-06
 1.7495249e-06 1.7495249e-06 1.7495249e-06 1.7495249e-06 1.7495249e-06
 1.7495249e-06 1.7495249e-06 1.7495249e-06 1.7495249e-06 1.7495249e-06
 1.7495249e-06 1.7495249e-06 1.7495249e-06 1.7495249e-06 1.7495249e-06
 1.7495249e-06 1.7495249e-06 1.7495249e-06 1.7495249e-06 1.7495249e-06
 1.7495249e-06 1.7495249e-06 1.7495249e-06 1.7495249e-06 1.7495249e-06
 1.7495249e-06 1.7495249e-06 1.7495249e-06]
[[2025-10-16 18:43:55]] Epoch 31/100, Validation Loss: 0.10336202
[[2025-10-16 18:43:55]] Mask: [1.3386207e-06 1.3386207e-06 1.3386207e-06 1.3386207e-06 1.3386207e-06
 1.3386207e-06 1.3386207e-06 1.3386207e-06 1.3386207e-06 1.3386207e-06
 1.3386207e-06 1.3386207e-06 1.3386207e-06 1.3386207e-06 1.3386207e-06
 1.3386207e-06 1.3386207e-06 1.3386207e-06 1.3386207e-06 1.3386207e-06
 1.3386207e-06 1.3386207e-06 1.3386207e-06 1.3386207e-06 1.3386207e-06
 1.3386207e-06 1.3386207e-06 1.3386207e-06 1.3386207e-06 1.3386207e-06
 1.3386207e-06 1.3386207e-06 1.3386207e-06]
[[2025-10-16 18:43:57]] Epoch 32/100, Validation Loss: 0.10336201
[[2025-10-16 18:43:57]] Mask: [1.0269506e-06 1.0269506e-06 1.0269506e-06 1.0269506e-06 1.0269506e-06
 1.0269506e-06 1.0269506e-06 1.0269506e-06 1.0269506e-06 1.0269506e-06
 1.0269506e-06 1.0269506e-06 1.0269506e-06 1.0269506e-06 1.0269506e-06
 1.0269506e-06 1.0269506e-06 1.0269506e-06 1.0269506e-06 1.0269506e-06
 1.0269506e-06 1.0269506e-06 1.0269506e-06 1.0269506e-06 1.0269506e-06
 1.0269506e-06 1.0269506e-06 1.0269506e-06 1.0269506e-06 1.0269506e-06
 1.0269506e-06 1.0269506e-06 1.0269506e-06]
[[2025-10-16 18:44:01]] Epoch 33/100, Validation Loss: 0.10336200
[[2025-10-16 18:44:01]] Mask: [7.9048516e-07 7.9048516e-07 7.9048516e-07 7.9048516e-07 7.9048516e-07
 7.9048516e-07 7.9048516e-07 7.9048516e-07 7.9048516e-07 7.9048516e-07
 7.9048516e-07 7.9048516e-07 7.9048516e-07 7.9048516e-07 7.9048516e-07
 7.9048516e-07 7.9048516e-07 7.9048516e-07 7.9048516e-07 7.9048516e-07
 7.9048516e-07 7.9048516e-07 7.9048516e-07 7.9048516e-07 7.9048516e-07
 7.9048516e-07 7.9048516e-07 7.9048516e-07 7.9048516e-07 7.9048516e-07
 7.9048516e-07 7.9048516e-07 7.9048516e-07]
[[2025-10-16 18:44:04]] Epoch 34/100, Validation Loss: 0.10336199
[[2025-10-16 18:44:04]] Mask: [6.1102963e-07 6.1102963e-07 6.1102963e-07 6.1102963e-07 6.1102963e-07
 6.1102963e-07 6.1102963e-07 6.1102963e-07 6.1102963e-07 6.1102963e-07
 6.1102963e-07 6.1102963e-07 6.1102963e-07 6.1102963e-07 6.1102963e-07
 6.1102963e-07 6.1102963e-07 6.1102963e-07 6.1102963e-07 6.1102963e-07
 6.1102963e-07 6.1102963e-07 6.1102963e-07 6.1102963e-07 6.1102963e-07
 6.1102963e-07 6.1102963e-07 6.1102963e-07 6.1102963e-07 6.1102963e-07
 6.1102963e-07 6.1102963e-07 6.1102963e-07]
[[2025-10-16 18:44:08]] Epoch 35/100, Validation Loss: 0.10336199
[[2025-10-16 18:44:08]] Mask: [4.7477255e-07 4.7477255e-07 4.7477255e-07 4.7477255e-07 4.7477255e-07
 4.7477255e-07 4.7477255e-07 4.7477255e-07 4.7477255e-07 4.7477255e-07
 4.7477255e-07 4.7477255e-07 4.7477255e-07 4.7477255e-07 4.7477255e-07
 4.7477255e-07 4.7477255e-07 4.7477255e-07 4.7477255e-07 4.7477255e-07
 4.7477255e-07 4.7477255e-07 4.7477255e-07 4.7477255e-07 4.7477255e-07
 4.7477255e-07 4.7477255e-07 4.7477255e-07 4.7477255e-07 4.7477255e-07
 4.7477255e-07 4.7477255e-07 4.7477255e-07]
[[2025-10-16 18:44:11]] Epoch 36/100, Validation Loss: 0.10336198
[[2025-10-16 18:44:11]] Mask: [3.7123974e-07 3.7123974e-07 3.7123974e-07 3.7123974e-07 3.7123974e-07
 3.7123974e-07 3.7123974e-07 3.7123974e-07 3.7123974e-07 3.7123974e-07
 3.7123974e-07 3.7123974e-07 3.7123974e-07 3.7123974e-07 3.7123974e-07
 3.7123974e-07 3.7123974e-07 3.7123974e-07 3.7123974e-07 3.7123974e-07
 3.7123974e-07 3.7123974e-07 3.7123974e-07 3.7123974e-07 3.7123974e-07
 3.7123974e-07 3.7123974e-07 3.7123974e-07 3.7123974e-07 3.7123974e-07
 3.7123974e-07 3.7123974e-07 3.7124008e-07]
[[2025-10-16 18:44:14]] Epoch 37/100, Validation Loss: 0.10336198
[[2025-10-16 18:44:14]] Mask: [2.9248608e-07 2.9248608e-07 2.9248608e-07 2.9248608e-07 2.9248608e-07
 2.9248608e-07 2.9248608e-07 2.9248608e-07 2.9248608e-07 2.9248608e-07
 2.9248608e-07 2.9248608e-07 2.9248608e-07 2.9248608e-07 2.9248608e-07
 2.9248608e-07 2.9248608e-07 2.9248608e-07 2.9248608e-07 2.9248608e-07
 2.9248608e-07 2.9248608e-07 2.9248608e-07 2.9248608e-07 2.9248608e-07
 2.9248608e-07 2.9248608e-07 2.9248608e-07 2.9248608e-07 2.9248608e-07
 2.9248608e-07 2.9248608e-07 2.9248636e-07]
[[2025-10-16 18:44:16]] Epoch 38/100, Validation Loss: 0.10336198
[[2025-10-16 18:44:16]] Mask: [2.3248391e-07 2.3248391e-07 2.3248391e-07 2.3248391e-07 2.3248391e-07
 2.3248391e-07 2.3248391e-07 2.3248391e-07 2.3248391e-07 2.3248391e-07
 2.3248391e-07 2.3248391e-07 2.3248391e-07 2.3248391e-07 2.3248391e-07
 2.3248391e-07 2.3248391e-07 2.3248391e-07 2.3248391e-07 2.3248391e-07
 2.3248391e-07 2.3248391e-07 2.3248391e-07 2.3248391e-07 2.3248391e-07
 2.3248391e-07 2.3248391e-07 2.3248391e-07 2.3248391e-07 2.3248391e-07
 2.3248391e-07 2.3248391e-07 2.3248391e-07]
[[2025-10-16 18:44:20]] Epoch 39/100, Validation Loss: 0.10336198
[[2025-10-16 18:44:20]] Mask: [1.8666094e-07 1.8666094e-07 1.8666094e-07 1.8666094e-07 1.8666094e-07
 1.8666094e-07 1.8666094e-07 1.8666094e-07 1.8666094e-07 1.8666094e-07
 1.8666094e-07 1.8666094e-07 1.8666094e-07 1.8666094e-07 1.8666094e-07
 1.8666094e-07 1.8666094e-07 1.8666094e-07 1.8666094e-07 1.8666094e-07
 1.8666094e-07 1.8666094e-07 1.8666094e-07 1.8666094e-07 1.8666094e-07
 1.8666094e-07 1.8666094e-07 1.8666094e-07 1.8666094e-07 1.8666094e-07
 1.8666094e-07 1.8666094e-07 1.8666094e-07]
[[2025-10-16 18:44:23]] Epoch 40/100, Validation Loss: 0.10336197
[[2025-10-16 18:44:23]] Mask: [1.5155136e-07 1.5155136e-07 1.5155136e-07 1.5155136e-07 1.5155136e-07
 1.5155136e-07 1.5155136e-07 1.5155136e-07 1.5155136e-07 1.5155136e-07
 1.5155136e-07 1.5155136e-07 1.5155136e-07 1.5155136e-07 1.5155136e-07
 1.5155136e-07 1.5155136e-07 1.5155136e-07 1.5155136e-07 1.5155136e-07
 1.5155136e-07 1.5155136e-07 1.5155136e-07 1.5155136e-07 1.5155136e-07
 1.5155136e-07 1.5155136e-07 1.5155136e-07 1.5155136e-07 1.5155136e-07
 1.5155136e-07 1.5155136e-07 1.5155136e-07]
[[2025-10-16 18:44:25]] Epoch 41/100, Validation Loss: 0.10336197
[[2025-10-16 18:44:25]] Mask: [1.2453287e-07 1.2453287e-07 1.2453287e-07 1.2453287e-07 1.2453287e-07
 1.2453287e-07 1.2453287e-07 1.2453287e-07 1.2453287e-07 1.2453287e-07
 1.2453287e-07 1.2453287e-07 1.2453287e-07 1.2453287e-07 1.2453287e-07
 1.2453287e-07 1.2453287e-07 1.2453287e-07 1.2453287e-07 1.2453287e-07
 1.2453287e-07 1.2453287e-07 1.2453287e-07 1.2453287e-07 1.2453287e-07
 1.2453287e-07 1.2453287e-07 1.2453287e-07 1.2453287e-07 1.2453287e-07
 1.2453287e-07 1.2453287e-07 1.2453287e-07]
[[2025-10-16 18:44:28]] Epoch 42/100, Validation Loss: 0.10336197
[[2025-10-16 18:44:28]] Mask: [1.03625204e-07 1.03625204e-07 1.03625204e-07 1.03625204e-07
 1.03625204e-07 1.03625204e-07 1.03625204e-07 1.03625204e-07
 1.03625204e-07 1.03625204e-07 1.03625204e-07 1.03625204e-07
 1.03625204e-07 1.03625204e-07 1.03625204e-07 1.03625204e-07
 1.03625204e-07 1.03625204e-07 1.03625204e-07 1.03625204e-07
 1.03625204e-07 1.03625204e-07 1.03625204e-07 1.03625204e-07
 1.03625204e-07 1.03625204e-07 1.03625204e-07 1.03625204e-07
 1.03625204e-07 1.03625204e-07 1.03625204e-07 1.03625204e-07
 1.03625204e-07]
[[2025-10-16 18:44:31]] Epoch 43/100, Validation Loss: 0.10336197
[[2025-10-16 18:44:31]] Mask: [8.733343e-08 8.733343e-08 8.733343e-08 8.733343e-08 8.733343e-08
 8.733343e-08 8.733343e-08 8.733343e-08 8.733343e-08 8.733343e-08
 8.733343e-08 8.733343e-08 8.733343e-08 8.733343e-08 8.733343e-08
 8.733343e-08 8.733343e-08 8.733343e-08 8.733343e-08 8.733343e-08
 8.733343e-08 8.733343e-08 8.733343e-08 8.733343e-08 8.733343e-08
 8.733343e-08 8.733343e-08 8.733343e-08 8.733343e-08 8.733343e-08
 8.733343e-08 8.733343e-08 8.733343e-08]
[[2025-10-16 18:44:34]] Epoch 44/100, Validation Loss: 0.10336197
[[2025-10-16 18:44:34]] Mask: [7.4536715e-08 7.4536715e-08 7.4536715e-08 7.4536715e-08 7.4536715e-08
 7.4536715e-08 7.4536715e-08 7.4536715e-08 7.4536715e-08 7.4536715e-08
 7.4536715e-08 7.4536715e-08 7.4536715e-08 7.4536715e-08 7.4536715e-08
 7.4536715e-08 7.4536715e-08 7.4536715e-08 7.4536715e-08 7.4536715e-08
 7.4536715e-08 7.4536715e-08 7.4536715e-08 7.4536715e-08 7.4536715e-08
 7.4536715e-08 7.4536715e-08 7.4536715e-08 7.4536715e-08 7.4536715e-08
 7.4536715e-08 7.4536715e-08 7.4536715e-08]
[[2025-10-16 18:44:37]] Epoch 45/100, Validation Loss: 0.10336197
[[2025-10-16 18:44:37]] Mask: [6.4393056e-08 6.4393056e-08 6.4393056e-08 6.4393056e-08 6.4393056e-08
 6.4393056e-08 6.4393056e-08 6.4393056e-08 6.4393056e-08 6.4393056e-08
 6.4393056e-08 6.4393056e-08 6.4393056e-08 6.4393056e-08 6.4393056e-08
 6.4393056e-08 6.4393056e-08 6.4393056e-08 6.4393056e-08 6.4393056e-08
 6.4393056e-08 6.4393056e-08 6.4393056e-08 6.4393056e-08 6.4393056e-08
 6.4393056e-08 6.4393056e-08 6.4393056e-08 6.4393056e-08 6.4393056e-08
 6.4393056e-08 6.4393056e-08 6.4393056e-08]
[[2025-10-16 18:44:40]] Epoch 46/100, Validation Loss: 0.10336197
[[2025-10-16 18:44:40]] Mask: [5.6272604e-08 5.6272604e-08 5.6272604e-08 5.6272604e-08 5.6272604e-08
 5.6272604e-08 5.6272604e-08 5.6272604e-08 5.6272604e-08 5.6272604e-08
 5.6272604e-08 5.6272604e-08 5.6272604e-08 5.6272604e-08 5.6272604e-08
 5.6272604e-08 5.6272604e-08 5.6272604e-08 5.6272604e-08 5.6272604e-08
 5.6272604e-08 5.6272604e-08 5.6272604e-08 5.6272604e-08 5.6272604e-08
 5.6272604e-08 5.6272604e-08 5.6272604e-08 5.6272604e-08 5.6272604e-08
 5.6272604e-08 5.6272604e-08 5.6272604e-08]
[[2025-10-16 18:44:43]] Epoch 47/100, Validation Loss: 0.10336197
[[2025-10-16 18:44:43]] Mask: [4.9704557e-08 4.9704557e-08 4.9704557e-08 4.9704557e-08 4.9704557e-08
 4.9704557e-08 4.9704557e-08 4.9704557e-08 4.9704557e-08 4.9704557e-08
 4.9704557e-08 4.9704557e-08 4.9704557e-08 4.9704557e-08 4.9704557e-08
 4.9704557e-08 4.9704557e-08 4.9704557e-08 4.9704557e-08 4.9704557e-08
 4.9704557e-08 4.9704557e-08 4.9704557e-08 4.9704557e-08 4.9704557e-08
 4.9704557e-08 4.9704557e-08 4.9704557e-08 4.9704557e-08 4.9704557e-08
 4.9704557e-08 4.9704557e-08 4.9704557e-08]
[[2025-10-16 18:44:45]] Epoch 48/100, Validation Loss: 0.10336197
[[2025-10-16 18:44:45]] Mask: [4.433515e-08 4.433515e-08 4.433515e-08 4.433515e-08 4.433515e-08
 4.433515e-08 4.433515e-08 4.433515e-08 4.433515e-08 4.433515e-08
 4.433515e-08 4.433515e-08 4.433515e-08 4.433515e-08 4.433515e-08
 4.433515e-08 4.433515e-08 4.433515e-08 4.433515e-08 4.433515e-08
 4.433515e-08 4.433515e-08 4.433515e-08 4.433515e-08 4.433515e-08
 4.433515e-08 4.433515e-08 4.433515e-08 4.433515e-08 4.433515e-08
 4.433515e-08 4.433515e-08 4.433515e-08]
[[2025-10-16 18:44:48]] Epoch 49/100, Validation Loss: 0.10336197
[[2025-10-16 18:44:48]] Mask: [3.98983e-08 3.98983e-08 3.98983e-08 3.98983e-08 3.98983e-08 3.98983e-08
 3.98983e-08 3.98983e-08 3.98983e-08 3.98983e-08 3.98983e-08 3.98983e-08
 3.98983e-08 3.98983e-08 3.98983e-08 3.98983e-08 3.98983e-08 3.98983e-08
 3.98983e-08 3.98983e-08 3.98983e-08 3.98983e-08 3.98983e-08 3.98983e-08
 3.98983e-08 3.98983e-08 3.98983e-08 3.98983e-08 3.98983e-08 3.98983e-08
 3.98983e-08 3.98983e-08 3.98983e-08]
[[2025-10-16 18:44:51]] Epoch 50/100, Validation Loss: 0.10336197
[[2025-10-16 18:44:51]] Mask: [3.6193853e-08 3.6193853e-08 3.6193853e-08 3.6193853e-08 3.6193853e-08
 3.6193853e-08 3.6193853e-08 3.6193853e-08 3.6193853e-08 3.6193853e-08
 3.6193853e-08 3.6193853e-08 3.6193853e-08 3.6193853e-08 3.6193853e-08
 3.6193853e-08 3.6193853e-08 3.6193853e-08 3.6193853e-08 3.6193853e-08
 3.6193853e-08 3.6193853e-08 3.6193853e-08 3.6193853e-08 3.6193853e-08
 3.6193853e-08 3.6193853e-08 3.6193853e-08 3.6193853e-08 3.6193853e-08
 3.6193853e-08 3.6193853e-08 3.6193853e-08]
[[2025-10-16 18:44:54]] Epoch 51/100, Validation Loss: 0.10336197
[[2025-10-16 18:44:54]] Mask: [3.3070105e-08 3.3070105e-08 3.3070105e-08 3.3070105e-08 3.3070105e-08
 3.3070105e-08 3.3070105e-08 3.3070105e-08 3.3070105e-08 3.3070105e-08
 3.3070105e-08 3.3070105e-08 3.3070105e-08 3.3070105e-08 3.3070105e-08
 3.3070105e-08 3.3070105e-08 3.3070105e-08 3.3070105e-08 3.3070105e-08
 3.3070105e-08 3.3070105e-08 3.3070105e-08 3.3070105e-08 3.3070105e-08
 3.3070105e-08 3.3070105e-08 3.3070105e-08 3.3070105e-08 3.3070105e-08
 3.3070105e-08 3.3070105e-08 3.3070105e-08]
[[2025-10-16 18:44:57]] Epoch 52/100, Validation Loss: 0.10336197
[[2025-10-16 18:44:57]] Mask: [3.0410167e-08 3.0410167e-08 3.0410167e-08 3.0410167e-08 3.0410167e-08
 3.0410167e-08 3.0410167e-08 3.0410167e-08 3.0410167e-08 3.0410167e-08
 3.0410167e-08 3.0410167e-08 3.0410167e-08 3.0410167e-08 3.0410167e-08
 3.0410167e-08 3.0410167e-08 3.0410167e-08 3.0410167e-08 3.0410167e-08
 3.0410167e-08 3.0410167e-08 3.0410167e-08 3.0410167e-08 3.0410167e-08
 3.0410167e-08 3.0410167e-08 3.0410167e-08 3.0410167e-08 3.0410167e-08
 3.0410167e-08 3.0410167e-08 3.0410167e-08]
[[2025-10-16 18:44:59]] Epoch 53/100, Validation Loss: 0.10336197
[[2025-10-16 18:44:59]] Mask: [2.8125664e-08 2.8125664e-08 2.8125664e-08 2.8125664e-08 2.8125664e-08
 2.8125664e-08 2.8125664e-08 2.8125664e-08 2.8125664e-08 2.8125664e-08
 2.8125664e-08 2.8125664e-08 2.8125664e-08 2.8125664e-08 2.8125664e-08
 2.8125664e-08 2.8125664e-08 2.8125664e-08 2.8125664e-08 2.8125664e-08
 2.8125664e-08 2.8125664e-08 2.8125664e-08 2.8125664e-08 2.8125664e-08
 2.8125664e-08 2.8125664e-08 2.8125664e-08 2.8125664e-08 2.8125664e-08
 2.8125664e-08 2.8125664e-08 2.8125664e-08]
[[2025-10-16 18:45:02]] Epoch 54/100, Validation Loss: 0.10336197
[[2025-10-16 18:45:02]] Mask: [2.614679e-08 2.614679e-08 2.614679e-08 2.614679e-08 2.614679e-08
 2.614679e-08 2.614679e-08 2.614679e-08 2.614679e-08 2.614679e-08
 2.614679e-08 2.614679e-08 2.614679e-08 2.614679e-08 2.614679e-08
 2.614679e-08 2.614679e-08 2.614679e-08 2.614679e-08 2.614679e-08
 2.614679e-08 2.614679e-08 2.614679e-08 2.614679e-08 2.614679e-08
 2.614679e-08 2.614679e-08 2.614679e-08 2.614679e-08 2.614679e-08
 2.614679e-08 2.614679e-08 2.614679e-08]
[[2025-10-16 18:45:05]] Epoch 55/100, Validation Loss: 0.10336197
[[2025-10-16 18:45:05]] Mask: [2.4418622e-08 2.4418622e-08 2.4418622e-08 2.4418622e-08 2.4418622e-08
 2.4418622e-08 2.4418622e-08 2.4418622e-08 2.4418622e-08 2.4418622e-08
 2.4418622e-08 2.4418622e-08 2.4418622e-08 2.4418622e-08 2.4418622e-08
 2.4418622e-08 2.4418622e-08 2.4418622e-08 2.4418622e-08 2.4418622e-08
 2.4418622e-08 2.4418622e-08 2.4418622e-08 2.4418622e-08 2.4418622e-08
 2.4418622e-08 2.4418622e-08 2.4418622e-08 2.4418622e-08 2.4418622e-08
 2.4418622e-08 2.4418622e-08 2.4418622e-08]
[[2025-10-16 18:45:08]] Epoch 56/100, Validation Loss: 0.10336197
[[2025-10-16 18:45:08]] Mask: [2.2899261e-08 2.2899261e-08 2.2899261e-08 2.2899261e-08 2.2899261e-08
 2.2899261e-08 2.2899261e-08 2.2899261e-08 2.2899261e-08 2.2899261e-08
 2.2899261e-08 2.2899261e-08 2.2899261e-08 2.2899261e-08 2.2899261e-08
 2.2899261e-08 2.2899261e-08 2.2899261e-08 2.2899261e-08 2.2899261e-08
 2.2899261e-08 2.2899261e-08 2.2899261e-08 2.2899261e-08 2.2899261e-08
 2.2899261e-08 2.2899261e-08 2.2899261e-08 2.2899261e-08 2.2899261e-08
 2.2899261e-08 2.2899261e-08 2.2899261e-08]
[[2025-10-16 18:45:11]] Epoch 57/100, Validation Loss: 0.10336197
[[2025-10-16 18:45:11]] Mask: [2.1553387e-08 2.1553387e-08 2.1553387e-08 2.1553387e-08 2.1553387e-08
 2.1553387e-08 2.1553387e-08 2.1553387e-08 2.1553387e-08 2.1553387e-08
 2.1553387e-08 2.1553387e-08 2.1553387e-08 2.1553387e-08 2.1553387e-08
 2.1553387e-08 2.1553387e-08 2.1553387e-08 2.1553387e-08 2.1553387e-08
 2.1553387e-08 2.1553387e-08 2.1553387e-08 2.1553387e-08 2.1553387e-08
 2.1553387e-08 2.1553387e-08 2.1553387e-08 2.1553387e-08 2.1553387e-08
 2.1553387e-08 2.1553387e-08 2.1553387e-08]
[[2025-10-16 18:45:14]] Epoch 58/100, Validation Loss: 0.10336197
[[2025-10-16 18:45:14]] Mask: [2.0354676e-08 2.0354676e-08 2.0354676e-08 2.0354676e-08 2.0354676e-08
 2.0354676e-08 2.0354676e-08 2.0354676e-08 2.0354676e-08 2.0354676e-08
 2.0354676e-08 2.0354676e-08 2.0354676e-08 2.0354676e-08 2.0354676e-08
 2.0354676e-08 2.0354676e-08 2.0354676e-08 2.0354676e-08 2.0354676e-08
 2.0354676e-08 2.0354676e-08 2.0354676e-08 2.0354676e-08 2.0354676e-08
 2.0354676e-08 2.0354676e-08 2.0354676e-08 2.0354676e-08 2.0354676e-08
 2.0354676e-08 2.0354676e-08 2.0354674e-08]
[[2025-10-16 18:45:16]] Epoch 59/100, Validation Loss: 0.10336197
[[2025-10-16 18:45:16]] Mask: [1.9280941e-08 1.9280941e-08 1.9280941e-08 1.9280941e-08 1.9280941e-08
 1.9280941e-08 1.9280941e-08 1.9280941e-08 1.9280941e-08 1.9280941e-08
 1.9280941e-08 1.9280941e-08 1.9280941e-08 1.9280941e-08 1.9280941e-08
 1.9280941e-08 1.9280941e-08 1.9280941e-08 1.9280941e-08 1.9280941e-08
 1.9280941e-08 1.9280941e-08 1.9280941e-08 1.9280941e-08 1.9280941e-08
 1.9280941e-08 1.9280941e-08 1.9280941e-08 1.9280941e-08 1.9280941e-08
 1.9280941e-08 1.9280941e-08 1.9280941e-08]
[[2025-10-16 18:45:19]] Epoch 60/100, Validation Loss: 0.10336197
[[2025-10-16 18:45:19]] Mask: [1.8312406e-08 1.8312406e-08 1.8312406e-08 1.8312406e-08 1.8312406e-08
 1.8312406e-08 1.8312406e-08 1.8312406e-08 1.8312406e-08 1.8312406e-08
 1.8312406e-08 1.8312406e-08 1.8312406e-08 1.8312406e-08 1.8312406e-08
 1.8312406e-08 1.8312406e-08 1.8312406e-08 1.8312406e-08 1.8312406e-08
 1.8312406e-08 1.8312406e-08 1.8312406e-08 1.8312406e-08 1.8312406e-08
 1.8312406e-08 1.8312406e-08 1.8312406e-08 1.8312406e-08 1.8312406e-08
 1.8312406e-08 1.8312406e-08 1.8312404e-08]
[[2025-10-16 18:45:22]] Epoch 61/100, Validation Loss: 0.10336197
[[2025-10-16 18:45:22]] Mask: [1.7437129e-08 1.7437129e-08 1.7437129e-08 1.7437129e-08 1.7437129e-08
 1.7437129e-08 1.7437129e-08 1.7437129e-08 1.7437129e-08 1.7437129e-08
 1.7437129e-08 1.7437129e-08 1.7437129e-08 1.7437129e-08 1.7437129e-08
 1.7437129e-08 1.7437129e-08 1.7437129e-08 1.7437129e-08 1.7437129e-08
 1.7437129e-08 1.7437129e-08 1.7437129e-08 1.7437129e-08 1.7437129e-08
 1.7437129e-08 1.7437129e-08 1.7437129e-08 1.7437129e-08 1.7437129e-08
 1.7437129e-08 1.7437129e-08 1.7437129e-08]
[[2025-10-16 18:45:26]] Epoch 62/100, Validation Loss: 0.10336197
[[2025-10-16 18:45:26]] Mask: [1.6640719e-08 1.6640719e-08 1.6640719e-08 1.6640719e-08 1.6640719e-08
 1.6640719e-08 1.6640719e-08 1.6640719e-08 1.6640719e-08 1.6640719e-08
 1.6640719e-08 1.6640719e-08 1.6640719e-08 1.6640719e-08 1.6640719e-08
 1.6640719e-08 1.6640719e-08 1.6640719e-08 1.6640719e-08 1.6640719e-08
 1.6640719e-08 1.6640719e-08 1.6640719e-08 1.6640719e-08 1.6640719e-08
 1.6640719e-08 1.6640719e-08 1.6640719e-08 1.6640719e-08 1.6640719e-08
 1.6640719e-08 1.6640719e-08 1.6640719e-08]
[[2025-10-16 18:45:29]] Epoch 63/100, Validation Loss: 0.10336197
[[2025-10-16 18:45:29]] Mask: [1.5913036e-08 1.5913036e-08 1.5913036e-08 1.5913036e-08 1.5913036e-08
 1.5913036e-08 1.5913036e-08 1.5913036e-08 1.5913036e-08 1.5913036e-08
 1.5913036e-08 1.5913036e-08 1.5913036e-08 1.5913036e-08 1.5913036e-08
 1.5913036e-08 1.5913036e-08 1.5913036e-08 1.5913036e-08 1.5913036e-08
 1.5913036e-08 1.5913036e-08 1.5913036e-08 1.5913036e-08 1.5913036e-08
 1.5913036e-08 1.5913036e-08 1.5913036e-08 1.5913036e-08 1.5913036e-08
 1.5913036e-08 1.5913036e-08 1.5913036e-08]
[[2025-10-16 18:45:32]] Epoch 64/100, Validation Loss: 0.10336197
[[2025-10-16 18:45:32]] Mask: [1.5246401e-08 1.5246401e-08 1.5246401e-08 1.5246401e-08 1.5246401e-08
 1.5246401e-08 1.5246401e-08 1.5246401e-08 1.5246401e-08 1.5246401e-08
 1.5246401e-08 1.5246401e-08 1.5246401e-08 1.5246401e-08 1.5246401e-08
 1.5246401e-08 1.5246401e-08 1.5246401e-08 1.5246401e-08 1.5246401e-08
 1.5246401e-08 1.5246401e-08 1.5246401e-08 1.5246401e-08 1.5246401e-08
 1.5246401e-08 1.5246401e-08 1.5246401e-08 1.5246401e-08 1.5246401e-08
 1.5246401e-08 1.5246401e-08 1.5246401e-08]
[[2025-10-16 18:45:35]] Epoch 65/100, Validation Loss: 0.10336197
[[2025-10-16 18:45:35]] Mask: [1.4633599e-08 1.4633599e-08 1.4633599e-08 1.4633599e-08 1.4633599e-08
 1.4633599e-08 1.4633599e-08 1.4633599e-08 1.4633599e-08 1.4633599e-08
 1.4633599e-08 1.4633599e-08 1.4633599e-08 1.4633599e-08 1.4633599e-08
 1.4633599e-08 1.4633599e-08 1.4633599e-08 1.4633599e-08 1.4633599e-08
 1.4633599e-08 1.4633599e-08 1.4633599e-08 1.4633599e-08 1.4633599e-08
 1.4633599e-08 1.4633599e-08 1.4633599e-08 1.4633599e-08 1.4633599e-08
 1.4633599e-08 1.4633599e-08 1.4633599e-08]
[[2025-10-16 18:45:38]] Epoch 66/100, Validation Loss: 0.10336197
[[2025-10-16 18:45:38]] Mask: [1.4066769e-08 1.4066769e-08 1.4066769e-08 1.4066769e-08 1.4066769e-08
 1.4066769e-08 1.4066769e-08 1.4066769e-08 1.4066769e-08 1.4066769e-08
 1.4066769e-08 1.4066769e-08 1.4066769e-08 1.4066769e-08 1.4066769e-08
 1.4066769e-08 1.4066769e-08 1.4066769e-08 1.4066769e-08 1.4066769e-08
 1.4066769e-08 1.4066769e-08 1.4066769e-08 1.4066769e-08 1.4066769e-08
 1.4066769e-08 1.4066769e-08 1.4066769e-08 1.4066769e-08 1.4066769e-08
 1.4066769e-08 1.4066769e-08 1.4066769e-08]
[[2025-10-16 18:45:41]] Epoch 67/100, Validation Loss: 0.10336197
[[2025-10-16 18:45:41]] Mask: [1.3543112e-08 1.3543112e-08 1.3543112e-08 1.3543112e-08 1.3543112e-08
 1.3543112e-08 1.3543112e-08 1.3543112e-08 1.3543112e-08 1.3543112e-08
 1.3543112e-08 1.3543112e-08 1.3543112e-08 1.3543112e-08 1.3543112e-08
 1.3543112e-08 1.3543112e-08 1.3543112e-08 1.3543112e-08 1.3543112e-08
 1.3543112e-08 1.3543112e-08 1.3543112e-08 1.3543112e-08 1.3543112e-08
 1.3543112e-08 1.3543112e-08 1.3543112e-08 1.3543112e-08 1.3543112e-08
 1.3543112e-08 1.3543112e-08 1.3543112e-08]
[[2025-10-16 18:45:44]] Epoch 68/100, Validation Loss: 0.10336197
[[2025-10-16 18:45:44]] Mask: [1.3056941e-08 1.3056941e-08 1.3056941e-08 1.3056941e-08 1.3056941e-08
 1.3056941e-08 1.3056941e-08 1.3056941e-08 1.3056941e-08 1.3056941e-08
 1.3056941e-08 1.3056941e-08 1.3056941e-08 1.3056941e-08 1.3056941e-08
 1.3056941e-08 1.3056941e-08 1.3056941e-08 1.3056941e-08 1.3056941e-08
 1.3056941e-08 1.3056941e-08 1.3056941e-08 1.3056941e-08 1.3056941e-08
 1.3056941e-08 1.3056941e-08 1.3056941e-08 1.3056941e-08 1.3056941e-08
 1.3056941e-08 1.3056941e-08 1.3056941e-08]
[[2025-10-16 18:45:46]] Epoch 69/100, Validation Loss: 0.10336197
[[2025-10-16 18:45:46]] Mask: [1.2603865e-08 1.2603865e-08 1.2603865e-08 1.2603865e-08 1.2603865e-08
 1.2603865e-08 1.2603865e-08 1.2603865e-08 1.2603865e-08 1.2603865e-08
 1.2603865e-08 1.2603865e-08 1.2603865e-08 1.2603865e-08 1.2603865e-08
 1.2603865e-08 1.2603865e-08 1.2603865e-08 1.2603865e-08 1.2603865e-08
 1.2603865e-08 1.2603865e-08 1.2603865e-08 1.2603865e-08 1.2603865e-08
 1.2603865e-08 1.2603865e-08 1.2603865e-08 1.2603865e-08 1.2603865e-08
 1.2603865e-08 1.2603865e-08 1.2603865e-08]
[[2025-10-16 18:45:49]] Epoch 70/100, Validation Loss: 0.10336197
[[2025-10-16 18:45:49]] Mask: [1.21809745e-08 1.21809745e-08 1.21809745e-08 1.21809745e-08
 1.21809745e-08 1.21809745e-08 1.21809745e-08 1.21809745e-08
 1.21809745e-08 1.21809745e-08 1.21809745e-08 1.21809745e-08
 1.21809745e-08 1.21809745e-08 1.21809745e-08 1.21809745e-08
 1.21809745e-08 1.21809745e-08 1.21809745e-08 1.21809745e-08
 1.21809745e-08 1.21809745e-08 1.21809745e-08 1.21809745e-08
 1.21809745e-08 1.21809745e-08 1.21809745e-08 1.21809745e-08
 1.21809745e-08 1.21809745e-08 1.21809745e-08 1.21809745e-08
 1.21809745e-08]
[[2025-10-16 18:45:52]] Epoch 71/100, Validation Loss: 0.10336197
[[2025-10-16 18:45:52]] Mask: [1.1785573e-08 1.1785573e-08 1.1785573e-08 1.1785573e-08 1.1785573e-08
 1.1785573e-08 1.1785573e-08 1.1785573e-08 1.1785573e-08 1.1785573e-08
 1.1785573e-08 1.1785573e-08 1.1785573e-08 1.1785573e-08 1.1785573e-08
 1.1785573e-08 1.1785573e-08 1.1785573e-08 1.1785573e-08 1.1785573e-08
 1.1785573e-08 1.1785573e-08 1.1785573e-08 1.1785573e-08 1.1785573e-08
 1.1785573e-08 1.1785573e-08 1.1785573e-08 1.1785573e-08 1.1785573e-08
 1.1785573e-08 1.1785573e-08 1.1785573e-08]
[[2025-10-16 18:45:55]] Epoch 72/100, Validation Loss: 0.10336197
[[2025-10-16 18:45:55]] Mask: [1.1415173e-08 1.1415173e-08 1.1415173e-08 1.1415173e-08 1.1415173e-08
 1.1415173e-08 1.1415173e-08 1.1415173e-08 1.1415173e-08 1.1415173e-08
 1.1415173e-08 1.1415173e-08 1.1415173e-08 1.1415173e-08 1.1415173e-08
 1.1415173e-08 1.1415173e-08 1.1415173e-08 1.1415173e-08 1.1415173e-08
 1.1415173e-08 1.1415173e-08 1.1415173e-08 1.1415173e-08 1.1415173e-08
 1.1415173e-08 1.1415173e-08 1.1415173e-08 1.1415173e-08 1.1415173e-08
 1.1415173e-08 1.1415173e-08 1.1415173e-08]
[[2025-10-16 18:45:58]] Epoch 73/100, Validation Loss: 0.10336197
[[2025-10-16 18:45:58]] Mask: [1.1067426e-08 1.1067426e-08 1.1067426e-08 1.1067426e-08 1.1067426e-08
 1.1067426e-08 1.1067426e-08 1.1067426e-08 1.1067426e-08 1.1067426e-08
 1.1067426e-08 1.1067426e-08 1.1067426e-08 1.1067426e-08 1.1067426e-08
 1.1067426e-08 1.1067426e-08 1.1067426e-08 1.1067426e-08 1.1067426e-08
 1.1067426e-08 1.1067426e-08 1.1067426e-08 1.1067426e-08 1.1067426e-08
 1.1067426e-08 1.1067426e-08 1.1067426e-08 1.1067426e-08 1.1067426e-08
 1.1067426e-08 1.1067426e-08 1.1067426e-08]
[[2025-10-16 18:46:01]] Epoch 74/100, Validation Loss: 0.10336197
[[2025-10-16 18:46:01]] Mask: [1.0740122e-08 1.0740122e-08 1.0740122e-08 1.0740122e-08 1.0740122e-08
 1.0740122e-08 1.0740122e-08 1.0740122e-08 1.0740122e-08 1.0740122e-08
 1.0740122e-08 1.0740122e-08 1.0740122e-08 1.0740122e-08 1.0740122e-08
 1.0740122e-08 1.0740122e-08 1.0740122e-08 1.0740122e-08 1.0740122e-08
 1.0740122e-08 1.0740122e-08 1.0740122e-08 1.0740122e-08 1.0740122e-08
 1.0740122e-08 1.0740122e-08 1.0740122e-08 1.0740122e-08 1.0740122e-08
 1.0740122e-08 1.0740122e-08 1.0740122e-08]
[[2025-10-16 18:46:03]] Epoch 75/100, Validation Loss: 0.10336197
[[2025-10-16 18:46:03]] Mask: [1.0431168e-08 1.0431168e-08 1.0431168e-08 1.0431168e-08 1.0431168e-08
 1.0431168e-08 1.0431168e-08 1.0431168e-08 1.0431168e-08 1.0431168e-08
 1.0431168e-08 1.0431168e-08 1.0431168e-08 1.0431168e-08 1.0431168e-08
 1.0431168e-08 1.0431168e-08 1.0431168e-08 1.0431168e-08 1.0431168e-08
 1.0431168e-08 1.0431168e-08 1.0431168e-08 1.0431168e-08 1.0431168e-08
 1.0431168e-08 1.0431168e-08 1.0431168e-08 1.0431168e-08 1.0431168e-08
 1.0431168e-08 1.0431168e-08 1.0431169e-08]
[[2025-10-16 18:46:06]] Epoch 76/100, Validation Loss: 0.10336197
[[2025-10-16 18:46:06]] Mask: [1.0138525e-08 1.0138525e-08 1.0138525e-08 1.0138525e-08 1.0138525e-08
 1.0138525e-08 1.0138525e-08 1.0138525e-08 1.0138525e-08 1.0138525e-08
 1.0138525e-08 1.0138525e-08 1.0138525e-08 1.0138525e-08 1.0138525e-08
 1.0138525e-08 1.0138525e-08 1.0138525e-08 1.0138525e-08 1.0138525e-08
 1.0138525e-08 1.0138525e-08 1.0138525e-08 1.0138525e-08 1.0138525e-08
 1.0138525e-08 1.0138525e-08 1.0138525e-08 1.0138525e-08 1.0138525e-08
 1.0138525e-08 1.0138525e-08 1.0138526e-08]
[[2025-10-16 18:46:09]] Epoch 77/100, Validation Loss: 0.10336197
[[2025-10-16 18:46:09]] Mask: [9.8637765e-09 9.8637765e-09 9.8637765e-09 9.8637765e-09 9.8637765e-09
 9.8637765e-09 9.8637765e-09 9.8637765e-09 9.8637765e-09 9.8637765e-09
 9.8637765e-09 9.8637765e-09 9.8637765e-09 9.8637765e-09 9.8637765e-09
 9.8637765e-09 9.8637765e-09 9.8637765e-09 9.8637765e-09 9.8637765e-09
 9.8637765e-09 9.8637765e-09 9.8637765e-09 9.8637765e-09 9.8637765e-09
 9.8637765e-09 9.8637765e-09 9.8637765e-09 9.8637765e-09 9.8637765e-09
 9.8637765e-09 9.8637765e-09 9.8637765e-09]
[[2025-10-16 18:46:13]] Epoch 78/100, Validation Loss: 0.10336197
[[2025-10-16 18:46:13]] Mask: [9.603212e-09 9.603212e-09 9.603212e-09 9.603212e-09 9.603212e-09
 9.603212e-09 9.603212e-09 9.603212e-09 9.603212e-09 9.603212e-09
 9.603212e-09 9.603212e-09 9.603212e-09 9.603212e-09 9.603212e-09
 9.603212e-09 9.603212e-09 9.603212e-09 9.603212e-09 9.603212e-09
 9.603212e-09 9.603212e-09 9.603212e-09 9.603212e-09 9.603212e-09
 9.603212e-09 9.603212e-09 9.603212e-09 9.603212e-09 9.603212e-09
 9.603212e-09 9.603212e-09 9.603212e-09]
[[2025-10-16 18:46:15]] Epoch 79/100, Validation Loss: 0.10336197
[[2025-10-16 18:46:15]] Mask: [9.354256e-09 9.354256e-09 9.354256e-09 9.354256e-09 9.354256e-09
 9.354256e-09 9.354256e-09 9.354256e-09 9.354256e-09 9.354256e-09
 9.354256e-09 9.354256e-09 9.354256e-09 9.354256e-09 9.354256e-09
 9.354256e-09 9.354256e-09 9.354256e-09 9.354256e-09 9.354256e-09
 9.354256e-09 9.354256e-09 9.354256e-09 9.354256e-09 9.354256e-09
 9.354256e-09 9.354256e-09 9.354256e-09 9.354256e-09 9.354256e-09
 9.354256e-09 9.354256e-09 9.354256e-09]
[[2025-10-16 18:46:18]] Epoch 80/100, Validation Loss: 0.10336197
[[2025-10-16 18:46:18]] Mask: [9.120014e-09 9.120014e-09 9.120014e-09 9.120014e-09 9.120014e-09
 9.120014e-09 9.120014e-09 9.120014e-09 9.120014e-09 9.120014e-09
 9.120014e-09 9.120014e-09 9.120014e-09 9.120014e-09 9.120014e-09
 9.120014e-09 9.120014e-09 9.120014e-09 9.120014e-09 9.120014e-09
 9.120014e-09 9.120014e-09 9.120014e-09 9.120014e-09 9.120014e-09
 9.120014e-09 9.120014e-09 9.120014e-09 9.120014e-09 9.120014e-09
 9.120014e-09 9.120014e-09 9.120014e-09]
[[2025-10-16 18:46:21]] Epoch 81/100, Validation Loss: 0.10336197
[[2025-10-16 18:46:21]] Mask: [8.896252e-09 8.896252e-09 8.896252e-09 8.896252e-09 8.896252e-09
 8.896252e-09 8.896252e-09 8.896252e-09 8.896252e-09 8.896252e-09
 8.896252e-09 8.896252e-09 8.896252e-09 8.896252e-09 8.896252e-09
 8.896252e-09 8.896252e-09 8.896252e-09 8.896252e-09 8.896252e-09
 8.896252e-09 8.896252e-09 8.896252e-09 8.896252e-09 8.896252e-09
 8.896252e-09 8.896252e-09 8.896252e-09 8.896252e-09 8.896252e-09
 8.896252e-09 8.896252e-09 8.896252e-09]
[[2025-10-16 18:46:23]] Epoch 82/100, Validation Loss: 0.10336197
[[2025-10-16 18:46:23]] Mask: [8.682648e-09 8.682648e-09 8.682648e-09 8.682648e-09 8.682648e-09
 8.682648e-09 8.682648e-09 8.682648e-09 8.682648e-09 8.682648e-09
 8.682648e-09 8.682648e-09 8.682648e-09 8.682648e-09 8.682648e-09
 8.682648e-09 8.682648e-09 8.682648e-09 8.682648e-09 8.682648e-09
 8.682648e-09 8.682648e-09 8.682648e-09 8.682648e-09 8.682648e-09
 8.682648e-09 8.682648e-09 8.682648e-09 8.682648e-09 8.682648e-09
 8.682648e-09 8.682648e-09 8.682648e-09]
[[2025-10-16 18:46:27]] Epoch 83/100, Validation Loss: 0.10336197
[[2025-10-16 18:46:27]] Mask: [8.480383e-09 8.480383e-09 8.480383e-09 8.480383e-09 8.480383e-09
 8.480383e-09 8.480383e-09 8.480383e-09 8.480383e-09 8.480383e-09
 8.480383e-09 8.480383e-09 8.480383e-09 8.480383e-09 8.480383e-09
 8.480383e-09 8.480383e-09 8.480383e-09 8.480383e-09 8.480383e-09
 8.480383e-09 8.480383e-09 8.480383e-09 8.480383e-09 8.480383e-09
 8.480383e-09 8.480383e-09 8.480383e-09 8.480383e-09 8.480383e-09
 8.480383e-09 8.480383e-09 8.480383e-09]
[[2025-10-16 18:46:30]] Epoch 84/100, Validation Loss: 0.10336197
[[2025-10-16 18:46:30]] Mask: [8.2855145e-09 8.2855145e-09 8.2855145e-09 8.2855145e-09 8.2855145e-09
 8.2855145e-09 8.2855145e-09 8.2855145e-09 8.2855145e-09 8.2855145e-09
 8.2855145e-09 8.2855145e-09 8.2855145e-09 8.2855145e-09 8.2855145e-09
 8.2855145e-09 8.2855145e-09 8.2855145e-09 8.2855145e-09 8.2855145e-09
 8.2855145e-09 8.2855145e-09 8.2855145e-09 8.2855145e-09 8.2855145e-09
 8.2855145e-09 8.2855145e-09 8.2855145e-09 8.2855145e-09 8.2855145e-09
 8.2855145e-09 8.2855145e-09 8.2855145e-09]
[[2025-10-16 18:46:33]] Epoch 85/100, Validation Loss: 0.10336197
[[2025-10-16 18:46:33]] Mask: [8.101365e-09 8.101365e-09 8.101365e-09 8.101365e-09 8.101365e-09
 8.101365e-09 8.101365e-09 8.101365e-09 8.101365e-09 8.101365e-09
 8.101365e-09 8.101365e-09 8.101365e-09 8.101365e-09 8.101365e-09
 8.101365e-09 8.101365e-09 8.101365e-09 8.101365e-09 8.101365e-09
 8.101365e-09 8.101365e-09 8.101365e-09 8.101365e-09 8.101365e-09
 8.101365e-09 8.101365e-09 8.101365e-09 8.101365e-09 8.101365e-09
 8.101365e-09 8.101365e-09 8.101365e-09]
[[2025-10-16 18:46:36]] Epoch 86/100, Validation Loss: 0.10336197
[[2025-10-16 18:46:36]] Mask: [7.923576e-09 7.923576e-09 7.923576e-09 7.923576e-09 7.923576e-09
 7.923576e-09 7.923576e-09 7.923576e-09 7.923576e-09 7.923576e-09
 7.923576e-09 7.923576e-09 7.923576e-09 7.923576e-09 7.923576e-09
 7.923576e-09 7.923576e-09 7.923576e-09 7.923576e-09 7.923576e-09
 7.923576e-09 7.923576e-09 7.923576e-09 7.923576e-09 7.923576e-09
 7.923576e-09 7.923576e-09 7.923576e-09 7.923576e-09 7.923576e-09
 7.923576e-09 7.923576e-09 7.923576e-09]
[[2025-10-16 18:46:38]] Epoch 87/100, Validation Loss: 0.10336197
[[2025-10-16 18:46:38]] Mask: [7.754388e-09 7.754388e-09 7.754388e-09 7.754388e-09 7.754388e-09
 7.754388e-09 7.754388e-09 7.754388e-09 7.754388e-09 7.754388e-09
 7.754388e-09 7.754388e-09 7.754388e-09 7.754388e-09 7.754388e-09
 7.754388e-09 7.754388e-09 7.754388e-09 7.754388e-09 7.754388e-09
 7.754388e-09 7.754388e-09 7.754388e-09 7.754388e-09 7.754388e-09
 7.754388e-09 7.754388e-09 7.754388e-09 7.754388e-09 7.754388e-09
 7.754388e-09 7.754388e-09 7.754388e-09]
[[2025-10-16 18:46:42]] Epoch 88/100, Validation Loss: 0.10336197
[[2025-10-16 18:46:42]] Mask: [7.592232e-09 7.592232e-09 7.592232e-09 7.592232e-09 7.592232e-09
 7.592232e-09 7.592232e-09 7.592232e-09 7.592232e-09 7.592232e-09
 7.592232e-09 7.592232e-09 7.592232e-09 7.592232e-09 7.592232e-09
 7.592232e-09 7.592232e-09 7.592232e-09 7.592232e-09 7.592232e-09
 7.592232e-09 7.592232e-09 7.592232e-09 7.592232e-09 7.592232e-09
 7.592232e-09 7.592232e-09 7.592232e-09 7.592232e-09 7.592232e-09
 7.592232e-09 7.592232e-09 7.592232e-09]
[[2025-10-16 18:46:45]] Epoch 89/100, Validation Loss: 0.10336197
[[2025-10-16 18:46:45]] Mask: [7.435039e-09 7.435039e-09 7.435039e-09 7.435039e-09 7.435039e-09
 7.435039e-09 7.435039e-09 7.435039e-09 7.435039e-09 7.435039e-09
 7.435039e-09 7.435039e-09 7.435039e-09 7.435039e-09 7.435039e-09
 7.435039e-09 7.435039e-09 7.435039e-09 7.435039e-09 7.435039e-09
 7.435039e-09 7.435039e-09 7.435039e-09 7.435039e-09 7.435039e-09
 7.435039e-09 7.435039e-09 7.435039e-09 7.435039e-09 7.435039e-09
 7.435039e-09 7.435039e-09 7.435039e-09]
[[2025-10-16 18:46:48]] Epoch 90/100, Validation Loss: 0.10336197
[[2025-10-16 18:46:48]] Mask: [7.2872566e-09 7.2872566e-09 7.2872566e-09 7.2872566e-09 7.2872566e-09
 7.2872566e-09 7.2872566e-09 7.2872566e-09 7.2872566e-09 7.2872566e-09
 7.2872566e-09 7.2872566e-09 7.2872566e-09 7.2872566e-09 7.2872566e-09
 7.2872566e-09 7.2872566e-09 7.2872566e-09 7.2872566e-09 7.2872566e-09
 7.2872566e-09 7.2872566e-09 7.2872566e-09 7.2872566e-09 7.2872566e-09
 7.2872566e-09 7.2872566e-09 7.2872566e-09 7.2872566e-09 7.2872566e-09
 7.2872566e-09 7.2872566e-09 7.2872566e-09]
[[2025-10-16 18:46:51]] Epoch 91/100, Validation Loss: 0.10336197
[[2025-10-16 18:46:51]] Mask: [7.1424107e-09 7.1424107e-09 7.1424107e-09 7.1424107e-09 7.1424107e-09
 7.1424107e-09 7.1424107e-09 7.1424107e-09 7.1424107e-09 7.1424107e-09
 7.1424107e-09 7.1424107e-09 7.1424107e-09 7.1424107e-09 7.1424107e-09
 7.1424107e-09 7.1424107e-09 7.1424107e-09 7.1424107e-09 7.1424107e-09
 7.1424107e-09 7.1424107e-09 7.1424107e-09 7.1424107e-09 7.1424107e-09
 7.1424107e-09 7.1424107e-09 7.1424107e-09 7.1424107e-09 7.1424107e-09
 7.1424107e-09 7.1424107e-09 7.1424107e-09]
[[2025-10-16 18:46:53]] Epoch 92/100, Validation Loss: 0.10336197
[[2025-10-16 18:46:53]] Mask: [7.004651e-09 7.004651e-09 7.004651e-09 7.004651e-09 7.004651e-09
 7.004651e-09 7.004651e-09 7.004651e-09 7.004651e-09 7.004651e-09
 7.004651e-09 7.004651e-09 7.004651e-09 7.004651e-09 7.004651e-09
 7.004651e-09 7.004651e-09 7.004651e-09 7.004651e-09 7.004651e-09
 7.004651e-09 7.004651e-09 7.004651e-09 7.004651e-09 7.004651e-09
 7.004651e-09 7.004651e-09 7.004651e-09 7.004651e-09 7.004651e-09
 7.004651e-09 7.004651e-09 7.004651e-09]
[[2025-10-16 18:46:56]] Epoch 93/100, Validation Loss: 0.10336197
[[2025-10-16 18:46:56]] Mask: [6.8726815e-09 6.8726815e-09 6.8726815e-09 6.8726815e-09 6.8726815e-09
 6.8726815e-09 6.8726815e-09 6.8726815e-09 6.8726815e-09 6.8726815e-09
 6.8726815e-09 6.8726815e-09 6.8726815e-09 6.8726815e-09 6.8726815e-09
 6.8726815e-09 6.8726815e-09 6.8726815e-09 6.8726815e-09 6.8726815e-09
 6.8726815e-09 6.8726815e-09 6.8726815e-09 6.8726815e-09 6.8726815e-09
 6.8726815e-09 6.8726815e-09 6.8726815e-09 6.8726815e-09 6.8726815e-09
 6.8726815e-09 6.8726815e-09 6.8726815e-09]
[[2025-10-16 18:47:00]] Epoch 94/100, Validation Loss: 0.10336197
[[2025-10-16 18:47:00]] Mask: [6.7431976e-09 6.7431976e-09 6.7431976e-09 6.7431976e-09 6.7431976e-09
 6.7431976e-09 6.7431976e-09 6.7431976e-09 6.7431976e-09 6.7431976e-09
 6.7431976e-09 6.7431976e-09 6.7431976e-09 6.7431976e-09 6.7431976e-09
 6.7431976e-09 6.7431976e-09 6.7431976e-09 6.7431976e-09 6.7431976e-09
 6.7431976e-09 6.7431976e-09 6.7431976e-09 6.7431976e-09 6.7431976e-09
 6.7431976e-09 6.7431976e-09 6.7431976e-09 6.7431976e-09 6.7431976e-09
 6.7431976e-09 6.7431976e-09 6.7431976e-09]
[[2025-10-16 18:47:03]] Epoch 95/100, Validation Loss: 0.10336197
[[2025-10-16 18:47:03]] Mask: [6.62061e-09 6.62061e-09 6.62061e-09 6.62061e-09 6.62061e-09 6.62061e-09
 6.62061e-09 6.62061e-09 6.62061e-09 6.62061e-09 6.62061e-09 6.62061e-09
 6.62061e-09 6.62061e-09 6.62061e-09 6.62061e-09 6.62061e-09 6.62061e-09
 6.62061e-09 6.62061e-09 6.62061e-09 6.62061e-09 6.62061e-09 6.62061e-09
 6.62061e-09 6.62061e-09 6.62061e-09 6.62061e-09 6.62061e-09 6.62061e-09
 6.62061e-09 6.62061e-09 6.62061e-09]
[[2025-10-16 18:47:06]] Epoch 96/100, Validation Loss: 0.10336197
[[2025-10-16 18:47:06]] Mask: [6.502743e-09 6.502743e-09 6.502743e-09 6.502743e-09 6.502743e-09
 6.502743e-09 6.502743e-09 6.502743e-09 6.502743e-09 6.502743e-09
 6.502743e-09 6.502743e-09 6.502743e-09 6.502743e-09 6.502743e-09
 6.502743e-09 6.502743e-09 6.502743e-09 6.502743e-09 6.502743e-09
 6.502743e-09 6.502743e-09 6.502743e-09 6.502743e-09 6.502743e-09
 6.502743e-09 6.502743e-09 6.502743e-09 6.502743e-09 6.502743e-09
 6.502743e-09 6.502743e-09 6.502743e-09]
[[2025-10-16 18:47:08]] Epoch 97/100, Validation Loss: 0.10336197
[[2025-10-16 18:47:08]] Mask: [6.3869745e-09 6.3869745e-09 6.3869745e-09 6.3869745e-09 6.3869745e-09
 6.3869745e-09 6.3869745e-09 6.3869745e-09 6.3869745e-09 6.3869745e-09
 6.3869745e-09 6.3869745e-09 6.3869745e-09 6.3869745e-09 6.3869745e-09
 6.3869745e-09 6.3869745e-09 6.3869745e-09 6.3869745e-09 6.3869745e-09
 6.3869745e-09 6.3869745e-09 6.3869745e-09 6.3869745e-09 6.3869745e-09
 6.3869745e-09 6.3869745e-09 6.3869745e-09 6.3869745e-09 6.3869745e-09
 6.3869745e-09 6.3869745e-09 6.3869745e-09]
[[2025-10-16 18:47:11]] Epoch 98/100, Validation Loss: 0.10336197
[[2025-10-16 18:47:11]] Mask: [6.2755885e-09 6.2755885e-09 6.2755885e-09 6.2755885e-09 6.2755885e-09
 6.2755885e-09 6.2755885e-09 6.2755885e-09 6.2755885e-09 6.2755885e-09
 6.2755885e-09 6.2755885e-09 6.2755885e-09 6.2755885e-09 6.2755885e-09
 6.2755885e-09 6.2755885e-09 6.2755885e-09 6.2755885e-09 6.2755885e-09
 6.2755885e-09 6.2755885e-09 6.2755885e-09 6.2755885e-09 6.2755885e-09
 6.2755885e-09 6.2755885e-09 6.2755885e-09 6.2755885e-09 6.2755885e-09
 6.2755885e-09 6.2755885e-09 6.2755885e-09]
[[2025-10-16 18:47:11]] Early stopping at epoch 98/100
