[[2025-10-15 20:19:09]] Starting training on model: model_[33, 32, 32, 1]_output_Sigmoid_intermediate_ReLU_normalized_data_True_loss_MSELoss
[[2025-10-15 20:19:11]] Epoch 1/30, Validation Loss: 0.02514908
[[2025-10-15 20:19:11]] Mask: [0.780797   0.7347818  0.62582386 0.59324944 0.581008   0.56580323
 0.6370083  0.39230683 0.90360093 0.69140095 0.91355723 1.0433972
 0.606733   0.4687523  0.6607488  0.7762974  0.49924788 0.67237234
 0.57025504 0.759777   0.7791856  0.82410157 1.0064101  0.7603784
 0.7359506  0.81130534 0.6822005  0.73015827 0.68236995 0.65082884
 0.94729877 0.67213535 0.62879056]
[[2025-10-15 20:19:13]] Epoch 2/30, Validation Loss: 0.02406509
[[2025-10-15 20:19:13]] Mask: [0.59898984 0.41838878 0.36212832 0.3757182  0.25497234 0.25152922
 0.31913838 0.14707004 0.66482    0.3236995  0.5215762  0.6769463
 0.38461748 0.28361905 0.40545726 0.5052942  0.19175108 0.37202987
 0.19641379 0.50918883 0.56456226 0.6176391  0.6323345  0.40239236
 0.37330398 0.44261208 0.3190677  0.3731065  0.3590247  0.27705327
 0.5541339  0.28612915 0.3647491 ]
[[2025-10-15 20:19:15]] Epoch 3/30, Validation Loss: 0.02174307
[[2025-10-15 20:19:15]] Mask: [ 0.44358614  0.14408283  0.143784    0.18817396 -0.01610846 -0.01690938
  0.08304759 -0.01896404  0.48458406  0.03514868  0.15314095  0.33756322
  0.20632444  0.13236326  0.1906653   0.28077918 -0.05602129  0.12318828
 -0.11363186  0.29043886  0.3900549   0.44760156  0.28501052  0.12000833
  0.08091009  0.14364804 -0.00137037  0.09059428  0.13676824 -0.03867973
  0.18738076 -0.04765306  0.15446782]
[[2025-10-15 20:19:18]] Epoch 4/30, Validation Loss: 0.02270458
[[2025-10-15 20:19:18]] Mask: [ 0.34871033  0.00339227  0.0064488   0.07832295 -0.20239262 -0.18051817
 -0.0284853  -0.10321178  0.38386828 -0.05887124 -0.10316332  0.042354
  0.09278596  0.05363505  0.10756203  0.14539017 -0.22610264 -0.01438628
 -0.3376688   0.1630178   0.30451605  0.37192553  0.02423541  0.01663482
 -0.1205062   0.00707393 -0.20920244 -0.04043183  0.03565508 -0.2673238
 -0.07411882 -0.24938358  0.028323  ]
[[2025-10-15 20:19:20]] Epoch 5/30, Validation Loss: 0.02156652
[[2025-10-15 20:19:20]] Mask: [ 0.34375077  0.01573183  0.00876026  0.09046817 -0.22443075 -0.18764696
 -0.03275856 -0.08146288  0.3734107  -0.02725938 -0.13267866  0.03135165
  0.0837403   0.0588438   0.10870589  0.1317799  -0.23863281 -0.02798104
 -0.35557097  0.17591955  0.29672876  0.37074396  0.00574164  0.06475334
 -0.15066989  0.05095327 -0.22700076  0.01214122  0.08219156 -0.27291042
 -0.10743652 -0.27797315  0.03622855]
[[2025-10-15 20:19:22]] Epoch 6/30, Validation Loss: 0.02158141
[[2025-10-15 20:19:22]] Mask: [ 0.33635914  0.02738801  0.0373746   0.07522992 -0.21998976 -0.18006292
 -0.03001131 -0.10057643  0.3749702  -0.0249314  -0.1628242   0.02993407
  0.06447466  0.0548691   0.11217469  0.12927458 -0.22327766 -0.02416305
 -0.36488646  0.18244764  0.29608792  0.3657586  -0.01827477  0.10487326
 -0.18567078  0.07792045 -0.22872785  0.0359862   0.10889227 -0.2871377
 -0.1233144  -0.29394346  0.05054884]
[[2025-10-15 20:19:24]] Epoch 7/30, Validation Loss: 0.02288182
[[2025-10-15 20:19:24]] Mask: [ 0.33061448  0.05441918  0.07067263  0.09247343 -0.21944894 -0.19300833
 -0.02592426 -0.10857809  0.3686414  -0.03827688 -0.19111548  0.01956229
  0.07869078  0.06631776  0.12318087  0.12095062 -0.23570985 -0.02831725
 -0.38946003  0.19063711  0.30051365  0.3525284  -0.02692836  0.12587705
 -0.19407502  0.08710098 -0.24124183  0.04262629  0.13542956 -0.2892913
 -0.12565064 -0.31010854  0.0565586 ]
[[2025-10-15 20:19:26]] Epoch 8/30, Validation Loss: 0.02208261
[[2025-10-15 20:19:26]] Mask: [ 0.33771226  0.08627354  0.06418872  0.09121881 -0.22432014 -0.18239418
 -0.03533896 -0.10198786  0.35679713 -0.0612082  -0.2145943   0.02063737
  0.07900527  0.06462505  0.11968704  0.11711887 -0.21723522 -0.02019379
 -0.40173802  0.19880223  0.29484582  0.36438075 -0.04136585  0.13450293
 -0.20292266  0.10651292 -0.23958372  0.0490053   0.14258365 -0.28340107
 -0.13121285 -0.3250164   0.05237898]
[[2025-10-15 20:19:28]] Epoch 9/30, Validation Loss: 0.02060044
[[2025-10-15 20:19:28]] Mask: [ 0.33498517  0.0996013   0.08357373  0.09632167 -0.22854206 -0.17388998
 -0.01560715 -0.10318227  0.35888037 -0.1106296  -0.22641674  0.03205773
  0.07803506  0.04665615  0.1261562   0.12247994 -0.2115855  -0.03316995
 -0.3873609   0.19818762  0.29780644  0.35769695 -0.04160281  0.15412132
 -0.21547228  0.10213383 -0.25057203  0.05367896  0.15341628 -0.29307252
 -0.13385192 -0.3366374   0.06447369]
[[2025-10-15 20:19:30]] Epoch 10/30, Validation Loss: 0.02108895
[[2025-10-15 20:19:30]] Mask: [ 0.3299347   0.09978393  0.09124489  0.10099185 -0.22480461 -0.17306562
 -0.01185224 -0.09774719  0.3580801  -0.14949517 -0.24738546  0.02668922
  0.07549985  0.04547348  0.12531494  0.13876456 -0.20391174 -0.03061173
 -0.37877128  0.2061918   0.29882124  0.35737085 -0.04359743  0.16018082
 -0.20011783  0.11022783 -0.25777665  0.06128193  0.16708508 -0.29457563
 -0.14387287 -0.34957397  0.05681673]
[[2025-10-15 20:19:32]] Epoch 11/30, Validation Loss: 0.02046971
[[2025-10-15 20:19:32]] Mask: [ 0.330425    0.11737071  0.08752706  0.10989279 -0.23821081 -0.17262933
 -0.00056224 -0.10091545  0.3564955  -0.16402066 -0.24965161  0.02322255
  0.06864457  0.05856794  0.13711272  0.13292924 -0.20358452 -0.04211282
 -0.38048387  0.20967396  0.30387148  0.35040253 -0.04500965  0.16188912
 -0.20614378  0.11855866 -0.25248218  0.07400513  0.17624013 -0.3011104
 -0.15201712 -0.36527517  0.06130916]
[[2025-10-15 20:19:34]] Epoch 12/30, Validation Loss: 0.02155901
[[2025-10-15 20:19:34]] Mask: [ 0.32359055  0.12703575  0.0944872   0.10573901 -0.22847778 -0.16990992
  0.01197401 -0.11789472  0.35842818 -0.17979084 -0.26973805  0.02770361
  0.06803121  0.04611783  0.14612715  0.15462604 -0.20236102 -0.04816701
 -0.37544507  0.21433719  0.30167845  0.35475904 -0.05734741  0.17196451
 -0.2154004   0.12840354 -0.25578108  0.07797305  0.17733169 -0.30745178
 -0.15926926 -0.38038358  0.07045726]
[[2025-10-15 20:19:37]] Epoch 13/30, Validation Loss: 0.02097325
[[2025-10-15 20:19:37]] Mask: [ 0.32323074  0.12999575  0.10465288  0.11145011 -0.23183316 -0.16326477
  0.03214918 -0.10101958  0.36154905 -0.19334187 -0.2856129   0.03001702
  0.0660115   0.06009361  0.14928211  0.14110361 -0.20997033 -0.04402294
 -0.3851199   0.2094851   0.3052936   0.34896976 -0.06583163  0.1658336
 -0.22527379  0.12257674 -0.25486872  0.07311153  0.20325007 -0.3076689
 -0.15928568 -0.39228153  0.08240042]
[[2025-10-15 20:19:39]] Epoch 14/30, Validation Loss: 0.02104758
[[2025-10-15 20:19:39]] Mask: [ 0.3252114   0.1283454   0.11687975  0.11485609 -0.2296131  -0.16827798
  0.03484675 -0.11768705  0.358564   -0.19884981 -0.30493134  0.03181712
  0.06976558  0.05948272  0.15756999  0.15075056 -0.20278394 -0.04483018
 -0.38639888  0.20882125  0.2983083   0.34928414 -0.07239966  0.17213507
 -0.23483522  0.13312663 -0.25955662  0.08044065  0.2200591  -0.31418192
 -0.16047688 -0.40172648  0.08887454]
[[2025-10-15 20:19:41]] Epoch 15/30, Validation Loss: 0.02125242
[[2025-10-15 20:19:41]] Mask: [ 0.32177505  0.1281829   0.12825142  0.106961   -0.22665061 -0.17980523
  0.05797317 -0.10693142  0.3631686  -0.21769747 -0.3194071   0.03752298
  0.06876058  0.05156468  0.1530264   0.1597025  -0.19662285 -0.04003654
 -0.39005303  0.20410399  0.3026709   0.35590595 -0.08154979  0.17865919
 -0.23855603  0.14254163 -0.2598506   0.09220488  0.22210437 -0.32317066
 -0.1649485  -0.41609395  0.08728409]
[[2025-10-15 20:19:43]] Epoch 16/30, Validation Loss: 0.02115409
[[2025-10-15 20:19:43]] Mask: [ 0.32303226  0.1368652   0.12453273  0.11312103 -0.23457555 -0.18533577
  0.07137483 -0.1117442   0.36268616 -0.22406591 -0.3272429   0.04548306
  0.08081556  0.04645846  0.16060886  0.16550092 -0.2028202  -0.04812535
 -0.3887535   0.20853592  0.29946736  0.3503716  -0.08641842  0.1832291
 -0.2538174   0.1499478  -0.26311406  0.10202111  0.22593863 -0.3315653
 -0.15883465 -0.42131832  0.0893125 ]
[[2025-10-15 20:19:45]] Epoch 17/30, Validation Loss: 0.02149572
[[2025-10-15 20:19:45]] Mask: [ 0.31802416  0.14524098  0.12912841  0.12953892 -0.22783208 -0.18440339
  0.06307901 -0.10573747  0.3580576  -0.2268878  -0.3399831   0.04588235
  0.06936357  0.0421744   0.16164652  0.17637192 -0.20263153 -0.05082913
 -0.39856404  0.21276549  0.3017787   0.36005968 -0.09232395  0.19047734
 -0.26872134  0.15254681 -0.26274005  0.10400554  0.23335357 -0.3371415
 -0.15448582 -0.43398154  0.09262902]
[[2025-10-15 20:19:47]] Epoch 18/30, Validation Loss: 0.02150631
[[2025-10-15 20:19:47]] Mask: [ 0.3226859   0.15521705  0.13570349  0.12724788 -0.24616948 -0.18872043
  0.07315917 -0.12290471  0.35324007 -0.23750503 -0.35196528  0.05156695
  0.0648879   0.04869922  0.16204087  0.18494853 -0.2007641  -0.05333563
 -0.3992588   0.2128752   0.29616874  0.36468002 -0.09713984  0.19029985
 -0.27001974  0.16992837 -0.26475498  0.10463607  0.2335233  -0.32657912
 -0.15094158 -0.44310507  0.09537485]
[[2025-10-15 20:19:49]] Epoch 19/30, Validation Loss: 0.02240558
[[2025-10-15 20:19:49]] Mask: [ 0.31992373  0.15910196  0.14240356  0.13604894 -0.2485694  -0.19124138
  0.07665118 -0.12326578  0.35449514 -0.2514384  -0.36049557  0.0389565
  0.06701051  0.05585179  0.16649128  0.20442846 -0.19499925 -0.05678222
 -0.40439472  0.21369131  0.30085167  0.35310388 -0.10338037  0.20190701
 -0.27997312  0.17199484 -0.28175548  0.11870766  0.24880861 -0.3373945
 -0.14992106 -0.44919345  0.10574359]
[[2025-10-15 20:19:51]] Epoch 20/30, Validation Loss: 0.02236826
[[2025-10-15 20:19:51]] Mask: [ 0.32886565  0.16736346  0.14840513  0.1285676  -0.25281525 -0.20508203
  0.07227022 -0.11530899  0.35841563 -0.25172228 -0.36866936  0.05808342
  0.07442297  0.0518539   0.17070052  0.20007123 -0.19333167 -0.04619043
 -0.41833863  0.22176117  0.30206424  0.3583023  -0.12832624  0.20083372
 -0.28256103  0.18514499 -0.276514    0.12185442  0.24485652 -0.35366097
 -0.15065701 -0.46167156  0.10986955]
[[2025-10-15 20:19:53]] Epoch 21/30, Validation Loss: 0.02191796
[[2025-10-15 20:19:53]] Mask: [ 0.31850675  0.16632426  0.14913915  0.12562346 -0.24692473 -0.20541856
  0.09037983 -0.12466276  0.36031902 -0.2526161  -0.36526442  0.07069428
  0.06643785  0.04801945  0.16579872  0.21011417 -0.21160871 -0.05201778
 -0.41922092  0.22523317  0.30444002  0.36408108 -0.12472259  0.1995649
 -0.29620624  0.19926932 -0.28328902  0.12063866  0.25879708 -0.36336273
 -0.14385155 -0.4630551   0.1114609 ]
[[2025-10-15 20:19:56]] Epoch 22/30, Validation Loss: 0.02263026
[[2025-10-15 20:19:56]] Mask: [ 0.33334696  0.17488714  0.14497726  0.12838948 -0.2639204  -0.1995499
  0.08553521 -0.12154178  0.3651079  -0.26469442 -0.3717336   0.07788392
  0.07416717  0.04952013  0.16813704  0.21016917 -0.1921148  -0.05274333
 -0.4189867   0.22512148  0.3070699   0.35864246 -0.13774535  0.21262537
 -0.30123577  0.20831935 -0.2918559   0.12413318  0.25399762 -0.36841956
 -0.152563   -0.47030824  0.11311302]
