[[2025-10-16 20:44:04]] Starting training on model: model_[33, 8, 1]_output_Sigmoid_intermediate_Tanh_normalized_data_True_loss_MSELoss
[[2025-10-16 20:44:09]] Epoch 1/100, Validation Loss: 0.00808975
[[2025-10-16 20:44:09]] Mask: [9.39671695e-03 3.28858919e-03 3.17361951e-03 2.53370684e-03
 5.69214858e-03 6.24248671e-08 2.24256283e-03 1.50833314e-03
 1.82971098e-02 7.43018743e-03 5.27260767e-04 1.03263496e-08
 6.87867452e-09 9.75450850e-04 5.57565130e-03 2.36041285e-03
 1.17953558e-08 2.69654429e-05 2.18006875e-03 6.89888047e-03
 1.05243428e-02 1.62273571e-02 1.43800664e-03 4.63751238e-03
 3.30911041e-03 4.38801199e-03 1.04139328e-08 2.04389077e-03
 9.29374993e-03 1.30538712e-03 2.33223343e-08 1.88587117e-03
 6.86127925e-04]
[[2025-10-16 20:44:13]] Epoch 2/100, Validation Loss: 0.00856516
[[2025-10-16 20:44:13]] Mask: [9.3643311e-03 3.1245858e-03 2.7577246e-03 2.4638672e-03 5.1476145e-03
 6.0571459e-08 2.1346859e-03 1.5033194e-03 1.8273579e-02 6.6243759e-03
 5.3875765e-04 1.0117643e-08 6.7983796e-09 1.0411066e-03 5.6338063e-03
 2.4068593e-03 1.1311529e-08 2.7067133e-05 2.0867377e-03 6.7799352e-03
 1.0290710e-02 1.6340841e-02 1.4670995e-03 4.7363485e-03 3.5113133e-03
 4.2405701e-03 1.0229568e-08 1.9857802e-03 9.5002223e-03 1.2526017e-03
 2.3245459e-08 1.8737101e-03 6.8224635e-04]
[[2025-10-16 20:44:17]] Epoch 3/100, Validation Loss: 0.00874390
[[2025-10-16 20:44:17]] Mask: [9.27787926e-03 3.20480554e-03 3.07184691e-03 2.42809649e-03
 5.13716880e-03 6.02185040e-08 2.07677134e-03 1.64084916e-03
 1.75120998e-02 7.26564554e-03 5.31442813e-04 9.94394522e-09
 6.70531142e-09 1.03532162e-03 5.42654982e-03 2.44366704e-03
 1.09928244e-08 2.77043182e-05 2.03804113e-03 6.61575655e-03
 1.02525493e-02 1.69566795e-02 1.43474084e-03 4.84493375e-03
 3.32704163e-03 4.61311778e-03 1.00901225e-08 1.96133181e-03
 9.69309453e-03 1.25248299e-03 2.36961597e-08 1.73161377e-03
 6.94214832e-04]
[[2025-10-16 20:44:21]] Epoch 4/100, Validation Loss: 0.00895209
[[2025-10-16 20:44:21]] Mask: [8.82670190e-03 3.27040278e-03 3.10087437e-03 2.37109861e-03
 4.42133285e-03 6.03696151e-08 2.00520176e-03 1.60549651e-03
 1.76814962e-02 7.14733871e-03 5.89325093e-04 9.77209247e-09
 6.57401333e-09 1.06524781e-03 5.62073989e-03 2.33110483e-03
 1.05254205e-08 2.78220323e-05 2.17049289e-03 6.96188956e-03
 1.05485329e-02 1.59912799e-02 1.45437021e-03 4.75686323e-03
 3.20993853e-03 4.17239172e-03 9.91597116e-09 2.01196643e-03
 9.82976332e-03 1.32024626e-03 2.35789379e-08 1.81768020e-03
 6.95895345e-04]
[[2025-10-16 20:44:26]] Epoch 5/100, Validation Loss: 0.00868934
[[2025-10-16 20:44:26]] Mask: [9.3970764e-03 3.4325859e-03 3.1523351e-03 2.5345532e-03 4.5365947e-03
 5.9845000e-08 2.0296064e-03 1.5102532e-03 1.8161174e-02 7.2794370e-03
 6.3582323e-04 9.7143165e-09 6.4861316e-09 1.0688601e-03 5.4820944e-03
 2.3104907e-03 1.0255394e-08 2.8886856e-05 2.0608618e-03 6.5041683e-03
 1.0282685e-02 1.5623558e-02 1.4564415e-03 4.5349821e-03 3.3490320e-03
 4.3748450e-03 9.6997086e-09 1.9769385e-03 9.1349296e-03 1.2295968e-03
 2.3013367e-08 2.1732987e-03 7.1255839e-04]
[[2025-10-16 20:44:29]] Epoch 6/100, Validation Loss: 0.00820056
[[2025-10-16 20:44:29]] Mask: [8.65809061e-03 3.18825827e-03 3.04902485e-03 2.50657042e-03
 4.07952908e-03 6.16074018e-08 2.01987009e-03 1.56783359e-03
 1.78113375e-02 7.32181827e-03 6.23612606e-04 9.54423029e-09
 6.41592335e-09 1.06268236e-03 5.80528658e-03 2.31564837e-03
 9.95225591e-09 3.32788404e-05 1.98385795e-03 6.57154154e-03
 1.03517985e-02 1.60298627e-02 1.47257571e-03 4.57755197e-03
 3.39178951e-03 4.38643526e-03 9.55040402e-09 1.91872963e-03
 1.03932172e-02 1.31371128e-03 2.35329285e-08 1.97328487e-03
 6.91973022e-04]
[[2025-10-16 20:44:33]] Epoch 7/100, Validation Loss: 0.00837847
[[2025-10-16 20:44:33]] Mask: [8.7329624e-03 3.2745011e-03 3.1670763e-03 2.4770224e-03 4.0000160e-03
 6.0444506e-08 2.0523709e-03 1.5487183e-03 1.8302450e-02 6.5463101e-03
 5.9722434e-04 9.4021226e-09 6.3411276e-09 1.0507236e-03 5.6979945e-03
 2.1639245e-03 9.6975441e-09 3.3960081e-05 2.0879344e-03 6.7277062e-03
 1.0487889e-02 1.4820838e-02 1.4591543e-03 4.3621110e-03 3.2914351e-03
 4.2444500e-03 9.3618420e-09 2.1015161e-03 1.0457460e-02 1.2020246e-03
 2.3563292e-08 1.8774548e-03 7.2204566e-04]
[[2025-10-16 20:44:37]] Epoch 8/100, Validation Loss: 0.00847533
[[2025-10-16 20:44:37]] Mask: [8.67693312e-03 3.09923873e-03 3.22225154e-03 2.48445594e-03
 4.75794030e-03 6.22356069e-08 2.17310619e-03 1.51801365e-03
 1.79933067e-02 6.84100715e-03 6.07080467e-04 9.35896782e-09
 6.24157881e-09 1.01833988e-03 5.67346858e-03 2.27614772e-03
 9.55782031e-09 3.70845046e-05 1.85879844e-03 6.07294682e-03
 1.04445545e-02 1.42935319e-02 1.37353630e-03 4.58073849e-03
 3.42756743e-03 4.06696880e-03 9.33014732e-09 2.09459686e-03
 1.00839352e-02 1.20798114e-03 2.34871926e-08 2.16229819e-03
 7.14276044e-04]
[[2025-10-16 20:44:42]] Epoch 9/100, Validation Loss: 0.00822032
[[2025-10-16 20:44:42]] Mask: [8.6010695e-03 3.1456803e-03 2.9799216e-03 2.6372543e-03 4.6374444e-03
 6.2998772e-08 2.2693456e-03 1.4303249e-03 1.7613677e-02 6.7960927e-03
 5.9660309e-04 9.2292076e-09 6.1291745e-09 9.9761609e-04 5.3989617e-03
 2.2867129e-03 9.2985424e-09 3.9350052e-05 1.9004568e-03 5.9956196e-03
 1.0202032e-02 1.6022298e-02 1.3196359e-03 4.2851819e-03 3.4552061e-03
 3.9634858e-03 9.1572989e-09 1.9733130e-03 9.7231250e-03 1.2602828e-03
 2.3865253e-08 2.0146421e-03 7.2013703e-04]
[[2025-10-16 20:44:49]] Epoch 10/100, Validation Loss: 0.00805384
[[2025-10-16 20:44:49]] Mask: [8.9010261e-03 3.2206087e-03 2.9634261e-03 2.5495151e-03 4.3036379e-03
 6.1964009e-08 2.2949479e-03 1.4885687e-03 1.8229146e-02 6.8674190e-03
 5.7356304e-04 9.0942187e-09 6.0308363e-09 9.8965748e-04 5.3413655e-03
 2.1314309e-03 9.0465218e-09 4.3275435e-05 1.9276793e-03 5.9976717e-03
 1.0351809e-02 1.4692309e-02 1.2935774e-03 4.2420547e-03 3.5425355e-03
 4.1207345e-03 9.0269241e-09 1.9559406e-03 9.7857704e-03 1.2691693e-03
 2.4424166e-08 2.0358437e-03 7.2227383e-04]
[[2025-10-16 20:44:55]] Epoch 11/100, Validation Loss: 0.00809944
[[2025-10-16 20:44:55]] Mask: [8.7132826e-03 3.1180929e-03 2.8553442e-03 2.5195263e-03 4.2521493e-03
 6.1975001e-08 2.1583103e-03 1.5064176e-03 1.8002490e-02 7.6518529e-03
 5.7949737e-04 8.9099386e-09 5.9502496e-09 9.4925286e-04 5.3758640e-03
 2.0998688e-03 8.7716687e-09 4.2256281e-05 1.7541568e-03 6.3186954e-03
 1.0406212e-02 1.5007803e-02 1.4180142e-03 4.3021627e-03 3.4531623e-03
 3.8213113e-03 8.9305772e-09 1.8816520e-03 1.0215257e-02 1.2894922e-03
 2.4793227e-08 1.8927762e-03 7.3319784e-04]
[[2025-10-16 20:45:02]] Epoch 12/100, Validation Loss: 0.00848430
[[2025-10-16 20:45:02]] Mask: [9.0028290e-03 3.1163134e-03 2.9272730e-03 2.5024321e-03 4.5446837e-03
 6.2761181e-08 2.0861838e-03 1.5835161e-03 1.8331941e-02 7.5667850e-03
 6.0096581e-04 8.7841929e-09 5.8603016e-09 9.7199832e-04 5.2142655e-03
 2.1484944e-03 8.6096916e-09 4.6662426e-05 1.8661950e-03 6.2659821e-03
 1.0628536e-02 1.4732614e-02 1.3306089e-03 4.6783574e-03 3.2830173e-03
 4.2087478e-03 8.7846947e-09 1.9781168e-03 1.0007730e-02 1.3428893e-03
 2.5006612e-08 1.8972975e-03 7.2573149e-04]
