[[2025-10-17 00:02:31]] Starting training on model: model_[33, 8, 1]_output_Sigmoid_intermediate_Tanh_normalized_data_True_loss_MSELoss
[[2025-10-17 00:02:34]] Mask: [6.8934108e-03 1.6223282e-03 2.7697694e-03 1.9476106e-03 1.6984490e-03
 3.9542909e-04 1.2014346e-03 6.5586442e-04 1.1486705e-02 4.4131102e-03
 5.6358473e-03 5.0216244e-09 1.9276079e-09 6.3227577e-04 6.0836407e-03
 1.2084928e-03 1.8188854e-09 2.4461953e-03 1.7322872e-03 4.0180506e-03
 6.6563557e-03 9.8977834e-03 6.0944463e-04 3.3289902e-03 1.5166946e-03
 3.4913535e-03 2.2280306e-09 1.3860810e-03 5.8229901e-03 3.7653447e-04
 2.3341647e-08 1.1948108e-03 4.1607837e-04]
[[2025-10-17 00:02:36]] Mask: [6.9857347e-03 1.8362394e-03 2.9195105e-03 2.0436621e-03 1.6404461e-03
 4.0433675e-04 1.2068133e-03 6.8256661e-04 1.1240007e-02 4.3621110e-03
 5.4348889e-03 5.0204658e-09 1.9208326e-09 6.1840389e-04 5.9069265e-03
 1.2797115e-03 1.8097668e-09 2.2343092e-03 1.6784342e-03 3.9225458e-03
 6.5423446e-03 1.0185962e-02 6.1142974e-04 3.5253442e-03 1.4083124e-03
 3.2243780e-03 2.2171147e-09 1.3907221e-03 5.3791334e-03 3.9009706e-04
 2.3257609e-08 1.3715802e-03 4.0300356e-04]
[[2025-10-17 00:02:38]] Mask: [6.9342889e-03 1.7655123e-03 2.7230005e-03 1.9583800e-03 1.5760747e-03
 3.9846165e-04 1.2685806e-03 6.7061314e-04 1.1210327e-02 3.9689033e-03
 5.5335560e-03 5.0047575e-09 1.9126800e-09 5.9900497e-04 6.0089505e-03
 1.1526534e-03 1.8001548e-09 2.0704602e-03 1.6720312e-03 4.1642664e-03
 6.8252804e-03 9.9747423e-03 6.6076923e-04 3.3770024e-03 1.4264501e-03
 3.5508419e-03 2.2062689e-09 1.3472167e-03 5.3763762e-03 4.4460301e-04
 2.3244395e-08 1.3116066e-03 3.9227525e-04]
[[2025-10-17 00:02:40]] Mask: [7.1958490e-03 1.7670516e-03 2.6530758e-03 2.0596078e-03 1.5291818e-03
 4.2104477e-04 1.1385254e-03 6.7933579e-04 1.1815236e-02 4.3670735e-03
 4.9180631e-03 4.9851030e-09 1.9060227e-09 6.2326563e-04 5.9034941e-03
 1.1306561e-03 1.7912225e-09 2.0554203e-03 1.6235930e-03 4.3254355e-03
 6.6904710e-03 1.0467520e-02 6.3185499e-04 3.5469548e-03 1.3002706e-03
 3.6256539e-03 2.1940196e-09 1.3461784e-03 5.2456749e-03 4.3121839e-04
 2.3417590e-08 1.3785233e-03 3.9322549e-04]
[[2025-10-17 00:02:42]] Mask: [6.9983387e-03 1.6872158e-03 2.6895453e-03 2.0392023e-03 1.6258933e-03
 4.1311106e-04 1.1248384e-03 6.7180966e-04 1.1913148e-02 4.3443060e-03
 5.4667853e-03 4.9972790e-09 1.8983601e-09 5.9398689e-04 5.9884712e-03
 1.1342625e-03 1.7844399e-09 2.1585966e-03 1.6850852e-03 4.3896870e-03
 6.5961988e-03 9.8663652e-03 6.7023229e-04 3.6505247e-03 1.4519962e-03
 3.5475651e-03 2.1827706e-09 1.3734539e-03 5.6081903e-03 4.0543210e-04
 2.4029779e-08 1.2602210e-03 4.0268307e-04]
[[2025-10-17 00:02:44]] Mask: [6.9888318e-03 1.7678417e-03 2.7128509e-03 1.9633800e-03 1.5575205e-03
 4.2999454e-04 1.1705747e-03 6.7394128e-04 1.1324779e-02 4.5244824e-03
 5.6531015e-03 4.9779296e-09 1.8941466e-09 6.3853263e-04 5.8718314e-03
 1.1989048e-03 1.7759886e-09 2.1345438e-03 1.6737458e-03 4.1922452e-03
 6.7463764e-03 1.0146745e-02 5.9250154e-04 3.5038649e-03 1.3825920e-03
 3.6102694e-03 2.1757876e-09 1.3594979e-03 5.5852141e-03 3.8549671e-04
 2.3994101e-08 1.2643412e-03 3.9457899e-04]
[[2025-10-17 00:02:46]] Mask: [6.76630205e-03 1.76433031e-03 2.98790005e-03 1.86693761e-03
 1.50454685e-03 4.72969812e-04 1.17438089e-03 6.66401174e-04
 1.16403205e-02 4.68623079e-03 5.31003904e-03 4.95758590e-09
 1.88710025e-09 6.51060604e-04 5.98830916e-03 1.18352671e-03
 1.76885562e-09 2.40019476e-03 1.69406121e-03 4.15517204e-03
 6.48110546e-03 9.95923392e-03 5.82033710e-04 3.15053295e-03
 1.46080111e-03 3.35463276e-03 2.16592055e-09 1.24136161e-03
 5.47601748e-03 3.70713155e-04 2.49070773e-08 1.20975554e-03
 3.93565861e-04]
[[2025-10-17 00:02:49]] Mask: [7.0835548e-03 1.8046510e-03 2.6568652e-03 1.9440991e-03 1.5202754e-03
 5.1305536e-04 1.1315315e-03 6.3124194e-04 1.1237586e-02 4.1798735e-03
 5.5997884e-03 4.9749018e-09 1.8786572e-09 6.0638163e-04 5.7503665e-03
 1.1840753e-03 1.7629140e-09 2.4064390e-03 1.5578587e-03 4.0968307e-03
 6.6780918e-03 1.0863236e-02 5.7101628e-04 3.3572468e-03 1.6417025e-03
 3.2875517e-03 2.1556787e-09 1.2480083e-03 5.4224436e-03 3.7738224e-04
 2.5789927e-08 1.1299950e-03 3.9357936e-04]
[[2025-10-17 00:02:51]] Mask: [7.0565143e-03 1.7448158e-03 2.8004756e-03 1.9862093e-03 1.5562500e-03
 4.9558812e-04 1.1588974e-03 6.1328954e-04 1.1332736e-02 4.4335271e-03
 4.8839683e-03 4.9642477e-09 1.8697952e-09 5.7610526e-04 5.9096599e-03
 1.1404663e-03 1.7547588e-09 2.3232796e-03 1.5987615e-03 4.1166977e-03
 6.6278949e-03 1.0249996e-02 6.1397086e-04 3.4648261e-03 1.5037045e-03
 3.4208535e-03 2.1497539e-09 1.2395751e-03 5.6365021e-03 3.7653829e-04
 2.5673609e-08 1.2343376e-03 3.8183428e-04]
[[2025-10-17 00:02:53]] Mask: [7.2694537e-03 1.6755419e-03 2.8459379e-03 1.9946881e-03 1.6168355e-03
 4.8884586e-04 1.1832342e-03 6.1120169e-04 1.1436800e-02 4.2562075e-03
 5.3154691e-03 4.9466293e-09 1.8631345e-09 5.6390831e-04 5.8421041e-03
 1.1330713e-03 1.7498790e-09 2.5417190e-03 1.6759010e-03 4.0086443e-03
 6.6700084e-03 9.8140566e-03 6.5151037e-04 3.3927970e-03 1.5072139e-03
 3.2814636e-03 2.1381323e-09 1.2373162e-03 5.2205538e-03 4.0301180e-04
 2.5967918e-08 1.2292677e-03 3.9591698e-04]
[[2025-10-17 00:02:55]] Mask: [7.1106344e-03 1.7284737e-03 2.9036782e-03 2.0062211e-03 1.5363656e-03
 5.1311235e-04 1.2001524e-03 6.3201401e-04 1.1502109e-02 4.3305191e-03
 4.6654991e-03 4.9200568e-09 1.8577301e-09 5.7273678e-04 6.0629877e-03
 1.1447628e-03 1.7401105e-09 2.4919999e-03 1.6287636e-03 3.9430596e-03
 6.8432265e-03 9.6145133e-03 6.2329625e-04 3.4340806e-03 1.4347824e-03
 3.3305048e-03 2.1305280e-09 1.2729233e-03 5.2773049e-03 3.9417957e-04
 2.6086168e-08 1.3217933e-03 4.0167361e-04]
[[2025-10-17 00:02:57]] Mask: [7.3127924e-03 1.7433513e-03 2.8558888e-03 1.9676266e-03 1.6572373e-03
 4.8978825e-04 1.1172940e-03 6.5421883e-04 1.1115596e-02 4.2616003e-03
 4.7228253e-03 4.9016324e-09 1.8494254e-09 5.8487704e-04 5.8795693e-03
 1.1891593e-03 1.7340672e-09 2.5600791e-03 1.5818953e-03 3.9740060e-03
 6.6594840e-03 1.0341097e-02 5.9620239e-04 3.3593087e-03 1.4263055e-03
 3.3761645e-03 2.1249680e-09 1.2645135e-03 5.4863081e-03 4.1525500e-04
 2.7669397e-08 1.2355320e-03 3.9741574e-04]
[[2025-10-17 00:02:59]] Mask: [6.9581326e-03 1.6298566e-03 2.9202977e-03 1.9475820e-03 1.5634045e-03
 5.1511760e-04 1.1018839e-03 6.5882865e-04 1.1178157e-02 4.3546017e-03
 4.7658114e-03 4.8897455e-09 1.8436389e-09 5.9236208e-04 5.7710898e-03
 1.1851793e-03 1.7262330e-09 2.6525890e-03 1.5990196e-03 4.0221917e-03
 6.4047831e-03 1.0731841e-02 6.1905320e-04 3.4126248e-03 1.4147741e-03
 3.2404836e-03 2.1153033e-09 1.3091530e-03 5.4270490e-03 3.8364547e-04
 2.8143372e-08 1.2290453e-03 3.9412244e-04]
[[2025-10-17 00:03:02]] Mask: [6.7060068e-03 1.5903407e-03 2.8759732e-03 1.9399936e-03 1.4217462e-03
 5.4891146e-04 1.0947865e-03 6.5890874e-04 1.1196419e-02 4.4175205e-03
 4.6257032e-03 4.8409339e-09 1.8359119e-09 5.9870159e-04 5.9600207e-03
 1.1040511e-03 1.7165308e-09 2.3602040e-03 1.7299694e-03 3.9556213e-03
 6.4408788e-03 1.0034618e-02 6.4127793e-04 3.4897479e-03 1.4717556e-03
 3.2835493e-03 2.1050237e-09 1.2468161e-03 5.5656899e-03 3.7521156e-04
 2.8887865e-08 1.2417240e-03 4.0833888e-04]
[[2025-10-17 00:03:04]] Mask: [6.8971133e-03 1.6586019e-03 2.7780002e-03 1.9839741e-03 1.4386039e-03
 5.4483942e-04 1.1323980e-03 6.6687801e-04 1.1083037e-02 4.8362324e-03
 4.6929745e-03 4.8348898e-09 1.8303770e-09 5.8790570e-04 5.7034437e-03
 1.1091618e-03 1.7094051e-09 2.4031205e-03 1.6942887e-03 3.9800107e-03
 6.5452801e-03 1.0101738e-02 6.6783646e-04 3.6776057e-03 1.5281971e-03
 3.4475927e-03 2.0984294e-09 1.3058546e-03 5.3993766e-03 3.8426885e-04
 2.9618361e-08 1.2013214e-03 4.1189382e-04]
[[2025-10-17 00:03:06]] Mask: [6.6566360e-03 1.6823930e-03 2.7715610e-03 1.9199911e-03 1.4230241e-03
 5.3402333e-04 1.1297711e-03 6.4684043e-04 1.0931903e-02 4.5400197e-03
 4.7680596e-03 4.8314694e-09 1.8221634e-09 5.9723976e-04 5.8138818e-03
 1.0897388e-03 1.7021823e-09 2.3919314e-03 1.7201982e-03 3.9768945e-03
 6.4996374e-03 9.9295629e-03 6.4481504e-04 3.6015576e-03 1.4239603e-03
 3.3507689e-03 2.0894233e-09 1.2319373e-03 5.3318790e-03 3.7583968e-04
 2.9856185e-08 1.1858733e-03 4.0021085e-04]
[[2025-10-17 00:03:09]] Mask: [7.1677580e-03 1.7156816e-03 2.4165278e-03 1.9312515e-03 1.5190346e-03
 5.2037614e-04 1.1180765e-03 6.0298713e-04 1.1034746e-02 4.2664860e-03
 4.3321187e-03 4.8167843e-09 1.8179697e-09 5.9435528e-04 5.5364980e-03
 1.1131825e-03 1.6965067e-09 2.4938271e-03 1.6767364e-03 4.0210378e-03
 6.2694750e-03 1.0274957e-02 6.2787585e-04 3.5475078e-03 1.3909976e-03
 3.5588616e-03 2.0801900e-09 1.3270153e-03 5.3124446e-03 4.1337794e-04
 2.9785371e-08 1.2802430e-03 4.0309862e-04]
[[2025-10-17 00:03:11]] Mask: [6.6627804e-03 1.7769269e-03 2.6642848e-03 1.9349295e-03 1.5402209e-03
 5.0164026e-04 1.1665202e-03 6.2034163e-04 1.0948011e-02 4.6561505e-03
 5.0393497e-03 4.8355444e-09 1.8085694e-09 5.4091774e-04 5.9339348e-03
 1.1174345e-03 1.6892258e-09 2.3816186e-03 1.6432232e-03 4.1171922e-03
 6.5330998e-03 9.5022824e-03 6.8927975e-04 3.5980255e-03 1.4375937e-03
 3.6225752e-03 2.0743103e-09 1.3686729e-03 5.5282316e-03 4.1860589e-04
 3.0748215e-08 1.2080214e-03 4.1739034e-04]
[[2025-10-17 00:03:14]] Mask: [6.8477327e-03 1.6563177e-03 2.5613008e-03 1.9696380e-03 1.6296494e-03
 4.8932346e-04 1.1556310e-03 6.2792969e-04 1.0754012e-02 4.3307780e-03
 4.9810335e-03 4.8250417e-09 1.8024087e-09 5.6087808e-04 5.4929801e-03
 1.0998034e-03 1.6833526e-09 2.4939789e-03 1.6235127e-03 4.1102804e-03
 6.3588023e-03 1.0299673e-02 6.7249994e-04 3.3753547e-03 1.4973683e-03
 3.5450542e-03 2.0673863e-09 1.2755411e-03 5.2769920e-03 4.1766299e-04
 3.1507241e-08 1.2143783e-03 4.0836690e-04]
[[2025-10-17 00:03:16]] Mask: [7.0154252e-03 1.6632361e-03 2.6964776e-03 1.9306109e-03 1.6207419e-03
 4.7590764e-04 1.0776997e-03 6.2106270e-04 1.0837887e-02 4.3605394e-03
 5.8451071e-03 4.8035913e-09 1.7972456e-09 5.9532677e-04 5.7391943e-03
 1.1006864e-03 1.6776697e-09 2.7281463e-03 1.7053927e-03 4.1747694e-03
 6.5737250e-03 9.7392537e-03 6.7057763e-04 3.4237809e-03 1.3377608e-03
 3.2009250e-03 2.0598174e-09 1.3262503e-03 5.3653009e-03 4.3017208e-04
 3.2874016e-08 1.1794796e-03 4.2191602e-04]
[[2025-10-17 00:03:18]] Mask: [6.9327825e-03 1.7774689e-03 2.8494324e-03 1.9271455e-03 1.4501730e-03
 5.1546958e-04 1.1123383e-03 6.3458557e-04 1.0915818e-02 4.0424946e-03
 5.5143526e-03 4.7997446e-09 1.7901397e-09 5.9764885e-04 5.6324382e-03
 1.1553735e-03 1.6690712e-09 2.4385406e-03 1.7866435e-03 4.0936377e-03
 6.3335239e-03 1.0225768e-02 7.4964605e-04 3.4072532e-03 1.4020135e-03
 3.4658981e-03 2.0525699e-09 1.4509099e-03 5.3528869e-03 4.7654792e-04
 3.3890842e-08 1.2090282e-03 4.2400236e-04]
[[2025-10-17 00:03:21]] Mask: [6.77151466e-03 1.71595695e-03 2.54300563e-03 1.93993177e-03
 1.51503447e-03 4.92455438e-04 1.08084176e-03 6.66447566e-04
 1.07302973e-02 3.89475236e-03 4.85050725e-03 4.78264628e-09
 1.78266424e-09 5.92472439e-04 5.88445645e-03 1.14162825e-03
 1.66352843e-09 2.53396481e-03 1.72167772e-03 3.90513497e-03
 6.23019040e-03 1.03399595e-02 7.29118939e-04 3.52098676e-03
 1.29417202e-03 3.40863434e-03 2.04770134e-09 1.36704324e-03
 5.29828202e-03 4.44931618e-04 3.58457406e-08 1.19936955e-03
 4.12977795e-04]
[[2025-10-17 00:03:23]] Mask: [6.7137582e-03 1.7746675e-03 2.5929960e-03 1.8667813e-03 1.4140104e-03
 5.2965590e-04 1.1018935e-03 6.7223335e-04 1.0846632e-02 4.0507349e-03
 4.9177478e-03 4.7917497e-09 1.7784699e-09 6.0872361e-04 5.8853691e-03
 1.1565270e-03 1.6544311e-09 2.3633512e-03 1.6306606e-03 3.9746836e-03
 6.2329159e-03 1.0464429e-02 7.1770925e-04 3.7511433e-03 1.3992265e-03
 3.2318532e-03 2.0387925e-09 1.3581307e-03 5.2316627e-03 4.5410835e-04
 3.6921229e-08 1.1447399e-03 4.1173564e-04]
[[2025-10-17 00:03:25]] Mask: [6.8844422e-03 1.7379201e-03 2.6380033e-03 1.8069724e-03 1.4148847e-03
 5.2111375e-04 1.0549231e-03 6.8943278e-04 1.0651707e-02 4.1189287e-03
 4.9750558e-03 4.7895661e-09 1.7720804e-09 5.8276643e-04 5.8882576e-03
 1.1140594e-03 1.6482861e-09 2.2720506e-03 1.7269546e-03 3.9035250e-03
 6.2511922e-03 9.9599101e-03 6.8747695e-04 3.6246616e-03 1.3228189e-03
 3.2366340e-03 2.0335378e-09 1.3947111e-03 4.9606748e-03 4.2136895e-04
 3.7290242e-08 1.2991800e-03 4.0173333e-04]
[[2025-10-17 00:03:27]] Mask: [6.9777411e-03 1.6361208e-03 2.5265347e-03 1.7788673e-03 1.3499337e-03
 5.6465884e-04 1.1449280e-03 6.6807109e-04 1.0771253e-02 4.4620102e-03
 4.8926296e-03 4.7832942e-09 1.7651145e-09 5.9556769e-04 5.6963740e-03
 1.0864446e-03 1.6424865e-09 2.5534495e-03 1.8164988e-03 3.9434005e-03
 6.0673459e-03 1.0058976e-02 6.9642835e-04 4.0036477e-03 1.3585350e-03
 3.5034800e-03 2.0239801e-09 1.4124109e-03 5.4992377e-03 4.6324718e-04
 3.7417486e-08 1.2112223e-03 4.0612571e-04]
[[2025-10-17 00:03:30]] Mask: [6.7215054e-03 1.6045476e-03 2.8037825e-03 1.7917047e-03 1.3032506e-03
 5.3252996e-04 1.1417549e-03 6.4342521e-04 1.0780056e-02 4.2993757e-03
 5.0096451e-03 4.7873470e-09 1.7593803e-09 6.0286501e-04 5.8578192e-03
 1.0519044e-03 1.6339281e-09 2.2149032e-03 1.7873980e-03 3.9684079e-03
 5.9488723e-03 9.9532874e-03 7.3541689e-04 3.7496397e-03 1.4420769e-03
 3.2289543e-03 2.0152129e-09 1.3895360e-03 5.4641645e-03 4.3997835e-04
 3.8336683e-08 1.2164627e-03 4.0465160e-04]
[[2025-10-17 00:03:32]] Mask: [6.8554617e-03 1.6120365e-03 2.6835380e-03 1.8065537e-03 1.3734343e-03
 5.3901778e-04 1.1707814e-03 6.4703089e-04 1.0698082e-02 4.2297132e-03
 4.1920282e-03 4.7487325e-09 1.7523775e-09 5.8612763e-04 5.5977707e-03
 1.1154222e-03 1.6292165e-09 2.4541146e-03 1.7768067e-03 3.9099678e-03
 6.3583539e-03 9.9781230e-03 7.4874039e-04 3.5342302e-03 1.4068425e-03
 3.2867219e-03 2.0085664e-09 1.4062966e-03 5.3412337e-03 4.2190033e-04
 3.9127940e-08 1.2567353e-03 4.1093002e-04]
[[2025-10-17 00:03:34]] Mask: [6.7647221e-03 1.6611747e-03 2.6459806e-03 1.8052781e-03 1.2960883e-03
 5.6446943e-04 1.1314675e-03 6.5002986e-04 1.1241344e-02 4.4641015e-03
 4.9667773e-03 4.7258450e-09 1.7459084e-09 5.9237168e-04 5.5213338e-03
 1.0435630e-03 1.6209221e-09 2.2276286e-03 1.7633438e-03 3.9414270e-03
 6.2054340e-03 1.0234686e-02 7.5497816e-04 3.4087754e-03 1.4166846e-03
 3.1276080e-03 1.9990460e-09 1.3107168e-03 5.5464283e-03 4.1518078e-04
 4.1099067e-08 1.2051620e-03 4.0825439e-04]
[[2025-10-17 00:03:37]] Mask: [6.9484529e-03 1.5528071e-03 2.6416252e-03 1.8594789e-03 1.4020209e-03
 5.0557608e-04 1.1022027e-03 5.6967139e-04 1.0712096e-02 4.2959149e-03
 4.7933194e-03 4.6952078e-09 1.7398117e-09 5.5336539e-04 5.4027834e-03
 1.0228909e-03 1.6163283e-09 2.2616081e-03 1.7634018e-03 3.8707806e-03
 6.4684004e-03 9.9487538e-03 6.8824168e-04 3.6513312e-03 1.4121190e-03
 3.3380440e-03 1.9967747e-09 1.3876845e-03 5.3588892e-03 4.2130373e-04
 4.0111111e-08 1.2691403e-03 4.0937815e-04]
[[2025-10-17 00:03:39]] Mask: [6.9560106e-03 1.5947729e-03 2.7650860e-03 1.8591876e-03 1.3366905e-03
 5.2408560e-04 1.0772060e-03 5.9961074e-04 1.0939732e-02 4.2025950e-03
 4.9278643e-03 4.7057420e-09 1.7339777e-09 5.7040784e-04 5.4794070e-03
 1.0408643e-03 1.6085350e-09 2.1934279e-03 1.7515110e-03 3.9274581e-03
 6.2988582e-03 1.0099564e-02 6.4960564e-04 3.5506107e-03 1.5179082e-03
 3.2647608e-03 1.9872495e-09 1.2684962e-03 5.7271887e-03 4.3388866e-04
 4.0863089e-08 1.2691015e-03 4.1688493e-04]
[[2025-10-17 00:03:41]] Mask: [6.9454066e-03 1.5864644e-03 2.7197523e-03 1.8518541e-03 1.3712719e-03
 5.1560148e-04 1.0563970e-03 5.9432245e-04 1.0853521e-02 4.2950544e-03
 4.8562973e-03 4.7108069e-09 1.7304558e-09 6.2229787e-04 5.3273062e-03
 1.0638797e-03 1.6038754e-09 2.2870796e-03 1.7507601e-03 3.8611768e-03
 6.1004586e-03 9.5752003e-03 6.1623729e-04 3.4552142e-03 1.3915779e-03
 3.0767093e-03 1.9802535e-09 1.2505625e-03 5.4845312e-03 4.6284086e-04
 4.1837552e-08 1.2383242e-03 4.1415283e-04]
[[2025-10-17 00:03:43]] Mask: [7.2016832e-03 1.5883498e-03 2.6627532e-03 1.8237629e-03 1.3711805e-03
 5.1355420e-04 1.0954196e-03 5.9037015e-04 1.0828430e-02 4.2590131e-03
 5.1719025e-03 4.7050239e-09 1.7235451e-09 5.8908021e-04 5.3731441e-03
 1.0847631e-03 1.5970710e-09 2.1349650e-03 1.7282416e-03 3.8455292e-03
 6.0752267e-03 9.5749283e-03 6.6547835e-04 3.4849753e-03 1.3255998e-03
 3.1005356e-03 1.9732331e-09 1.2706430e-03 5.2536950e-03 4.7833944e-04
 4.2305778e-08 1.1950203e-03 4.0428893e-04]
[[2025-10-17 00:03:45]] Mask: [7.0703803e-03 1.7175268e-03 2.6376694e-03 1.8556003e-03 1.3335599e-03
 5.1376648e-04 1.1031248e-03 5.9310842e-04 1.0573352e-02 4.3344828e-03
 5.1209782e-03 4.7092801e-09 1.7191095e-09 5.6623068e-04 5.4243961e-03
 1.1408927e-03 1.5907596e-09 2.1750480e-03 1.6625141e-03 3.7815592e-03
 6.2869256e-03 9.8887691e-03 6.6377543e-04 3.6291161e-03 1.3713908e-03
 3.4622173e-03 1.9669766e-09 1.3315502e-03 5.0184778e-03 5.0828030e-04
 4.4102539e-08 1.2462130e-03 4.0655548e-04]
[[2025-10-17 00:03:47]] Mask: [7.1421564e-03 1.7323203e-03 2.6931330e-03 1.9223684e-03 1.3696554e-03
 5.1154481e-04 1.1139712e-03 5.6891824e-04 1.0805011e-02 4.3985611e-03
 5.0616022e-03 4.7058140e-09 1.7147770e-09 5.5514812e-04 5.4043080e-03
 1.1225044e-03 1.5860152e-09 2.2544952e-03 1.7146784e-03 3.7957123e-03
 6.0609709e-03 9.9090934e-03 6.4484274e-04 3.4284259e-03 1.4242206e-03
 3.4032222e-03 1.9594426e-09 1.2613985e-03 4.9246224e-03 5.2357750e-04
 4.6125624e-08 1.1537430e-03 4.1107342e-04]
[[2025-10-17 00:03:49]] Mask: [6.9314823e-03 1.6997617e-03 2.7212247e-03 1.9062889e-03 1.2714511e-03
 5.3574529e-04 1.0363266e-03 5.7209900e-04 1.0630036e-02 4.2255740e-03
 4.8218830e-03 4.6982800e-09 1.7080785e-09 5.4865365e-04 5.6828563e-03
 1.0123961e-03 1.5788740e-09 2.1115788e-03 1.7591211e-03 3.9399089e-03
 6.1050891e-03 1.0314110e-02 7.3136151e-04 3.6356153e-03 1.5487670e-03
 3.0943633e-03 1.9512676e-09 1.2713864e-03 5.4075974e-03 5.3622754e-04
 4.6884182e-08 1.1425432e-03 3.9987435e-04]
[[2025-10-17 00:03:52]] Mask: [6.53381832e-03 1.60960248e-03 2.92138360e-03 1.92728767e-03
 1.34655845e-03 5.27361757e-04 9.78645636e-04 5.70282282e-04
 1.08997105e-02 4.16415930e-03 4.62302333e-03 4.68913086e-09
 1.70127334e-09 5.61251596e-04 5.91753377e-03 1.01925468e-03
 1.57587443e-09 2.65069609e-03 1.60976860e-03 3.94090265e-03
 6.18066126e-03 9.51083936e-03 7.20116077e-04 3.57938581e-03
 1.45269127e-03 3.18567408e-03 1.94536254e-09 1.22135994e-03
 5.21623204e-03 5.40199224e-04 5.00375776e-08 1.12244010e-03
 4.06347797e-04]
[[2025-10-17 00:03:54]] Mask: [6.46626810e-03 1.58942479e-03 2.86789611e-03 1.93081016e-03
 1.29875622e-03 5.57688123e-04 1.12363568e-03 5.52584825e-04
 1.07328035e-02 4.18915646e-03 4.80110990e-03 4.67854422e-09
 1.69388459e-09 5.40198700e-04 5.93340071e-03 1.07555045e-03
 1.56940738e-09 2.57594977e-03 1.70786411e-03 4.04368155e-03
 6.13238150e-03 9.98221338e-03 6.57002383e-04 3.71482130e-03
 1.42988353e-03 3.51814204e-03 1.93887639e-09 1.25063944e-03
 5.72248781e-03 4.75368288e-04 5.35325846e-08 1.09794212e-03
 4.12664143e-04]
[[2025-10-17 00:03:56]] Mask: [6.8433760e-03 1.6635053e-03 2.7105850e-03 1.8525822e-03 1.2866178e-03
 5.7563349e-04 1.1011836e-03 5.7733024e-04 1.0702039e-02 4.0919525e-03
 4.5472728e-03 4.6789101e-09 1.6885943e-09 5.5294199e-04 5.6586899e-03
 1.1167566e-03 1.5623201e-09 2.5644093e-03 1.6324189e-03 3.9515560e-03
 6.1112205e-03 1.0306024e-02 6.6834490e-04 3.6130974e-03 1.3655254e-03
 3.4292112e-03 1.9327362e-09 1.1921364e-03 5.7044630e-03 5.0356280e-04
 5.5259928e-08 1.1525166e-03 4.1860985e-04]
[[2025-10-17 00:03:58]] Mask: [6.7480761e-03 1.5772871e-03 2.6836083e-03 1.8617114e-03 1.2820159e-03
 5.6144182e-04 1.1670014e-03 5.6491105e-04 1.1206211e-02 4.4449428e-03
 4.9874117e-03 4.6366053e-09 1.6836770e-09 5.7638291e-04 5.5126874e-03
 1.0377166e-03 1.5559918e-09 2.5372235e-03 1.7618421e-03 3.8584725e-03
 6.2014307e-03 1.0226000e-02 6.8540772e-04 3.8568433e-03 1.4766291e-03
 3.4536088e-03 1.9261965e-09 1.2095908e-03 5.5384706e-03 4.6529068e-04
 5.9290333e-08 1.1411759e-03 4.1851812e-04]
[[2025-10-17 00:04:00]] Mask: [6.4337421e-03 1.5743515e-03 2.8576711e-03 1.8588251e-03 1.2364262e-03
 5.3461030e-04 1.1417234e-03 5.5003597e-04 1.0784435e-02 4.1064373e-03
 4.5951828e-03 4.6398432e-09 1.6773689e-09 6.0238282e-04 5.8405641e-03
 1.0491847e-03 1.5496270e-09 2.4281694e-03 1.6531401e-03 3.9570290e-03
 6.1983778e-03 9.7552715e-03 6.5072562e-04 3.6718722e-03 1.4736427e-03
 3.2701991e-03 1.9205544e-09 1.2152329e-03 5.2426173e-03 4.5555056e-04
 5.8537466e-08 1.2027995e-03 4.2371123e-04]
[[2025-10-17 00:04:02]] Mask: [6.8026390e-03 1.6100722e-03 2.7235460e-03 1.8955646e-03 1.2958833e-03
 5.3376739e-04 1.1901679e-03 5.8015500e-04 1.0757908e-02 4.3112785e-03
 4.4637774e-03 4.6351816e-09 1.6737448e-09 6.1853591e-04 5.4191556e-03
 1.0442516e-03 1.5453294e-09 2.6776588e-03 1.7423615e-03 4.0081912e-03
 6.1907074e-03 9.6949069e-03 6.7434146e-04 3.7037234e-03 1.4872269e-03
 3.5268236e-03 1.9153961e-09 1.3512174e-03 5.2898400e-03 4.7568767e-04
 5.9627837e-08 1.1862270e-03 4.3734835e-04]
[[2025-10-17 00:04:04]] Mask: [6.4343978e-03 1.7138247e-03 2.7029675e-03 1.8657455e-03 1.2399785e-03
 5.2664749e-04 1.1076888e-03 5.5537245e-04 1.0514590e-02 4.2742840e-03
 4.7590942e-03 4.6123754e-09 1.6666694e-09 5.8524671e-04 5.6608929e-03
 1.0897497e-03 1.5384359e-09 2.5084501e-03 1.7771510e-03 3.9357659e-03
 6.1203851e-03 9.4983466e-03 6.4474595e-04 3.6471791e-03 1.5124911e-03
 3.2692496e-03 1.9070592e-09 1.2694418e-03 5.5742818e-03 4.7417425e-04
 6.0984846e-08 1.2085267e-03 4.4978960e-04]
[[2025-10-17 00:04:07]] Mask: [6.5468960e-03 1.6428838e-03 2.8411828e-03 1.8392762e-03 1.2363084e-03
 5.2942120e-04 1.1231771e-03 5.5421784e-04 1.0411816e-02 3.9235651e-03
 5.3801080e-03 4.6163713e-09 1.6603331e-09 5.6798686e-04 5.5912398e-03
 1.1140291e-03 1.5317573e-09 2.3672464e-03 1.7029721e-03 3.8737475e-03
 6.5716077e-03 9.7758323e-03 6.3842128e-04 3.3248193e-03 1.4009438e-03
 3.1436563e-03 1.9007189e-09 1.1973212e-03 5.4902975e-03 4.8487014e-04
 6.3925590e-08 1.2517059e-03 4.5296305e-04]
[[2025-10-17 00:04:10]] Mask: [6.4851572e-03 1.8136495e-03 2.7087978e-03 1.8781859e-03 1.1937120e-03
 5.4304069e-04 1.1462960e-03 5.3603109e-04 1.0291963e-02 3.9162091e-03
 5.2184942e-03 4.5841695e-09 1.6554160e-09 5.5520254e-04 5.7537127e-03
 1.0347043e-03 1.5248691e-09 2.2214148e-03 1.6840171e-03 3.9019696e-03
 6.3785249e-03 9.6889110e-03 6.3393026e-04 3.2841051e-03 1.3254175e-03
 3.2105839e-03 1.8938071e-09 1.2106772e-03 5.5999635e-03 4.5721067e-04
 6.7389067e-08 1.2487592e-03 4.4909320e-04]
[[2025-10-17 00:04:12]] Mask: [6.7800027e-03 1.7882184e-03 2.6248640e-03 1.8372718e-03 1.2188909e-03
 5.5392314e-04 1.1058178e-03 5.4461468e-04 1.0077630e-02 4.0364824e-03
 5.2915318e-03 4.5983559e-09 1.6499878e-09 5.5470271e-04 5.5667721e-03
 1.0666806e-03 1.5207853e-09 2.4942150e-03 1.7151583e-03 3.8938480e-03
 6.1877831e-03 9.9390363e-03 6.5136631e-04 3.6544481e-03 1.4173816e-03
 3.2298798e-03 1.8887278e-09 1.1733460e-03 5.6002503e-03 4.6516187e-04
 6.8185244e-08 1.3566330e-03 4.5140079e-04]
[[2025-10-17 00:04:14]] Mask: [6.9232490e-03 1.7877341e-03 2.6202120e-03 1.8441508e-03 1.1893304e-03
 5.3975941e-04 1.0293723e-03 5.7885260e-04 1.0501442e-02 4.1196132e-03
 4.8572146e-03 4.5998734e-09 1.6444017e-09 5.5145303e-04 5.6076855e-03
 1.0690840e-03 1.5148708e-09 2.4218906e-03 1.7041399e-03 4.0347404e-03
 6.1917990e-03 9.6078236e-03 6.7328161e-04 3.5539169e-03 1.4180911e-03
 3.2208122e-03 1.8823085e-09 1.1793482e-03 5.3614443e-03 4.5256622e-04
 7.6763250e-08 1.2227736e-03 4.5885670e-04]
[[2025-10-17 00:04:16]] Mask: [6.9155125e-03 1.7109857e-03 2.6160979e-03 1.8524819e-03 1.2080445e-03
 5.3251878e-04 1.0497130e-03 5.4125191e-04 1.0967467e-02 4.0715588e-03
 4.6558548e-03 4.6130175e-09 1.6407393e-09 5.6596118e-04 5.1932666e-03
 1.1066857e-03 1.5081477e-09 2.2065425e-03 1.7328629e-03 3.8621875e-03
 5.9483084e-03 9.5531214e-03 6.9213688e-04 3.7237320e-03 1.3723046e-03
 3.4199937e-03 1.8774786e-09 1.1607099e-03 5.4666400e-03 4.7171724e-04
 8.1465991e-08 1.1785575e-03 4.5201008e-04]
[[2025-10-17 00:04:18]] Mask: [6.8868781e-03 1.6302888e-03 2.5806341e-03 1.8436585e-03 1.2397571e-03
 5.2113808e-04 1.0408841e-03 5.3280743e-04 1.0619835e-02 3.9821337e-03
 4.8013288e-03 4.6163269e-09 1.6347322e-09 5.6075992e-04 5.3480580e-03
 1.1501263e-03 1.5044386e-09 2.5819796e-03 1.7772339e-03 3.8856540e-03
 5.9573459e-03 9.6261026e-03 6.9185760e-04 3.5531761e-03 1.2811292e-03
 3.3088007e-03 1.8721005e-09 1.1374771e-03 5.8453893e-03 4.9894856e-04
 9.0592863e-08 1.1425546e-03 4.7297185e-04]
[[2025-10-17 00:04:20]] Mask: [7.1207578e-03 1.5569942e-03 2.5845929e-03 1.8274089e-03 1.3069273e-03
 5.1455031e-04 1.0362654e-03 5.6350802e-04 1.0891129e-02 4.1881897e-03
 4.5208889e-03 4.6031561e-09 1.6285953e-09 5.4093375e-04 5.2000526e-03
 1.0286566e-03 1.4993510e-09 2.6423943e-03 1.7401038e-03 3.9211544e-03
 6.1147893e-03 9.6901190e-03 6.9324259e-04 3.3017003e-03 1.2170654e-03
 3.3175428e-03 1.8638098e-09 1.1568459e-03 5.4792119e-03 5.1216682e-04
 9.6575128e-08 1.1408830e-03 4.7375428e-04]
[[2025-10-17 00:04:22]] Mask: [6.5732640e-03 1.5499250e-03 2.7717485e-03 1.8326960e-03 1.2115655e-03
 5.5127934e-04 1.0220138e-03 5.3699093e-04 1.0353245e-02 4.4181896e-03
 4.7513694e-03 4.5935171e-09 1.6214416e-09 5.1286421e-04 5.4485509e-03
 1.0864524e-03 1.4932834e-09 2.6297674e-03 1.6959235e-03 3.8977135e-03
 6.1943643e-03 9.5689073e-03 6.6100567e-04 3.4091205e-03 1.3821641e-03
 3.5043543e-03 1.8598220e-09 1.2216968e-03 5.2333898e-03 4.6277381e-04
 9.7645703e-08 1.2300613e-03 4.6167386e-04]
[[2025-10-17 00:04:24]] Mask: [6.44972781e-03 1.67659763e-03 3.04402248e-03 1.75217073e-03
 1.12958706e-03 5.63263136e-04 1.03916693e-03 5.59907057e-04
 1.04927141e-02 3.90874408e-03 4.27842420e-03 4.56742999e-09
 1.61709302e-09 5.98620856e-04 5.73926466e-03 1.04486360e-03
 1.48771129e-09 2.59776576e-03 1.60695694e-03 4.06611152e-03
 6.10631891e-03 9.61696543e-03 6.56960474e-04 3.26868263e-03
 1.51020277e-03 3.29695223e-03 1.85217897e-09 1.20580045e-03
 5.21915499e-03 4.41582408e-04 1.02990136e-07 1.08209357e-03
 4.71168547e-04]
[[2025-10-17 00:04:27]] Mask: [6.5272781e-03 1.7637836e-03 2.7438265e-03 1.8599401e-03 1.2047080e-03
 5.3500890e-04 1.0566678e-03 5.7734840e-04 1.0415871e-02 4.0405560e-03
 4.6611610e-03 4.5716049e-09 1.6123564e-09 6.1926444e-04 5.4494529e-03
 1.0156851e-03 1.4833167e-09 2.5343578e-03 1.5295168e-03 3.8866061e-03
 5.8183428e-03 9.7514074e-03 6.8246940e-04 3.5578553e-03 1.6236362e-03
 3.2889128e-03 1.8457499e-09 1.2025767e-03 5.1952400e-03 4.3282637e-04
 1.0900461e-07 1.1045586e-03 4.6200911e-04]
[[2025-10-17 00:04:28]] Mask: [6.40508020e-03 1.74741307e-03 2.76577100e-03 1.83173234e-03
 1.18775503e-03 5.40651265e-04 1.03777752e-03 5.36113861e-04
 1.01736905e-02 3.89700430e-03 4.84820642e-03 4.57827110e-09
 1.60615299e-09 5.72331890e-04 5.58853615e-03 1.00269250e-03
 1.47725487e-09 2.53824214e-03 1.61239714e-03 3.93172307e-03
 5.96349034e-03 9.51240771e-03 7.25189864e-04 3.51642049e-03
 1.50244357e-03 3.26486002e-03 1.83912219e-09 1.21006847e-03
 5.67304390e-03 4.49077808e-04 1.09956808e-07 1.10083644e-03
 4.62282042e-04]
[[2025-10-17 00:04:31]] Mask: [6.42965920e-03 1.80660188e-03 2.74652871e-03 1.83712575e-03
 1.14259927e-03 5.66229341e-04 1.07150769e-03 5.44445182e-04
 1.06127784e-02 4.05993313e-03 4.76120180e-03 4.56034410e-09
 1.60201041e-09 5.50237019e-04 5.52766817e-03 1.07986503e-03
 1.47100165e-09 2.36430019e-03 1.55802048e-03 3.95188294e-03
 6.21319935e-03 9.94152855e-03 7.01615179e-04 3.31462896e-03
 1.53149164e-03 3.19272117e-03 1.83138271e-09 1.16370118e-03
 5.20741614e-03 4.69241000e-04 1.18951654e-07 1.03609962e-03
 4.58097551e-04]
[[2025-10-17 00:04:33]] Mask: [6.7466665e-03 1.7777628e-03 2.5172911e-03 1.8283302e-03 1.2370587e-03
 5.5744743e-04 1.1795734e-03 5.5817526e-04 1.0953128e-02 3.9544906e-03
 5.2774223e-03 4.5473936e-09 1.5962427e-09 5.7051086e-04 5.4074847e-03
 1.0812171e-03 1.4676527e-09 2.6173661e-03 1.6360554e-03 4.0247636e-03
 5.9260703e-03 9.2724757e-03 7.3803769e-04 3.4375025e-03 1.4150841e-03
 3.3141247e-03 1.8270110e-09 1.1880141e-03 5.2283602e-03 4.6015542e-04
 1.2102818e-07 1.1077700e-03 4.5053844e-04]
[[2025-10-17 00:04:35]] Mask: [6.4774221e-03 1.8165283e-03 2.8404561e-03 1.7791037e-03 1.2314750e-03
 5.6416204e-04 1.0760106e-03 5.4663874e-04 1.0607988e-02 3.9187004e-03
 5.3242119e-03 4.5340558e-09 1.5904986e-09 5.5906363e-04 5.6175534e-03
 1.0350435e-03 1.4626337e-09 2.7863386e-03 1.6334685e-03 3.8811662e-03
 5.9052045e-03 9.2491135e-03 7.3126360e-04 3.3673006e-03 1.2425546e-03
 3.0837185e-03 1.8218956e-09 1.2177055e-03 5.3127212e-03 4.6149830e-04
 1.2828725e-07 1.1136051e-03 4.5693509e-04]
[[2025-10-17 00:04:37]] Mask: [6.8622604e-03 1.6882978e-03 2.7390395e-03 1.8302101e-03 1.1660546e-03
 5.9757364e-04 1.1079051e-03 5.8979879e-04 1.0630864e-02 3.9550522e-03
 5.2039614e-03 4.5171631e-09 1.5852349e-09 5.6797848e-04 5.4896800e-03
 1.0267245e-03 1.4568842e-09 2.6884058e-03 1.7024105e-03 3.7772828e-03
 6.2843729e-03 8.6032646e-03 6.8546750e-04 3.6805926e-03 1.1944871e-03
 3.2936116e-03 1.8163094e-09 1.2382641e-03 5.1979194e-03 4.3536961e-04
 1.3707921e-07 1.1340874e-03 4.7050024e-04]
[[2025-10-17 00:04:39]] Mask: [6.5973927e-03 1.8437463e-03 2.7616301e-03 1.9112454e-03 1.0492401e-03
 6.4834050e-04 1.0198714e-03 5.6805671e-04 1.0603810e-02 4.2157802e-03
 5.2145869e-03 4.5174393e-09 1.5812097e-09 5.4845674e-04 5.6175026e-03
 1.0204478e-03 1.4501668e-09 2.5229130e-03 1.7045286e-03 3.8429401e-03
 6.1017224e-03 9.3456116e-03 7.0406066e-04 3.4899984e-03 1.2018621e-03
 3.2017252e-03 1.8085280e-09 1.1475201e-03 5.0458643e-03 4.3653473e-04
 1.4947851e-07 1.1797948e-03 4.5626806e-04]
[[2025-10-17 00:04:42]] Mask: [6.8742163e-03 1.7559547e-03 2.6587497e-03 1.9053792e-03 1.0668956e-03
 6.0043251e-04 1.0027273e-03 5.9066480e-04 1.0402682e-02 4.1651069e-03
 5.0886795e-03 4.4782333e-09 1.5748168e-09 5.2687718e-04 5.7069161e-03
 1.0071174e-03 1.4461174e-09 2.4070104e-03 1.6218896e-03 3.7505894e-03
 6.0694166e-03 8.9298449e-03 6.9461222e-04 3.4774740e-03 1.1061539e-03
 3.1682898e-03 1.8015941e-09 1.1524437e-03 5.1377411e-03 4.4543043e-04
 1.7087351e-07 1.1204424e-03 4.4712613e-04]
[[2025-10-17 00:04:44]] Mask: [6.5610260e-03 1.7761439e-03 2.5153668e-03 1.8091843e-03 1.0624035e-03
 5.9089286e-04 1.0847341e-03 5.7106145e-04 1.0520571e-02 3.7476185e-03
 4.8107090e-03 4.4730690e-09 1.5689195e-09 5.3801201e-04 5.9528407e-03
 1.0600338e-03 1.4411061e-09 2.3063999e-03 1.5660827e-03 3.7218677e-03
 6.0047801e-03 9.0138968e-03 6.6611072e-04 3.4611612e-03 1.2180564e-03
 3.1751313e-03 1.7955770e-09 1.1368418e-03 5.3726779e-03 4.1074006e-04
 1.8080434e-07 1.1012030e-03 4.4609272e-04]
[[2025-10-17 00:04:46]] Mask: [6.7518423e-03 1.7495946e-03 2.4874345e-03 1.8200115e-03 1.0975328e-03
 6.0876802e-04 1.2036092e-03 5.3900009e-04 1.0531547e-02 4.0514353e-03
 5.0750822e-03 4.4646815e-09 1.5663900e-09 5.6159357e-04 5.4282690e-03
 1.0517511e-03 1.4373975e-09 2.6744606e-03 1.5885343e-03 3.7303944e-03
 6.1425152e-03 8.9582605e-03 6.7788770e-04 3.5009224e-03 1.3424392e-03
 3.4773333e-03 1.7894468e-09 1.1698507e-03 5.1534516e-03 3.9756618e-04
 1.8831935e-07 1.1211972e-03 4.3869665e-04]
[[2025-10-17 00:04:48]] Mask: [6.7001996e-03 1.7761227e-03 2.5777672e-03 1.7630298e-03 1.0952151e-03
 6.1595603e-04 1.1344429e-03 5.2842172e-04 1.0462657e-02 3.7964352e-03
 4.7879498e-03 4.4373114e-09 1.5619208e-09 5.3141190e-04 5.7987478e-03
 1.0208397e-03 1.4334631e-09 2.5796155e-03 1.4849281e-03 3.9327168e-03
 6.4055840e-03 9.0164822e-03 6.2587083e-04 3.5122007e-03 1.1000936e-03
 3.2395488e-03 1.7819469e-09 1.1371506e-03 5.1406645e-03 3.9624568e-04
 2.1854947e-07 1.0572135e-03 4.5135280e-04]
[[2025-10-17 00:04:50]] Mask: [6.5988894e-03 1.7061895e-03 2.6300924e-03 1.8349183e-03 1.0437424e-03
 6.3556241e-04 1.0513980e-03 5.2484591e-04 1.0592175e-02 3.9961915e-03
 4.0737460e-03 4.4484971e-09 1.5575625e-09 5.3274981e-04 5.4844404e-03
 1.0394719e-03 1.4277003e-09 2.5011743e-03 1.4760913e-03 3.8760409e-03
 6.1333091e-03 9.9259960e-03 6.3766295e-04 3.5894697e-03 1.1144908e-03
 3.1936485e-03 1.7759955e-09 1.1176085e-03 5.2103517e-03 4.1599773e-04
 2.5317365e-07 1.0276673e-03 4.3281051e-04]
[[2025-10-17 00:04:52]] Mask: [6.6804709e-03 1.7426526e-03 2.5871645e-03 1.8843460e-03 1.1559762e-03
 6.0296297e-04 1.0493391e-03 5.3107593e-04 1.0118383e-02 4.0971907e-03
 4.3722098e-03 4.4334452e-09 1.5519726e-09 5.2356831e-04 5.5428576e-03
 1.0399231e-03 1.4232903e-09 2.6796437e-03 1.4870500e-03 3.8240659e-03
 6.2745987e-03 9.2437407e-03 7.2043453e-04 3.3370783e-03 1.1482961e-03
 3.2844548e-03 1.7709890e-09 1.1528165e-03 5.3471248e-03 4.1753403e-04
 2.7212334e-07 1.1281128e-03 4.2842625e-04]
[[2025-10-17 00:04:54]] Mask: [6.6908663e-03 1.8039485e-03 2.6651225e-03 1.8349855e-03 1.0479714e-03
 6.3097908e-04 1.1618154e-03 5.6891231e-04 1.0580488e-02 4.5089494e-03
 5.0176703e-03 4.4207789e-09 1.5495590e-09 5.7747879e-04 5.2013062e-03
 1.0625290e-03 1.4168708e-09 2.4230359e-03 1.4704583e-03 3.8765564e-03
 5.7613910e-03 9.7470246e-03 7.7494519e-04 3.6364687e-03 1.2314310e-03
 3.5574853e-03 1.7645860e-09 1.1418496e-03 5.6762719e-03 4.3094039e-04
 2.8970530e-07 1.1794065e-03 4.2646451e-04]
[[2025-10-17 00:04:57]] Mask: [6.3694105e-03 1.6991615e-03 2.6364869e-03 1.8888175e-03 1.0817106e-03
 5.9306878e-04 1.0808371e-03 5.1311386e-04 1.0203409e-02 4.2459173e-03
 4.3553356e-03 4.4271413e-09 1.5424436e-09 5.4188503e-04 5.4417495e-03
 1.0691895e-03 1.4127287e-09 2.2928677e-03 1.4908349e-03 3.8363577e-03
 5.8775847e-03 9.4606485e-03 7.5341779e-04 3.5692626e-03 1.2741005e-03
 3.2492466e-03 1.7593567e-09 1.1851438e-03 5.3970646e-03 4.2393344e-04
 3.4543174e-07 1.1752448e-03 4.3658650e-04]
[[2025-10-17 00:04:59]] Mask: [6.3881450e-03 1.6812594e-03 2.7508039e-03 1.8156759e-03 1.0673485e-03
 6.1011588e-04 1.0750997e-03 5.2494399e-04 1.0622051e-02 4.2337100e-03
 4.7937068e-03 4.4154533e-09 1.5388351e-09 5.7765446e-04 5.2277949e-03
 1.0264609e-03 1.4077687e-09 2.3593532e-03 1.5773043e-03 3.9469455e-03
 5.9022713e-03 9.3388027e-03 7.4479647e-04 3.6869964e-03 1.4114603e-03
 3.3151265e-03 1.7536413e-09 1.1677097e-03 5.4633566e-03 4.3211377e-04
 3.5165638e-07 1.2595683e-03 4.7662877e-04]
[[2025-10-17 00:05:01]] Mask: [6.5045906e-03 1.6926948e-03 2.6964545e-03 1.8177036e-03 1.1005806e-03
 5.9875695e-04 1.0903105e-03 5.1796739e-04 1.0581446e-02 3.9729602e-03
 4.8769955e-03 4.4150741e-09 1.5339442e-09 5.6758017e-04 5.2700355e-03
 1.0156760e-03 1.4030533e-09 2.3702180e-03 1.5897797e-03 3.9934386e-03
 5.9837950e-03 9.3077738e-03 7.1043405e-04 3.5259223e-03 1.4325754e-03
 3.1304995e-03 1.7495819e-09 1.1256123e-03 5.3169793e-03 4.4077515e-04
 4.3136777e-07 1.1179710e-03 4.4645066e-04]
[[2025-10-17 00:05:03]] Mask: [6.5006227e-03 1.6038785e-03 2.7368378e-03 1.8252853e-03 1.1774264e-03
 5.7935348e-04 1.0281864e-03 5.2563520e-04 1.0508157e-02 3.8479741e-03
 4.7511533e-03 4.4098227e-09 1.5298885e-09 5.9864856e-04 5.3057740e-03
 1.0348152e-03 1.4005963e-09 2.7453015e-03 1.5847704e-03 3.8304378e-03
 5.9422860e-03 9.4086863e-03 7.0308172e-04 3.4569008e-03 1.4342197e-03
 3.1524624e-03 1.7436887e-09 1.1071175e-03 5.3770877e-03 4.6426262e-04
 4.7905280e-07 1.1864513e-03 4.5329201e-04]
[[2025-10-17 00:05:05]] Mask: [6.4195842e-03 1.6790614e-03 2.8231926e-03 1.8955582e-03 1.1266570e-03
 5.9545873e-04 9.6428441e-04 5.4081023e-04 1.0528077e-02 4.0643779e-03
 4.4785924e-03 4.3910808e-09 1.5245696e-09 5.9500203e-04 5.3304122e-03
 1.0465592e-03 1.3955110e-09 2.6062499e-03 1.6546801e-03 3.8823052e-03
 5.7840100e-03 9.8311836e-03 7.4373191e-04 3.6605247e-03 1.4013262e-03
 3.1929824e-03 1.7393040e-09 1.1543581e-03 5.2967849e-03 4.5765674e-04
 5.0687697e-07 1.2918796e-03 4.3980099e-04]
[[2025-10-17 00:05:06]] Mask: [6.4181425e-03 1.7567656e-03 2.7048758e-03 1.7952509e-03 1.1042641e-03
 6.0470565e-04 1.0215567e-03 5.5208651e-04 1.0684959e-02 4.0887319e-03
 5.0026951e-03 4.3780179e-09 1.5191733e-09 5.7429168e-04 5.2433782e-03
 1.0485213e-03 1.3909696e-09 2.6039653e-03 1.6225098e-03 3.8068152e-03
 5.8419434e-03 9.5164385e-03 7.3340087e-04 3.7529881e-03 1.2783537e-03
 3.4089033e-03 1.7360660e-09 1.1615626e-03 5.6042513e-03 4.4359590e-04
 5.8084305e-07 1.2788182e-03 4.2728690e-04]
[[2025-10-17 00:05:09]] Mask: [6.6076606e-03 1.7240494e-03 2.6377209e-03 1.8156733e-03 1.0342865e-03
 6.2653358e-04 9.7939500e-04 5.6762184e-04 1.0161142e-02 3.9754971e-03
 4.2939717e-03 4.3624717e-09 1.5144200e-09 6.1914430e-04 5.2366974e-03
 1.0291928e-03 1.3849918e-09 2.4471646e-03 1.6378220e-03 3.8549078e-03
 5.6897337e-03 9.3592228e-03 7.1174093e-04 3.5529768e-03 1.2029639e-03
 3.1203495e-03 1.7290833e-09 1.1498618e-03 5.1275636e-03 4.1851573e-04
 6.5476553e-07 1.2679386e-03 4.4945788e-04]
[[2025-10-17 00:05:11]] Mask: [6.53241295e-03 1.70699612e-03 2.66964571e-03 1.83889794e-03
 9.91652254e-04 6.66663167e-04 1.04177103e-03 5.53300779e-04
 1.04294987e-02 4.03781887e-03 4.64883726e-03 4.36726744e-09
 1.50875190e-09 5.57728054e-04 5.30255353e-03 1.01665652e-03
 1.38097977e-09 2.43674312e-03 1.57264411e-03 3.96368746e-03
 5.77928452e-03 1.02239875e-02 6.99732162e-04 3.62257869e-03
 1.45281164e-03 3.51829384e-03 1.72541659e-09 1.21809763e-03
 5.23567386e-03 4.23118909e-04 6.55669112e-07 1.39753975e-03
 4.38354065e-04]
[[2025-10-17 00:05:14]] Mask: [6.4061335e-03 1.7385746e-03 2.7739331e-03 1.7745247e-03 1.0387592e-03
 6.3610665e-04 1.0146318e-03 5.3796789e-04 1.0156223e-02 4.0894737e-03
 4.6488326e-03 4.3606914e-09 1.5024570e-09 5.1051920e-04 5.5181351e-03
 1.0246778e-03 1.3776491e-09 2.5672768e-03 1.6145994e-03 3.7995277e-03
 5.9509957e-03 9.1803642e-03 6.4532505e-04 3.6365171e-03 1.5824385e-03
 3.4156342e-03 1.7211962e-09 1.1958088e-03 5.2133552e-03 4.3361948e-04
 9.5942130e-07 1.1835999e-03 4.1918771e-04]
[[2025-10-17 00:05:16]] Mask: [6.2629334e-03 1.7605108e-03 2.7946185e-03 1.7745120e-03 9.7933388e-04
 6.6989323e-04 1.0270752e-03 5.3277519e-04 1.0350021e-02 4.1031372e-03
 4.9635451e-03 4.3318185e-09 1.4996199e-09 5.7629443e-04 5.4007289e-03
 1.0032482e-03 1.3718542e-09 2.3039279e-03 1.6871996e-03 3.7590105e-03
 5.6065768e-03 9.1358880e-03 6.8020582e-04 3.4809522e-03 1.5701851e-03
 3.1298166e-03 1.7150910e-09 1.2353137e-03 5.2779107e-03 3.8722871e-04
 1.1023362e-06 1.2598699e-03 4.2000509e-04]
[[2025-10-17 00:05:18]] Mask: [6.8641515e-03 1.7128444e-03 2.6010678e-03 1.6909682e-03 1.0882699e-03
 6.4309477e-04 1.0569209e-03 5.5129378e-04 1.0564745e-02 3.8423482e-03
 4.8504174e-03 4.3428625e-09 1.4947054e-09 5.5355002e-04 5.6458130e-03
 9.5742341e-04 1.3699402e-09 2.4415071e-03 1.4676556e-03 3.7642298e-03
 5.8826720e-03 9.2288395e-03 7.4765523e-04 3.4842554e-03 1.5068508e-03
 3.0481117e-03 1.7102497e-09 1.2090834e-03 5.6480458e-03 4.2390291e-04
 1.3690653e-06 1.2194570e-03 4.2261885e-04]
[[2025-10-17 00:05:20]] Mask: [6.6370438e-03 1.7558184e-03 2.7459671e-03 1.7417936e-03 1.0640890e-03
 6.5202714e-04 1.0481332e-03 5.4458738e-04 9.9871950e-03 3.8771196e-03
 4.8047747e-03 4.3387973e-09 1.4907250e-09 5.4447813e-04 5.7672202e-03
 9.8731532e-04 1.3662712e-09 2.7913020e-03 1.5058804e-03 3.7674857e-03
 5.9694410e-03 9.3112141e-03 6.9125288e-04 3.2613955e-03 1.4803184e-03
 3.0991605e-03 1.7040598e-09 1.1634097e-03 5.3354157e-03 4.1215817e-04
 1.5076386e-06 1.2543651e-03 4.1445316e-04]
[[2025-10-17 00:05:22]] Mask: [6.82898192e-03 1.74090499e-03 2.61798711e-03 1.76578970e-03
 1.13796920e-03 6.19845465e-04 1.02023152e-03 5.62982692e-04
 1.03736725e-02 4.20403993e-03 4.48912429e-03 4.32203029e-09
 1.48622514e-09 5.47100557e-04 5.43227047e-03 1.04324578e-03
 1.36263312e-09 2.66950112e-03 1.57785264e-03 3.79309873e-03
 6.00218447e-03 9.22160875e-03 7.02875375e-04 3.59256798e-03
 1.56400457e-03 3.20576527e-03 1.69864378e-09 1.20339484e-03
 5.31663140e-03 4.27530555e-04 1.67176313e-06 1.25007005e-03
 4.12686350e-04]
[[2025-10-17 00:05:22]] Early stopping at epoch 78/100
