[[2025-10-16 18:02:49]] Starting training on model: model_[33, 8, 1]_output_Sigmoid_intermediate_ReLU_normalized_data_True_loss_MSELoss
[[2025-10-16 18:02:52]] Epoch 1/100, Validation Loss: 0.00851305
[[2025-10-16 18:02:52]] Mask: [4.1196486e-03 2.6570091e-03 3.6379688e-03 1.8859144e-03 1.8160545e-03
 4.0776387e-05 2.0862124e-03 1.6342836e-03 1.4330974e-02 7.5374073e-03
 5.5532140e-04 2.6929111e-03 2.0915570e-03 9.1713783e-04 5.4006241e-03
 1.9312670e-03 4.3225907e-09 1.1706209e-03 1.4842411e-03 5.6379801e-03
 1.3765218e-02 1.3441141e-02 1.9847192e-03 3.7199976e-03 3.9854920e-03
 4.2501069e-03 1.7290950e-03 3.5945929e-03 7.2264113e-03 2.0026392e-03
 1.0604492e-08 1.8002079e-03 1.7258074e-03]
[[2025-10-16 18:02:56]] Epoch 2/100, Validation Loss: 0.00795068
[[2025-10-16 18:02:56]] Mask: [4.3121525e-03 2.6987032e-03 3.4423003e-03 1.9048859e-03 1.7969222e-03
 3.9322855e-05 1.8496088e-03 1.6079841e-03 1.4422792e-02 7.9366872e-03
 5.4052426e-04 2.6232407e-03 2.1783228e-03 8.8567531e-04 5.6791091e-03
 2.0241097e-03 4.2579380e-09 1.1537260e-03 1.5317585e-03 5.6256941e-03
 1.4327909e-02 1.3683562e-02 1.7390662e-03 3.6702661e-03 3.7577017e-03
 4.2083422e-03 1.6384202e-03 3.3045544e-03 7.0147542e-03 2.0267651e-03
 1.0487446e-08 1.8812842e-03 1.7693763e-03]
[[2025-10-16 18:03:00]] Epoch 3/100, Validation Loss: 0.00906769
[[2025-10-16 18:03:00]] Mask: [4.02011769e-03 2.77710333e-03 3.94943403e-03 2.01247563e-03
 1.83000788e-03 4.17368065e-05 1.87331776e-03 1.68186135e-03
 1.39252441e-02 7.18249753e-03 5.44741284e-04 2.78093014e-03
 1.97406160e-03 7.82927964e-04 5.62980026e-03 2.12150998e-03
 4.24353086e-09 1.28295284e-03 1.49437471e-03 6.08464098e-03
 1.39091527e-02 1.36341928e-02 1.83102896e-03 3.95762082e-03
 3.92566761e-03 4.01366595e-03 1.75996195e-03 3.47960275e-03
 6.95441710e-03 1.89063244e-03 1.04718145e-08 1.89950923e-03
 1.61899521e-03]
[[2025-10-16 18:03:04]] Epoch 4/100, Validation Loss: 0.00790648
[[2025-10-16 18:03:04]] Mask: [3.9944537e-03 2.8452016e-03 4.0715588e-03 1.9411867e-03 1.8539530e-03
 4.0311766e-05 1.8426656e-03 1.8579334e-03 1.4148729e-02 7.5072083e-03
 5.4058194e-04 3.0409808e-03 2.0674053e-03 8.2812179e-04 6.1800117e-03
 2.0139290e-03 4.2138493e-09 1.3184507e-03 1.5542211e-03 6.5561412e-03
 1.3223400e-02 1.2886067e-02 1.7863808e-03 3.8983948e-03 3.6209456e-03
 3.9891871e-03 1.6114909e-03 3.0050944e-03 6.5545174e-03 1.9640650e-03
 1.0426931e-08 1.9090254e-03 1.5713240e-03]
[[2025-10-16 18:03:07]] Epoch 5/100, Validation Loss: 0.00816819
[[2025-10-16 18:03:07]] Mask: [3.98081774e-03 2.83220503e-03 4.51540947e-03 1.91793079e-03
 1.84675085e-03 4.39514042e-05 2.05948227e-03 1.90067221e-03
 1.43994605e-02 7.23287696e-03 5.06637618e-04 3.12692742e-03
 2.09905673e-03 7.96408567e-04 5.77129284e-03 1.88316882e-03
 4.19116564e-09 1.47349597e-03 1.51764939e-03 5.83423022e-03
 1.45119587e-02 1.31444391e-02 2.01963377e-03 3.81886889e-03
 3.25263967e-03 3.87397013e-03 1.53414591e-03 3.06235370e-03
 6.08381629e-03 1.69012405e-03 1.04690994e-08 1.88758632e-03
 1.47191819e-03]
[[2025-10-16 18:03:10]] Epoch 6/100, Validation Loss: 0.00803000
[[2025-10-16 18:03:10]] Mask: [3.9425162e-03 2.9443183e-03 3.5642970e-03 1.8857421e-03 1.8376636e-03
 4.2670821e-05 1.7690304e-03 1.6647887e-03 1.4706224e-02 6.7726085e-03
 5.6543248e-04 2.9533177e-03 2.3167536e-03 7.3034049e-04 6.2732459e-03
 1.9659186e-03 4.1211536e-09 1.5035721e-03 1.5700654e-03 5.7115941e-03
 1.3772735e-02 1.2389927e-02 1.9126385e-03 3.8090872e-03 3.7293010e-03
 3.7544200e-03 1.6293174e-03 3.2173374e-03 6.6400906e-03 1.7661469e-03
 1.0548674e-08 1.8631466e-03 1.4804531e-03]
[[2025-10-16 18:03:13]] Epoch 7/100, Validation Loss: 0.00805656
[[2025-10-16 18:03:13]] Mask: [3.90458223e-03 2.94696959e-03 4.22683824e-03 1.82430632e-03
 1.74890005e-03 3.99021010e-05 1.94966479e-03 1.77148648e-03
 1.41549492e-02 6.91496301e-03 4.88434336e-04 3.40452418e-03
 2.10969383e-03 8.24522635e-04 6.35077851e-03 1.96005171e-03
 4.07589962e-09 1.48282270e-03 1.53671089e-03 5.76168625e-03
 1.33501785e-02 1.34349773e-02 1.90845947e-03 3.52670625e-03
 3.65725835e-03 3.78745771e-03 1.52842782e-03 3.12583195e-03
 6.98327366e-03 1.87860522e-03 1.06167164e-08 1.76984305e-03
 1.51497405e-03]
[[2025-10-16 18:03:17]] Epoch 8/100, Validation Loss: 0.00811487
[[2025-10-16 18:03:17]] Mask: [4.0536099e-03 2.8804180e-03 4.0551466e-03 1.7520606e-03 2.0228897e-03
 3.7238766e-05 2.0065869e-03 1.7047428e-03 1.3710567e-02 7.6481318e-03
 4.9705186e-04 2.8593740e-03 2.0807844e-03 7.9778943e-04 6.5041529e-03
 1.8926663e-03 4.0450372e-09 1.4027995e-03 1.6718968e-03 5.6939516e-03
 1.2939661e-02 1.2771230e-02 2.0694684e-03 3.6696750e-03 3.3589941e-03
 4.0809242e-03 1.5791911e-03 3.1819860e-03 7.0571192e-03 1.8315616e-03
 1.0577444e-08 1.7211762e-03 1.4875089e-03]
[[2025-10-16 18:03:20]] Epoch 9/100, Validation Loss: 0.00829267
[[2025-10-16 18:03:20]] Mask: [3.9315773e-03 2.9352698e-03 3.7670331e-03 1.7291666e-03 1.8802735e-03
 4.2584517e-05 2.0866781e-03 1.5352016e-03 1.3661351e-02 8.0252197e-03
 5.3838006e-04 2.6861888e-03 2.3148276e-03 8.0906798e-04 5.8096941e-03
 1.8309943e-03 4.0337267e-09 1.5645496e-03 1.5509246e-03 5.5842930e-03
 1.3490767e-02 1.3149947e-02 2.1438471e-03 3.9465050e-03 3.4635125e-03
 4.0297094e-03 1.4443486e-03 2.7151816e-03 6.3872891e-03 1.7472567e-03
 1.0455051e-08 1.8699995e-03 1.5021096e-03]
[[2025-10-16 18:03:23]] Epoch 10/100, Validation Loss: 0.00803377
[[2025-10-16 18:03:23]] Mask: [4.1285772e-03 2.7764987e-03 3.5779015e-03 1.7347323e-03 1.9921390e-03
 4.2482625e-05 1.6663498e-03 1.6269124e-03 1.3855561e-02 8.0840895e-03
 5.2755483e-04 2.6807280e-03 2.5069951e-03 8.2748680e-04 5.6181154e-03
 1.8311066e-03 3.9996881e-09 1.5857463e-03 1.5918239e-03 5.3171432e-03
 1.3481422e-02 1.3714771e-02 2.3254824e-03 4.0175789e-03 3.3339381e-03
 3.9364952e-03 1.6181591e-03 2.9746634e-03 6.5279119e-03 1.8885731e-03
 1.0618417e-08 1.8829269e-03 1.5804063e-03]
[[2025-10-16 18:03:25]] Epoch 11/100, Validation Loss: 0.00801460
[[2025-10-16 18:03:25]] Mask: [3.9410451e-03 2.6902924e-03 3.2145432e-03 1.7858938e-03 1.9159539e-03
 4.1487361e-05 1.8490332e-03 1.6766462e-03 1.3371078e-02 7.4368156e-03
 4.7138889e-04 3.0796507e-03 2.7368341e-03 7.9426367e-04 6.0112667e-03
 1.7715725e-03 3.9542742e-09 1.5320342e-03 1.5585627e-03 5.2395668e-03
 1.3903424e-02 1.2809812e-02 2.1127949e-03 4.0362868e-03 3.2342703e-03
 3.8707750e-03 1.5591276e-03 2.8823963e-03 6.7992383e-03 2.1689371e-03
 1.0584103e-08 2.0781464e-03 1.9241881e-03]
[[2025-10-16 18:03:28]] Epoch 12/100, Validation Loss: 0.00826508
[[2025-10-16 18:03:28]] Mask: [3.6635119e-03 2.6857096e-03 3.2649827e-03 1.7902607e-03 1.9052268e-03
 4.4228065e-05 1.6161483e-03 1.7419262e-03 1.3198168e-02 7.5136567e-03
 4.8608187e-04 3.1643256e-03 3.1225784e-03 8.3062501e-04 5.8075516e-03
 1.8981771e-03 3.9306625e-09 1.7319393e-03 1.6069853e-03 5.2323225e-03
 1.3328277e-02 1.3228186e-02 2.1878371e-03 3.6539168e-03 3.6008423e-03
 4.1022021e-03 1.6631981e-03 3.3572915e-03 7.4491766e-03 2.0078504e-03
 1.0693558e-08 2.0717138e-03 1.8247284e-03]
[[2025-10-16 18:03:31]] Epoch 13/100, Validation Loss: 0.00874539
[[2025-10-16 18:03:31]] Mask: [3.6390387e-03 2.6384487e-03 3.4001651e-03 1.7659678e-03 2.1738736e-03
 4.4726134e-05 1.5784319e-03 1.6741075e-03 1.3302290e-02 7.5862468e-03
 4.4391316e-04 3.6219540e-03 2.8417541e-03 8.2682347e-04 5.6637926e-03
 1.8865068e-03 3.9380619e-09 1.6689410e-03 1.7010689e-03 5.0322921e-03
 1.2482585e-02 1.2631822e-02 2.0324760e-03 3.5781837e-03 3.3636459e-03
 3.3473915e-03 1.6887062e-03 3.6083984e-03 7.4529997e-03 2.1180271e-03
 1.0794359e-08 1.8326071e-03 1.8397884e-03]
[[2025-10-16 18:03:33]] Epoch 14/100, Validation Loss: 0.00795712
[[2025-10-16 18:03:33]] Mask: [3.86093650e-03 2.64895428e-03 3.37676657e-03 1.74811110e-03
 2.18795263e-03 4.57676579e-05 1.56215974e-03 1.57297135e-03
 1.34282615e-02 7.64048845e-03 4.30678163e-04 3.14736576e-03
 3.10946349e-03 8.05781106e-04 6.39083376e-03 1.87633547e-03
 3.90716215e-09 1.69791712e-03 1.80675928e-03 5.16235782e-03
 1.32936314e-02 1.26608294e-02 2.19374010e-03 3.45232408e-03
 2.83413823e-03 3.41864512e-03 1.62388745e-03 3.27153783e-03
 6.97880518e-03 2.10995181e-03 1.08199609e-08 1.78353209e-03
 1.84826599e-03]
[[2025-10-16 18:03:36]] Epoch 15/100, Validation Loss: 0.00805327
[[2025-10-16 18:03:36]] Mask: [3.7088541e-03 2.7395124e-03 3.6901329e-03 1.7021389e-03 2.2064866e-03
 4.7106623e-05 1.6119197e-03 1.5590779e-03 1.3207766e-02 7.0832600e-03
 3.7588124e-04 3.1036041e-03 2.9478495e-03 7.5135182e-04 6.0081589e-03
 1.9159866e-03 3.9046739e-09 1.7443366e-03 1.7536324e-03 5.1255962e-03
 1.3838897e-02 1.2483244e-02 2.2556710e-03 3.5078193e-03 3.5876506e-03
 3.5327170e-03 1.5313741e-03 2.8569130e-03 7.0489477e-03 1.9248769e-03
 1.0884686e-08 1.8175850e-03 1.8206077e-03]
[[2025-10-16 18:03:38]] Epoch 16/100, Validation Loss: 0.00847580
[[2025-10-16 18:03:38]] Mask: [3.5961815e-03 2.8289440e-03 3.6393984e-03 1.8171163e-03 1.9830321e-03
 4.5123143e-05 1.6116566e-03 1.6528448e-03 1.3525715e-02 7.5652888e-03
 4.5310106e-04 3.0512651e-03 3.2798466e-03 8.2137139e-04 6.1233765e-03
 1.9928149e-03 3.8497361e-09 1.6972076e-03 1.5959564e-03 4.9564168e-03
 1.2804519e-02 1.2908400e-02 2.0115038e-03 3.6304563e-03 3.5309554e-03
 3.6905361e-03 1.4821013e-03 2.8207626e-03 6.9667306e-03 1.9119086e-03
 1.0861770e-08 2.0041333e-03 2.0065401e-03]
[[2025-10-16 18:03:40]] Epoch 17/100, Validation Loss: 0.00795516
[[2025-10-16 18:03:40]] Mask: [3.67479702e-03 2.70321290e-03 3.73124890e-03 1.70572253e-03
 1.99600030e-03 4.62595926e-05 1.70709041e-03 1.81404746e-03
 1.35093993e-02 7.50359660e-03 4.54735564e-04 3.01250373e-03
 3.23129725e-03 7.95488071e-04 6.11510826e-03 1.85304973e-03
 3.84181353e-09 1.72495982e-03 1.65324227e-03 4.95540537e-03
 1.33482069e-02 1.24502629e-02 2.07954901e-03 3.59047065e-03
 3.51199694e-03 3.65848164e-03 1.52438576e-03 2.74575688e-03
 6.71301410e-03 1.86566822e-03 1.08730465e-08 2.10839114e-03
 1.90510717e-03]
[[2025-10-16 18:03:43]] Epoch 18/100, Validation Loss: 0.00806028
[[2025-10-16 18:03:43]] Mask: [3.7834498e-03 2.9293990e-03 3.3805268e-03 1.7549811e-03 2.1913615e-03
 4.6842502e-05 1.7615056e-03 1.6774053e-03 1.3264067e-02 7.3985131e-03
 4.5806001e-04 3.0802172e-03 3.4444912e-03 7.7696092e-04 6.0852352e-03
 1.8672913e-03 3.8301220e-09 1.6941653e-03 1.4856622e-03 5.0871638e-03
 1.2967578e-02 1.2501526e-02 2.2685046e-03 3.5364272e-03 3.3334405e-03
 3.3155568e-03 1.5164715e-03 3.2167120e-03 6.2686224e-03 1.7227583e-03
 1.1076148e-08 1.8662731e-03 2.0368912e-03]
[[2025-10-16 18:03:45]] Epoch 19/100, Validation Loss: 0.00887689
[[2025-10-16 18:03:45]] Mask: [3.58025846e-03 2.96644401e-03 3.65682738e-03 1.70602370e-03
 2.09923740e-03 4.47864841e-05 1.65007589e-03 1.58218318e-03
 1.27600348e-02 7.66258873e-03 4.37191833e-04 2.90485052e-03
 3.29325651e-03 7.26886443e-04 5.79794822e-03 1.85097824e-03
 3.78354370e-09 1.63470849e-03 1.53974805e-03 5.18821878e-03
 1.28576392e-02 1.19799851e-02 2.46278336e-03 3.43461893e-03
 3.75390123e-03 3.52438097e-03 1.56026951e-03 2.85512861e-03
 6.47741603e-03 1.76507712e-03 1.10837775e-08 1.75415585e-03
 2.02850089e-03]
[[2025-10-16 18:03:48]] Epoch 20/100, Validation Loss: 0.00854848
[[2025-10-16 18:03:48]] Mask: [3.7239601e-03 2.8064116e-03 3.4688686e-03 1.7153927e-03 1.9948806e-03
 4.2544169e-05 1.6602625e-03 1.5250855e-03 1.3358447e-02 7.1732914e-03
 4.1592531e-04 3.1311307e-03 3.7514623e-03 7.9159229e-04 6.3203932e-03
 1.8491292e-03 3.7322812e-09 1.5423350e-03 1.6338621e-03 5.4125008e-03
 1.2745507e-02 1.1955865e-02 2.0595226e-03 3.3057984e-03 3.5582324e-03
 3.7985009e-03 1.6325854e-03 3.0095878e-03 7.4082087e-03 1.8535904e-03
 1.1136755e-08 1.7641815e-03 2.1579424e-03]
[[2025-10-16 18:03:50]] Epoch 21/100, Validation Loss: 0.00794131
[[2025-10-16 18:03:50]] Mask: [3.7030934e-03 2.7255295e-03 3.6309944e-03 1.7543664e-03 2.1512767e-03
 4.3939210e-05 2.0251560e-03 1.5737346e-03 1.3223668e-02 6.5980549e-03
 3.9377954e-04 3.2050097e-03 3.4947146e-03 7.8320591e-04 5.8551128e-03
 1.8758463e-03 3.7295202e-09 1.6561829e-03 1.5913041e-03 5.2108038e-03
 1.2851329e-02 1.2592879e-02 1.7754710e-03 3.1391347e-03 3.4695773e-03
 3.9372826e-03 1.6407110e-03 2.9535508e-03 6.5510031e-03 1.8580961e-03
 1.1245595e-08 1.6965275e-03 2.0098898e-03]
[[2025-10-16 18:03:53]] Epoch 22/100, Validation Loss: 0.00810302
[[2025-10-16 18:03:53]] Mask: [3.8250159e-03 2.8021298e-03 4.0345504e-03 1.8298180e-03 2.2888626e-03
 4.4164801e-05 1.7073764e-03 1.6931454e-03 1.2880640e-02 6.2391623e-03
 3.5317469e-04 3.3888202e-03 3.1596019e-03 7.4770796e-04 5.4208417e-03
 1.8493130e-03 3.7282328e-09 1.6391496e-03 1.5676939e-03 5.0150454e-03
 1.3618081e-02 1.3153003e-02 1.9499877e-03 3.4150260e-03 3.9800652e-03
 4.0900428e-03 1.7835321e-03 3.2579729e-03 6.7403237e-03 1.8929213e-03
 1.1177997e-08 1.7379151e-03 1.8179502e-03]
[[2025-10-16 18:03:55]] Epoch 23/100, Validation Loss: 0.00823302
[[2025-10-16 18:03:55]] Mask: [3.9295126e-03 2.7465678e-03 3.6351196e-03 1.8347611e-03 2.2239699e-03
 4.2849017e-05 1.6837030e-03 1.6416408e-03 1.3409866e-02 6.5768049e-03
 3.6081389e-04 3.8203311e-03 3.3748590e-03 7.7876844e-04 5.5816430e-03
 1.7403846e-03 3.6991139e-09 1.6051190e-03 1.6064682e-03 5.2972399e-03
 1.3027858e-02 1.1660197e-02 1.9290891e-03 3.4116616e-03 3.6488776e-03
 4.0091393e-03 1.6383320e-03 3.0467573e-03 6.6961995e-03 1.7893423e-03
 1.1252846e-08 1.7335509e-03 2.0565356e-03]
[[2025-10-16 18:03:58]] Epoch 24/100, Validation Loss: 0.00812781
[[2025-10-16 18:03:58]] Mask: [3.6734305e-03 2.8410247e-03 3.7565774e-03 1.8266698e-03 1.9664096e-03
 4.0922783e-05 1.6807457e-03 1.7258617e-03 1.2954463e-02 6.5729958e-03
 3.7129852e-04 3.5069843e-03 3.7240537e-03 7.8941107e-04 5.7025296e-03
 1.7074407e-03 3.6380710e-09 1.5537322e-03 1.4837711e-03 5.2917949e-03
 1.2916892e-02 1.2445680e-02 2.1853519e-03 3.4205951e-03 3.5871801e-03
 3.5556820e-03 1.6716119e-03 2.9989090e-03 7.0618116e-03 1.7034197e-03
 1.1282698e-08 1.6907001e-03 2.2022047e-03]
[[2025-10-16 18:04:00]] Epoch 25/100, Validation Loss: 0.00815965
[[2025-10-16 18:04:00]] Mask: [3.73312109e-03 2.86549865e-03 3.67441843e-03 1.67698297e-03
 2.10573431e-03 3.94528943e-05 1.76745979e-03 1.87269365e-03
 1.29106306e-02 6.79828785e-03 3.77028366e-04 3.15708853e-03
 3.69827286e-03 8.04256822e-04 6.40702015e-03 1.73286616e-03
 3.61781693e-09 1.50633510e-03 1.40619150e-03 5.46299107e-03
 1.27518745e-02 1.22125037e-02 2.10953318e-03 3.82230966e-03
 3.85296927e-03 3.49935074e-03 1.68004259e-03 3.03959171e-03
 6.42836746e-03 1.76939485e-03 1.13381828e-08 1.64915714e-03
 2.17735791e-03]
[[2025-10-16 18:04:03]] Epoch 26/100, Validation Loss: 0.00812731
[[2025-10-16 18:04:03]] Mask: [3.64685152e-03 2.85506458e-03 3.73801030e-03 1.71297905e-03
 2.07549194e-03 3.53501819e-05 1.85428828e-03 1.68931810e-03
 1.23069528e-02 6.72497647e-03 3.66714870e-04 2.89375102e-03
 3.55957006e-03 8.29892000e-04 6.27389131e-03 1.75253674e-03
 3.59775099e-09 1.39906385e-03 1.53402670e-03 5.08338073e-03
 1.22548435e-02 1.19907027e-02 2.01611430e-03 3.95707553e-03
 3.93611379e-03 3.61893512e-03 1.67603092e-03 3.17938556e-03
 6.88585779e-03 1.73910684e-03 1.12423351e-08 1.84024114e-03
 2.06477731e-03]
[[2025-10-16 18:04:06]] Epoch 27/100, Validation Loss: 0.00852021
[[2025-10-16 18:04:06]] Mask: [3.5775425e-03 2.9454303e-03 3.8053745e-03 1.6950550e-03 1.9352316e-03
 3.8149828e-05 1.6049875e-03 1.7468617e-03 1.2354881e-02 6.7526959e-03
 3.9594815e-04 3.0357374e-03 3.2951932e-03 8.4949407e-04 5.6971111e-03
 1.8013529e-03 3.5757497e-09 1.5320838e-03 1.5606701e-03 5.3020986e-03
 1.2016603e-02 1.2853270e-02 2.1937296e-03 3.7579783e-03 4.1729999e-03
 3.4985824e-03 1.6456696e-03 3.3038587e-03 6.5067508e-03 1.7770984e-03
 1.1391248e-08 1.8249725e-03 2.0767378e-03]
[[2025-10-16 18:04:09]] Epoch 28/100, Validation Loss: 0.00852425
[[2025-10-16 18:04:09]] Mask: [3.5424393e-03 2.9044140e-03 3.2654591e-03 1.7365548e-03 2.0576515e-03
 3.4550332e-05 1.6870477e-03 1.6428877e-03 1.2528221e-02 6.3438611e-03
 3.6902528e-04 3.7743016e-03 3.7104827e-03 8.1658480e-04 5.6275828e-03
 1.7978128e-03 3.5451089e-09 1.4499347e-03 1.6063520e-03 5.7686856e-03
 1.1921451e-02 1.2092921e-02 2.4665827e-03 3.6623338e-03 3.7380138e-03
 3.3162029e-03 1.5459366e-03 3.5502699e-03 7.1985950e-03 1.9150914e-03
 1.1403508e-08 1.7259070e-03 2.0542587e-03]
[[2025-10-16 18:04:11]] Epoch 29/100, Validation Loss: 0.00798521
[[2025-10-16 18:04:11]] Mask: [3.5914450e-03 2.8369576e-03 3.6242004e-03 1.7929981e-03 2.2142397e-03
 3.4887678e-05 1.6781505e-03 1.7288341e-03 1.3221540e-02 6.9294772e-03
 4.0905597e-04 3.6834877e-03 3.3592195e-03 8.2200475e-04 5.3774291e-03
 1.7878831e-03 3.5447780e-09 1.5057785e-03 1.5647970e-03 5.3086211e-03
 1.2550610e-02 1.2005122e-02 2.6481031e-03 3.7241848e-03 3.4240491e-03
 3.4315488e-03 1.9758090e-03 3.6825656e-03 6.6867927e-03 1.7232652e-03
 1.1350886e-08 1.9391461e-03 1.9268043e-03]
[[2025-10-16 18:04:13]] Epoch 30/100, Validation Loss: 0.00845645
[[2025-10-16 18:04:13]] Mask: [3.34089436e-03 2.86157615e-03 3.60450544e-03 1.75395061e-03
 2.03899853e-03 3.41166706e-05 1.83285843e-03 1.77138287e-03
 1.28226327e-02 6.37768162e-03 4.12750902e-04 4.07255813e-03
 3.29286512e-03 8.24012794e-04 5.22574224e-03 1.80024887e-03
 3.50378704e-09 1.54442189e-03 1.58363534e-03 4.72956756e-03
 1.15372008e-02 1.20549835e-02 2.84978212e-03 3.78043647e-03
 4.01777355e-03 3.63309262e-03 1.69052882e-03 3.07580712e-03
 6.43856358e-03 1.74459966e-03 1.14567467e-08 2.08597514e-03
 1.93681358e-03]
[[2025-10-16 18:04:16]] Epoch 31/100, Validation Loss: 0.00801228
[[2025-10-16 18:04:16]] Mask: [3.5442107e-03 2.9443044e-03 4.0993337e-03 1.7145893e-03 1.9915616e-03
 3.2323445e-05 1.7341172e-03 1.5756465e-03 1.2592690e-02 6.9096764e-03
 4.0977210e-04 3.8109478e-03 3.6119560e-03 8.2826620e-04 5.4788045e-03
 1.8887555e-03 3.4676264e-09 1.4763409e-03 1.3686867e-03 4.5072585e-03
 1.2227889e-02 1.2756317e-02 2.6740474e-03 3.6572653e-03 3.7056576e-03
 3.4755873e-03 2.0003915e-03 3.0176579e-03 6.7721144e-03 1.6719279e-03
 1.1612619e-08 1.9717859e-03 2.1336500e-03]
[[2025-10-16 18:04:19]] Epoch 32/100, Validation Loss: 0.00865095
[[2025-10-16 18:04:19]] Mask: [3.3838267e-03 2.9874765e-03 3.8753226e-03 1.7841901e-03 1.8352844e-03
 3.0771109e-05 1.7805903e-03 1.5338223e-03 1.2625752e-02 7.5214766e-03
 4.0668010e-04 3.7187112e-03 4.0268418e-03 8.6118083e-04 5.4553151e-03
 1.9102551e-03 3.4281296e-09 1.5385178e-03 1.4706292e-03 4.6270643e-03
 1.2392418e-02 1.3228229e-02 2.6553972e-03 3.7427277e-03 3.6077194e-03
 3.6110552e-03 1.7496479e-03 3.1438521e-03 6.8129110e-03 1.9469527e-03
 1.1675449e-08 1.9262900e-03 1.9998860e-03]
[[2025-10-16 18:04:22]] Epoch 33/100, Validation Loss: 0.00803571
[[2025-10-16 18:04:22]] Mask: [3.5661147e-03 2.8597875e-03 3.9838911e-03 1.7806768e-03 2.0016569e-03
 2.7725357e-05 1.8196668e-03 1.6289807e-03 1.2845063e-02 7.4651218e-03
 3.9571020e-04 3.4382525e-03 3.7794420e-03 8.2162151e-04 5.5626403e-03
 1.7990351e-03 3.4134882e-09 1.3816094e-03 1.4696011e-03 4.7032381e-03
 1.1904170e-02 1.1251555e-02 2.5175523e-03 3.2393243e-03 3.5771348e-03
 3.4543967e-03 1.6401026e-03 3.0194835e-03 6.3075288e-03 2.0371529e-03
 1.1741754e-08 2.0934320e-03 2.1993020e-03]
[[2025-10-16 18:04:24]] Epoch 34/100, Validation Loss: 0.01000626
[[2025-10-16 18:04:24]] Mask: [3.4159380e-03 2.8156210e-03 3.6532241e-03 1.7998960e-03 2.1667022e-03
 3.0239566e-05 1.8471297e-03 1.5231117e-03 1.2475152e-02 7.5334311e-03
 3.7580868e-04 3.2650260e-03 3.8405221e-03 8.4476115e-04 5.5261143e-03
 1.8703822e-03 3.4014520e-09 1.5028371e-03 1.4714075e-03 4.8702732e-03
 1.1800647e-02 1.2232065e-02 2.5172266e-03 3.6533892e-03 3.2730415e-03
 3.7522949e-03 1.9667523e-03 3.2727197e-03 6.2448708e-03 1.8495260e-03
 1.1858135e-08 1.9025728e-03 1.9482010e-03]
[[2025-10-16 18:04:27]] Epoch 35/100, Validation Loss: 0.00818717
[[2025-10-16 18:04:27]] Mask: [3.4786090e-03 2.9915713e-03 4.1064373e-03 1.7015298e-03 1.9876296e-03
 3.1305663e-05 1.6784501e-03 1.6468796e-03 1.2043926e-02 6.8481578e-03
 3.5965673e-04 3.1475993e-03 3.8786707e-03 7.6263869e-04 5.6297337e-03
 1.7383759e-03 3.3762368e-09 1.5953486e-03 1.5332287e-03 4.9759122e-03
 1.1903480e-02 1.2726883e-02 2.5077786e-03 3.5544422e-03 3.4443242e-03
 3.4422367e-03 1.9401921e-03 3.3117174e-03 6.0181199e-03 1.7261895e-03
 1.2025796e-08 1.7003542e-03 1.8273749e-03]
[[2025-10-16 18:04:29]] Epoch 36/100, Validation Loss: 0.00800624
[[2025-10-16 18:04:29]] Mask: [3.41389980e-03 2.83949450e-03 3.60340113e-03 1.70362892e-03
 2.02398445e-03 3.09583338e-05 1.67528901e-03 1.60506100e-03
 1.26022045e-02 6.67711115e-03 3.66811350e-04 3.53448698e-03
 4.37070150e-03 7.57000060e-04 5.93028218e-03 1.66317110e-03
 3.34268035e-09 1.57187018e-03 1.50368875e-03 5.31833898e-03
 1.12827970e-02 1.17701255e-02 2.22221832e-03 3.46173206e-03
 3.48421535e-03 3.24133248e-03 1.95390219e-03 3.26918904e-03
 6.46534562e-03 1.75192207e-03 1.21602213e-08 1.69291557e-03
 2.09614215e-03]
[[2025-10-16 18:04:31]] Epoch 37/100, Validation Loss: 0.00848661
[[2025-10-16 18:04:31]] Mask: [3.40335467e-03 2.94274697e-03 3.56239197e-03 1.74922403e-03
 1.98372104e-03 3.03216621e-05 1.57529907e-03 1.52268901e-03
 1.25107132e-02 6.65540621e-03 3.81312624e-04 2.93599418e-03
 3.84244695e-03 7.30732048e-04 5.82907395e-03 1.72453048e-03
 3.32277139e-09 1.65192527e-03 1.60842354e-03 4.76998789e-03
 1.15288505e-02 1.16452323e-02 2.18038005e-03 3.41350865e-03
 3.72825097e-03 3.33638047e-03 1.90663384e-03 3.32793989e-03
 6.33158861e-03 1.82007474e-03 1.21364243e-08 1.81595422e-03
 2.07772013e-03]
[[2025-10-16 18:04:36]] Epoch 38/100, Validation Loss: 0.00959814
[[2025-10-16 18:04:36]] Mask: [3.5863225e-03 2.8768238e-03 4.0776986e-03 1.6759846e-03 2.1975457e-03
 2.8279212e-05 1.6914078e-03 1.5432341e-03 1.2831539e-02 7.1075042e-03
 3.6727937e-04 3.2694656e-03 3.6939972e-03 7.9203106e-04 5.8543771e-03
 1.6619950e-03 3.3111747e-09 1.5514689e-03 1.5463253e-03 4.7856919e-03
 1.2103008e-02 1.2030991e-02 2.0892345e-03 3.4186400e-03 4.1452711e-03
 3.3462020e-03 1.8101911e-03 2.9676429e-03 6.4376569e-03 1.9365324e-03
 1.2151226e-08 1.6949340e-03 1.9621723e-03]
[[2025-10-16 18:04:38]] Epoch 39/100, Validation Loss: 0.01011481
[[2025-10-16 18:04:38]] Mask: [3.3399800e-03 2.8625152e-03 4.0156986e-03 1.8126630e-03 2.0321559e-03
 3.2342839e-05 1.9195032e-03 1.7756223e-03 1.2242625e-02 7.5476556e-03
 3.8470136e-04 3.4680050e-03 4.1899546e-03 7.6559430e-04 5.6326333e-03
 1.7604881e-03 3.2894387e-09 1.8935924e-03 1.3310303e-03 4.6610171e-03
 1.1511480e-02 1.2450205e-02 2.1890607e-03 3.5752181e-03 3.7398182e-03
 3.1774624e-03 1.8029974e-03 2.9936996e-03 6.2620761e-03 1.7227409e-03
 1.2247487e-08 1.6682111e-03 1.8470004e-03]
[[2025-10-16 18:04:40]] Epoch 40/100, Validation Loss: 0.00817846
[[2025-10-16 18:04:40]] Mask: [3.5437541e-03 2.8789188e-03 3.6241966e-03 1.6426530e-03 1.9632352e-03
 2.9405190e-05 1.7762232e-03 1.8126320e-03 1.2584617e-02 7.6016844e-03
 3.8018127e-04 3.4167739e-03 4.4307834e-03 8.0770871e-04 5.9244325e-03
 1.6863131e-03 3.2632301e-09 1.7366358e-03 1.3871263e-03 4.8973588e-03
 1.2133439e-02 1.1404106e-02 1.8992055e-03 3.4098187e-03 3.3020361e-03
 2.9897485e-03 1.6345420e-03 2.6412972e-03 6.4512440e-03 1.7758530e-03
 1.2230982e-08 1.8017627e-03 2.1006044e-03]
[[2025-10-16 18:04:43]] Epoch 41/100, Validation Loss: 0.00838989
[[2025-10-16 18:04:43]] Mask: [3.4141787e-03 2.7074264e-03 3.8648446e-03 1.6986812e-03 1.9957446e-03
 2.9885536e-05 1.7793620e-03 1.6100009e-03 1.2502033e-02 6.3840034e-03
 3.8553329e-04 3.5774694e-03 4.2813439e-03 7.3526480e-04 5.4836133e-03
 1.6903364e-03 3.2489706e-09 1.8837211e-03 1.2652309e-03 5.0318623e-03
 1.1833176e-02 1.2232480e-02 2.0044728e-03 3.5531286e-03 3.1872764e-03
 3.2612262e-03 1.5725273e-03 2.7581376e-03 6.3618282e-03 1.7927702e-03
 1.2206395e-08 1.9299173e-03 2.0762833e-03]
[[2025-10-16 18:04:45]] Epoch 42/100, Validation Loss: 0.00810443
[[2025-10-16 18:04:45]] Mask: [3.44571727e-03 2.71770987e-03 3.78392776e-03 1.71760039e-03
 2.13325722e-03 2.88611100e-05 1.73565815e-03 1.70291530e-03
 1.21785374e-02 6.71718363e-03 3.62828112e-04 3.29257408e-03
 4.13686875e-03 7.25998543e-04 5.88903902e-03 1.79499108e-03
 3.23329941e-09 1.73734769e-03 1.26760837e-03 5.07570058e-03
 1.14881014e-02 1.21242804e-02 1.74858386e-03 3.75209353e-03
 3.30525963e-03 3.53509979e-03 1.63172360e-03 2.60900077e-03
 6.16166182e-03 1.81437912e-03 1.23563355e-08 1.78733177e-03
 2.23249639e-03]
[[2025-10-16 18:04:47]] Epoch 43/100, Validation Loss: 0.00817988
[[2025-10-16 18:04:47]] Mask: [3.6343874e-03 2.8098605e-03 4.1114190e-03 1.6352091e-03 2.1363655e-03
 2.9632476e-05 1.7301264e-03 1.7523558e-03 1.1894959e-02 7.1407673e-03
 3.5492104e-04 3.6790892e-03 3.9562657e-03 6.8699231e-04 6.0776952e-03
 1.8024361e-03 3.1994363e-09 1.7314282e-03 1.2138480e-03 4.9204882e-03
 1.2599979e-02 1.1599532e-02 1.7463954e-03 3.4820505e-03 3.2419888e-03
 3.3669868e-03 1.7031108e-03 2.7557060e-03 6.5343939e-03 1.9951616e-03
 1.2542855e-08 1.7937475e-03 2.0292462e-03]
[[2025-10-16 18:04:50]] Epoch 44/100, Validation Loss: 0.00826987
[[2025-10-16 18:04:50]] Mask: [3.4504905e-03 2.8068586e-03 3.7340238e-03 1.5985911e-03 2.2126734e-03
 2.8242561e-05 1.7342065e-03 1.5822058e-03 1.2347307e-02 6.2070191e-03
 3.7327374e-04 3.5224643e-03 4.3939468e-03 7.0305320e-04 6.3274438e-03
 1.6948396e-03 3.1804470e-09 1.6607147e-03 1.2866963e-03 4.9740691e-03
 1.2098539e-02 1.1783328e-02 1.7872425e-03 4.0292540e-03 3.5423788e-03
 3.5092514e-03 1.7292718e-03 2.9547866e-03 6.0579325e-03 1.7332251e-03
 1.2417670e-08 2.0901493e-03 1.9565774e-03]
[[2025-10-16 18:04:53]] Epoch 45/100, Validation Loss: 0.00854238
[[2025-10-16 18:04:53]] Mask: [3.46137350e-03 2.90977280e-03 4.05105622e-03 1.68735057e-03
 2.33844551e-03 2.78759962e-05 1.79448025e-03 1.62520690e-03
 1.18618645e-02 6.58531906e-03 3.88433109e-04 3.31248413e-03
 3.71529977e-03 6.80749305e-04 5.91513887e-03 1.63039344e-03
 3.18613580e-09 1.64028455e-03 1.30011630e-03 4.53732023e-03
 1.22037977e-02 1.21878451e-02 1.98431686e-03 3.67189152e-03
 3.68588255e-03 3.39703355e-03 1.83380512e-03 2.85578985e-03
 6.10169629e-03 1.61087117e-03 1.26814381e-08 1.91455462e-03
 1.69659371e-03]
[[2025-10-16 18:04:55]] Epoch 46/100, Validation Loss: 0.00805385
[[2025-10-16 18:04:55]] Mask: [3.4540140e-03 2.8098966e-03 3.6998473e-03 1.6655275e-03 2.1061392e-03
 2.6811795e-05 1.6676482e-03 1.6876824e-03 1.2407222e-02 6.4962567e-03
 3.7858560e-04 3.5954232e-03 4.8192730e-03 6.9825561e-04 6.0544512e-03
 1.7109970e-03 3.1531153e-09 1.6799209e-03 1.3633611e-03 4.7483379e-03
 1.1840359e-02 1.1723858e-02 2.1220341e-03 3.4417720e-03 3.3452129e-03
 3.1347137e-03 1.8504480e-03 2.8330388e-03 6.1061969e-03 1.8095331e-03
 1.2671260e-08 1.7394214e-03 1.9850649e-03]
[[2025-10-16 18:04:58]] Epoch 47/100, Validation Loss: 0.00817813
[[2025-10-16 18:04:58]] Mask: [3.5535016e-03 2.9053339e-03 3.6327250e-03 1.6617876e-03 2.2559166e-03
 2.6276979e-05 1.5140394e-03 1.5696394e-03 1.1903128e-02 6.2258253e-03
 4.0300700e-04 3.5429967e-03 4.0938961e-03 6.4513471e-04 6.4852429e-03
 1.6889651e-03 3.1419489e-09 1.5602645e-03 1.3515365e-03 4.5424062e-03
 1.1961250e-02 1.1583017e-02 1.9446561e-03 3.3813447e-03 3.8422993e-03
 3.1780002e-03 1.9685819e-03 3.0946736e-03 6.6866502e-03 1.9442553e-03
 1.2594060e-08 2.0177038e-03 1.9254797e-03]
[[2025-10-16 18:05:00]] Epoch 48/100, Validation Loss: 0.00849357
[[2025-10-16 18:05:00]] Mask: [3.51903145e-03 2.93516112e-03 3.72941652e-03 1.64115697e-03
 2.26338720e-03 2.52891277e-05 1.69368391e-03 1.46576238e-03
 1.30493967e-02 7.53010577e-03 3.97699041e-04 3.79123981e-03
 4.29039495e-03 7.26188126e-04 5.88795589e-03 1.64148991e-03
 3.14268012e-09 1.53127720e-03 1.38041389e-03 4.82503930e-03
 1.14508737e-02 1.17302528e-02 1.91127078e-03 3.89862619e-03
 3.70825687e-03 3.50490701e-03 1.88625173e-03 2.97346152e-03
 6.24014763e-03 1.95689499e-03 1.28668995e-08 1.89697347e-03
 1.81781349e-03]
[[2025-10-16 18:05:02]] Epoch 49/100, Validation Loss: 0.00796955
[[2025-10-16 18:05:02]] Mask: [3.4188854e-03 3.0392611e-03 3.6127197e-03 1.6532973e-03 2.1114673e-03
 2.6883868e-05 1.7026067e-03 1.4738741e-03 1.2608109e-02 6.6809482e-03
 3.9592909e-04 3.0840572e-03 3.8282659e-03 7.4090017e-04 5.8870651e-03
 1.7579207e-03 3.1175695e-09 1.5596375e-03 1.4336469e-03 4.6188100e-03
 1.1565860e-02 1.1715972e-02 1.9826491e-03 3.7507587e-03 3.3088869e-03
 3.6718391e-03 2.1957315e-03 3.2158608e-03 6.3615870e-03 1.9677465e-03
 1.2767401e-08 1.8631633e-03 1.7154539e-03]
[[2025-10-16 18:05:05]] Epoch 50/100, Validation Loss: 0.00797865
[[2025-10-16 18:05:05]] Mask: [3.53474356e-03 2.88338470e-03 4.01022844e-03 1.62282411e-03
 2.17307825e-03 2.51418678e-05 1.74530095e-03 1.62208022e-03
 1.21884244e-02 6.45159837e-03 4.31416556e-04 3.46282753e-03
 3.33388709e-03 7.21868826e-04 6.06593117e-03 1.70938356e-03
 3.09581694e-09 1.41894561e-03 1.43568928e-03 4.86033410e-03
 1.14646675e-02 1.17094861e-02 2.25723721e-03 3.25865904e-03
 3.42701026e-03 3.21311201e-03 2.08660075e-03 3.13135097e-03
 6.48975745e-03 1.94803509e-03 1.27538451e-08 1.90314348e-03
 1.65058591e-03]
[[2025-10-16 18:05:08]] Epoch 51/100, Validation Loss: 0.00880822
[[2025-10-16 18:05:08]] Mask: [3.5137751e-03 2.8784808e-03 3.4768772e-03 1.6133308e-03 2.1011501e-03
 2.4884557e-05 1.7314694e-03 1.5932590e-03 1.1728545e-02 6.2767221e-03
 4.1552863e-04 3.4977996e-03 3.6389711e-03 7.5100566e-04 6.4466032e-03
 1.7231519e-03 3.0726628e-09 1.4518697e-03 1.4017212e-03 4.7622439e-03
 1.1581254e-02 1.1892161e-02 2.3721717e-03 3.3365898e-03 3.3175144e-03
 3.3307278e-03 2.2044375e-03 3.1046933e-03 6.2382142e-03 1.7992270e-03
 1.2753992e-08 1.9958026e-03 1.8380930e-03]
[[2025-10-16 18:05:10]] Epoch 52/100, Validation Loss: 0.00807943
[[2025-10-16 18:05:10]] Mask: [3.4876245e-03 2.8324015e-03 3.9890958e-03 1.5096406e-03 2.1341690e-03
 2.4618985e-05 1.8050007e-03 1.6238389e-03 1.2195035e-02 6.4866222e-03
 4.0255199e-04 3.2517822e-03 3.7351756e-03 8.5345743e-04 6.0617006e-03
 1.6473141e-03 3.0583551e-09 1.4845894e-03 1.4217144e-03 4.4945655e-03
 1.1057692e-02 1.1722887e-02 2.1200741e-03 3.6143903e-03 3.3491801e-03
 3.0491988e-03 2.0519206e-03 2.9212600e-03 6.2991241e-03 1.9002272e-03
 1.2837018e-08 1.9503912e-03 1.8011549e-03]
[[2025-10-16 18:05:13]] Epoch 53/100, Validation Loss: 0.00857530
[[2025-10-16 18:05:13]] Mask: [3.2881764e-03 2.7857397e-03 3.6082116e-03 1.5987039e-03 2.0868310e-03
 2.6464937e-05 1.6866825e-03 1.6446075e-03 1.2370815e-02 6.7638797e-03
 4.1359177e-04 3.2281089e-03 3.7637148e-03 8.0122234e-04 5.7695364e-03
 1.7086252e-03 3.0463909e-09 1.6498043e-03 1.4139095e-03 4.6338597e-03
 1.1796966e-02 1.2169912e-02 2.2718527e-03 3.5018907e-03 3.6074470e-03
 3.3507226e-03 2.1450028e-03 2.8603245e-03 6.4174342e-03 1.7115216e-03
 1.2933259e-08 1.8600852e-03 1.6869346e-03]
[[2025-10-16 18:05:15]] Epoch 54/100, Validation Loss: 0.00819716
[[2025-10-16 18:05:15]] Mask: [3.6010512e-03 2.8813756e-03 3.7073251e-03 1.6010877e-03 2.1644507e-03
 2.3970875e-05 1.6479950e-03 1.5509172e-03 1.2037420e-02 6.8951440e-03
 3.6832129e-04 2.9548567e-03 3.9258916e-03 6.9965818e-04 5.7564187e-03
 1.7018327e-03 3.0283391e-09 1.4683106e-03 1.4480705e-03 4.5879651e-03
 1.2237702e-02 1.1850519e-02 2.1657581e-03 3.2023587e-03 3.2219056e-03
 3.3343434e-03 2.2632247e-03 2.7872066e-03 5.9891553e-03 1.7790738e-03
 1.3063991e-08 1.8314195e-03 1.9291551e-03]
[[2025-10-16 18:05:15]] Early stopping at epoch 54/100
