[[2025-10-15 20:25:18]] Starting training on model: model_[33, 32, 32, 1]_output_Sigmoid_intermediate_ReLU_normalized_data_True_loss_MSELoss
[[2025-10-15 20:25:20]] Epoch 1/30, Validation Loss: 0.02162040
[[2025-10-15 20:25:20]] Mask: [ 0.04045245  0.01367232 -0.00433057  0.00602575 -0.03688288 -0.02837817
  0.01103079 -0.00057547  0.04989858  0.00163776 -0.00877231 -0.00473755
 -0.0134832  -0.04220982  0.01805858  0.00291025 -0.05642622 -0.03789644
 -0.01852424  0.01025431  0.05778294  0.06113486  0.0124835  -0.00675629
 -0.03071535 -0.01199237  0.00301332 -0.01274153  0.02236914 -0.00728845
  0.00646746  0.00344149 -0.00065354]
[[2025-10-15 20:25:22]] Epoch 2/30, Validation Loss: 0.02139146
[[2025-10-15 20:25:22]] Mask: [ 0.05699115  0.03171957 -0.0044773  -0.00206336 -0.05612908 -0.03991317
 -0.0123332  -0.01726386  0.06314469 -0.01728117 -0.02254613 -0.00095342
 -0.01552354 -0.05659143  0.00670748 -0.00576476 -0.09405815 -0.06760211
 -0.01585338  0.02026944  0.05856143  0.07984865  0.00267751 -0.02874264
 -0.05183235 -0.02605906  0.01084235 -0.01010964  0.01642453 -0.0011869
  0.03081111  0.00356386  0.01848069]
[[2025-10-15 20:25:24]] Epoch 3/30, Validation Loss: 0.02117118
[[2025-10-15 20:25:24]] Mask: [ 0.05394489  0.03480927 -0.00391494  0.00935397 -0.07768834 -0.05250779
 -0.01155705 -0.03389208  0.07692594 -0.02693074 -0.02491986 -0.02056691
 -0.00603719 -0.07096803  0.00075268 -0.01274868 -0.12506336 -0.0799911
 -0.02091182  0.014732    0.08119226  0.09492185 -0.00305564 -0.03882192
 -0.05800892 -0.04895507  0.0025061  -0.01251344  0.02293018 -0.00552503
  0.03674475 -0.00314612  0.01645457]
[[2025-10-15 20:25:26]] Epoch 4/30, Validation Loss: 0.02116054
[[2025-10-15 20:25:26]] Mask: [ 0.06742179  0.04615467 -0.02095457 -0.0048341  -0.09152894 -0.06738799
 -0.02158634 -0.03931762  0.08850949 -0.05126642 -0.04573422 -0.03819268
 -0.00400102 -0.0853591  -0.00902211 -0.01973443 -0.1550624  -0.09451354
 -0.02365027  0.01679342  0.08815515  0.10879348 -0.00088193 -0.0419171
 -0.06984381 -0.05182801 -0.00180674 -0.01595184  0.02512924 -0.01695882
  0.05725833 -0.02220456  0.02444388]
[[2025-10-15 20:25:28]] Epoch 5/30, Validation Loss: 0.02105456
[[2025-10-15 20:25:28]] Mask: [ 0.07446598  0.05054544  0.00475218 -0.00524966 -0.10013364 -0.07583638
 -0.04515677 -0.04018312  0.09281586 -0.07045575 -0.04373797 -0.03815664
  0.00190122 -0.1033591  -0.00745349 -0.01493625 -0.1860365  -0.09696636
 -0.01689886  0.01760581  0.08309864  0.11911017 -0.00983862 -0.05132527
 -0.08133847 -0.06103998 -0.00713097 -0.01742208  0.01750897 -0.01001967
  0.08326413 -0.02881324  0.0362271 ]
[[2025-10-15 20:25:30]] Epoch 6/30, Validation Loss: 0.02153434
[[2025-10-15 20:25:30]] Mask: [ 0.07513648  0.06283442 -0.0005191   0.00486099 -0.11250427 -0.08417317
 -0.05040929 -0.05480919  0.0992742  -0.06969175 -0.04454448 -0.05856562
  0.00694761 -0.1296313  -0.01135588 -0.02145495 -0.21061406 -0.10623507
 -0.02152211  0.01036374  0.08783518  0.1306314  -0.01295744 -0.05538108
 -0.08124749 -0.05977475 -0.00215359 -0.01465728  0.01729132 -0.00884622
  0.0913145  -0.03438099  0.03194781]
[[2025-10-15 20:25:32]] Epoch 7/30, Validation Loss: 0.02134090
[[2025-10-15 20:25:32]] Mask: [ 0.07195203  0.06648309 -0.0058459  -0.00138977 -0.12607491 -0.07818252
 -0.05321692 -0.05349895  0.10646732 -0.07176668 -0.04238984 -0.06280965
  0.02460764 -0.14067139 -0.01601524 -0.01910935 -0.23270161 -0.10302646
 -0.00623885  0.00913113  0.09037136  0.12893707 -0.02284693 -0.0564204
 -0.07462081 -0.05576955  0.00398076 -0.02298784  0.01477973 -0.01057827
  0.10177775 -0.03466221  0.02696763]
[[2025-10-15 20:25:34]] Epoch 8/30, Validation Loss: 0.02183085
[[2025-10-15 20:25:34]] Mask: [ 0.07896952  0.07074523  0.00258465  0.00352696 -0.12866949 -0.08670034
 -0.05412558 -0.03839716  0.11355712 -0.09113254 -0.05589399 -0.06990054
  0.02195111 -0.14208865 -0.01579031 -0.01445748 -0.262347   -0.11437071
 -0.0137277   0.01187537  0.07530832  0.13365881 -0.02437751 -0.07298522
 -0.0808397  -0.04343593  0.0034434  -0.0189659   0.01048869 -0.00780269
  0.11063918 -0.04050354  0.03795533]
[[2025-10-15 20:25:36]] Epoch 9/30, Validation Loss: 0.02183937
[[2025-10-15 20:25:36]] Mask: [ 0.08649556  0.07269905 -0.00229757  0.01301697 -0.14648378 -0.07433771
 -0.07813336 -0.06717197  0.1217071  -0.08666091 -0.05614983 -0.08250517
  0.02844616 -0.16733706 -0.00886719 -0.02214912 -0.27188852 -0.1097809
 -0.00248179 -0.00127834  0.08294155  0.13770092 -0.02036528 -0.07251228
 -0.0807899  -0.04533281  0.00432697 -0.02553516  0.00321567 -0.01500253
  0.11184861 -0.04669875  0.0295586 ]
[[2025-10-15 20:25:38]] Epoch 10/30, Validation Loss: 0.02139020
[[2025-10-15 20:25:38]] Mask: [ 0.08415706  0.07286415 -0.00432249  0.01465637 -0.1576419  -0.08272538
 -0.09571388 -0.07405411  0.12578526 -0.08599447 -0.05686166 -0.09537568
  0.04068805 -0.16871062 -0.00857902 -0.0102349  -0.29984155 -0.11908615
  0.00034746  0.00400398  0.08647188  0.13848759 -0.01207369 -0.07810694
 -0.08892842 -0.04113589  0.00307407 -0.02084561 -0.00362736 -0.01422002
  0.11613832 -0.04483186  0.03077292]
[[2025-10-15 20:25:40]] Epoch 11/30, Validation Loss: 0.02205060
[[2025-10-15 20:25:40]] Mask: [ 0.09603     0.0730013  -0.0068556   0.01152848 -0.15717964 -0.09596461
 -0.1028266  -0.06126345  0.1281269  -0.09347117 -0.0441054  -0.098397
  0.03978998 -0.18391137 -0.00607007 -0.00476534 -0.3093426  -0.09396736
 -0.00369599  0.00340006  0.08055158  0.13149647 -0.01304094 -0.0882917
 -0.08670633 -0.03911459 -0.0007401  -0.02092638 -0.0060227  -0.00256248
  0.12069108 -0.05155532  0.03860553]
[[2025-10-15 20:25:42]] Epoch 12/30, Validation Loss: 0.02149494
[[2025-10-15 20:25:42]] Mask: [ 9.01783928e-02  7.98178241e-02 -1.52578307e-02  2.61455122e-03
 -1.64300695e-01 -8.32041875e-02 -1.03903085e-01 -7.69665614e-02
  1.34254321e-01 -9.02687758e-02 -5.48396669e-02 -9.39906538e-02
  4.45421450e-02 -2.00113833e-01 -1.18737286e-02 -6.59605442e-03
 -3.28581125e-01 -9.76803675e-02  7.95515007e-06  3.60824936e-03
  8.25311467e-02  1.37365878e-01 -1.16743324e-02 -9.09805298e-02
 -7.39131197e-02 -2.50315610e-02  5.29713434e-05 -2.54769865e-02
 -1.48708839e-02  1.12040723e-02  1.38726994e-01 -5.87549135e-02
  3.61193903e-02]
[[2025-10-15 20:25:45]] Epoch 13/30, Validation Loss: 0.02166726
[[2025-10-15 20:25:45]] Mask: [ 0.08698251  0.08087416 -0.01890258  0.00651054 -0.16748217 -0.08275782
 -0.10903397 -0.07435197  0.13048343 -0.08682912 -0.05455872 -0.09808369
  0.04098036 -0.22158083 -0.01553248  0.00232164 -0.35290036 -0.09330869
  0.00144888 -0.00116931  0.08420576  0.14335409 -0.01082447 -0.08960486
 -0.0603587  -0.01965138  0.00546268 -0.02660818 -0.01590817 -0.00105782
  0.14487249 -0.05790718  0.046324  ]
[[2025-10-15 20:25:47]] Epoch 14/30, Validation Loss: 0.02182133
[[2025-10-15 20:25:47]] Mask: [ 0.08324464  0.06936692 -0.02280178  0.00243486 -0.17135349 -0.09328332
 -0.10522134 -0.09165936  0.13053726 -0.09354839 -0.04629749 -0.0968073
  0.06181335 -0.21062672 -0.01604845  0.01211233 -0.3721293  -0.08822966
  0.01172958  0.00568968  0.09259605  0.13733095  0.0052552  -0.091033
 -0.04614366 -0.01250931  0.00684003 -0.03541841 -0.02203167  0.00602706
  0.15236847 -0.06538819  0.02602433]
[[2025-10-15 20:25:49]] Epoch 15/30, Validation Loss: 0.02186224
[[2025-10-15 20:25:49]] Mask: [ 0.08576829  0.07101143 -0.01906394  0.00557768 -0.19452412 -0.0964486
 -0.099239   -0.07320026  0.13078645 -0.09035981 -0.05062283 -0.11297169
  0.06246443 -0.22183438 -0.0191272   0.01617803 -0.38736546 -0.08122558
  0.00877237 -0.00210921  0.09367924  0.13987744 -0.00396198 -0.09682006
 -0.04821539 -0.01747037  0.00662934 -0.03172455 -0.02597726 -0.00213153
  0.15459579 -0.05731544  0.03136579]
[[2025-10-15 20:25:51]] Epoch 16/30, Validation Loss: 0.02255083
[[2025-10-15 20:25:51]] Mask: [ 0.09012973  0.06380478 -0.01536423  0.00411911 -0.19450323 -0.09349164
 -0.11604293 -0.07547611  0.1300868  -0.08954614 -0.0464507  -0.10736981
  0.05970443 -0.2457844  -0.01280817  0.01898246 -0.4030149  -0.08116276
  0.01516346 -0.00651899  0.09752759  0.1352684   0.01069896 -0.10319946
 -0.03256483 -0.02575113  0.01084359 -0.0310019  -0.017584   -0.00455964
  0.15696266 -0.06606442  0.03930285]
[[2025-10-15 20:25:53]] Epoch 17/30, Validation Loss: 0.02332684
[[2025-10-15 20:25:53]] Mask: [ 0.09152992  0.06407563 -0.02057674  0.01631106 -0.19595969 -0.09558182
 -0.12517706 -0.07690519  0.12906447 -0.09851319 -0.03613701 -0.11171203
  0.07085487 -0.25715175 -0.01292014  0.01994823 -0.42494747 -0.07726234
  0.00847163 -0.01444265  0.09112285  0.13830888  0.0175823  -0.10322607
 -0.02428757 -0.00334996  0.02182857 -0.0411972  -0.0225589  -0.0246052
  0.1625929  -0.05597155  0.0425823 ]
[[2025-10-15 20:25:55]] Epoch 18/30, Validation Loss: 0.02229754
[[2025-10-15 20:25:55]] Mask: [ 0.09369315  0.05649432 -0.01668116  0.01341679 -0.20652641 -0.09668316
 -0.12290486 -0.08003284  0.12881291 -0.1024031  -0.0318771  -0.11516785
  0.07226849 -0.2677289  -0.00673201  0.03008188 -0.43535197 -0.06633364
 -0.00047803 -0.00720042  0.09013464  0.13827159  0.01659909 -0.09351887
 -0.04649778 -0.00274997  0.02198423 -0.03067812 -0.0249084  -0.03216692
  0.15991667 -0.06800988  0.05259667]
[[2025-10-15 20:25:58]] Epoch 19/30, Validation Loss: 0.02208948
[[2025-10-15 20:25:58]] Mask: [ 0.0950326   0.04689547 -0.02448802  0.01111805 -0.204139   -0.09803679
 -0.1331598  -0.07864028  0.13207264 -0.10252242 -0.02593422 -0.11520293
  0.06331716 -0.2779781  -0.00212725  0.04561289 -0.44277388 -0.05774953
 -0.00312195 -0.01670578  0.09121747  0.14400458  0.02734956 -0.09322321
 -0.04606032  0.00343558  0.01951737 -0.03268883 -0.03092194 -0.02715698
  0.14268172 -0.05616689  0.05234412]
[[2025-10-15 20:26:00]] Epoch 20/30, Validation Loss: 0.02219655
[[2025-10-15 20:26:00]] Mask: [ 0.09455889  0.04702894 -0.01400416  0.01655579 -0.21973264 -0.08679168
 -0.14221779 -0.09540889  0.13132916 -0.09133696 -0.0278923  -0.12511183
  0.06554596 -0.2959045   0.00272168  0.04729322 -0.45215002 -0.05926318
 -0.00373918 -0.01052709  0.09130231  0.14006798  0.03419809 -0.08572433
 -0.04373345  0.01501974  0.04082334 -0.04650783 -0.03353159 -0.03489248
  0.156349   -0.0610908   0.0423534 ]
[[2025-10-15 20:26:03]] Epoch 21/30, Validation Loss: 0.02411375
[[2025-10-15 20:26:03]] Mask: [ 0.0946444   0.03451608 -0.02206361  0.01260037 -0.22423087 -0.08782556
 -0.12540899 -0.10668858  0.12762184 -0.07042634 -0.03996084 -0.10567519
  0.06568459 -0.29862288  0.00731069  0.05934109 -0.47641566 -0.0599539
 -0.00739253 -0.01713047  0.08294196  0.14431725  0.03435471 -0.07712192
 -0.02712683  0.02884539  0.03860408 -0.04206291 -0.03095305 -0.02937978
  0.15961897 -0.06534241  0.03076081]
[[2025-10-15 20:26:05]] Epoch 22/30, Validation Loss: 0.02286696
[[2025-10-15 20:26:05]] Mask: [ 0.09249812  0.033854   -0.01946146  0.01550846 -0.21570073 -0.09932546
 -0.12302262 -0.09661295  0.13168837 -0.08327214 -0.05952444 -0.10563152
  0.07281648 -0.3041011   0.00882633  0.05319377 -0.4809035  -0.05272593
  0.00753283 -0.0053688   0.0882215   0.13981283  0.04217662 -0.08739453
 -0.03218625  0.03358605  0.03702999 -0.04634365 -0.03548981 -0.04009356
  0.15838416 -0.07002361  0.03010883]
[[2025-10-15 20:26:08]] Epoch 23/30, Validation Loss: 0.02301053
[[2025-10-15 20:26:08]] Mask: [ 0.0982985   0.03466244 -0.01908586  0.01010004 -0.22179526 -0.10189831
 -0.13168278 -0.098442    0.12962879 -0.08164325 -0.05249627 -0.09242366
  0.06241774 -0.30832967  0.00524985  0.05991767 -0.48741525 -0.04927685
 -0.00251428 -0.01230592  0.09061288  0.14151548  0.03980945 -0.1049348
 -0.01155103  0.04776162  0.05111464 -0.05157721 -0.03364639 -0.05595058
  0.15715702 -0.05930021  0.03214827]
[[2025-10-15 20:26:10]] Epoch 24/30, Validation Loss: 0.02263149
[[2025-10-15 20:26:10]] Mask: [ 0.09668089  0.01488965 -0.02292605  0.02215235 -0.24578999 -0.10398686
 -0.12555638 -0.08389506  0.13093166 -0.07687336 -0.04695329 -0.08277591
  0.06725655 -0.3203562   0.01732049  0.05609797 -0.50678813 -0.04787347
 -0.00759767 -0.01554331  0.08212686  0.13585892  0.05760324 -0.10783138
  0.00802987  0.06301046  0.06063753 -0.05873943 -0.03759413 -0.04821796
  0.16489188 -0.05040148  0.02495417]
[[2025-10-15 20:26:13]] Epoch 25/30, Validation Loss: 0.02291020
[[2025-10-15 20:26:13]] Mask: [ 0.09674723  0.00616978 -0.02310761  0.01155085 -0.2388459  -0.10127565
 -0.11642145 -0.09282646  0.12934309 -0.06740628 -0.05855771 -0.0796887
  0.07176708 -0.33094034  0.02710607  0.06861532 -0.5134275  -0.03367605
 -0.00682995 -0.01317428  0.08776826  0.13495691  0.06296089 -0.10941038
  0.00780792  0.06286655  0.0657754  -0.05578427 -0.0510024  -0.05988734
  0.16102056 -0.05604596  0.01841254]
[[2025-10-15 20:26:15]] Epoch 26/30, Validation Loss: 0.02280439
[[2025-10-15 20:26:15]] Mask: [ 0.10411562 -0.00566493 -0.02387313  0.01980414 -0.2308008  -0.10095912
 -0.12451977 -0.11272729  0.12953912 -0.05892985 -0.05926957 -0.07480207
  0.06743386 -0.33943608  0.02091273  0.07356293 -0.5094672  -0.0266124
 -0.00560846 -0.00958431  0.09058521  0.1285223   0.07455477 -0.12243995
  0.0101903   0.06772166  0.08098635 -0.0656116  -0.05038814 -0.05546232
  0.16374657 -0.04729399  0.01379003]
[[2025-10-15 20:26:18]] Epoch 27/30, Validation Loss: 0.02266049
[[2025-10-15 20:26:18]] Mask: [ 0.10431061 -0.00908397 -0.01925056  0.02484689 -0.24243781 -0.09723245
 -0.13673177 -0.11014526  0.1277933  -0.04998568 -0.05875923 -0.07136285
  0.07318479 -0.34884208  0.02115414  0.07809687 -0.5085254  -0.024522
 -0.00816823 -0.00975686  0.08781851  0.13026713  0.08832499 -0.11851247
  0.00535252  0.08608823  0.08598965 -0.07092547 -0.04992144 -0.06110846
  0.15354328 -0.06787161  0.0031859 ]
[[2025-10-15 20:26:20]] Epoch 28/30, Validation Loss: 0.02440244
[[2025-10-15 20:26:20]] Mask: [ 0.09520356 -0.02148296 -0.01765228  0.02118603 -0.24750547 -0.09862574
 -0.13502064 -0.09875785  0.12712774 -0.0495332  -0.06226623 -0.06529741
  0.07166531 -0.35939345  0.02703383  0.08997145 -0.51772314 -0.02286091
 -0.00139436 -0.01703652  0.08915333  0.13381627  0.10036857 -0.11512239
  0.02035906  0.0821806   0.10087084 -0.06369986 -0.05147859 -0.06385461
  0.15672295 -0.08167564  0.0038453 ]
[[2025-10-15 20:26:22]] Epoch 29/30, Validation Loss: 0.02345846
[[2025-10-15 20:26:22]] Mask: [ 1.04000069e-01 -2.93376576e-02 -1.01800263e-02  2.98384689e-02
 -2.51670688e-01 -9.79784206e-02 -1.36746153e-01 -1.08948573e-01
  1.23731688e-01 -3.59008089e-02 -6.09396994e-02 -5.06116673e-02
  6.23187684e-02 -3.57574254e-01  1.76535808e-02  9.37843546e-02
 -5.33762097e-01 -2.87473686e-02  3.42471292e-04 -1.33051928e-02
  8.48016366e-02  1.31290391e-01  1.01289675e-01 -1.17995031e-01
  3.40446159e-02  7.26605877e-02  1.06272653e-01 -6.58838153e-02
 -4.60486375e-02 -5.42679876e-02  1.47965088e-01 -7.71838203e-02
 -1.79118384e-03]
[[2025-10-15 20:26:24]] Epoch 30/30, Validation Loss: 0.02363459
[[2025-10-15 20:26:24]] Mask: [ 0.10154339 -0.03134627 -0.01930963  0.03317389 -0.2591678  -0.09639275
 -0.13369404 -0.10772553  0.12239006 -0.03719181 -0.06339864 -0.05239009
  0.06836061 -0.3697457   0.02001321  0.09209977 -0.53312004 -0.0241452
  0.00624471 -0.0076368   0.08701485  0.13449952  0.10253463 -0.11245129
  0.03148593  0.07410567  0.10682688 -0.05971183 -0.05740619 -0.06155677
  0.15402852 -0.08177594 -0.00352572]
