[[2025-10-16 18:49:48]] Starting training on model: model_[33, 8, 1]_output_Sigmoid_intermediate_Tanh_normalized_data_True_loss_MSELoss
[[2025-10-16 18:49:50]] Epoch 1/100, Validation Loss: 0.01648410
[[2025-10-16 18:49:50]] Mask: [0.44909227 0.07903888 0.18708594 0.24857044 0.10719879 0.10260064
 0.08184589 0.14462008 0.43774578 0.1276083  0.05926305 0.07293921
 0.13662557 0.36677656 0.20469905 0.16722956 0.21727768 0.14224382
 0.08270907 0.46874735 0.44621688 0.43027717 0.07025728 0.09951214
 0.08461123 0.13006268 0.05465753 0.06541916 0.24402073 0.08375273
 0.05727138 0.06146875 0.26295593]
[[2025-10-16 18:49:53]] Epoch 2/100, Validation Loss: 0.01144400
[[2025-10-16 18:49:53]] Mask: [0.21880086 0.02810471 0.0676676  0.06794587 0.0310609  0.02807502
 0.02927113 0.04672809 0.30066884 0.07335396 0.01960699 0.02123149
 0.03720844 0.10124355 0.09672111 0.05610934 0.05672946 0.04028324
 0.02729027 0.22119197 0.25525087 0.29701447 0.02385912 0.0489476
 0.03580331 0.07109382 0.01640807 0.02234269 0.09670492 0.02504241
 0.01689536 0.01893922 0.08137982]
[[2025-10-16 18:49:56]] Epoch 3/100, Validation Loss: 0.01029797
[[2025-10-16 18:49:56]] Mask: [0.13259727 0.01548196 0.04017602 0.03580013 0.01498978 0.0129941
 0.01670649 0.02524384 0.20586894 0.05934266 0.00958555 0.01021493
 0.01725154 0.04471216 0.06788727 0.03123434 0.02551059 0.01905513
 0.01411826 0.13143662 0.16961518 0.22501685 0.01236095 0.03388371
 0.02119316 0.05154314 0.00793222 0.01237187 0.06651447 0.0125937
 0.00807425 0.00953789 0.03881272]
[[2025-10-16 18:49:58]] Epoch 4/100, Validation Loss: 0.00955962
[[2025-10-16 18:49:58]] Mask: [0.09464605 0.01093713 0.02818815 0.02302794 0.00932804 0.00747464
 0.01198346 0.01587733 0.16366844 0.05108244 0.00579885 0.00585146
 0.00975611 0.02513103 0.05247465 0.02334108 0.01443402 0.0106963
 0.00856703 0.09417865 0.12049476 0.1782325  0.00787184 0.03036088
 0.01747818 0.04264475 0.00460682 0.00813172 0.05145639 0.00746253
 0.00464851 0.00589173 0.02199712]
[[2025-10-16 18:50:00]] Epoch 5/100, Validation Loss: 0.00919262
[[2025-10-16 18:50:00]] Mask: [0.07207874 0.00843799 0.0227325  0.01785803 0.00639646 0.00472476
 0.00984108 0.01195279 0.13621686 0.04777602 0.00378008 0.00373988
 0.00620733 0.01562054 0.04184387 0.01829081 0.00916554 0.0067419
 0.00593249 0.07118224 0.09945738 0.14245844 0.00583415 0.02798575
 0.01609779 0.0358041  0.00292102 0.00616135 0.04040914 0.00485947
 0.00295174 0.00391649 0.0143754 ]
[[2025-10-16 18:50:03]] Epoch 6/100, Validation Loss: 0.00908335
[[2025-10-16 18:50:03]] Mask: [0.05643564 0.00772684 0.01747395 0.01499191 0.00447711 0.00318615
 0.00879012 0.00910246 0.11748502 0.03655929 0.00250298 0.00250143
 0.00414884 0.0107519  0.03571569 0.01582106 0.00615555 0.0046152
 0.00429133 0.06051289 0.08259272 0.12057058 0.00436348 0.02748638
 0.01532841 0.03163315 0.0019628  0.00495466 0.03504271 0.00345749
 0.00197573 0.00288078 0.00978478]
[[2025-10-16 18:50:05]] Epoch 7/100, Validation Loss: 0.00892952
[[2025-10-16 18:50:05]] Mask: [0.0482728  0.00765812 0.01643188 0.01250927 0.00343608 0.00220711
 0.00832175 0.00762228 0.10297837 0.03254399 0.00181338 0.00173202
 0.00285257 0.00790612 0.03105618 0.01442578 0.00435338 0.00321858
 0.00328409 0.05097431 0.07016701 0.10742026 0.00339883 0.02441937
 0.01413848 0.02816531 0.00137497 0.00435128 0.0318224  0.0025382
 0.00137849 0.00211867 0.00718939]
[[2025-10-16 18:50:07]] Epoch 8/100, Validation Loss: 0.00899040
[[2025-10-16 18:50:07]] Mask: [0.04241758 0.00809743 0.01439508 0.01174138 0.00270051 0.00156865
 0.00761338 0.00638587 0.09417732 0.02871566 0.00134223 0.00122037
 0.0020122  0.00638459 0.02766193 0.01325654 0.00313618 0.00230924
 0.00262271 0.0453578  0.06141823 0.09337903 0.00292994 0.02289967
 0.01292978 0.02256996 0.00097282 0.00393677 0.02788321 0.00191178
 0.00098033 0.0016723  0.00527675]
[[2025-10-16 18:50:10]] Epoch 9/100, Validation Loss: 0.00881092
[[2025-10-16 18:50:10]] Mask: [0.03898602 0.00969675 0.01321212 0.01060097 0.00240221 0.00113716
 0.0079995  0.00585914 0.08585837 0.02845022 0.00100891 0.00089603
 0.00148151 0.00482844 0.02433929 0.01192037 0.00238265 0.00167831
 0.00212018 0.0400297  0.05476265 0.08927195 0.0024746  0.02029222
 0.01206983 0.02376646 0.00071737 0.00364034 0.02569663 0.00145109
 0.00070682 0.00132144 0.00401585]
[[2025-10-16 18:50:13]] Epoch 10/100, Validation Loss: 0.00886523
[[2025-10-16 18:50:13]] Mask: [0.03658732 0.01037144 0.01272638 0.00972154 0.00212465 0.00083682
 0.00826779 0.00520789 0.07615674 0.02451416 0.00074082 0.00066421
 0.00107637 0.00421626 0.02326691 0.01101184 0.0018347  0.00123715
 0.00191038 0.0352013  0.04935787 0.08106141 0.00227815 0.01900964
 0.01110046 0.02045991 0.00052891 0.00374785 0.0240743  0.00114106
 0.00051794 0.00113593 0.003182  ]
[[2025-10-16 18:50:15]] Epoch 11/100, Validation Loss: 0.00867872
[[2025-10-16 18:50:15]] Mask: [0.03283248 0.0103266  0.01090762 0.00918019 0.00208658 0.00062877
 0.00789544 0.00488043 0.07091216 0.02264423 0.00055643 0.00049149
 0.00080276 0.00373112 0.0221294  0.01044523 0.00147011 0.00092881
 0.00174519 0.03376837 0.04629112 0.07253336 0.00213342 0.01736835
 0.01048455 0.01806512 0.00039154 0.00363445 0.02375555 0.0009581
 0.00038419 0.00091905 0.00252068]
[[2025-10-16 18:50:18]] Epoch 12/100, Validation Loss: 0.00859947
[[2025-10-16 18:50:18]] Mask: [0.03105734 0.01009326 0.01013019 0.008519   0.00196767 0.00047215
 0.00770575 0.0046349  0.06698719 0.02306989 0.00042054 0.00036664
 0.00060215 0.00319839 0.01970796 0.0095226  0.00113995 0.00069603
 0.00163328 0.03015389 0.04260477 0.06881721 0.00199872 0.01624539
 0.01066434 0.0161282  0.00029412 0.00362767 0.02294895 0.000835
 0.00028627 0.00080587 0.00207649]
[[2025-10-16 18:50:20]] Epoch 13/100, Validation Loss: 0.00989908
[[2025-10-16 18:50:20]] Mask: [0.02690934 0.00897607 0.00998641 0.00839383 0.001767   0.00034932
 0.0076392  0.00414726 0.06471895 0.02157385 0.00033933 0.00027764
 0.00044952 0.00315417 0.01874346 0.00894457 0.00089226 0.00052117
 0.00159141 0.02889937 0.03687809 0.05969892 0.00203452 0.01530063
 0.00992397 0.01579591 0.00022405 0.00366867 0.02182211 0.00070106
 0.00021405 0.00074229 0.00168917]
[[2025-10-16 18:50:22]] Epoch 14/100, Validation Loss: 0.00928347
[[2025-10-16 18:50:22]] Mask: [0.02655139 0.00894884 0.00940752 0.00784722 0.00185241 0.00026218
 0.00724674 0.00394016 0.05789838 0.0210903  0.00025718 0.00020967
 0.00034539 0.00274858 0.01852552 0.00847337 0.00073134 0.00039157
 0.00175734 0.0273804  0.0374419  0.06251366 0.00195323 0.01408396
 0.01001408 0.01591537 0.00017047 0.00369718 0.02181518 0.00066437
 0.00016074 0.00067937 0.0014481 ]
[[2025-10-16 18:50:24]] Epoch 15/100, Validation Loss: 0.00979751
[[2025-10-16 18:50:24]] Mask: [0.02550062 0.00884921 0.00899569 0.00774069 0.0018362  0.0001977
 0.00701165 0.00370499 0.05427631 0.01957841 0.00019692 0.00015766
 0.00026177 0.00256476 0.01736831 0.00786753 0.00057806 0.00029524
 0.0019924  0.02624777 0.03476701 0.05707294 0.00195819 0.01345674
 0.00878975 0.01422783 0.00012924 0.00358918 0.01884272 0.00064256
 0.00012133 0.00065297 0.00122709]
[[2025-10-16 18:50:28]] Epoch 16/100, Validation Loss: 0.00837422
[[2025-10-16 18:50:28]] Mask: [2.37295423e-02 8.14204570e-03 9.15285386e-03 6.93497201e-03
 1.75535958e-03 1.49055355e-04 6.52361475e-03 3.54101066e-03
 5.43414950e-02 1.81963742e-02 1.50899563e-04 1.19871678e-04
 1.97045185e-04 2.51930114e-03 1.62511934e-02 7.61772739e-03
 4.71180683e-04 2.25907977e-04 2.28883536e-03 2.60114297e-02
 3.20009105e-02 5.05971611e-02 1.95191312e-03 1.30624948e-02
 8.64404254e-03 1.35252755e-02 9.80340337e-05 3.60608147e-03
 1.98556613e-02 5.76738443e-04 9.19647646e-05 6.20886392e-04
 1.10896467e-03]
[[2025-10-16 18:50:30]] Epoch 17/100, Validation Loss: 0.01017144
[[2025-10-16 18:50:30]] Mask: [2.4126273e-02 8.2759019e-03 8.0281431e-03 6.8014022e-03 1.8545788e-03
 1.1432127e-04 6.5812306e-03 3.3564270e-03 5.2106775e-02 1.8350920e-02
 1.2085160e-04 9.1084417e-05 1.5403623e-04 2.1576509e-03 1.5361857e-02
 7.8163957e-03 3.8451637e-04 1.7118639e-04 2.4445483e-03 2.2733374e-02
 3.2499738e-02 5.1228825e-02 2.0478766e-03 1.3647563e-02 8.8381860e-03
 1.3460446e-02 7.5877768e-05 3.7410036e-03 1.9477177e-02 5.9333933e-04
 6.9327798e-05 7.0227613e-04 9.2578307e-04]
[[2025-10-16 18:50:33]] Epoch 18/100, Validation Loss: 0.00827979
[[2025-10-16 18:50:33]] Mask: [2.3456447e-02 8.1042992e-03 7.8652902e-03 6.4094062e-03 2.0361964e-03
 8.7852648e-05 5.5099926e-03 3.3883997e-03 4.9893938e-02 1.6218301e-02
 9.1219583e-05 6.9716094e-05 1.1563451e-04 2.2908573e-03 1.4822351e-02
 7.2477688e-03 3.2623325e-04 1.3314739e-04 2.6089239e-03 2.1311471e-02
 2.9704561e-02 4.7483727e-02 2.0199085e-03 1.2955957e-02 7.3818071e-03
 1.2520041e-02 5.8018744e-05 3.7308058e-03 1.7813321e-02 6.2426587e-04
 5.2327367e-05 8.3820778e-04 8.9274702e-04]
[[2025-10-16 18:50:35]] Epoch 19/100, Validation Loss: 0.00843565
[[2025-10-16 18:50:35]] Mask: [2.12059636e-02 8.35801568e-03 8.59434623e-03 6.10890938e-03
 1.98974088e-03 6.65732732e-05 5.21186879e-03 3.37856100e-03
 4.83517349e-02 1.51011972e-02 7.13896661e-05 5.32984996e-05
 8.76467966e-05 2.35485914e-03 1.38288075e-02 6.62900368e-03
 2.72832433e-04 1.00311256e-04 2.55407486e-03 2.11141761e-02
 2.80283056e-02 4.66547608e-02 1.97584741e-03 1.22637469e-02
 8.09131097e-03 1.12291072e-02 4.40407312e-05 3.74081684e-03
 1.69359073e-02 6.17075071e-04 3.99967357e-05 9.89161665e-04
 8.28877615e-04]
[[2025-10-16 18:50:37]] Epoch 20/100, Validation Loss: 0.00837382
[[2025-10-16 18:50:37]] Mask: [2.16776710e-02 8.03168677e-03 8.18013772e-03 5.79961156e-03
 2.21373281e-03 5.16265536e-05 4.97498224e-03 3.42533155e-03
 4.64180410e-02 1.50174135e-02 5.63525427e-05 4.03715494e-05
 6.74622934e-05 2.14958331e-03 1.36704780e-02 6.51227683e-03
 2.29036712e-04 7.89834157e-05 2.93115037e-03 2.00373586e-02
 2.81035788e-02 4.76060063e-02 2.01157271e-03 1.10637834e-02
 7.09738210e-03 1.11552011e-02 3.40406550e-05 3.66921281e-03
 1.62470546e-02 8.02532071e-04 3.02931949e-05 1.09557202e-03
 7.50227831e-04]
[[2025-10-16 18:50:39]] Epoch 21/100, Validation Loss: 0.00836472
[[2025-10-16 18:50:39]] Mask: [2.1226326e-02 7.1760900e-03 7.2657834e-03 5.4684184e-03 2.0980751e-03
 3.9156523e-05 4.7328528e-03 3.0362050e-03 4.4019632e-02 1.4881946e-02
 4.5486140e-05 3.1260974e-05 5.2062071e-05 2.1239645e-03 1.3389227e-02
 6.1044670e-03 1.8183685e-04 5.9804035e-05 2.8742452e-03 1.8467389e-02
 2.4800196e-02 4.1805454e-02 2.0876345e-03 1.1595903e-02 6.4234356e-03
 9.9941753e-03 2.5302010e-05 3.4815378e-03 1.5525119e-02 8.4789208e-04
 2.2919681e-05 1.2726706e-03 6.8579195e-04]
[[2025-10-16 18:50:42]] Epoch 22/100, Validation Loss: 0.00831893
[[2025-10-16 18:50:42]] Mask: [1.96749475e-02 6.91059884e-03 7.37922220e-03 5.41215390e-03
 2.09176610e-03 2.95655227e-05 4.70735366e-03 2.86896527e-03
 4.37928028e-02 1.35753490e-02 3.50360824e-05 2.42544465e-05
 3.96037904e-05 2.15669419e-03 1.25210611e-02 5.78807807e-03
 1.52354172e-04 4.48778083e-05 3.18575744e-03 1.83586180e-02
 2.53938287e-02 4.17835675e-02 2.14782800e-03 1.15331495e-02
 6.09467318e-03 1.07581215e-02 1.97880254e-05 3.66460183e-03
 1.54046202e-02 1.03268889e-03 1.74820234e-05 1.37984997e-03
 6.72728114e-04]
[[2025-10-16 18:50:45]] Epoch 23/100, Validation Loss: 0.00829044
[[2025-10-16 18:50:45]] Mask: [1.8460514e-02 6.7352247e-03 6.8586147e-03 5.3792275e-03 1.9218205e-03
 2.2250426e-05 4.6310369e-03 2.9335443e-03 4.1193862e-02 1.3440383e-02
 2.9285973e-05 1.8624107e-05 3.0107747e-05 2.2005024e-03 1.2067000e-02
 5.7096826e-03 1.1991993e-04 3.4012621e-05 3.2076417e-03 1.8086718e-02
 2.4470177e-02 4.1278865e-02 2.2954501e-03 1.0230978e-02 5.6138816e-03
 9.7052585e-03 1.4799462e-05 3.4260920e-03 1.5965240e-02 1.3628243e-03
 1.3382478e-05 1.5240910e-03 6.5977365e-04]
[[2025-10-16 18:50:47]] Epoch 24/100, Validation Loss: 0.00825484
[[2025-10-16 18:50:48]] Mask: [1.87277123e-02 6.72447635e-03 6.23491546e-03 5.07766567e-03
 1.94875943e-03 1.67819690e-05 4.49016830e-03 2.88739195e-03
 3.92914340e-02 1.37136420e-02 2.37342156e-05 1.45196973e-05
 2.31070826e-05 1.99732278e-03 1.24164391e-02 5.37448702e-03
 9.84625585e-05 2.60933630e-05 3.20116221e-03 1.73188560e-02
 2.42418759e-02 4.01022248e-02 2.33435631e-03 1.04382625e-02
 5.78677189e-03 9.07943305e-03 1.11841800e-05 3.25325364e-03
 1.60850994e-02 1.40480557e-03 1.01738488e-05 1.77794544e-03
 6.37336110e-04]
[[2025-10-16 18:50:50]] Epoch 25/100, Validation Loss: 0.00824017
[[2025-10-16 18:50:50]] Mask: [1.8408457e-02 6.2948037e-03 6.3504772e-03 5.1965634e-03 2.0558096e-03
 1.3013730e-05 4.5419554e-03 2.8246401e-03 3.9087057e-02 1.3031690e-02
 1.9898709e-05 1.1619392e-05 1.7280283e-05 2.0718665e-03 1.2002312e-02
 5.2672494e-03 8.4391053e-05 2.0842097e-05 3.2013662e-03 1.6315337e-02
 2.2810901e-02 3.6441442e-02 2.3150546e-03 1.0300174e-02 5.6360103e-03
 9.3348324e-03 8.6649843e-06 3.3072315e-03 1.4199767e-02 1.4298529e-03
 7.7287141e-06 1.9788144e-03 6.0277624e-04]
[[2025-10-16 18:50:52]] Epoch 26/100, Validation Loss: 0.00834785
[[2025-10-16 18:50:52]] Mask: [1.8248992e-02 5.8283671e-03 5.8559589e-03 4.6675233e-03 1.9303877e-03
 1.0208564e-05 4.3570399e-03 2.7227146e-03 3.9493687e-02 1.2074205e-02
 1.6124550e-05 8.9499072e-06 1.3240186e-05 1.9532673e-03 1.1489358e-02
 4.9031698e-03 7.0026857e-05 1.6489666e-05 3.0806507e-03 1.6746422e-02
 2.2235688e-02 3.4850471e-02 2.4963182e-03 1.0557446e-02 6.0613304e-03
 8.4450683e-03 6.7313595e-06 3.3981863e-03 1.6228750e-02 1.7100818e-03
 5.8965024e-06 2.0624069e-03 5.7038257e-04]
[[2025-10-16 18:50:54]] Epoch 27/100, Validation Loss: 0.00826294
[[2025-10-16 18:50:54]] Mask: [1.7455034e-02 5.9106681e-03 6.3620512e-03 4.5573227e-03 1.8724353e-03
 7.7023360e-06 4.1488274e-03 2.7538666e-03 3.7051976e-02 1.2976884e-02
 1.3394122e-05 6.9258003e-06 1.0088372e-05 2.0290618e-03 1.1760810e-02
 4.9644611e-03 5.8772683e-05 1.2650905e-05 3.2760501e-03 1.5399256e-02
 2.2208543e-02 3.5565082e-02 2.5138573e-03 9.9838059e-03 5.9561771e-03
 8.3665084e-03 5.1313059e-06 3.4158989e-03 1.6770763e-02 1.9310456e-03
 4.5312067e-06 2.2478814e-03 5.4864836e-04]
[[2025-10-16 18:50:56]] Epoch 28/100, Validation Loss: 0.00818978
[[2025-10-16 18:50:56]] Mask: [1.7125098e-02 5.9943208e-03 5.8177365e-03 4.2933500e-03 1.7608997e-03
 5.8898645e-06 3.9831949e-03 2.7268038e-03 3.6842991e-02 1.1599921e-02
 1.1263140e-05 5.4603333e-06 7.7607692e-06 2.0057831e-03 1.0987953e-02
 4.8197759e-03 4.7073838e-05 9.6726471e-06 3.0641435e-03 1.4970526e-02
 2.0990735e-02 3.3340182e-02 2.7300084e-03 9.6209953e-03 6.5753842e-03
 8.6057093e-03 4.0473997e-06 3.2637862e-03 1.5449635e-02 1.8421613e-03
 3.4710013e-06 2.2143049e-03 5.3428730e-04]
[[2025-10-16 18:50:59]] Epoch 29/100, Validation Loss: 0.00818269
[[2025-10-16 18:50:59]] Mask: [1.75004955e-02 6.06981060e-03 5.86221693e-03 4.26912634e-03
 1.68430666e-03 4.55799955e-06 3.89595865e-03 2.60844128e-03
 3.56392972e-02 1.22131137e-02 9.00572195e-06 4.23190431e-06
 5.91262369e-06 1.86176191e-03 1.10687828e-02 4.67975624e-03
 3.85471285e-05 7.48705770e-06 2.96703330e-03 1.50609519e-02
 2.09830049e-02 3.53187732e-02 2.44873436e-03 8.96861684e-03
 5.93518373e-03 8.53306800e-03 3.11333952e-06 2.93075177e-03
 1.45010995e-02 1.77633739e-03 2.67424571e-06 2.09252862e-03
 5.35587780e-04]
[[2025-10-16 18:51:02]] Epoch 30/100, Validation Loss: 0.00948176
[[2025-10-16 18:51:02]] Mask: [1.65002029e-02 5.84719097e-03 5.94106317e-03 4.19398723e-03
 1.55072741e-03 3.44918317e-06 3.62814730e-03 2.71238387e-03
 3.53569090e-02 1.31983375e-02 7.72968724e-06 3.32361174e-06
 4.53588473e-06 1.94150454e-03 1.06568895e-02 4.76477994e-03
 3.09386487e-05 5.70078146e-06 3.18370317e-03 1.38323847e-02
 2.05904935e-02 3.53055410e-02 2.33383337e-03 9.55609512e-03
 6.50074892e-03 8.59767850e-03 2.47381854e-06 3.08519509e-03
 1.40183624e-02 1.75587775e-03 2.06655341e-06 2.12420500e-03
 5.49413497e-04]
[[2025-10-16 18:51:04]] Epoch 31/100, Validation Loss: 0.00822862
[[2025-10-16 18:51:04]] Mask: [1.61239579e-02 5.86710405e-03 5.69801871e-03 4.01786342e-03
 1.70330936e-03 2.68772260e-06 3.52118723e-03 2.52953707e-03
 3.43207158e-02 1.20056765e-02 6.56001430e-06 2.59750846e-06
 3.48514141e-06 1.86692423e-03 1.05060311e-02 4.38811164e-03
 2.76429855e-05 4.61726404e-06 3.26778018e-03 1.41974846e-02
 2.04695668e-02 3.57738622e-02 2.30148295e-03 8.55899416e-03
 5.84731577e-03 7.60639133e-03 1.94493327e-06 3.00075463e-03
 1.44653469e-02 1.98808825e-03 1.62410788e-06 2.22332869e-03
 5.60248678e-04]
[[2025-10-16 18:51:06]] Epoch 32/100, Validation Loss: 0.00925546
[[2025-10-16 18:51:06]] Mask: [1.5865756e-02 5.5797640e-03 5.7348670e-03 4.1217231e-03 1.7422760e-03
 2.0840391e-06 3.6193186e-03 2.5061318e-03 3.4774609e-02 1.0993629e-02
 5.6553449e-06 1.9951065e-06 2.6400871e-06 1.8762803e-03 1.0145614e-02
 4.3460014e-03 2.2708098e-05 3.7088764e-06 3.0608445e-03 1.3607459e-02
 1.8473323e-02 3.6292743e-02 2.2912519e-03 9.3598422e-03 5.5278880e-03
 8.4283305e-03 1.5765072e-06 2.8444687e-03 1.4089448e-02 2.0806072e-03
 1.2623974e-06 2.2884619e-03 5.5574818e-04]
[[2025-10-16 18:51:09]] Epoch 33/100, Validation Loss: 0.00822239
[[2025-10-16 18:51:09]] Mask: [1.59134027e-02 5.37081528e-03 5.20624779e-03 4.14592307e-03
 1.78882864e-03 1.57411853e-06 3.61368782e-03 2.55642179e-03
 3.28552388e-02 1.01963375e-02 4.63276774e-06 1.55045916e-06
 2.04375738e-06 1.72783539e-03 1.02378745e-02 4.30417759e-03
 1.85410827e-05 2.73166756e-06 3.21604684e-03 1.33158974e-02
 2.05304157e-02 3.04153748e-02 2.37333192e-03 7.92509783e-03
 4.87862993e-03 8.34488869e-03 1.27137059e-06 2.74129235e-03
 1.54181896e-02 2.10591662e-03 9.89745331e-07 2.22914480e-03
 5.63755631e-04]
[[2025-10-16 18:51:11]] Epoch 34/100, Validation Loss: 0.00993220
[[2025-10-16 18:51:11]] Mask: [1.51370829e-02 5.79370046e-03 5.74396597e-03 4.42547584e-03
 1.63458555e-03 1.24600399e-06 3.64185125e-03 2.52541131e-03
 3.27616110e-02 1.22849699e-02 3.72024078e-06 1.31318268e-06
 1.55750308e-06 1.75047002e-03 9.58950073e-03 4.25146893e-03
 1.49891421e-05 2.24564087e-06 3.23258271e-03 1.30128507e-02
 1.88539270e-02 3.07381600e-02 2.38038506e-03 9.02674813e-03
 4.92014736e-03 8.20654165e-03 9.96356675e-07 2.67976313e-03
 1.35759795e-02 1.81780057e-03 7.74053717e-07 2.35038553e-03
 5.44070092e-04]
[[2025-10-16 18:51:14]] Epoch 35/100, Validation Loss: 0.00819118
[[2025-10-16 18:51:14]] Mask: [1.53209642e-02 5.30552259e-03 6.00088760e-03 3.94106517e-03
 1.67051889e-03 9.86151008e-07 3.93997831e-03 2.35574180e-03
 3.25773582e-02 1.10925725e-02 3.41121063e-06 1.03678428e-06
 1.19047934e-06 1.70512428e-03 9.55077074e-03 4.15405957e-03
 1.24958915e-05 1.79443975e-06 2.96783331e-03 1.29858032e-02
 1.94579083e-02 3.06173097e-02 2.29240768e-03 8.47785268e-03
 5.23245148e-03 7.89045822e-03 7.77797254e-07 2.79260869e-03
 1.47654871e-02 1.83848757e-03 6.08861114e-07 2.21723667e-03
 5.48899989e-04]
[[2025-10-16 18:51:17]] Epoch 36/100, Validation Loss: 0.00856372
[[2025-10-16 18:51:17]] Mask: [1.4549027e-02 5.2007702e-03 5.7768631e-03 4.0575508e-03 1.5346396e-03
 7.9471050e-07 3.8430293e-03 2.2591774e-03 3.2506533e-02 1.1556391e-02
 2.9591006e-06 8.2306872e-07 9.2532156e-07 1.7043639e-03 9.7271716e-03
 4.3287678e-03 1.0325915e-05 1.5376952e-06 2.9798734e-03 1.2712524e-02
 1.9101622e-02 3.0948332e-02 2.1706303e-03 8.3543127e-03 5.3796056e-03
 7.5757639e-03 5.9981784e-07 2.7176193e-03 1.2575401e-02 1.8645205e-03
 4.9093967e-07 2.3440968e-03 5.3657265e-04]
[[2025-10-16 18:51:19]] Epoch 37/100, Validation Loss: 0.00816648
[[2025-10-16 18:51:19]] Mask: [1.4106429e-02 5.2677193e-03 5.5649905e-03 3.8822133e-03 1.5227637e-03
 6.2092488e-07 3.7947479e-03 2.3267095e-03 3.1282309e-02 1.1057060e-02
 2.6568125e-06 6.5683389e-07 7.3183060e-07 1.7227295e-03 9.2168869e-03
 4.0782210e-03 8.6058053e-06 1.2508818e-06 2.8624225e-03 1.2383627e-02
 1.7720265e-02 3.0683318e-02 2.2231573e-03 8.3304942e-03 5.2960613e-03
 7.0791864e-03 4.8882237e-07 2.6521801e-03 1.2894513e-02 1.8565429e-03
 3.9485900e-07 2.1298463e-03 5.3928606e-04]
[[2025-10-16 18:51:21]] Epoch 38/100, Validation Loss: 0.00829348
[[2025-10-16 18:51:21]] Mask: [1.4971080e-02 5.0484864e-03 5.2191722e-03 3.9274711e-03 1.8291875e-03
 5.1024773e-07 3.7475955e-03 2.4376370e-03 3.2071482e-02 1.1209260e-02
 2.2880286e-06 5.2598205e-07 5.5817912e-07 1.5834981e-03 9.0975594e-03
 4.1886955e-03 7.7613167e-06 1.0621090e-06 2.7772763e-03 1.2639216e-02
 1.7491151e-02 2.8041271e-02 1.9824754e-03 8.1136031e-03 4.8323032e-03
 7.1207173e-03 3.9340662e-07 2.6726883e-03 1.3424730e-02 1.6930405e-03
 3.1988679e-07 2.4571107e-03 5.5889797e-04]
[[2025-10-16 18:51:24]] Epoch 39/100, Validation Loss: 0.00841634
[[2025-10-16 18:51:24]] Mask: [1.44804735e-02 5.06602461e-03 5.60226385e-03 3.92859243e-03
 1.80801272e-03 3.91273886e-07 3.59223364e-03 2.23277160e-03
 3.11119054e-02 1.03985798e-02 2.06340451e-06 4.17648835e-07
 4.34699217e-07 1.69663969e-03 9.22612753e-03 4.12687194e-03
 5.97184271e-06 8.38847029e-07 2.85243383e-03 1.26530658e-02
 1.78253148e-02 2.98599601e-02 2.00432120e-03 8.42666812e-03
 4.90778731e-03 7.34477956e-03 3.17047068e-07 2.76469812e-03
 1.29243238e-02 1.77371746e-03 2.66940191e-07 2.16133054e-03
 5.82845882e-04]
[[2025-10-16 18:51:26]] Epoch 40/100, Validation Loss: 0.00886981
[[2025-10-16 18:51:26]] Mask: [1.4046216e-02 5.2517694e-03 4.9213595e-03 3.8797928e-03 1.6496307e-03
 3.2530903e-07 3.4566906e-03 2.4716554e-03 3.0805757e-02 1.0279866e-02
 2.0705068e-06 3.3957076e-07 3.4062717e-07 1.6782497e-03 8.3375284e-03
 3.9806133e-03 4.6764776e-06 7.5478778e-07 2.7133850e-03 1.2558017e-02
 1.6257271e-02 2.9684434e-02 1.7873512e-03 7.9225115e-03 4.8772967e-03
 7.5781876e-03 2.6247480e-07 2.9203242e-03 1.2839115e-02 1.9947572e-03
 2.1563345e-07 2.1875696e-03 5.9131993e-04]
[[2025-10-16 18:51:28]] Epoch 41/100, Validation Loss: 0.00815135
[[2025-10-16 18:51:28]] Mask: [1.35509195e-02 4.91895480e-03 5.19956695e-03 3.69268446e-03
 1.44239189e-03 2.69329547e-07 3.26784211e-03 2.32904730e-03
 3.06209289e-02 9.48862173e-03 1.84640601e-06 2.83875750e-07
 2.70522179e-07 1.69564818e-03 8.49296153e-03 3.76925408e-03
 3.67265443e-06 6.09225879e-07 2.74100574e-03 1.21240979e-02
 1.60311330e-02 2.80712582e-02 1.79078314e-03 7.29673775e-03
 4.95688012e-03 6.84225420e-03 2.10949295e-07 2.69406429e-03
 1.43609168e-02 2.25525885e-03 1.81478043e-07 2.17868434e-03
 5.97626378e-04]
[[2025-10-16 18:51:31]] Epoch 42/100, Validation Loss: 0.00827055
[[2025-10-16 18:51:31]] Mask: [1.3351342e-02 5.0192275e-03 5.1741283e-03 3.5476356e-03 1.4446973e-03
 2.2244487e-07 3.3305599e-03 2.2165659e-03 2.9763930e-02 9.7956117e-03
 1.7705325e-06 2.3774169e-07 2.1722583e-07 1.6098217e-03 8.4843002e-03
 3.6989651e-03 3.0435956e-06 5.1609203e-07 2.6653111e-03 1.1502042e-02
 1.6235512e-02 2.7842546e-02 1.8661604e-03 8.0093527e-03 5.0664381e-03
 7.2398582e-03 1.7961899e-07 2.7368574e-03 1.3360943e-02 2.1110554e-03
 1.5240984e-07 2.3100642e-03 5.9092639e-04]
[[2025-10-16 18:51:34]] Epoch 43/100, Validation Loss: 0.00859182
[[2025-10-16 18:51:34]] Mask: [1.4869215e-02 4.7288383e-03 4.9650455e-03 3.5838597e-03 1.6383732e-03
 1.9341870e-07 3.0780083e-03 2.2425512e-03 3.0067736e-02 9.8171709e-03
 1.6498933e-06 2.0259999e-07 1.7626131e-07 1.5484847e-03 8.5923187e-03
 3.7458779e-03 2.7162321e-06 4.5355594e-07 2.4461523e-03 1.1063475e-02
 1.6046762e-02 2.8007723e-02 2.1314817e-03 8.0035171e-03 4.7316779e-03
 7.5139408e-03 1.5104260e-07 2.5939718e-03 1.2053888e-02 2.1343040e-03
 1.3538055e-07 2.1155616e-03 6.3131924e-04]
[[2025-10-16 18:51:36]] Epoch 44/100, Validation Loss: 0.00812611
[[2025-10-16 18:51:36]] Mask: [1.38255563e-02 5.00381319e-03 5.12828864e-03 3.50720785e-03
 1.51081919e-03 1.63452640e-07 3.00005986e-03 2.23135180e-03
 2.94700041e-02 9.84639209e-03 1.65020003e-06 1.68039804e-07
 1.42855413e-07 1.47660938e-03 8.64728354e-03 3.59280361e-03
 2.12107125e-06 4.00255999e-07 2.47026840e-03 1.09996758e-02
 1.59320366e-02 2.75480859e-02 2.21607438e-03 7.24926172e-03
 4.79932874e-03 6.66333921e-03 1.30236046e-07 2.42203334e-03
 1.31421704e-02 1.95748266e-03 1.16514386e-07 2.08206894e-03
 6.12976844e-04]
[[2025-10-16 18:51:38]] Epoch 45/100, Validation Loss: 0.00836086
[[2025-10-16 18:51:38]] Mask: [1.43125234e-02 5.05066151e-03 4.86750761e-03 3.50026041e-03
 1.56527839e-03 1.37840203e-07 3.15282075e-03 2.15527555e-03
 2.82369833e-02 1.09886583e-02 1.49505047e-06 1.48930823e-07
 1.17903227e-07 1.51822250e-03 8.29054322e-03 3.48668010e-03
 1.75543619e-06 3.46444921e-07 2.55482458e-03 1.09794894e-02
 1.56505592e-02 2.65640970e-02 2.00232398e-03 7.02081854e-03
 4.70018107e-03 7.13672163e-03 1.13105408e-07 2.62001879e-03
 1.15385707e-02 1.80641876e-03 1.02639106e-07 2.23305728e-03
 6.23107655e-04]
[[2025-10-16 18:51:41]] Epoch 46/100, Validation Loss: 0.00828464
[[2025-10-16 18:51:41]] Mask: [1.28965834e-02 4.57304576e-03 4.66219196e-03 3.34694772e-03
 1.55809009e-03 1.18586136e-07 2.92379037e-03 2.31489702e-03
 2.79222261e-02 9.48824082e-03 1.34682352e-06 1.26363759e-07
 9.86442075e-08 1.46625179e-03 8.23957287e-03 3.31435329e-03
 1.45715944e-06 3.08075442e-07 2.67915288e-03 1.07679106e-02
 1.56797282e-02 2.49644350e-02 2.19977717e-03 6.99968729e-03
 4.60631307e-03 6.31731236e-03 9.64852731e-08 2.53499788e-03
 1.28500955e-02 1.99934468e-03 9.10779718e-08 2.22423230e-03
 6.24420005e-04]
[[2025-10-16 18:51:43]] Epoch 47/100, Validation Loss: 0.00822393
[[2025-10-16 18:51:43]] Mask: [1.3530316e-02 4.6245465e-03 4.6728053e-03 3.3733854e-03 1.7482535e-03
 1.0638066e-07 2.7185951e-03 2.2072901e-03 2.8680373e-02 9.3615130e-03
 1.3573946e-06 1.0659209e-07 8.4192237e-08 1.5357083e-03 7.9233516e-03
 3.4367382e-03 1.2442893e-06 2.8097011e-07 2.7552485e-03 1.1299692e-02
 1.5058193e-02 2.4667965e-02 2.0588357e-03 7.3411237e-03 4.4102683e-03
 6.8536564e-03 8.4790599e-08 2.4871721e-03 1.2539847e-02 1.8092084e-03
 8.3360689e-08 2.0726328e-03 6.3533959e-04]
[[2025-10-16 18:51:46]] Epoch 48/100, Validation Loss: 0.00818526
[[2025-10-16 18:51:46]] Mask: [1.3157207e-02 4.6333121e-03 4.2421347e-03 3.1090796e-03 1.6498301e-03
 9.7753230e-08 2.7449541e-03 2.0442556e-03 2.8102716e-02 8.9572109e-03
 1.3323545e-06 9.2314302e-08 7.0808994e-08 1.4452573e-03 7.8969998e-03
 3.2880625e-03 9.9361819e-07 2.8749821e-07 2.6063218e-03 1.1117582e-02
 1.5230037e-02 2.4421500e-02 1.9202096e-03 6.9702682e-03 4.4728327e-03
 6.4176377e-03 7.5723058e-08 2.2219687e-03 1.3599371e-02 1.8479343e-03
 7.6853496e-08 1.8934618e-03 6.1309576e-04]
[[2025-10-16 18:51:49]] Epoch 49/100, Validation Loss: 0.00885906
[[2025-10-16 18:51:49]] Mask: [1.34481555e-02 4.60444018e-03 4.44434583e-03 3.15450248e-03
 1.67159678e-03 8.69237837e-08 2.85437121e-03 2.13029329e-03
 2.78915819e-02 9.53700952e-03 1.34708682e-06 8.11719190e-08
 6.11857089e-08 1.54379033e-03 7.84937292e-03 3.20227467e-03
 8.19389356e-07 2.60859252e-07 2.71365349e-03 1.06106261e-02
 1.57505292e-02 2.56583951e-02 1.85169722e-03 6.56288117e-03
 4.46361816e-03 6.32506935e-03 6.81938275e-08 2.28769984e-03
 1.27694383e-02 1.95193361e-03 6.99537495e-08 1.90885004e-03
 6.36187615e-04]
[[2025-10-16 18:51:51]] Epoch 50/100, Validation Loss: 0.00807545
[[2025-10-16 18:51:51]] Mask: [1.2829745e-02 4.5807017e-03 4.5070830e-03 3.1987682e-03 1.6648871e-03
 8.0226080e-08 2.6972149e-03 2.1215021e-03 2.7139194e-02 9.2827454e-03
 1.3534843e-06 7.2608842e-08 5.3748252e-08 1.5096752e-03 7.6516829e-03
 3.2410859e-03 6.7493761e-07 2.5012292e-07 2.6405803e-03 1.0182972e-02
 1.5220100e-02 2.4525683e-02 1.8137704e-03 6.3872584e-03 4.5292960e-03
 6.2527535e-03 6.2057325e-08 2.2987910e-03 1.2426143e-02 1.7839448e-03
 6.5295168e-08 1.9821273e-03 6.4908643e-04]
[[2025-10-16 18:51:54]] Epoch 51/100, Validation Loss: 0.00810715
[[2025-10-16 18:51:54]] Mask: [1.31516475e-02 4.57701134e-03 4.52865753e-03 3.16575798e-03
 1.68346986e-03 7.42761515e-08 2.64726696e-03 2.12737289e-03
 2.55479235e-02 8.66581220e-03 1.28111492e-06 6.61039223e-08
 4.77699658e-08 1.39583321e-03 7.35791586e-03 3.24599445e-03
 5.54724465e-07 2.36332454e-07 2.53424444e-03 1.01160482e-02
 1.45573299e-02 2.56252941e-02 1.80499884e-03 6.64491998e-03
 4.43628756e-03 6.32690685e-03 5.69886183e-08 2.29144678e-03
 1.26111545e-02 1.80261047e-03 6.26684695e-08 1.76419597e-03
 6.41190854e-04]
[[2025-10-16 18:51:56]] Epoch 52/100, Validation Loss: 0.00807991
[[2025-10-16 18:51:56]] Mask: [1.2980096e-02 4.5549460e-03 4.5627728e-03 3.1979932e-03 1.5550562e-03
 6.9967498e-08 2.7107333e-03 2.1887545e-03 2.5940856e-02 8.9796474e-03
 1.3018754e-06 6.1830718e-08 4.2680060e-08 1.5070043e-03 7.5152954e-03
 3.1620492e-03 4.4947814e-07 2.3181265e-07 2.5809729e-03 9.9440254e-03
 1.4020906e-02 2.4055019e-02 1.8561437e-03 6.5096798e-03 4.0743379e-03
 5.6930422e-03 5.2020226e-08 2.1922209e-03 1.2466537e-02 1.8587498e-03
 5.8984092e-08 1.7615159e-03 6.4888201e-04]
[[2025-10-16 18:51:58]] Epoch 53/100, Validation Loss: 0.00804454
[[2025-10-16 18:51:58]] Mask: [1.3142158e-02 4.6138475e-03 4.6019121e-03 3.0510502e-03 1.5574486e-03
 6.5136945e-08 2.6009937e-03 2.2047155e-03 2.5579317e-02 9.5689530e-03
 1.3787638e-06 5.6841085e-08 3.8372313e-08 1.4220204e-03 7.4207368e-03
 3.1626746e-03 3.6149737e-07 2.3216155e-07 2.5245179e-03 9.7434353e-03
 1.4087662e-02 2.3553969e-02 1.8495049e-03 6.6183200e-03 4.1601593e-03
 6.3279234e-03 4.8222471e-08 2.1757258e-03 1.1500991e-02 1.6898641e-03
 5.4983097e-08 1.7034415e-03 6.3988869e-04]
[[2025-10-16 18:52:01]] Epoch 54/100, Validation Loss: 0.00814376
[[2025-10-16 18:52:01]] Mask: [1.2392267e-02 4.3356395e-03 4.4756252e-03 3.1097017e-03 1.4741021e-03
 6.3081735e-08 2.7316292e-03 2.1680850e-03 2.5291432e-02 8.9727798e-03
 1.5575803e-06 5.2290908e-08 3.5134722e-08 1.3914561e-03 7.4940571e-03
 3.2291571e-03 3.0311034e-07 2.5644812e-07 2.6616086e-03 9.8840129e-03
 1.4410605e-02 2.3008328e-02 1.9293682e-03 7.2447434e-03 4.0956712e-03
 6.1015659e-03 4.4479815e-08 2.1578849e-03 1.1547112e-02 1.7033864e-03
 5.1350277e-08 1.7855298e-03 6.2074227e-04]
[[2025-10-16 18:52:04]] Epoch 55/100, Validation Loss: 0.00809818
[[2025-10-16 18:52:04]] Mask: [1.4051863e-02 4.4438145e-03 4.1210633e-03 3.2586157e-03 1.7653577e-03
 5.7870050e-08 2.7611558e-03 2.0328949e-03 2.5116149e-02 9.9855876e-03
 1.6765722e-06 4.7943669e-08 3.2005424e-08 1.2912921e-03 7.1528428e-03
 3.3339730e-03 2.6548520e-07 2.3941010e-07 2.4949710e-03 9.7373230e-03
 1.4152360e-02 2.2724334e-02 1.7933163e-03 6.3818623e-03 3.8090618e-03
 5.9457375e-03 4.1143227e-08 2.1088528e-03 1.1026990e-02 1.8230989e-03
 4.8738443e-08 1.7292505e-03 6.0616579e-04]
[[2025-10-16 18:52:06]] Epoch 56/100, Validation Loss: 0.00812063
[[2025-10-16 18:52:06]] Mask: [1.2494230e-02 4.6606767e-03 4.3348121e-03 3.1567407e-03 1.5385023e-03
 5.5242221e-08 2.7668902e-03 2.2903942e-03 2.5226170e-02 9.9738333e-03
 1.8734340e-06 4.4782276e-08 2.9420848e-08 1.3123426e-03 7.1150823e-03
 3.0087668e-03 2.0539598e-07 2.4595906e-07 2.4868336e-03 9.3348641e-03
 1.4612635e-02 2.3259072e-02 1.7101900e-03 6.4400611e-03 4.0885592e-03
 6.2334356e-03 3.8106609e-08 2.3941649e-03 1.1411855e-02 1.8990755e-03
 4.6642992e-08 1.6753115e-03 6.1235845e-04]
[[2025-10-16 18:52:08]] Epoch 57/100, Validation Loss: 0.00806248
[[2025-10-16 18:52:08]] Mask: [1.2253562e-02 4.2800107e-03 4.2659389e-03 3.0793899e-03 1.6113598e-03
 5.3620880e-08 2.7603919e-03 2.3470817e-03 2.6390217e-02 9.3710124e-03
 2.2009738e-06 4.2150567e-08 2.7320553e-08 1.3091211e-03 7.0937108e-03
 2.9644365e-03 1.8181446e-07 2.5820498e-07 2.3842508e-03 9.3779787e-03
 1.4314731e-02 2.2407208e-02 1.7394504e-03 7.0099663e-03 4.0235673e-03
 6.2048314e-03 3.5579337e-08 2.2823156e-03 1.1489119e-02 1.8192304e-03
 4.4673921e-08 1.6760285e-03 5.9098552e-04]
[[2025-10-16 18:52:11]] Epoch 58/100, Validation Loss: 0.00812381
[[2025-10-16 18:52:11]] Mask: [1.2059005e-02 4.3234685e-03 3.9860508e-03 2.9931804e-03 1.6999219e-03
 5.1525696e-08 2.6583653e-03 2.2718322e-03 2.5612473e-02 9.1403956e-03
 2.2865736e-06 3.9276291e-08 2.5408644e-08 1.2854321e-03 7.0313672e-03
 3.0976939e-03 1.5603976e-07 2.6234719e-07 2.6025686e-03 9.5992237e-03
 1.3678704e-02 2.2485837e-02 1.8371632e-03 6.3948403e-03 4.6733376e-03
 6.1049936e-03 3.3733421e-08 2.3574673e-03 1.1240686e-02 1.7494030e-03
 4.2039048e-08 1.8163492e-03 5.9535797e-04]
[[2025-10-16 18:52:13]] Epoch 59/100, Validation Loss: 0.00813340
[[2025-10-16 18:52:13]] Mask: [1.2047829e-02 4.4009318e-03 3.9702724e-03 2.9221990e-03 1.7222572e-03
 5.0559173e-08 2.5784969e-03 2.2400622e-03 2.5636876e-02 9.7477054e-03
 2.6214536e-06 3.6655084e-08 2.4033492e-08 1.3491759e-03 6.8080411e-03
 3.0111852e-03 1.3733489e-07 2.7888410e-07 2.3930545e-03 9.3660159e-03
 1.3264398e-02 2.2403974e-02 1.7568041e-03 6.3826665e-03 4.1342550e-03
 5.7895435e-03 3.1674265e-08 2.3216002e-03 1.1756528e-02 1.7268099e-03
 4.0961648e-08 1.7483075e-03 6.0317159e-04]
[[2025-10-16 18:52:15]] Epoch 60/100, Validation Loss: 0.00800321
[[2025-10-16 18:52:15]] Mask: [1.23454351e-02 4.49552806e-03 3.71555914e-03 3.03270132e-03
 1.83801609e-03 4.92610646e-08 2.61888909e-03 2.04192312e-03
 2.43818816e-02 1.12711312e-02 3.02530930e-06 3.53490854e-08
 2.24979342e-08 1.25916151e-03 6.86889607e-03 3.01077124e-03
 1.16977887e-07 2.83424811e-07 2.68436014e-03 9.06138495e-03
 1.36887375e-02 2.10590512e-02 1.75930280e-03 6.81675831e-03
 3.97552922e-03 5.90624055e-03 3.01766754e-08 2.36650906e-03
 1.07850349e-02 1.68573682e-03 3.97397208e-08 1.73248095e-03
 5.93757140e-04]
[[2025-10-16 18:52:18]] Epoch 61/100, Validation Loss: 0.00803445
[[2025-10-16 18:52:18]] Mask: [1.17790634e-02 4.25400911e-03 3.86933028e-03 3.01553728e-03
 1.71062385e-03 4.73113246e-08 2.72374786e-03 2.04449077e-03
 2.57046968e-02 1.01474915e-02 3.58317379e-06 3.33691048e-08
 2.14781650e-08 1.27917167e-03 6.99831545e-03 2.91448599e-03
 1.01198083e-07 2.90338107e-07 2.55174469e-03 9.18356609e-03
 1.33560402e-02 2.14280058e-02 1.79957296e-03 6.37723133e-03
 4.19301959e-03 5.34671359e-03 2.85488611e-08 2.25226721e-03
 1.14442799e-02 1.83366111e-03 3.85145640e-08 1.69639185e-03
 6.17374200e-04]
[[2025-10-16 18:52:21]] Epoch 62/100, Validation Loss: 0.00839085
[[2025-10-16 18:52:21]] Mask: [1.1768401e-02 4.3278453e-03 3.8854231e-03 2.9515084e-03 1.7955842e-03
 4.5400633e-08 2.5347460e-03 2.1181451e-03 2.4380032e-02 9.6495841e-03
 3.9363176e-06 3.1540853e-08 2.0236453e-08 1.3350416e-03 6.8347803e-03
 2.9221002e-03 8.7436604e-08 2.9540482e-07 2.6524882e-03 8.8368161e-03
 1.3104129e-02 2.0363122e-02 1.8775834e-03 5.7347231e-03 4.1718506e-03
 4.9578631e-03 2.7081175e-08 2.3027435e-03 1.0747222e-02 1.7095852e-03
 3.7616850e-08 1.6988833e-03 6.4070703e-04]
[[2025-10-16 18:52:23]] Epoch 63/100, Validation Loss: 0.00918726
[[2025-10-16 18:52:23]] Mask: [1.1262722e-02 4.5966837e-03 4.0306114e-03 3.0817783e-03 1.7469381e-03
 4.5741100e-08 2.3991195e-03 2.0200959e-03 2.3235289e-02 9.2625376e-03
 4.3658933e-06 3.0466886e-08 1.9179087e-08 1.3017266e-03 6.6738324e-03
 2.9061006e-03 7.8461127e-08 3.1672400e-07 2.3269120e-03 8.5160565e-03
 1.3193071e-02 2.0864651e-02 1.8979370e-03 6.3753794e-03 4.1183443e-03
 4.9601360e-03 2.5864509e-08 2.2825685e-03 1.1076035e-02 1.6659913e-03
 3.6045254e-08 1.6970800e-03 6.2039745e-04]
[[2025-10-16 18:52:25]] Epoch 64/100, Validation Loss: 0.00820191
[[2025-10-16 18:52:25]] Mask: [1.2030196e-02 4.3642134e-03 3.7465524e-03 2.9261585e-03 2.0977147e-03
 4.3529074e-08 2.4675499e-03 2.1141053e-03 2.3259966e-02 9.1608623e-03
 4.8058250e-06 2.9072263e-08 1.8130292e-08 1.2698433e-03 6.6864854e-03
 2.8719706e-03 6.9596418e-08 3.0476076e-07 2.4081545e-03 8.7483199e-03
 1.2875741e-02 2.0304760e-02 2.1119164e-03 5.9381356e-03 3.8791387e-03
 5.3932704e-03 2.5035149e-08 2.2686913e-03 1.1245080e-02 1.6377573e-03
 3.4415550e-08 1.8007135e-03 6.6216744e-04]
[[2025-10-16 18:52:27]] Epoch 65/100, Validation Loss: 0.00815949
[[2025-10-16 18:52:27]] Mask: [1.1919974e-02 4.2646001e-03 3.7047372e-03 3.0966836e-03 2.0162007e-03
 4.3506166e-08 2.5244264e-03 2.0356684e-03 2.3219572e-02 9.3923546e-03
 5.8462538e-06 2.7816659e-08 1.7372560e-08 1.2932940e-03 6.5533407e-03
 2.8995725e-03 6.3179748e-08 3.3549722e-07 2.2713577e-03 8.6298268e-03
 1.2548571e-02 2.1135051e-02 1.9881309e-03 5.9687393e-03 4.1489596e-03
 5.6776963e-03 2.4327925e-08 2.0992933e-03 1.1319719e-02 1.5593903e-03
 3.3043310e-08 1.9027665e-03 6.4894726e-04]
[[2025-10-16 18:52:30]] Epoch 66/100, Validation Loss: 0.00820163
[[2025-10-16 18:52:30]] Mask: [1.1898674e-02 4.2901956e-03 3.6916793e-03 2.8721483e-03 1.9643081e-03
 4.2394955e-08 2.3387279e-03 1.9748295e-03 2.3133468e-02 9.4271842e-03
 6.9855405e-06 2.6909918e-08 1.6625554e-08 1.2126502e-03 6.4518517e-03
 2.8748356e-03 5.6672430e-08 3.6489979e-07 2.3478947e-03 8.6611770e-03
 1.3041175e-02 2.1301180e-02 1.8644575e-03 6.2813959e-03 4.5182090e-03
 5.1186490e-03 2.3279267e-08 2.1405302e-03 1.0118589e-02 1.5987724e-03
 3.2711647e-08 1.6999494e-03 6.7623681e-04]
[[2025-10-16 18:52:32]] Epoch 67/100, Validation Loss: 0.00849008
[[2025-10-16 18:52:32]] Mask: [1.1602298e-02 4.3635839e-03 3.6776597e-03 2.8560071e-03 2.1200043e-03
 4.1174079e-08 2.2986182e-03 1.8358608e-03 2.2411400e-02 9.6570691e-03
 8.7208091e-06 2.5370099e-08 1.6007924e-08 1.1673600e-03 6.4356839e-03
 2.9226784e-03 5.1950622e-08 3.8500980e-07 2.2817999e-03 8.1458548e-03
 1.2746635e-02 2.1882093e-02 1.7973619e-03 6.5849191e-03 4.2062807e-03
 5.5038142e-03 2.2729163e-08 2.0424819e-03 1.0211960e-02 1.4949306e-03
 3.1543319e-08 1.8086325e-03 6.7307026e-04]
[[2025-10-16 18:52:35]] Epoch 68/100, Validation Loss: 0.00862945
[[2025-10-16 18:52:35]] Mask: [1.1293892e-02 4.1793673e-03 3.6763200e-03 2.9009958e-03 2.1665206e-03
 4.1198589e-08 2.3484542e-03 1.8161080e-03 2.2949068e-02 9.0329945e-03
 9.9349618e-06 2.4570088e-08 1.5441870e-08 1.1708060e-03 6.4333705e-03
 2.8514168e-03 4.7973760e-08 4.0720323e-07 2.3102027e-03 7.9058176e-03
 1.2675705e-02 2.1388825e-02 1.6013554e-03 6.2727942e-03 4.3724924e-03
 5.4011103e-03 2.1806244e-08 2.1675900e-03 1.0586779e-02 1.4516728e-03
 3.0429256e-08 1.9333032e-03 6.7753118e-04]
[[2025-10-16 18:52:38]] Epoch 69/100, Validation Loss: 0.01104598
[[2025-10-16 18:52:38]] Mask: [1.1099710e-02 4.1493103e-03 3.5574140e-03 2.9734033e-03 2.1470280e-03
 4.1959424e-08 2.4368695e-03 1.8721706e-03 2.2565326e-02 9.5979776e-03
 1.0739603e-05 2.3278778e-08 1.4870427e-08 1.1378559e-03 6.5160077e-03
 2.7921584e-03 4.5795574e-08 4.8965842e-07 2.1944165e-03 8.1051113e-03
 1.2324719e-02 2.0245250e-02 1.6121662e-03 6.0054027e-03 4.3623759e-03
 5.9958184e-03 2.1337540e-08 2.3582233e-03 1.0585366e-02 1.4676893e-03
 2.9992140e-08 1.7664193e-03 6.9209171e-04]
[[2025-10-16 18:52:40]] Epoch 70/100, Validation Loss: 0.00814164
[[2025-10-16 18:52:40]] Mask: [1.09956041e-02 3.97420209e-03 3.67270433e-03 2.70596147e-03
 2.17731134e-03 4.05643519e-08 2.37969798e-03 1.93403091e-03
 2.33613625e-02 8.97942670e-03 1.15983239e-05 2.25899104e-08
 1.44047485e-08 1.15099654e-03 6.67672558e-03 2.59400252e-03
 4.20871871e-08 5.05603850e-07 2.20078207e-03 8.44046474e-03
 1.32897478e-02 1.89325791e-02 1.62543822e-03 6.03961106e-03
 4.31772275e-03 4.83639818e-03 2.02059454e-08 2.08215811e-03
 1.11755170e-02 1.57758826e-03 2.96948972e-08 1.66392431e-03
 7.04866310e-04]
[[2025-10-16 18:52:42]] Epoch 71/100, Validation Loss: 0.00809618
[[2025-10-16 18:52:42]] Mask: [1.0613224e-02 3.8937684e-03 3.8474039e-03 2.7021000e-03 2.2323106e-03
 4.0328981e-08 2.4835085e-03 1.8553203e-03 2.3027863e-02 9.0503450e-03
 1.4556757e-05 2.1681991e-08 1.3868482e-08 1.1362762e-03 6.5930537e-03
 2.8420638e-03 3.9216104e-08 5.4170016e-07 2.0474878e-03 8.2601290e-03
 1.2650094e-02 2.0422004e-02 1.7357781e-03 6.0611777e-03 4.0560500e-03
 5.8006374e-03 1.9793369e-08 2.1879985e-03 1.0311994e-02 1.5666367e-03
 2.8525617e-08 1.7285517e-03 6.8974664e-04]
[[2025-10-16 18:52:44]] Epoch 72/100, Validation Loss: 0.00833908
[[2025-10-16 18:52:44]] Mask: [1.05485627e-02 3.70823755e-03 3.85412388e-03 2.79744645e-03
 2.56969081e-03 4.03539069e-08 2.31567258e-03 1.85432273e-03
 2.19595209e-02 9.00373515e-03 2.11814513e-05 2.07780797e-08
 1.34083775e-08 1.14827801e-03 6.81145955e-03 2.99751363e-03
 3.69877711e-08 6.12218344e-07 2.08199583e-03 8.10979400e-03
 1.20155159e-02 2.10405402e-02 1.58448901e-03 5.13653504e-03
 3.92415980e-03 5.30591002e-03 1.92371541e-08 2.11276580e-03
 1.01720914e-02 1.68467464e-03 2.78617414e-08 1.81809207e-03
 6.77110045e-04]
[[2025-10-16 18:52:47]] Epoch 73/100, Validation Loss: 0.00817871
[[2025-10-16 18:52:47]] Mask: [1.0161218e-02 4.0344163e-03 3.7770637e-03 2.7490947e-03 2.4440435e-03
 4.1952546e-08 2.3989596e-03 1.7782348e-03 2.2214847e-02 9.5500266e-03
 2.7107948e-05 2.0225572e-08 1.3026818e-08 1.1220420e-03 6.5896502e-03
 2.8457160e-03 3.4982065e-08 7.5638746e-07 2.0192608e-03 8.1554735e-03
 1.2128799e-02 1.9063182e-02 1.4903331e-03 5.2350485e-03 3.7482667e-03
 4.8088445e-03 1.8596314e-08 2.0403971e-03 1.1367908e-02 1.7056982e-03
 2.7707687e-08 1.6463043e-03 6.7833951e-04]
[[2025-10-16 18:52:49]] Epoch 74/100, Validation Loss: 0.00826294
[[2025-10-16 18:52:49]] Mask: [1.08150244e-02 4.00124723e-03 3.72888311e-03 2.78556370e-03
 2.51828041e-03 4.38348486e-08 2.32926453e-03 1.70439621e-03
 2.18793172e-02 8.78740754e-03 3.40332881e-05 1.95597085e-08
 1.26146151e-08 1.15855585e-03 6.61431812e-03 2.66644848e-03
 3.33252181e-08 9.27381734e-07 2.24089599e-03 8.14112183e-03
 1.19505925e-02 1.97862592e-02 1.53274625e-03 5.85288694e-03
 3.87897831e-03 5.12626488e-03 1.80901889e-08 2.16348493e-03
 1.12818917e-02 1.67662464e-03 2.69083280e-08 1.85140991e-03
 6.92308415e-04]
[[2025-10-16 18:52:52]] Epoch 75/100, Validation Loss: 0.00828186
[[2025-10-16 18:52:52]] Mask: [1.09290825e-02 4.05432656e-03 3.76172736e-03 2.72314833e-03
 2.66824197e-03 4.38516565e-08 2.22651707e-03 1.72297645e-03
 2.23906096e-02 7.92689808e-03 4.69081715e-05 1.88727043e-08
 1.22718982e-08 1.18378317e-03 6.39828993e-03 2.64250347e-03
 3.18412674e-08 1.03101422e-06 2.20607407e-03 8.09281506e-03
 1.16374400e-02 1.96558535e-02 1.45688688e-03 5.93477022e-03
 4.23394097e-03 5.17683337e-03 1.76969657e-08 2.05983431e-03
 1.08096860e-02 1.68409501e-03 2.66103122e-08 1.85045844e-03
 6.89973414e-04]
[[2025-10-16 18:52:55]] Epoch 76/100, Validation Loss: 0.00880432
[[2025-10-16 18:52:55]] Mask: [1.0210428e-02 4.0834052e-03 3.3494858e-03 2.7460181e-03 2.7772854e-03
 4.3511225e-08 2.2495955e-03 1.7343169e-03 2.1581929e-02 7.5992499e-03
 5.2643740e-05 1.8236697e-08 1.1868249e-08 1.1235726e-03 6.3848379e-03
 2.6381626e-03 2.9533576e-08 1.1266396e-06 2.1866716e-03 7.8731971e-03
 1.1708619e-02 1.8410301e-02 1.5525018e-03 6.7306836e-03 4.2741196e-03
 5.3012636e-03 1.7349977e-08 2.2746008e-03 1.0730019e-02 1.5178213e-03
 2.5676545e-08 1.9471741e-03 6.7321007e-04]
[[2025-10-16 18:52:57]] Epoch 77/100, Validation Loss: 0.00815214
[[2025-10-16 18:52:57]] Mask: [9.7377412e-03 3.9596683e-03 3.4906799e-03 2.7561332e-03 2.4819532e-03
 4.4641901e-08 2.4141141e-03 1.7681092e-03 2.1630086e-02 8.7316418e-03
 5.7891852e-05 1.7651692e-08 1.1542045e-08 1.1378375e-03 6.5463497e-03
 2.4771837e-03 2.7459832e-08 1.2771222e-06 2.1325478e-03 7.9025123e-03
 1.2221284e-02 1.8398281e-02 1.4877901e-03 5.5689872e-03 4.2470568e-03
 4.5108567e-03 1.6725838e-08 2.2456646e-03 1.0315664e-02 1.5240738e-03
 2.5804393e-08 1.8730165e-03 6.8314746e-04]
[[2025-10-16 18:52:59]] Epoch 78/100, Validation Loss: 0.00831513
[[2025-10-16 18:52:59]] Mask: [1.0092554e-02 3.7412948e-03 3.3202071e-03 2.7562522e-03 2.5432885e-03
 4.5189147e-08 2.3876887e-03 1.6582182e-03 2.0691695e-02 8.4670214e-03
 7.3874064e-05 1.7246080e-08 1.1180748e-08 1.0673078e-03 6.3346969e-03
 2.6727265e-03 2.6345630e-08 1.5263212e-06 2.1704878e-03 7.7266344e-03
 1.2306477e-02 1.9321034e-02 1.6383204e-03 6.1476901e-03 4.3460825e-03
 4.9585528e-03 1.6451022e-08 2.3732586e-03 1.1282881e-02 1.5112868e-03
 2.5755172e-08 1.8248317e-03 6.8231684e-04]
[[2025-10-16 18:53:01]] Epoch 79/100, Validation Loss: 0.00815122
[[2025-10-16 18:53:01]] Mask: [1.04338890e-02 3.66858020e-03 3.41472402e-03 2.80391052e-03
 2.62555573e-03 4.39612755e-08 2.26980029e-03 1.68730237e-03
 2.04192046e-02 8.34681001e-03 9.70153487e-05 1.66326597e-08
 1.09028262e-08 1.07939809e-03 6.05458580e-03 2.61322153e-03
 2.48479068e-08 1.67568658e-06 2.18930235e-03 7.96458684e-03
 1.21610081e-02 1.96408369e-02 1.59037695e-03 6.04444183e-03
 4.30321507e-03 5.33602573e-03 1.61064495e-08 2.28647352e-03
 1.10456785e-02 1.62283180e-03 2.52645407e-08 1.65416650e-03
 6.82685641e-04]
[[2025-10-16 18:53:03]] Epoch 80/100, Validation Loss: 0.00803586
[[2025-10-16 18:53:03]] Mask: [1.0350470e-02 3.5992793e-03 3.2816834e-03 2.7919991e-03 2.7357594e-03
 4.4464461e-08 2.2108867e-03 1.7304082e-03 2.0653620e-02 7.8342697e-03
 1.0112579e-04 1.6088059e-08 1.0592021e-08 1.1011719e-03 6.2532541e-03
 2.5188685e-03 2.3730941e-08 1.8748943e-06 2.1975280e-03 7.9805395e-03
 1.1821528e-02 1.8731209e-02 1.5697441e-03 5.5067665e-03 3.6230178e-03
 5.3018392e-03 1.5846433e-08 2.0940746e-03 1.0363442e-02 1.7111998e-03
 2.4807370e-08 1.7506026e-03 6.9441198e-04]
[[2025-10-16 18:53:06]] Epoch 81/100, Validation Loss: 0.00813821
[[2025-10-16 18:53:06]] Mask: [9.44586843e-03 3.75497341e-03 3.60721746e-03 2.66313716e-03
 2.50621769e-03 4.63817322e-08 2.55459012e-03 1.67287118e-03
 2.13023927e-02 8.40095337e-03 1.18887234e-04 1.57622093e-08
 1.03403819e-08 1.09550473e-03 6.48079533e-03 2.56588170e-03
 2.25264021e-08 2.17174988e-06 2.13943352e-03 7.95495883e-03
 1.20870089e-02 1.81758925e-02 1.43453386e-03 5.84480772e-03
 3.90309724e-03 5.01423655e-03 1.52176973e-08 2.19726143e-03
 1.04659405e-02 1.49854494e-03 2.43849723e-08 1.78397191e-03
 6.68478082e-04]
[[2025-10-16 18:53:10]] Epoch 82/100, Validation Loss: 0.00870503
[[2025-10-16 18:53:10]] Mask: [9.2834029e-03 3.4669074e-03 3.4958690e-03 2.6753994e-03 2.5604824e-03
 4.5604242e-08 2.5118326e-03 1.5998031e-03 2.1555221e-02 8.2146646e-03
 1.3883840e-04 1.5329418e-08 1.0155886e-08 1.1735405e-03 6.3946438e-03
 2.5148559e-03 2.1433516e-08 2.2599429e-06 2.2134506e-03 7.8515979e-03
 1.1182406e-02 1.7778043e-02 1.3102257e-03 5.1577752e-03 3.7609336e-03
 4.7197822e-03 1.4825962e-08 2.0237342e-03 1.0534537e-02 1.4071648e-03
 2.4110349e-08 1.8794762e-03 6.9304905e-04]
[[2025-10-16 18:53:12]] Epoch 83/100, Validation Loss: 0.00863772
[[2025-10-16 18:53:12]] Mask: [9.7741382e-03 3.4744046e-03 3.3917604e-03 2.6185464e-03 2.9468532e-03
 4.7871939e-08 2.3902911e-03 1.5302000e-03 2.2369098e-02 8.0013666e-03
 1.5694494e-04 1.5083067e-08 9.8465014e-09 1.0695772e-03 6.2932856e-03
 2.5873308e-03 2.1068404e-08 2.8797315e-06 2.2601364e-03 7.3976340e-03
 1.1806421e-02 1.8465566e-02 1.4698033e-03 5.5457684e-03 3.8311202e-03
 4.6589691e-03 1.4529638e-08 1.9869439e-03 1.0181463e-02 1.5388862e-03
 2.3618727e-08 1.9090808e-03 6.9085642e-04]
[[2025-10-16 18:53:15]] Epoch 84/100, Validation Loss: 0.00925994
[[2025-10-16 18:53:15]] Mask: [9.4174230e-03 3.5801071e-03 3.3608833e-03 2.7178531e-03 3.1847232e-03
 5.1097032e-08 2.3172263e-03 1.5738517e-03 2.0737104e-02 8.0423355e-03
 1.7413124e-04 1.4701386e-08 9.6397308e-09 1.0859707e-03 6.0490817e-03
 2.5154948e-03 2.0510562e-08 3.6528318e-06 2.2390159e-03 7.3699411e-03
 1.1022269e-02 1.7776901e-02 1.4956433e-03 4.9578678e-03 3.6302751e-03
 4.4277138e-03 1.4118431e-08 2.0033084e-03 9.9242106e-03 1.4410019e-03
 2.3347301e-08 2.0372381e-03 7.1124185e-04]
[[2025-10-16 18:53:17]] Epoch 85/100, Validation Loss: 0.00836954
[[2025-10-16 18:53:17]] Mask: [9.51267686e-03 3.57892504e-03 3.36671178e-03 2.55073281e-03
 3.49183963e-03 4.76036952e-08 2.26199743e-03 1.57977303e-03
 1.99327841e-02 8.09944049e-03 2.04913871e-04 1.43902215e-08
 9.37445677e-09 1.07062049e-03 5.85121941e-03 2.49845162e-03
 1.92570884e-08 3.51625295e-06 2.14045681e-03 7.24403700e-03
 1.12197557e-02 1.82378981e-02 1.60618697e-03 5.56483492e-03
 3.70173925e-03 4.81117936e-03 1.38326328e-08 2.01252266e-03
 9.76791326e-03 1.50789297e-03 2.30263169e-08 1.99238537e-03
 7.22080411e-04]
[[2025-10-16 18:53:19]] Epoch 86/100, Validation Loss: 0.00828207
[[2025-10-16 18:53:19]] Mask: [9.7519504e-03 3.7220020e-03 3.2727646e-03 2.5420007e-03 3.3526199e-03
 5.1822859e-08 2.2821408e-03 1.5890193e-03 2.0576330e-02 8.0428906e-03
 2.4748049e-04 1.4090561e-08 9.1446610e-09 1.0388874e-03 5.8566392e-03
 2.4417627e-03 1.8721979e-08 4.7724343e-06 2.0106770e-03 7.1831089e-03
 1.1449988e-02 1.8164860e-02 1.4700503e-03 5.1197927e-03 3.5763036e-03
 4.8930915e-03 1.3554198e-08 2.0280732e-03 9.4240140e-03 1.4983531e-03
 2.3104143e-08 2.0350388e-03 7.2803517e-04]
[[2025-10-16 18:53:22]] Epoch 87/100, Validation Loss: 0.00823484
[[2025-10-16 18:53:22]] Mask: [9.6754236e-03 3.5642411e-03 3.1073759e-03 2.5843852e-03 3.3327737e-03
 5.3347993e-08 2.2887068e-03 1.5377181e-03 2.0063363e-02 7.8766430e-03
 2.6802043e-04 1.3798903e-08 8.9467900e-09 1.0659030e-03 5.9955427e-03
 2.5547578e-03 1.8091880e-08 5.3407935e-06 2.2866770e-03 7.3558060e-03
 1.1514818e-02 1.8596156e-02 1.5840583e-03 5.1776883e-03 3.6438862e-03
 4.9424930e-03 1.3312994e-08 2.0471185e-03 9.8930923e-03 1.4992886e-03
 2.2971705e-08 1.9693673e-03 7.2043965e-04]
[[2025-10-16 18:53:25]] Epoch 88/100, Validation Loss: 0.00851381
[[2025-10-16 18:53:25]] Mask: [9.0119885e-03 3.7750064e-03 3.3837045e-03 2.5310740e-03 3.4213054e-03
 5.3886115e-08 2.2886731e-03 1.6408883e-03 2.0776605e-02 8.0390722e-03
 3.0600961e-04 1.3616439e-08 8.7722878e-09 1.0569934e-03 5.9468932e-03
 2.5403521e-03 1.7397761e-08 5.9051686e-06 2.2980419e-03 7.4848379e-03
 1.1284759e-02 1.8243758e-02 1.6879555e-03 5.3332550e-03 4.4836551e-03
 4.6663936e-03 1.3012713e-08 1.9534067e-03 1.0052426e-02 1.5003569e-03
 2.2977709e-08 1.9396343e-03 7.1791926e-04]
[[2025-10-16 18:53:27]] Epoch 89/100, Validation Loss: 0.00828452
[[2025-10-16 18:53:27]] Mask: [8.7584229e-03 3.5987406e-03 3.1927137e-03 2.5417625e-03 3.5956299e-03
 5.4661669e-08 2.2133105e-03 1.5305316e-03 1.9955900e-02 8.3127124e-03
 3.7658511e-04 1.3346834e-08 8.6058662e-09 1.0793889e-03 6.0447739e-03
 2.4129578e-03 1.6930972e-08 6.9163357e-06 2.0777846e-03 7.3663518e-03
 1.0899634e-02 1.7931161e-02 1.6252835e-03 5.5988911e-03 4.1544796e-03
 4.3163821e-03 1.2666185e-08 1.9869825e-03 1.0106083e-02 1.5780554e-03
 2.3086082e-08 1.9021980e-03 6.9820241e-04]
[[2025-10-16 18:53:29]] Epoch 90/100, Validation Loss: 0.00807617
[[2025-10-16 18:53:29]] Mask: [9.03535541e-03 3.45741981e-03 3.09537398e-03 2.65688659e-03
 3.91595066e-03 5.50049180e-08 2.16185185e-03 1.49665843e-03
 2.00202595e-02 7.70723866e-03 3.37904668e-04 1.30423805e-08
 8.44587156e-09 1.02387078e-03 6.15288410e-03 2.52990774e-03
 1.62325886e-08 7.53256381e-06 1.95468892e-03 7.28177698e-03
 1.10326279e-02 1.75530445e-02 1.50411134e-03 5.27992845e-03
 3.79341934e-03 4.35540406e-03 1.25431656e-08 2.05060095e-03
 9.75727476e-03 1.49797928e-03 2.29245192e-08 1.86679920e-03
 7.11535045e-04]
[[2025-10-16 18:53:32]] Epoch 91/100, Validation Loss: 0.00808389
[[2025-10-16 18:53:32]] Mask: [9.2740264e-03 3.5704328e-03 3.3943097e-03 2.5071930e-03 4.3039219e-03
 5.5890300e-08 2.2347507e-03 1.4742672e-03 1.9246258e-02 7.6589021e-03
 3.4948374e-04 1.2659133e-08 8.2496090e-09 1.0473047e-03 6.0389666e-03
 2.3367640e-03 1.5774901e-08 8.6135478e-06 2.0825784e-03 7.0297467e-03
 1.1342753e-02 1.6096763e-02 1.3794847e-03 4.4961767e-03 3.1180899e-03
 4.3663168e-03 1.2386611e-08 2.0202950e-03 9.6633555e-03 1.5074521e-03
 2.2896028e-08 1.8342450e-03 6.8743632e-04]
[[2025-10-16 18:53:34]] Epoch 92/100, Validation Loss: 0.00818154
[[2025-10-16 18:53:34]] Mask: [9.55980085e-03 3.45473993e-03 3.32463579e-03 2.52614403e-03
 4.32814099e-03 5.79730184e-08 2.28405232e-03 1.41931523e-03
 1.93961542e-02 7.73810409e-03 3.55430471e-04 1.24260566e-08
 8.09185252e-09 1.03880826e-03 6.03045756e-03 2.24327366e-03
 1.52380277e-08 9.85202678e-06 2.08290131e-03 7.21951807e-03
 1.11172786e-02 1.66765694e-02 1.45884708e-03 4.64177737e-03
 3.12061212e-03 4.29435074e-03 1.22518315e-08 2.05399585e-03
 1.00435270e-02 1.39862427e-03 2.26855494e-08 1.86318718e-03
 6.61660568e-04]
[[2025-10-16 18:53:36]] Epoch 93/100, Validation Loss: 0.00808513
[[2025-10-16 18:53:36]] Mask: [9.22262855e-03 3.50639108e-03 3.27310525e-03 2.59501557e-03
 4.40980541e-03 5.97421348e-08 2.33712629e-03 1.43366389e-03
 1.96962636e-02 7.27848243e-03 4.18124517e-04 1.21349206e-08
 7.95680233e-09 1.03591196e-03 5.95070561e-03 2.39334372e-03
 1.48195731e-08 1.15341936e-05 2.14644568e-03 7.35765835e-03
 1.14987791e-02 1.65355336e-02 1.46119890e-03 5.00040734e-03
 3.42995278e-03 4.61910386e-03 1.20155255e-08 2.13104673e-03
 9.95435007e-03 1.49841013e-03 2.25803891e-08 1.90995308e-03
 6.73924573e-04]
[[2025-10-16 18:53:40]] Epoch 94/100, Validation Loss: 0.00848541
[[2025-10-16 18:53:40]] Mask: [9.33010690e-03 3.45588103e-03 3.49590019e-03 2.60885549e-03
 4.37126355e-03 5.91684319e-08 2.23307963e-03 1.45242992e-03
 1.88694894e-02 8.33678804e-03 4.77768481e-04 1.19134720e-08
 7.85669663e-09 1.07894884e-03 5.66635234e-03 2.44632899e-03
 1.43732155e-08 1.26357127e-05 2.09255656e-03 7.25668808e-03
 1.07093826e-02 1.80149190e-02 1.33264693e-03 4.68744524e-03
 3.53995920e-03 4.59185569e-03 1.18251355e-08 2.10225023e-03
 9.23855789e-03 1.40203093e-03 2.24581065e-08 2.00380920e-03
 6.92976057e-04]
[[2025-10-16 18:53:42]] Epoch 95/100, Validation Loss: 0.00982508
[[2025-10-16 18:53:42]] Mask: [9.43963788e-03 3.25134909e-03 3.18063423e-03 2.45229527e-03
 4.67668148e-03 6.02282668e-08 2.23108754e-03 1.53543334e-03
 1.92079246e-02 7.72269489e-03 4.82715812e-04 1.16557572e-08
 7.64186048e-09 1.02794694e-03 5.93060814e-03 2.37355870e-03
 1.39647831e-08 1.40670891e-05 2.05414230e-03 7.29825813e-03
 1.22009935e-02 1.69583336e-02 1.39718514e-03 4.58019739e-03
 3.39788292e-03 4.39049769e-03 1.16128183e-08 2.04223208e-03
 1.00968136e-02 1.33241212e-03 2.27246986e-08 1.80140778e-03
 7.23415287e-04]
[[2025-10-16 18:53:44]] Epoch 96/100, Validation Loss: 0.00818708
[[2025-10-16 18:53:44]] Mask: [8.91879480e-03 3.25430976e-03 3.44205159e-03 2.45146849e-03
 4.70693130e-03 6.05530914e-08 2.25917227e-03 1.53696712e-03
 1.88063011e-02 7.17791822e-03 4.93415166e-04 1.13432455e-08
 7.52728813e-09 1.00065221e-03 5.78492042e-03 2.43024458e-03
 1.36514400e-08 1.57569957e-05 2.16092519e-03 6.91809086e-03
 1.11522237e-02 1.72255337e-02 1.33976899e-03 4.63038636e-03
 3.61819076e-03 4.22316324e-03 1.14192877e-08 2.17504683e-03
 9.42725968e-03 1.29226537e-03 2.25169963e-08 1.84191240e-03
 7.42158387e-04]
[[2025-10-16 18:53:47]] Epoch 97/100, Validation Loss: 0.00847675
[[2025-10-16 18:53:47]] Mask: [9.23990738e-03 3.18835536e-03 3.38471914e-03 2.49200687e-03
 4.85564535e-03 6.16474836e-08 2.29993206e-03 1.58041553e-03
 1.95551682e-02 6.73068361e-03 5.23028371e-04 1.10626992e-08
 7.40910489e-09 1.02884381e-03 5.78386476e-03 2.40282668e-03
 1.33367815e-08 1.75781497e-05 2.06392468e-03 6.83265645e-03
 1.10779833e-02 1.55527778e-02 1.33362773e-03 4.72683227e-03
 3.30044050e-03 4.61821817e-03 1.12354099e-08 2.17798795e-03
 9.68838111e-03 1.25642831e-03 2.25309584e-08 1.96932233e-03
 7.46903184e-04]
[[2025-10-16 18:53:50]] Epoch 98/100, Validation Loss: 0.00794562
[[2025-10-16 18:53:50]] Mask: [9.15424712e-03 3.26812174e-03 3.26510379e-03 2.44991574e-03
 5.16667217e-03 6.34738626e-08 2.19791266e-03 1.45773764e-03
 1.85644366e-02 6.61901571e-03 4.87107347e-04 1.08848948e-08
 7.29926164e-09 1.03050610e-03 5.50704869e-03 2.39468971e-03
 1.29904185e-08 2.01437888e-05 2.03216355e-03 6.92734122e-03
 1.05004804e-02 1.63238272e-02 1.46963808e-03 4.70528100e-03
 3.35986121e-03 4.16898122e-03 1.09032001e-08 1.97738828e-03
 9.46457218e-03 1.29999011e-03 2.26347652e-08 2.05190107e-03
 7.33075663e-04]
[[2025-10-16 18:53:52]] Epoch 99/100, Validation Loss: 0.00807729
[[2025-10-16 18:53:52]] Mask: [9.1983033e-03 3.1363307e-03 3.1287426e-03 2.3717133e-03 5.5322754e-03
 6.5666100e-08 2.1302325e-03 1.5248446e-03 1.8885862e-02 7.2264802e-03
 5.2887393e-04 1.0654834e-08 7.1308537e-09 9.6535799e-04 5.5509065e-03
 2.3061321e-03 1.2572915e-08 2.3865925e-05 2.0399031e-03 6.7299441e-03
 1.0756326e-02 1.6137898e-02 1.5185898e-03 5.0935633e-03 3.1926152e-03
 4.2818361e-03 1.0758041e-08 2.1706077e-03 9.3958294e-03 1.2785943e-03
 2.3077277e-08 1.9240882e-03 6.9527485e-04]
[[2025-10-16 18:53:55]] Epoch 100/100, Validation Loss: 0.00819021
[[2025-10-16 18:53:55]] Mask: [8.7080831e-03 3.1415082e-03 3.0835676e-03 2.3853953e-03 5.3168987e-03
 6.6418991e-08 2.3711110e-03 1.5175309e-03 1.8687926e-02 7.7447486e-03
 5.5171904e-04 1.0469039e-08 7.0244655e-09 1.0038385e-03 5.4699513e-03
 2.2492732e-03 1.2200576e-08 2.8069293e-05 2.2187941e-03 6.6840090e-03
 1.0346310e-02 1.5137864e-02 1.5273404e-03 4.9697473e-03 3.1773718e-03
 4.7989665e-03 1.0631145e-08 2.0332306e-03 9.3802642e-03 1.2529638e-03
 2.2936154e-08 2.0658153e-03 6.8683748e-04]
