[[2025-10-16 17:48:34]] Starting training on model: model_[33, 8, 1]_output_Sigmoid_intermediate_ReLU_normalized_data_True_loss_MSELoss
[[2025-10-16 17:48:37]] Epoch 1/100, Validation Loss: 0.00830666
[[2025-10-16 17:48:37]] Mask: [6.2278463e-03 3.8091147e-03 3.3907660e-03 2.2862104e-03 2.4835984e-03
 7.1171402e-05 2.3172882e-03 1.0632160e-03 2.0453325e-02 8.8967364e-03
 8.0167401e-06 8.9896104e-04 9.3606366e-05 7.8938069e-04 7.2383638e-03
 2.9287001e-03 1.8355346e-08 8.8796101e-04 2.0410188e-03 7.3762611e-03
 1.9033264e-02 1.8998764e-02 2.0172382e-03 5.4396256e-03 3.7207364e-03
 5.7202331e-03 1.6770696e-06 3.9321710e-03 6.9521782e-03 2.2532556e-03
 1.4536207e-08 1.9552929e-03 1.3193205e-03]
[[2025-10-16 17:48:39]] Epoch 2/100, Validation Loss: 0.00819819
[[2025-10-16 17:48:39]] Mask: [6.4251921e-03 4.1288063e-03 3.0929910e-03 2.4638190e-03 2.6118660e-03
 6.7468602e-05 2.7253416e-03 1.0822384e-03 2.0506404e-02 1.0941476e-02
 1.1001456e-05 9.2641398e-04 1.0277339e-04 7.2195585e-04 7.3635667e-03
 3.3025509e-03 1.7442384e-08 8.1117346e-04 1.9585767e-03 7.5540412e-03
 1.7980559e-02 1.8622613e-02 2.1511519e-03 5.7015345e-03 3.6216427e-03
 6.1909128e-03 2.3422604e-06 4.1578389e-03 6.7018755e-03 2.1167949e-03
 1.4286571e-08 1.9374535e-03 1.4061360e-03]
[[2025-10-16 17:48:41]] Epoch 3/100, Validation Loss: 0.00806880
[[2025-10-16 17:48:41]] Mask: [6.24394231e-03 3.96203110e-03 3.05534201e-03 2.33367435e-03
 2.56858370e-03 7.06965511e-05 2.60084262e-03 1.03118178e-03
 2.00746637e-02 1.00117745e-02 1.16092242e-05 9.82878497e-04
 1.09324530e-04 8.08095967e-04 7.79195223e-03 3.32184532e-03
 1.70089791e-08 8.22572852e-04 1.87990931e-03 7.61335529e-03
 1.64018162e-02 1.72941871e-02 1.84640801e-03 5.62766567e-03
 3.60784819e-03 6.60983566e-03 2.67541395e-06 3.84845678e-03
 6.81496691e-03 2.01874971e-03 1.41962282e-08 1.90966879e-03
 1.35713583e-03]
[[2025-10-16 17:48:44]] Epoch 4/100, Validation Loss: 0.00798682
[[2025-10-16 17:48:44]] Mask: [6.0353298e-03 3.9659338e-03 2.9506620e-03 2.2844120e-03 2.5160357e-03
 7.1534414e-05 2.5350316e-03 1.0237255e-03 1.9515941e-02 8.9871446e-03
 1.2905170e-05 1.0193164e-03 1.0733728e-04 8.3363097e-04 7.2126114e-03
 3.2019506e-03 1.6870983e-08 8.6178083e-04 1.7902129e-03 7.7850032e-03
 1.8594919e-02 1.7771307e-02 2.0614984e-03 5.0517591e-03 3.3140113e-03
 5.6580063e-03 2.8321724e-06 3.4648392e-03 6.9888644e-03 2.1195989e-03
 1.4148058e-08 1.7302262e-03 1.2812030e-03]
[[2025-10-16 17:48:46]] Epoch 5/100, Validation Loss: 0.00838503
[[2025-10-16 17:48:46]] Mask: [6.0321186e-03 3.9395983e-03 3.0068150e-03 2.2053344e-03 2.4637980e-03
 7.1719653e-05 2.5518832e-03 1.0299658e-03 1.9665398e-02 8.9974916e-03
 1.5511068e-05 1.0714807e-03 1.2614408e-04 8.5338345e-04 6.9806096e-03
 3.2972768e-03 1.6312416e-08 8.8840403e-04 1.8115109e-03 7.5602462e-03
 1.7363977e-02 1.8083619e-02 2.0364560e-03 5.3852596e-03 3.3166173e-03
 5.7235481e-03 3.2548762e-06 3.5701818e-03 6.8714307e-03 2.3675370e-03
 1.3862876e-08 1.8660120e-03 1.3067450e-03]
[[2025-10-16 17:48:48]] Epoch 6/100, Validation Loss: 0.00805955
[[2025-10-16 17:48:48]] Mask: [5.8008931e-03 3.7575550e-03 3.1511472e-03 2.2658664e-03 2.2318135e-03
 7.3630370e-05 2.6854046e-03 1.1276159e-03 2.0443020e-02 8.8358009e-03
 1.9090283e-05 1.0732285e-03 1.0927378e-04 8.3042681e-04 6.8753851e-03
 3.0499946e-03 1.5704803e-08 9.5400878e-04 1.7621968e-03 7.1629956e-03
 1.7773388e-02 1.7090099e-02 2.0420339e-03 5.3507066e-03 3.5890278e-03
 5.9763230e-03 3.9333190e-06 3.2737185e-03 6.7661484e-03 2.2385707e-03
 1.3736274e-08 1.7728681e-03 1.2993470e-03]
[[2025-10-16 17:48:51]] Epoch 7/100, Validation Loss: 0.00826409
[[2025-10-16 17:48:51]] Mask: [5.47426986e-03 3.78122530e-03 3.31949699e-03 2.33158958e-03
 2.14399374e-03 8.44424067e-05 2.71662930e-03 1.06658519e-03
 1.99130028e-02 9.03393421e-03 2.16805402e-05 1.06609752e-03
 1.18901415e-04 8.67709285e-04 6.57190289e-03 3.04341177e-03
 1.52975819e-08 1.08899374e-03 1.85650494e-03 7.15693831e-03
 1.85083915e-02 1.92942899e-02 1.87278551e-03 4.96071251e-03
 3.75622208e-03 5.71359834e-03 4.23970096e-06 3.71231977e-03
 7.17206579e-03 2.28984072e-03 1.35870453e-08 1.86511793e-03
 1.41216349e-03]
[[2025-10-16 17:48:54]] Epoch 8/100, Validation Loss: 0.00806958
[[2025-10-16 17:48:54]] Mask: [5.71116060e-03 3.97058716e-03 3.28508532e-03 2.33659288e-03
 2.30271812e-03 8.28670964e-05 2.56507378e-03 1.02377858e-03
 1.90904029e-02 8.77328869e-03 1.96158271e-05 1.03891303e-03
 1.18095755e-04 8.90713709e-04 6.86266646e-03 2.99706031e-03
 1.51259929e-08 1.05627265e-03 2.20168382e-03 7.02584349e-03
 1.78614240e-02 1.85957029e-02 1.75529101e-03 4.88167023e-03
 3.29145859e-03 5.81288151e-03 5.07211007e-06 3.24951555e-03
 7.75388954e-03 2.31910893e-03 1.34856295e-08 1.87223568e-03
 1.33860204e-03]
[[2025-10-16 17:48:56]] Epoch 9/100, Validation Loss: 0.00795627
[[2025-10-16 17:48:56]] Mask: [5.8899880e-03 3.7159456e-03 3.3691765e-03 2.4558126e-03 2.5264963e-03
 7.7711396e-05 2.4321182e-03 9.6546515e-04 1.9713003e-02 9.3037169e-03
 2.1582100e-05 1.1886396e-03 1.1937185e-04 9.0128527e-04 7.0569958e-03
 2.8668395e-03 1.4707248e-08 1.0235801e-03 2.1310546e-03 7.3932516e-03
 1.7448166e-02 1.8069662e-02 1.8971647e-03 4.9582701e-03 3.3489447e-03
 6.2112743e-03 6.5818472e-06 3.1754950e-03 7.8728283e-03 2.3753061e-03
 1.3352614e-08 1.7479454e-03 1.4465833e-03]
[[2025-10-16 17:48:59]] Epoch 10/100, Validation Loss: 0.00863245
[[2025-10-16 17:48:59]] Mask: [5.5441698e-03 3.5866159e-03 3.2537780e-03 2.4432137e-03 2.2662943e-03
 8.1671446e-05 2.4770305e-03 9.7390974e-04 1.9299457e-02 8.7119732e-03
 2.2774484e-05 1.2909311e-03 1.2251477e-04 9.0290466e-04 7.0554493e-03
 2.8647913e-03 1.4239671e-08 1.0985614e-03 1.9870517e-03 7.2527216e-03
 1.7235111e-02 1.7139174e-02 1.8450727e-03 5.1028989e-03 3.1132172e-03
 6.0275858e-03 6.7065362e-06 3.1332849e-03 7.5667384e-03 2.3089633e-03
 1.3242943e-08 1.8069794e-03 1.3971279e-03]
[[2025-10-16 17:49:01]] Epoch 11/100, Validation Loss: 0.00888697
[[2025-10-16 17:49:01]] Mask: [5.7170661e-03 3.5463131e-03 3.1642413e-03 2.3208517e-03 2.3671789e-03
 7.5531818e-05 2.3632781e-03 1.0547217e-03 1.9665955e-02 8.0452878e-03
 2.6255662e-05 1.1983835e-03 1.3538077e-04 8.5053412e-04 7.1673277e-03
 2.9429314e-03 1.3850507e-08 1.0189853e-03 1.8184001e-03 8.1636198e-03
 1.8126991e-02 1.7389983e-02 1.8643546e-03 5.0101937e-03 3.2142103e-03
 5.5778832e-03 7.7324230e-06 3.4535907e-03 7.1350900e-03 2.3851127e-03
 1.3125131e-08 1.7962150e-03 1.4306279e-03]
[[2025-10-16 17:49:04]] Epoch 12/100, Validation Loss: 0.00802162
[[2025-10-16 17:49:04]] Mask: [5.56467148e-03 3.51789617e-03 3.26445815e-03 2.33029854e-03
 2.17304425e-03 7.77747046e-05 2.24695751e-03 1.02308195e-03
 1.86094325e-02 7.98752997e-03 3.13054843e-05 1.28066132e-03
 1.39629294e-04 8.53337173e-04 7.05154194e-03 2.81461142e-03
 1.33894922e-08 1.05777662e-03 1.75387552e-03 8.36151373e-03
 1.83550082e-02 1.78670529e-02 1.95299578e-03 4.82890802e-03
 3.20546515e-03 5.10531059e-03 7.86721921e-06 3.20132985e-03
 7.29537383e-03 2.43494473e-03 1.30147235e-08 1.96367339e-03
 1.46116212e-03]
[[2025-10-16 17:49:08]] Epoch 13/100, Validation Loss: 0.00796685
[[2025-10-16 17:49:08]] Mask: [5.5410392e-03 3.7466164e-03 3.1274119e-03 2.2915385e-03 2.2452949e-03
 8.3215928e-05 2.3576198e-03 1.1501735e-03 1.8204933e-02 7.7672875e-03
 4.1867635e-05 1.3752399e-03 1.2794827e-04 8.6920877e-04 6.8195965e-03
 2.7906746e-03 1.3102871e-08 1.1643048e-03 1.7156915e-03 7.5725564e-03
 1.7959666e-02 1.8139526e-02 1.9841073e-03 5.1899934e-03 3.5403615e-03
 5.3408942e-03 9.3007402e-06 3.1951929e-03 7.7935751e-03 2.0988609e-03
 1.2894441e-08 2.1502217e-03 1.4406946e-03]
[[2025-10-16 17:49:10]] Epoch 14/100, Validation Loss: 0.00794930
[[2025-10-16 17:49:10]] Mask: [5.4824948e-03 3.5622925e-03 3.3045213e-03 2.3158940e-03 2.4258590e-03
 7.9340323e-05 2.2902689e-03 1.0664389e-03 1.9168995e-02 9.3586836e-03
 5.1210161e-05 1.3971631e-03 1.2369121e-04 9.1117143e-04 6.7112306e-03
 2.7737843e-03 1.2703613e-08 1.1342198e-03 1.8258361e-03 7.0410352e-03
 1.7274408e-02 1.7521054e-02 1.9467619e-03 4.9463008e-03 3.3773379e-03
 5.5806343e-03 1.2280067e-05 3.4072772e-03 7.1330396e-03 2.0763979e-03
 1.2927908e-08 1.9067480e-03 1.4665826e-03]
[[2025-10-16 17:49:12]] Epoch 15/100, Validation Loss: 0.00886861
[[2025-10-16 17:49:12]] Mask: [5.2820225e-03 3.5400516e-03 3.3883466e-03 2.3283460e-03 2.1322840e-03
 8.1368584e-05 2.3575849e-03 1.0740049e-03 1.8903736e-02 8.0693122e-03
 5.9910206e-05 1.3746212e-03 1.3108642e-04 8.5884694e-04 6.5407115e-03
 2.7482582e-03 1.2210236e-08 1.1415890e-03 1.8010392e-03 7.6320837e-03
 1.5731571e-02 1.7086102e-02 1.8748038e-03 4.7121369e-03 3.6451537e-03
 5.4977257e-03 1.4237358e-05 2.9797461e-03 7.3579159e-03 2.1445428e-03
 1.2846791e-08 1.9560012e-03 1.5308725e-03]
[[2025-10-16 17:49:15]] Epoch 16/100, Validation Loss: 0.00865473
[[2025-10-16 17:49:15]] Mask: [5.41129708e-03 3.73233017e-03 3.19449441e-03 2.26326566e-03
 2.27067713e-03 7.68469035e-05 2.27440824e-03 1.04308676e-03
 1.80834997e-02 9.53000877e-03 6.46169719e-05 1.43274746e-03
 1.29407286e-04 8.48031894e-04 6.92173466e-03 2.95180595e-03
 1.19798491e-08 1.05627673e-03 1.87587831e-03 7.23000430e-03
 1.70878638e-02 1.74233466e-02 1.72308460e-03 4.86592110e-03
 3.69549775e-03 5.62482746e-03 1.82210588e-05 2.96288636e-03
 7.12560723e-03 2.33105919e-03 1.27968285e-08 1.88603916e-03
 1.53921079e-03]
[[2025-10-16 17:49:17]] Epoch 17/100, Validation Loss: 0.00836039
[[2025-10-16 17:49:17]] Mask: [5.28247887e-03 3.50254658e-03 3.53376660e-03 2.18927837e-03
 2.26958096e-03 7.33601191e-05 2.20782775e-03 1.04569562e-03
 1.86500009e-02 9.72921588e-03 8.15577368e-05 1.46379357e-03
 1.35374066e-04 8.70167161e-04 6.83999946e-03 2.66945665e-03
 1.17084085e-08 9.82402824e-04 1.99708529e-03 6.84803771e-03
 1.83140505e-02 1.69042200e-02 1.70549273e-03 4.69350908e-03
 3.48679232e-03 5.10743307e-03 2.14635256e-05 3.08219460e-03
 7.09235761e-03 2.63118092e-03 1.26366491e-08 1.84597925e-03
 1.54072768e-03]
[[2025-10-16 17:49:19]] Epoch 18/100, Validation Loss: 0.00797283
[[2025-10-16 17:49:19]] Mask: [5.4714847e-03 3.5297507e-03 3.3416282e-03 2.2839557e-03 2.5009459e-03
 7.8220903e-05 2.1347934e-03 1.0964340e-03 1.8164579e-02 8.2582114e-03
 8.2480408e-05 1.3274159e-03 1.2953111e-04 8.9461438e-04 6.7549190e-03
 2.7354625e-03 1.1626116e-08 1.0301473e-03 1.8476677e-03 7.0380825e-03
 1.8668795e-02 1.7263168e-02 1.9840666e-03 4.8760329e-03 3.3129673e-03
 5.1513272e-03 3.1178919e-05 3.1388034e-03 6.6594649e-03 2.5898090e-03
 1.2600163e-08 1.6309641e-03 1.4123047e-03]
[[2025-10-16 17:49:23]] Epoch 19/100, Validation Loss: 0.00864711
[[2025-10-16 17:49:23]] Mask: [4.9916939e-03 3.6192893e-03 3.8112993e-03 2.1997658e-03 2.2047132e-03
 7.7826640e-05 2.1036002e-03 1.0725765e-03 1.7616451e-02 8.3453935e-03
 1.0665735e-04 1.2854218e-03 1.2667674e-04 9.2851184e-04 6.7822374e-03
 2.8391678e-03 1.1253876e-08 1.0579943e-03 1.6602189e-03 7.0593883e-03
 1.8234339e-02 1.8449239e-02 2.1500979e-03 4.5403987e-03 3.3217631e-03
 4.8970729e-03 4.1144856e-05 2.8003769e-03 7.7226730e-03 2.4255349e-03
 1.2403325e-08 1.7766181e-03 1.4588033e-03]
[[2025-10-16 17:49:25]] Epoch 20/100, Validation Loss: 0.00820957
[[2025-10-16 17:49:25]] Mask: [5.32895653e-03 3.27690947e-03 3.69197922e-03 2.23803497e-03
 2.10993877e-03 6.68294888e-05 2.06987304e-03 1.14876253e-03
 1.81051325e-02 8.45598336e-03 1.12197085e-04 1.27925328e-03
 1.11184549e-04 8.58191750e-04 7.07654236e-03 2.83412472e-03
 1.07436051e-08 9.27256886e-04 1.86676974e-03 7.58316042e-03
 1.75007489e-02 1.72633622e-02 1.94894860e-03 4.74833325e-03
 3.72125255e-03 5.70222130e-03 5.46164047e-05 3.22669139e-03
 7.43699865e-03 2.31976644e-03 1.23963000e-08 1.75348809e-03
 1.45560480e-03]
[[2025-10-16 17:49:27]] Epoch 21/100, Validation Loss: 0.00820576
[[2025-10-16 17:49:27]] Mask: [5.39215747e-03 3.34985019e-03 3.28320754e-03 2.27262476e-03
 2.03282805e-03 7.24493948e-05 2.08311458e-03 1.14797009e-03
 1.81804039e-02 8.39737896e-03 1.27730804e-04 1.23003137e-03
 1.15623596e-04 8.16476240e-04 7.50401942e-03 2.84215156e-03
 1.04750306e-08 1.06026407e-03 1.76265137e-03 7.71282427e-03
 1.66687593e-02 1.74492206e-02 2.02380330e-03 4.45807027e-03
 3.43771675e-03 5.24914451e-03 7.15038550e-05 3.02818627e-03
 7.32794451e-03 2.23612343e-03 1.23109567e-08 1.79808075e-03
 1.44472555e-03]
[[2025-10-16 17:49:30]] Epoch 22/100, Validation Loss: 0.00893016
[[2025-10-16 17:49:30]] Mask: [5.28886169e-03 3.36970645e-03 3.49636050e-03 2.18182756e-03
 1.96207594e-03 8.28956327e-05 2.22178805e-03 1.23316410e-03
 1.88275483e-02 8.66374373e-03 1.43672863e-04 1.43272895e-03
 1.13075555e-04 8.89531919e-04 6.92001032e-03 2.54518376e-03
 1.03686446e-08 1.20925333e-03 1.90694677e-03 7.14714918e-03
 1.65114198e-02 1.67597272e-02 1.96874305e-03 4.49505635e-03
 3.49750207e-03 5.00395335e-03 8.55870894e-05 2.93031288e-03
 7.96666648e-03 2.27900292e-03 1.22166659e-08 1.85326743e-03
 1.38931884e-03]
[[2025-10-16 17:49:32]] Epoch 23/100, Validation Loss: 0.00869131
[[2025-10-16 17:49:32]] Mask: [5.4971888e-03 3.5280171e-03 3.2025001e-03 2.3689598e-03 2.4542606e-03
 8.0878046e-05 2.4292576e-03 1.1282074e-03 1.7888084e-02 9.1459285e-03
 1.7357293e-04 1.5734328e-03 1.1029720e-04 8.4565749e-04 6.5746275e-03
 2.4916632e-03 1.0447954e-08 1.1450737e-03 2.0339941e-03 7.0081544e-03
 1.7979743e-02 1.8027853e-02 1.9204270e-03 4.2198338e-03 3.3469843e-03
 5.3443382e-03 1.0353108e-04 2.9333476e-03 7.3015993e-03 1.9889844e-03
 1.2125111e-08 1.8767974e-03 1.3959210e-03]
[[2025-10-16 17:49:35]] Epoch 24/100, Validation Loss: 0.00815313
[[2025-10-16 17:49:35]] Mask: [5.08454069e-03 3.27473134e-03 3.48229730e-03 2.25527934e-03
 2.12480943e-03 8.71384473e-05 2.29074294e-03 1.26382173e-03
 1.84440669e-02 8.05529766e-03 1.98985130e-04 1.50476815e-03
 1.05173523e-04 8.39215994e-04 6.78078877e-03 2.64341710e-03
 1.00554445e-08 1.21412729e-03 1.84470660e-03 6.83308393e-03
 1.66884828e-02 1.86357759e-02 1.99933234e-03 4.19034809e-03
 3.36147100e-03 4.91337012e-03 1.30619126e-04 3.06328409e-03
 6.89247018e-03 2.13100598e-03 1.20307293e-08 1.87536771e-03
 1.68197998e-03]
[[2025-10-16 17:49:38]] Epoch 25/100, Validation Loss: 0.00785880
[[2025-10-16 17:49:38]] Mask: [5.5216295e-03 3.0138432e-03 3.3306314e-03 2.2134094e-03 2.1990666e-03
 8.4894215e-05 2.4543141e-03 1.2429146e-03 1.7939854e-02 8.0523994e-03
 2.3888744e-04 1.4719518e-03 1.0165532e-04 8.2798093e-04 6.8265763e-03
 2.5521175e-03 9.8163291e-09 1.1924880e-03 1.9776255e-03 6.9214324e-03
 1.6876081e-02 1.6641498e-02 1.8332858e-03 3.9217952e-03 3.0670597e-03
 5.1411819e-03 1.3450452e-04 2.8805248e-03 7.9558128e-03 2.0186757e-03
 1.1998922e-08 1.9208054e-03 1.6065906e-03]
[[2025-10-16 17:49:41]] Epoch 26/100, Validation Loss: 0.00797531
[[2025-10-16 17:49:41]] Mask: [5.4696300e-03 3.2549750e-03 3.3588363e-03 2.1757663e-03 2.1790836e-03
 9.4271127e-05 2.3425550e-03 1.1847364e-03 1.7898895e-02 7.5254994e-03
 2.7566729e-04 1.3286422e-03 1.0580977e-04 8.0876035e-04 6.5276180e-03
 2.7295970e-03 9.6652473e-09 1.3329256e-03 1.6489319e-03 7.0800148e-03
 1.6892567e-02 1.7755432e-02 1.9659698e-03 4.3559233e-03 3.1442526e-03
 4.5772982e-03 1.5245054e-04 3.2043669e-03 7.6859053e-03 2.1131136e-03
 1.2064209e-08 1.8271715e-03 1.6335656e-03]
[[2025-10-16 17:49:43]] Epoch 27/100, Validation Loss: 0.00808213
[[2025-10-16 17:49:43]] Mask: [5.6139133e-03 3.0954371e-03 3.3617029e-03 2.1762757e-03 2.2827303e-03
 9.3109520e-05 2.0999038e-03 1.2240602e-03 1.7207099e-02 9.6078236e-03
 3.0195259e-04 1.2924203e-03 1.0531783e-04 8.6203340e-04 6.3236193e-03
 2.6840998e-03 9.4740580e-09 1.3025637e-03 1.7313920e-03 6.7875399e-03
 1.7677471e-02 1.7657924e-02 1.7864242e-03 4.4590733e-03 3.5077927e-03
 4.7294283e-03 1.9440176e-04 3.1764354e-03 7.9167569e-03 2.0732365e-03
 1.2006773e-08 1.6038677e-03 1.7533087e-03]
[[2025-10-16 17:49:46]] Epoch 28/100, Validation Loss: 0.00812992
[[2025-10-16 17:49:46]] Mask: [5.5551911e-03 3.1026010e-03 3.2825335e-03 2.2673933e-03 2.3183622e-03
 8.8294160e-05 2.0177499e-03 1.2492822e-03 1.7222872e-02 8.2012843e-03
 3.3877912e-04 1.1997456e-03 1.0126706e-04 8.4757502e-04 6.5249931e-03
 2.5716689e-03 9.2527026e-09 1.2457382e-03 1.7891242e-03 7.2917319e-03
 1.7341675e-02 1.8053377e-02 1.7473566e-03 4.7780313e-03 3.2087350e-03
 5.1685642e-03 2.3520959e-04 3.1697089e-03 7.3446413e-03 2.2053763e-03
 1.1906158e-08 1.5945733e-03 1.5714474e-03]
[[2025-10-16 17:49:48]] Epoch 29/100, Validation Loss: 0.00802053
[[2025-10-16 17:49:48]] Mask: [5.0451919e-03 3.2745523e-03 3.4625561e-03 2.2933730e-03 2.1297531e-03
 8.5382882e-05 1.9417255e-03 1.2038139e-03 1.7357314e-02 7.4426956e-03
 3.6994036e-04 1.2987241e-03 9.9980076e-05 8.5005851e-04 6.1825425e-03
 2.4987522e-03 8.9962260e-09 1.2707212e-03 1.8910626e-03 7.3235235e-03
 1.8133197e-02 1.6115798e-02 1.9630764e-03 4.7176839e-03 3.1860389e-03
 5.0222673e-03 2.8318053e-04 3.1808398e-03 8.5639684e-03 2.0044348e-03
 1.2015365e-08 1.5983979e-03 1.5188647e-03]
[[2025-10-16 17:49:50]] Epoch 30/100, Validation Loss: 0.00811016
[[2025-10-16 17:49:50]] Mask: [5.1534493e-03 3.0756039e-03 3.4999740e-03 2.1606775e-03 2.1457472e-03
 8.6157350e-05 2.0891400e-03 1.2858888e-03 1.8221984e-02 8.5478015e-03
 3.7132399e-04 1.3290618e-03 1.2388149e-04 8.7947509e-04 6.4797546e-03
 2.5325720e-03 8.7826004e-09 1.2698893e-03 1.6752037e-03 6.9614607e-03
 1.7951559e-02 1.5931236e-02 1.9435440e-03 4.3331906e-03 2.9975150e-03
 4.7184564e-03 2.9971320e-04 2.8836164e-03 8.8177454e-03 2.1936076e-03
 1.1875426e-08 1.6755523e-03 1.6220225e-03]
[[2025-10-16 17:49:53]] Epoch 31/100, Validation Loss: 0.00798069
[[2025-10-16 17:49:53]] Mask: [5.1421621e-03 3.1251025e-03 3.1991834e-03 2.1336135e-03 2.1215039e-03
 8.5235399e-05 2.1111751e-03 1.3337554e-03 1.7297031e-02 8.3112381e-03
 3.9414689e-04 1.1939569e-03 1.4654038e-04 8.4674970e-04 6.4493218e-03
 2.3737159e-03 8.6819867e-09 1.2820532e-03 1.7350172e-03 7.0836856e-03
 1.8115826e-02 1.7372685e-02 1.8583066e-03 4.6760687e-03 3.1438295e-03
 5.0763609e-03 3.2290901e-04 3.1563863e-03 8.2364762e-03 1.9487751e-03
 1.1730807e-08 1.7415663e-03 1.6271919e-03]
[[2025-10-16 17:49:56]] Epoch 32/100, Validation Loss: 0.00805480
[[2025-10-16 17:49:56]] Mask: [5.2030878e-03 3.1431902e-03 2.9722941e-03 2.1770503e-03 2.1284109e-03
 8.1647297e-05 2.0536117e-03 1.2761026e-03 1.7631674e-02 8.5338671e-03
 3.9930787e-04 1.2558127e-03 1.6534001e-04 8.1881089e-04 6.6019818e-03
 2.3931956e-03 8.4523490e-09 1.2196958e-03 1.8106246e-03 7.2586671e-03
 1.6851075e-02 1.6465032e-02 1.8343917e-03 4.2763301e-03 3.1523982e-03
 4.9252626e-03 3.4972670e-04 3.3854719e-03 8.3074151e-03 2.1285738e-03
 1.1670350e-08 1.8864549e-03 1.6889288e-03]
[[2025-10-16 17:49:58]] Epoch 33/100, Validation Loss: 0.00831381
[[2025-10-16 17:49:58]] Mask: [5.2432097e-03 3.2983955e-03 3.3079546e-03 2.2543126e-03 2.0309272e-03
 8.1072401e-05 2.0606068e-03 1.3128120e-03 1.7159346e-02 8.7884255e-03
 4.9527339e-04 1.2703708e-03 1.2913696e-04 8.3892816e-04 6.4306762e-03
 2.4855470e-03 8.3897884e-09 1.2325993e-03 1.7865007e-03 6.7485715e-03
 1.7693037e-02 1.7200561e-02 1.8812454e-03 4.3974901e-03 3.2678843e-03
 5.1658829e-03 3.4995450e-04 3.0794775e-03 8.1752725e-03 2.2855634e-03
 1.1648934e-08 1.8043023e-03 1.5971945e-03]
[[2025-10-16 17:50:01]] Epoch 34/100, Validation Loss: 0.00920174
[[2025-10-16 17:50:01]] Mask: [5.2005830e-03 3.1865372e-03 3.5335331e-03 2.1915419e-03 1.9200816e-03
 8.1542799e-05 2.1152112e-03 1.4692877e-03 1.7977949e-02 8.8363439e-03
 5.1004492e-04 1.3771082e-03 1.2953790e-04 8.4777334e-04 6.7852447e-03
 2.3952720e-03 8.2008809e-09 1.2596168e-03 1.8077915e-03 7.1353130e-03
 1.7465480e-02 1.6802922e-02 1.8842062e-03 4.4877562e-03 3.4048057e-03
 4.8027760e-03 3.8677827e-04 3.2935536e-03 7.9716016e-03 2.5032558e-03
 1.1682042e-08 1.8660598e-03 1.5726540e-03]
[[2025-10-16 17:50:03]] Epoch 35/100, Validation Loss: 0.00795205
[[2025-10-16 17:50:03]] Mask: [4.8920056e-03 3.2926102e-03 3.4169217e-03 2.3402781e-03 1.8646456e-03
 7.8456891e-05 2.0838056e-03 1.4583630e-03 1.7787594e-02 8.2235029e-03
 5.0968066e-04 1.5099312e-03 1.4217445e-04 8.5084327e-04 6.6722739e-03
 2.6089461e-03 7.9936759e-09 1.2689111e-03 2.0658504e-03 6.6349907e-03
 1.6885886e-02 1.6217807e-02 1.7948253e-03 4.3335180e-03 3.4352574e-03
 4.6421303e-03 4.9232220e-04 2.9103609e-03 7.5021158e-03 2.5361872e-03
 1.1679391e-08 1.7912647e-03 1.6845816e-03]
[[2025-10-16 17:50:05]] Epoch 36/100, Validation Loss: 0.00865562
[[2025-10-16 17:50:05]] Mask: [5.1743197e-03 3.1101925e-03 3.3862011e-03 2.1965173e-03 1.9822281e-03
 7.2836760e-05 1.9813105e-03 1.4416887e-03 1.7515808e-02 8.1685670e-03
 5.1049632e-04 1.3635389e-03 1.4896144e-04 8.2571845e-04 6.8074213e-03
 2.4903954e-03 7.8890112e-09 1.1693911e-03 1.9366458e-03 7.0373928e-03
 1.6102292e-02 1.6342964e-02 1.7362919e-03 4.1556973e-03 3.1780256e-03
 4.7723111e-03 6.0982752e-04 2.7030599e-03 8.2459813e-03 2.3564165e-03
 1.1644603e-08 1.6802200e-03 1.7535832e-03]
[[2025-10-16 17:50:08]] Epoch 37/100, Validation Loss: 0.00782738
[[2025-10-16 17:50:08]] Mask: [5.2395076e-03 3.0475277e-03 3.5222385e-03 2.2290789e-03 2.0960057e-03
 6.9914029e-05 2.0197211e-03 1.4153766e-03 1.7585695e-02 9.2508309e-03
 5.3698581e-04 1.7173052e-03 1.4553498e-04 8.0123759e-04 6.6982992e-03
 2.4193712e-03 7.8007316e-09 1.1401772e-03 1.8339963e-03 6.8381634e-03
 1.6084345e-02 1.5191837e-02 1.7802243e-03 4.2725629e-03 3.0762148e-03
 4.7132531e-03 6.2686711e-04 3.0764211e-03 8.0327773e-03 2.2861853e-03
 1.1633370e-08 1.7960279e-03 1.7151174e-03]
[[2025-10-16 17:50:11]] Epoch 38/100, Validation Loss: 0.00797125
[[2025-10-16 17:50:11]] Mask: [4.9767978e-03 3.0590396e-03 3.6574095e-03 2.1917464e-03 1.9054908e-03
 7.1362032e-05 1.9758700e-03 1.4378477e-03 1.7500421e-02 8.9975893e-03
 5.5618561e-04 2.1291168e-03 1.5878452e-04 8.1612746e-04 6.3041672e-03
 2.6642757e-03 7.7066602e-09 1.2267552e-03 1.9198275e-03 7.0178672e-03
 1.5753433e-02 1.6402718e-02 1.8415590e-03 4.4688317e-03 3.5939184e-03
 4.6743206e-03 6.5618643e-04 3.1290862e-03 8.0850143e-03 2.2760937e-03
 1.1528273e-08 1.5953417e-03 1.6854544e-03]
[[2025-10-16 17:50:14]] Epoch 39/100, Validation Loss: 0.00793636
[[2025-10-16 17:50:14]] Mask: [4.9799019e-03 2.9890949e-03 3.6092128e-03 2.1398845e-03 2.0452782e-03
 7.0329479e-05 2.0343831e-03 1.5489277e-03 1.7768702e-02 8.6537125e-03
 5.4837286e-04 1.8905939e-03 1.7915212e-04 8.5204648e-04 6.3880095e-03
 2.4827018e-03 7.6121696e-09 1.1446576e-03 1.9046711e-03 7.2764806e-03
 1.6741714e-02 1.6097005e-02 1.7301751e-03 4.4179610e-03 3.2535971e-03
 4.3987972e-03 6.5712549e-04 3.0918824e-03 7.9195211e-03 2.1781798e-03
 1.1465513e-08 1.6081908e-03 1.6721634e-03]
[[2025-10-16 17:50:16]] Epoch 40/100, Validation Loss: 0.00797179
[[2025-10-16 17:50:16]] Mask: [4.9749236e-03 3.1885083e-03 3.4739163e-03 2.1838227e-03 1.9783031e-03
 7.1618641e-05 2.0754298e-03 1.5535887e-03 1.6926620e-02 8.7589119e-03
 5.5841316e-04 1.7991884e-03 1.8019562e-04 8.1608305e-04 6.5354030e-03
 2.4747893e-03 7.5232691e-09 1.2225425e-03 1.8243350e-03 7.2082249e-03
 1.6849691e-02 1.6686784e-02 1.8565288e-03 4.4495203e-03 3.2508671e-03
 5.0515556e-03 7.4657908e-04 2.9689230e-03 8.1549911e-03 2.1975813e-03
 1.1467197e-08 1.6621540e-03 1.6978136e-03]
[[2025-10-16 17:50:18]] Epoch 41/100, Validation Loss: 0.00845888
[[2025-10-16 17:50:18]] Mask: [4.6300413e-03 3.2115241e-03 3.5031938e-03 2.1927718e-03 1.8886423e-03
 6.7561123e-05 2.0547612e-03 1.5120979e-03 1.6995527e-02 8.7757688e-03
 5.9011276e-04 1.7991584e-03 1.7376005e-04 8.2823541e-04 6.2938915e-03
 2.5336058e-03 7.3190152e-09 1.1490707e-03 1.6990426e-03 6.6156029e-03
 1.7108733e-02 1.6117878e-02 2.0298432e-03 4.6898196e-03 3.0672187e-03
 4.8228167e-03 7.3252042e-04 3.2187568e-03 7.8091542e-03 2.2302575e-03
 1.1472710e-08 1.6112777e-03 1.5859682e-03]
[[2025-10-16 17:50:21]] Epoch 42/100, Validation Loss: 0.00857157
[[2025-10-16 17:50:21]] Mask: [4.6911328e-03 3.0712483e-03 3.5600504e-03 2.1626605e-03 1.8588126e-03
 6.3629559e-05 2.3390907e-03 1.4669625e-03 1.7021637e-02 8.3404509e-03
 5.6742766e-04 1.7260688e-03 1.7204417e-04 8.8149268e-04 6.3768476e-03
 2.3089929e-03 7.1863018e-09 1.0882248e-03 1.7438101e-03 6.6386564e-03
 1.5945178e-02 1.5701778e-02 2.0230061e-03 4.2843963e-03 2.8482068e-03
 4.7426671e-03 8.3192682e-04 2.8344400e-03 8.2380921e-03 2.0608951e-03
 1.1443730e-08 1.6556097e-03 1.5795114e-03]
[[2025-10-16 17:50:23]] Epoch 43/100, Validation Loss: 0.00874034
[[2025-10-16 17:50:23]] Mask: [4.8942966e-03 3.1114230e-03 3.5815174e-03 2.0747641e-03 1.8591346e-03
 5.9552778e-05 2.2657725e-03 1.4401870e-03 1.6890762e-02 8.6056115e-03
 5.7450408e-04 1.7810413e-03 2.0366666e-04 8.8679546e-04 6.0821241e-03
 2.4637417e-03 7.0155752e-09 1.0476046e-03 1.9842242e-03 7.5038662e-03
 1.5915060e-02 1.6502099e-02 1.8783147e-03 4.5302487e-03 3.2199014e-03
 4.9954113e-03 9.2319382e-04 2.6636436e-03 7.2900546e-03 2.1109087e-03
 1.1351621e-08 1.6244280e-03 1.5404131e-03]
[[2025-10-16 17:50:26]] Epoch 44/100, Validation Loss: 0.00795862
[[2025-10-16 17:50:26]] Mask: [4.8842793e-03 3.0904559e-03 3.6745404e-03 2.0116253e-03 1.8145890e-03
 5.7652698e-05 2.2545413e-03 1.5330237e-03 1.6909394e-02 8.5454416e-03
 5.3710281e-04 1.7221088e-03 2.3411440e-04 9.0574764e-04 6.1394363e-03
 2.5037574e-03 6.8577406e-09 1.0675809e-03 2.0149844e-03 6.5875808e-03
 1.6186705e-02 1.5723504e-02 1.5684345e-03 4.4111540e-03 3.4614226e-03
 4.6754740e-03 1.0282124e-03 3.1390779e-03 7.2840797e-03 2.1373578e-03
 1.1248018e-08 1.8189828e-03 1.5691740e-03]
[[2025-10-16 17:50:29]] Epoch 45/100, Validation Loss: 0.00886066
[[2025-10-16 17:50:29]] Mask: [4.9014320e-03 3.1289377e-03 3.6074831e-03 2.0837986e-03 1.7137954e-03
 5.6298617e-05 2.1033569e-03 1.5562783e-03 1.6158717e-02 8.5097654e-03
 5.1941577e-04 1.7555009e-03 2.6030850e-04 8.5369579e-04 6.4680018e-03
 2.5413444e-03 6.7193686e-09 1.0077173e-03 1.8133924e-03 6.5206215e-03
 1.5572211e-02 1.5649127e-02 1.6622001e-03 4.6665510e-03 3.3216162e-03
 4.7843000e-03 9.6663082e-04 2.9181729e-03 7.4469028e-03 2.2018955e-03
 1.1231854e-08 1.7861258e-03 1.5467029e-03]
[[2025-10-16 17:50:31]] Epoch 46/100, Validation Loss: 0.00887390
[[2025-10-16 17:50:31]] Mask: [5.0110021e-03 3.2310865e-03 3.6372775e-03 2.1538269e-03 1.8077149e-03
 5.4739150e-05 2.0988761e-03 1.4919107e-03 1.5813798e-02 8.6269956e-03
 5.2189239e-04 1.7736794e-03 2.6359470e-04 8.7714929e-04 6.1430829e-03
 2.6312396e-03 6.6654380e-09 1.0480059e-03 1.7305055e-03 6.7969458e-03
 1.5621175e-02 1.5781946e-02 1.7489941e-03 4.3239901e-03 3.4083088e-03
 5.0534564e-03 9.8194066e-04 2.8996277e-03 7.2586262e-03 1.9685444e-03
 1.1208505e-08 1.7757321e-03 1.4648840e-03]
[[2025-10-16 17:50:33]] Epoch 47/100, Validation Loss: 0.00866504
[[2025-10-16 17:50:33]] Mask: [5.1023546e-03 3.0550838e-03 3.5479630e-03 1.9681661e-03 1.8101637e-03
 5.6679415e-05 1.9692322e-03 1.4559063e-03 1.6274994e-02 7.9301121e-03
 5.0167972e-04 1.6912041e-03 2.3056738e-04 9.0346142e-04 6.5586572e-03
 2.3839818e-03 6.5517947e-09 1.1423582e-03 1.8159385e-03 6.6706180e-03
 1.6444605e-02 1.6302906e-02 1.7668473e-03 4.2701480e-03 3.4896717e-03
 4.4245934e-03 8.9525641e-04 2.6836875e-03 8.2254633e-03 1.9587995e-03
 1.1295984e-08 1.6062724e-03 1.5333885e-03]
[[2025-10-16 17:50:36]] Epoch 48/100, Validation Loss: 0.00846388
[[2025-10-16 17:50:36]] Mask: [4.8112776e-03 3.1356346e-03 3.5279684e-03 1.9167518e-03 1.8072882e-03
 5.3509339e-05 2.2352226e-03 1.3418492e-03 1.6721779e-02 7.7665891e-03
 5.2447838e-04 2.2044983e-03 2.5116478e-04 8.8436698e-04 6.1861910e-03
 2.4093816e-03 6.4179799e-09 1.0923492e-03 1.7822378e-03 7.1691191e-03
 1.4572174e-02 1.5361266e-02 1.7572891e-03 4.2467238e-03 3.8596604e-03
 4.4471044e-03 9.1654033e-04 2.5976212e-03 7.8179678e-03 2.1042419e-03
 1.1239162e-08 1.7799353e-03 1.5380584e-03]
[[2025-10-16 17:50:38]] Epoch 49/100, Validation Loss: 0.00943517
[[2025-10-16 17:50:38]] Mask: [4.81091253e-03 3.33091617e-03 3.74566973e-03 1.93848647e-03
 1.80343946e-03 5.56213236e-05 2.09850934e-03 1.30109629e-03
 1.66081935e-02 8.00401252e-03 5.21245878e-04 2.28950079e-03
 2.75175727e-04 8.31403013e-04 6.18154649e-03 2.50959699e-03
 6.42449560e-09 1.14820409e-03 1.57724577e-03 6.32651430e-03
 1.61100831e-02 1.50635205e-02 1.79704023e-03 4.81465785e-03
 4.02708864e-03 4.72052814e-03 9.24810593e-04 2.66023329e-03
 8.20026454e-03 2.08050525e-03 1.11742882e-08 1.90787180e-03
 1.49970560e-03]
[[2025-10-16 17:50:40]] Epoch 50/100, Validation Loss: 0.00793341
[[2025-10-16 17:50:40]] Mask: [4.9197343e-03 3.0688578e-03 3.8266333e-03 1.9138523e-03 1.6865910e-03
 5.2286610e-05 2.2303052e-03 1.2871448e-03 1.6943077e-02 9.1547836e-03
 5.4248248e-04 2.3584778e-03 2.5464807e-04 8.4586174e-04 6.2300400e-03
 2.6080068e-03 6.3024701e-09 1.1077815e-03 1.5258257e-03 6.6339504e-03
 1.5938265e-02 1.5179366e-02 2.1015632e-03 3.9630174e-03 3.9514774e-03
 4.5264633e-03 8.9066406e-04 2.6503671e-03 8.0205705e-03 2.0358243e-03
 1.1130702e-08 1.9664725e-03 1.5064944e-03]
[[2025-10-16 17:50:43]] Epoch 51/100, Validation Loss: 0.00886099
[[2025-10-16 17:50:43]] Mask: [4.88197384e-03 3.08904890e-03 3.90688283e-03 2.01661140e-03
 1.73357991e-03 5.21183974e-05 2.07887241e-03 1.30233984e-03
 1.65241007e-02 8.13541748e-03 5.41744346e-04 2.10910779e-03
 2.51849357e-04 8.26018280e-04 6.17511943e-03 2.54882756e-03
 6.16947426e-09 1.12275349e-03 1.52097258e-03 6.75162440e-03
 1.58310682e-02 1.54836383e-02 1.98695040e-03 3.96811776e-03
 3.50547163e-03 4.58217133e-03 8.96735117e-04 2.50782026e-03
 8.17830861e-03 2.08585709e-03 1.10867795e-08 2.03830190e-03
 1.41205324e-03]
[[2025-10-16 17:50:46]] Epoch 52/100, Validation Loss: 0.00816359
[[2025-10-16 17:50:46]] Mask: [5.2132634e-03 3.2079022e-03 3.7802320e-03 2.0375978e-03 1.9019599e-03
 5.7660392e-05 2.1823996e-03 1.3531181e-03 1.6141320e-02 8.0341268e-03
 5.2473688e-04 2.0134058e-03 2.6076508e-04 8.6344575e-04 6.4776302e-03
 2.6180306e-03 6.1858527e-09 1.2347132e-03 1.6249471e-03 6.6465158e-03
 1.6311755e-02 1.6558144e-02 2.4146803e-03 4.1657416e-03 3.5183174e-03
 4.8404387e-03 9.5575379e-04 2.7750479e-03 7.4703773e-03 2.0398786e-03
 1.1143575e-08 2.2134043e-03 1.3640871e-03]
[[2025-10-16 17:50:48]] Epoch 53/100, Validation Loss: 0.00860316
[[2025-10-16 17:50:48]] Mask: [5.12853405e-03 3.16913193e-03 3.32523650e-03 2.02973490e-03
 2.01526168e-03 6.08508672e-05 2.36203498e-03 1.34277414e-03
 1.65875927e-02 9.00508836e-03 5.30414225e-04 1.89297355e-03
 3.05448222e-04 8.60435714e-04 6.50574546e-03 2.50118994e-03
 6.13508089e-09 1.27364555e-03 1.80580141e-03 6.95703551e-03
 1.59132294e-02 1.59003325e-02 2.18259078e-03 4.18261718e-03
 3.65950773e-03 4.72458499e-03 1.01227115e-03 2.92831846e-03
 7.30152335e-03 2.01462116e-03 1.10437455e-08 2.25179573e-03
 1.45069708e-03]
[[2025-10-16 17:50:50]] Epoch 54/100, Validation Loss: 0.00944422
[[2025-10-16 17:50:50]] Mask: [4.6598073e-03 3.1855395e-03 3.3653504e-03 2.0478142e-03 1.9433091e-03
 5.6715209e-05 2.0547721e-03 1.3503374e-03 1.5468055e-02 8.0271792e-03
 4.6483584e-04 1.5663720e-03 3.6545951e-04 8.4362365e-04 6.5863142e-03
 2.5524537e-03 6.0197691e-09 1.2041505e-03 1.7587134e-03 6.8706367e-03
 1.5009876e-02 1.6197279e-02 2.1560416e-03 3.8395771e-03 3.4120898e-03
 4.6013356e-03 1.3125795e-03 3.3709863e-03 7.3495233e-03 2.1269650e-03
 1.1085236e-08 2.2349504e-03 1.4844517e-03]
[[2025-10-16 17:50:52]] Epoch 55/100, Validation Loss: 0.00809789
[[2025-10-16 17:50:52]] Mask: [4.8300265e-03 3.2774298e-03 3.3320498e-03 1.9485655e-03 1.8840097e-03
 6.0237548e-05 2.0190917e-03 1.2650230e-03 1.6409289e-02 8.3159637e-03
 5.1312166e-04 1.7998703e-03 3.5414874e-04 9.2035090e-04 6.5547065e-03
 2.4108135e-03 5.9694489e-09 1.3346340e-03 1.9465263e-03 7.0399521e-03
 1.4890190e-02 1.5345219e-02 2.0871607e-03 3.9502126e-03 3.8096195e-03
 5.0810953e-03 1.1358379e-03 2.8245582e-03 7.5404835e-03 2.1228187e-03
 1.1054578e-08 2.1714133e-03 1.4982475e-03]
[[2025-10-16 17:50:55]] Epoch 56/100, Validation Loss: 0.00839738
[[2025-10-16 17:50:55]] Mask: [4.6638073e-03 3.3089169e-03 3.5378896e-03 1.9474752e-03 1.8143705e-03
 5.6656285e-05 2.0372577e-03 1.3560491e-03 1.6596034e-02 9.2091784e-03
 5.1620411e-04 1.9388037e-03 3.4357043e-04 9.1463677e-04 6.7785769e-03
 2.2337269e-03 5.8790990e-09 1.2681675e-03 2.1196292e-03 6.5627969e-03
 1.6020373e-02 1.4814915e-02 1.9890051e-03 4.1416390e-03 3.7812772e-03
 4.7259373e-03 1.0619527e-03 2.8617105e-03 8.0904616e-03 2.2455277e-03
 1.1086991e-08 2.0871041e-03 1.5653678e-03]
[[2025-10-16 17:50:57]] Epoch 57/100, Validation Loss: 0.00816173
[[2025-10-16 17:50:57]] Mask: [4.6306676e-03 3.1864312e-03 3.2259875e-03 1.9997642e-03 1.8305037e-03
 5.9915579e-05 1.8447584e-03 1.5067188e-03 1.6088519e-02 8.3377771e-03
 5.4425292e-04 2.3254713e-03 4.8228141e-04 8.7460596e-04 6.8672667e-03
 2.3178272e-03 5.8016352e-09 1.3520831e-03 1.9227600e-03 6.5161618e-03
 1.4689381e-02 1.5274614e-02 1.9085748e-03 4.1469722e-03 3.5264299e-03
 3.9347475e-03 1.0746768e-03 2.7775986e-03 8.1577459e-03 2.5911506e-03
 1.1126924e-08 1.9352271e-03 1.5978158e-03]
[[2025-10-16 17:51:00]] Epoch 58/100, Validation Loss: 0.00793488
[[2025-10-16 17:51:00]] Mask: [4.6494044e-03 3.1612813e-03 3.3249552e-03 1.9972296e-03 1.9206253e-03
 5.4767606e-05 1.8640504e-03 1.4721798e-03 1.5964799e-02 7.5626075e-03
 5.3422264e-04 2.0685792e-03 4.6033860e-04 8.3741423e-04 6.6108005e-03
 2.3153862e-03 5.7864842e-09 1.2242077e-03 1.9306632e-03 6.1067417e-03
 1.5706960e-02 1.5465572e-02 2.0600362e-03 4.0256544e-03 3.5611214e-03
 3.9536157e-03 1.1015985e-03 2.9093439e-03 7.5866631e-03 2.3135925e-03
 1.1179084e-08 1.9877828e-03 1.4340967e-03]
[[2025-10-16 17:51:03]] Epoch 59/100, Validation Loss: 0.00926077
[[2025-10-16 17:51:03]] Mask: [4.4674235e-03 3.1052774e-03 3.5254981e-03 2.0566755e-03 2.0501083e-03
 5.6087112e-05 1.9112634e-03 1.3287815e-03 1.5470575e-02 7.6633031e-03
 5.5562583e-04 2.1389499e-03 4.8206173e-04 8.0965756e-04 6.1815521e-03
 2.4337927e-03 5.7031220e-09 1.2948717e-03 1.8118394e-03 6.2899762e-03
 1.6086670e-02 1.6207410e-02 1.9129498e-03 4.3937089e-03 3.3500046e-03
 4.1144872e-03 1.1891418e-03 3.2779952e-03 7.0052342e-03 2.2624871e-03
 1.1113774e-08 1.9524270e-03 1.5083913e-03]
[[2025-10-16 17:51:05]] Epoch 60/100, Validation Loss: 0.00862655
[[2025-10-16 17:51:05]] Mask: [4.6166861e-03 3.0745848e-03 3.6444142e-03 1.9903800e-03 1.9522392e-03
 5.5429533e-05 1.7942616e-03 1.2657631e-03 1.5177021e-02 7.5886808e-03
 5.0939922e-04 2.2232460e-03 4.6341788e-04 8.5783651e-04 6.3352739e-03
 2.3175296e-03 5.6123906e-09 1.3224335e-03 1.8206700e-03 6.6569354e-03
 1.5590246e-02 1.4607444e-02 2.1725956e-03 3.9050425e-03 2.7648481e-03
 4.1281437e-03 1.1334923e-03 2.8508895e-03 7.6160361e-03 2.4182147e-03
 1.1191288e-08 1.9171578e-03 1.4820470e-03]
[[2025-10-16 17:51:08]] Epoch 61/100, Validation Loss: 0.00807396
[[2025-10-16 17:51:08]] Mask: [4.2608459e-03 3.2230082e-03 3.8339037e-03 2.0034725e-03 1.7269761e-03
 5.4149037e-05 1.8020330e-03 1.5064741e-03 1.5292648e-02 7.6513677e-03
 5.2382785e-04 2.4406069e-03 5.0883461e-04 8.6658145e-04 6.3920598e-03
 2.3617528e-03 5.5146394e-09 1.3669007e-03 1.8466804e-03 6.3705971e-03
 1.5699124e-02 1.4262627e-02 2.0121501e-03 4.2105867e-03 2.8683408e-03
 4.0807012e-03 1.1184562e-03 2.6926307e-03 7.8864200e-03 2.2035104e-03
 1.1125438e-08 2.1009282e-03 1.5168159e-03]
[[2025-10-16 17:51:10]] Epoch 62/100, Validation Loss: 0.00910422
[[2025-10-16 17:51:10]] Mask: [4.4813380e-03 3.1143762e-03 3.7775536e-03 1.9385102e-03 1.6994446e-03
 5.1516392e-05 1.9092960e-03 1.6511338e-03 1.5224539e-02 7.6214010e-03
 5.3102709e-04 2.5681537e-03 5.9881463e-04 7.7182305e-04 6.1342157e-03
 2.4502478e-03 5.4212372e-09 1.3791523e-03 1.6936669e-03 6.3126176e-03
 1.6092550e-02 1.4911090e-02 2.0789674e-03 4.3195621e-03 3.3590675e-03
 4.4986852e-03 1.2186837e-03 2.7959025e-03 7.8345956e-03 2.0198519e-03
 1.1157017e-08 1.8615439e-03 1.5884436e-03]
[[2025-10-16 17:51:13]] Epoch 63/100, Validation Loss: 0.00817297
[[2025-10-16 17:51:13]] Mask: [4.38737217e-03 3.07467394e-03 3.89719522e-03 1.97053258e-03
 1.60092558e-03 5.51736557e-05 2.09363527e-03 1.69164524e-03
 1.59950908e-02 8.73116776e-03 5.49549877e-04 2.57775397e-03
 6.22285123e-04 8.03951465e-04 6.13310561e-03 2.17791856e-03
 5.36571676e-09 1.46634947e-03 1.59986038e-03 6.33865735e-03
 1.61717143e-02 1.56722162e-02 2.13299342e-03 4.24738927e-03
 3.55278258e-03 4.28341003e-03 1.16291270e-03 2.78158206e-03
 8.47567711e-03 1.86697312e-03 1.10144835e-08 1.93867448e-03
 1.74386916e-03]
[[2025-10-16 17:51:16]] Epoch 64/100, Validation Loss: 0.00786194
[[2025-10-16 17:51:16]] Mask: [4.6758424e-03 3.0528307e-03 3.5076526e-03 1.9561946e-03 1.6793940e-03
 5.3549309e-05 1.8656000e-03 1.5253854e-03 1.5852539e-02 8.9369919e-03
 5.1739329e-04 2.2050166e-03 6.8553089e-04 8.6976308e-04 6.1944784e-03
 2.0835011e-03 5.3551865e-09 1.3034423e-03 1.5988044e-03 6.3208546e-03
 1.5035538e-02 1.4906706e-02 2.1204019e-03 4.2914036e-03 3.3898700e-03
 3.9109634e-03 1.1817873e-03 2.7570284e-03 7.5672399e-03 1.8915442e-03
 1.0879062e-08 2.2368259e-03 1.7560072e-03]
[[2025-10-16 17:51:18]] Epoch 65/100, Validation Loss: 0.00795215
[[2025-10-16 17:51:18]] Mask: [4.5598242e-03 2.9477726e-03 3.4766214e-03 1.9818896e-03 1.6089458e-03
 5.2785101e-05 1.8853041e-03 1.5897162e-03 1.5747203e-02 8.9681335e-03
 5.2661839e-04 2.1063325e-03 7.4773002e-04 8.7532337e-04 6.2274509e-03
 2.3531043e-03 5.2692664e-09 1.3229286e-03 1.5376610e-03 6.2622717e-03
 1.5419208e-02 1.4831864e-02 1.9613169e-03 4.0262588e-03 3.6833931e-03
 4.2323512e-03 1.2943477e-03 3.2424526e-03 7.5224522e-03 1.8895764e-03
 1.0959077e-08 2.0333738e-03 1.7675582e-03]
[[2025-10-16 17:51:21]] Epoch 66/100, Validation Loss: 0.00822135
[[2025-10-16 17:51:21]] Mask: [4.6622586e-03 2.9861634e-03 3.5065678e-03 1.9147760e-03 1.8235669e-03
 5.5557495e-05 2.0847081e-03 1.6342361e-03 1.6071666e-02 8.9795580e-03
 5.2103598e-04 1.8866074e-03 6.8992609e-04 8.7517494e-04 6.4948630e-03
 2.1982579e-03 5.2485132e-09 1.3560718e-03 1.5806495e-03 6.5249782e-03
 1.5402162e-02 1.5428413e-02 1.9540798e-03 4.2784382e-03 3.4396220e-03
 4.2657671e-03 1.3933562e-03 3.1439373e-03 7.7071516e-03 1.8787750e-03
 1.0961670e-08 1.8516390e-03 1.7365763e-03]
[[2025-10-16 17:51:23]] Epoch 67/100, Validation Loss: 0.00810310
[[2025-10-16 17:51:23]] Mask: [4.5834570e-03 3.0334524e-03 3.5403462e-03 2.0890555e-03 1.8302335e-03
 5.2223273e-05 1.8667947e-03 1.6473634e-03 1.5234716e-02 8.1858924e-03
 5.0611031e-04 2.0062041e-03 6.8260857e-04 8.2239887e-04 5.9176097e-03
 2.0371336e-03 5.2349662e-09 1.3309511e-03 1.6703780e-03 6.1170678e-03
 1.4808729e-02 1.5459466e-02 2.0512471e-03 4.0468127e-03 3.2760049e-03
 4.2396663e-03 1.2004412e-03 3.1428107e-03 7.7220732e-03 1.8577849e-03
 1.0977278e-08 1.8834879e-03 1.6945524e-03]
[[2025-10-16 17:51:25]] Epoch 68/100, Validation Loss: 0.00799349
[[2025-10-16 17:51:25]] Mask: [4.56324080e-03 2.83392658e-03 3.68116284e-03 1.99889368e-03
 1.73769996e-03 4.83049043e-05 1.93556957e-03 1.73287606e-03
 1.57033987e-02 8.41090921e-03 5.27181081e-04 2.10399763e-03
 6.53046765e-04 8.02846742e-04 6.47916552e-03 2.03458359e-03
 5.13008169e-09 1.28642970e-03 1.79630052e-03 6.14287890e-03
 1.55147733e-02 1.40943257e-02 1.85560901e-03 4.10689181e-03
 3.23269819e-03 4.17564809e-03 1.10488234e-03 2.86169979e-03
 7.65450019e-03 1.93341239e-03 1.09969776e-08 1.71094900e-03
 1.82471366e-03]
[[2025-10-16 17:51:27]] Epoch 69/100, Validation Loss: 0.00813394
[[2025-10-16 17:51:27]] Mask: [4.6076607e-03 2.9259319e-03 3.4647733e-03 1.9870857e-03 1.7038787e-03
 4.6633912e-05 1.8996937e-03 1.7671190e-03 1.5418601e-02 8.4827971e-03
 5.0752313e-04 1.9383692e-03 7.0422911e-04 8.5183542e-04 6.3207140e-03
 2.0001354e-03 5.0820486e-09 1.2183065e-03 1.7266890e-03 6.4754458e-03
 1.6066056e-02 1.4259705e-02 1.7672509e-03 3.9783646e-03 3.4286766e-03
 4.1168323e-03 1.2317320e-03 3.1842103e-03 7.6434505e-03 1.9236424e-03
 1.0954751e-08 1.7078032e-03 1.7006252e-03]
[[2025-10-16 17:51:31]] Epoch 70/100, Validation Loss: 0.00799464
[[2025-10-16 17:51:31]] Mask: [4.5007057e-03 2.8674351e-03 3.5769087e-03 2.0451585e-03 1.7469631e-03
 4.8376034e-05 2.0194848e-03 1.7126731e-03 1.5005774e-02 7.6707406e-03
 5.1169813e-04 2.5211580e-03 7.6130958e-04 8.5450185e-04 5.7887314e-03
 2.0224391e-03 5.0410098e-09 1.2242572e-03 1.5687975e-03 6.6564307e-03
 1.4388724e-02 1.4581277e-02 1.9666820e-03 4.0619448e-03 3.2007182e-03
 4.0939623e-03 1.2991874e-03 3.4309081e-03 7.6313363e-03 2.2687120e-03
 1.0895217e-08 1.9358229e-03 1.6683985e-03]
[[2025-10-16 17:51:33]] Epoch 71/100, Validation Loss: 0.00799599
[[2025-10-16 17:51:33]] Mask: [4.6255472e-03 3.0673600e-03 4.0015928e-03 1.9886210e-03 1.7377142e-03
 4.5130204e-05 1.8404260e-03 1.6458082e-03 1.4993487e-02 7.8065423e-03
 5.1510829e-04 2.7078718e-03 8.4417529e-04 8.8978198e-04 6.1395559e-03
 1.9666015e-03 4.9773501e-09 1.1731214e-03 1.5133822e-03 6.4704539e-03
 1.4730179e-02 1.5067454e-02 2.0577230e-03 3.9252653e-03 3.5421718e-03
 3.9755953e-03 1.2718757e-03 3.2742193e-03 6.5840804e-03 2.1161081e-03
 1.0919538e-08 1.7920049e-03 1.7489968e-03]
[[2025-10-16 17:51:35]] Epoch 72/100, Validation Loss: 0.00794038
[[2025-10-16 17:51:35]] Mask: [4.5337034e-03 2.9417425e-03 3.7076895e-03 2.0182196e-03 1.8221021e-03
 4.6567875e-05 1.8024310e-03 1.6069020e-03 1.5180420e-02 8.6531397e-03
 4.9037195e-04 2.6287206e-03 1.0207191e-03 8.7658287e-04 6.4754491e-03
 1.9696588e-03 4.9479034e-09 1.2310852e-03 1.4950308e-03 6.7173559e-03
 1.5305291e-02 1.4209428e-02 1.8950575e-03 3.8414614e-03 3.0437231e-03
 4.1515692e-03 1.2642985e-03 3.1090055e-03 7.0476229e-03 1.8797679e-03
 1.0856240e-08 1.9245461e-03 1.7016099e-03]
[[2025-10-16 17:51:37]] Epoch 73/100, Validation Loss: 0.00791918
[[2025-10-16 17:51:37]] Mask: [4.6164212e-03 2.9409791e-03 3.4521059e-03 2.0984246e-03 1.8950774e-03
 4.6084260e-05 1.9310309e-03 1.6057763e-03 1.4826723e-02 8.9726569e-03
 5.1820592e-04 2.3416537e-03 1.0383426e-03 8.6439570e-04 6.0524628e-03
 2.1374149e-03 4.8967919e-09 1.2114109e-03 1.6053910e-03 6.1049382e-03
 1.5459814e-02 1.3951944e-02 1.8261489e-03 4.1295397e-03 3.0608634e-03
 4.1151321e-03 1.3198804e-03 3.3526549e-03 7.0941071e-03 1.8841667e-03
 1.0888259e-08 1.7685470e-03 1.5925932e-03]
[[2025-10-16 17:51:40]] Epoch 74/100, Validation Loss: 0.00796192
[[2025-10-16 17:51:40]] Mask: [4.3974961e-03 2.8502049e-03 3.3344163e-03 2.0702968e-03 1.7926149e-03
 4.3648288e-05 1.8508011e-03 1.6347980e-03 1.5289899e-02 8.2857618e-03
 5.2270241e-04 2.1533885e-03 1.1740269e-03 8.9736673e-04 6.1320625e-03
 2.0908944e-03 4.8147357e-09 1.2002913e-03 1.7960867e-03 6.5091737e-03
 1.3956794e-02 1.3529119e-02 1.8028275e-03 3.9616153e-03 3.7546661e-03
 3.9512161e-03 1.3869735e-03 3.0638771e-03 6.7561478e-03 1.9860326e-03
 1.0843844e-08 1.8815071e-03 1.6261929e-03]
[[2025-10-16 17:51:42]] Epoch 75/100, Validation Loss: 0.00804556
[[2025-10-16 17:51:42]] Mask: [4.3780655e-03 2.9591278e-03 3.7160108e-03 2.0569370e-03 1.6895311e-03
 4.4756387e-05 1.8318266e-03 1.6223483e-03 1.5155874e-02 8.2206149e-03
 4.8462985e-04 1.9435791e-03 1.0404007e-03 8.2497293e-04 6.0945544e-03
 2.1043629e-03 4.7913020e-09 1.2131331e-03 1.7106534e-03 6.6228705e-03
 1.4594636e-02 1.4958492e-02 1.7739123e-03 3.7137170e-03 3.8435003e-03
 4.1598668e-03 1.4544493e-03 3.4744677e-03 7.1983561e-03 2.0635664e-03
 1.0831689e-08 1.8895279e-03 1.5817350e-03]
[[2025-10-16 17:51:46]] Epoch 76/100, Validation Loss: 0.00889939
[[2025-10-16 17:51:46]] Mask: [4.2091873e-03 2.8923699e-03 3.8330951e-03 1.9506903e-03 1.5034812e-03
 4.6314108e-05 1.9630287e-03 1.7344722e-03 1.5345831e-02 8.5819913e-03
 5.2527006e-04 1.9258308e-03 1.1382945e-03 8.6499180e-04 5.9807724e-03
 2.0506498e-03 4.7536983e-09 1.2995896e-03 1.7117611e-03 6.1977115e-03
 1.3942127e-02 1.4639788e-02 1.8972396e-03 4.1316818e-03 3.7617488e-03
 4.1208616e-03 1.4689979e-03 3.0765585e-03 7.3404219e-03 2.1545680e-03
 1.0770257e-08 1.8325958e-03 1.6423238e-03]
[[2025-10-16 17:51:49]] Epoch 77/100, Validation Loss: 0.00806994
[[2025-10-16 17:51:49]] Mask: [4.31135204e-03 2.89703161e-03 4.21127863e-03 2.04920024e-03
 1.67401996e-03 4.56203743e-05 2.00223830e-03 1.70022552e-03
 1.54332668e-02 8.37623794e-03 5.40540495e-04 1.98933482e-03
 1.01584278e-03 8.38568492e-04 5.88161498e-03 2.05447385e-03
 4.71695705e-09 1.26813969e-03 1.70334580e-03 6.10554917e-03
 1.46718351e-02 1.37114115e-02 1.89890910e-03 3.78202600e-03
 3.70634417e-03 4.69681155e-03 1.45962392e-03 2.65307468e-03
 6.79156557e-03 2.04325956e-03 1.08498028e-08 1.82894990e-03
 1.72723585e-03]
[[2025-10-16 17:51:51]] Epoch 78/100, Validation Loss: 0.00837155
[[2025-10-16 17:51:51]] Mask: [4.15945053e-03 3.01791471e-03 3.80052929e-03 1.96569855e-03
 1.51607138e-03 4.79749251e-05 2.01089797e-03 1.57754240e-03
 1.51490513e-02 7.74228293e-03 5.53606194e-04 2.19710777e-03
 1.11101184e-03 8.27990763e-04 5.82075724e-03 2.01846636e-03
 4.64116168e-09 1.42331084e-03 1.64405187e-03 5.88752329e-03
 1.38043845e-02 1.38250561e-02 1.94029813e-03 4.16853186e-03
 3.61491065e-03 3.98596190e-03 1.29188562e-03 2.51481635e-03
 6.79818168e-03 2.07287539e-03 1.07997762e-08 1.73939147e-03
 1.88006402e-03]
[[2025-10-16 17:51:53]] Epoch 79/100, Validation Loss: 0.00826650
[[2025-10-16 17:51:53]] Mask: [4.2617419e-03 2.9106224e-03 3.8605004e-03 1.9968324e-03 1.6988952e-03
 4.0914550e-05 1.9610184e-03 1.4515946e-03 1.4801699e-02 7.9945605e-03
 5.1037635e-04 2.2913020e-03 1.2242438e-03 8.5529615e-04 5.9102364e-03
 2.0090423e-03 4.6135806e-09 1.1839208e-03 1.7544191e-03 6.0085147e-03
 1.4645284e-02 1.4601160e-02 1.8837865e-03 3.9512031e-03 3.8818906e-03
 4.0766317e-03 1.4272559e-03 3.1446097e-03 6.5756151e-03 2.0743338e-03
 1.0691417e-08 1.7558977e-03 1.7175660e-03]
[[2025-10-16 17:51:55]] Epoch 80/100, Validation Loss: 0.00790772
[[2025-10-16 17:51:55]] Mask: [4.29294212e-03 2.72539607e-03 3.65402643e-03 1.97153911e-03
 1.70083740e-03 4.09656168e-05 1.97745604e-03 1.48941099e-03
 1.53922159e-02 7.55410921e-03 5.15589432e-04 2.13944982e-03
 1.30041793e-03 9.08990623e-04 5.94586181e-03 1.84910710e-03
 4.54825244e-09 1.19360164e-03 1.70858949e-03 5.96638303e-03
 1.45803858e-02 1.38176335e-02 1.83959235e-03 3.94053757e-03
 3.49226757e-03 3.99752613e-03 1.47791277e-03 3.33086099e-03
 6.70843385e-03 2.28708610e-03 1.06582494e-08 1.90670812e-03
 1.64758461e-03]
[[2025-10-16 17:51:58]] Epoch 81/100, Validation Loss: 0.00810346
[[2025-10-16 17:51:58]] Mask: [4.2415792e-03 2.8262213e-03 3.8331647e-03 1.9342978e-03 1.7567379e-03
 4.2520645e-05 1.7645813e-03 1.5077817e-03 1.5323526e-02 7.6460261e-03
 5.3601013e-04 2.1231277e-03 1.5171567e-03 8.3496381e-04 5.4775835e-03
 1.9240525e-03 4.5129176e-09 1.3084916e-03 1.7133728e-03 6.2290626e-03
 1.5427130e-02 1.4259859e-02 1.9965465e-03 3.7964531e-03 3.4436272e-03
 3.9346372e-03 1.7027524e-03 3.3520018e-03 6.9076507e-03 2.0880697e-03
 1.0722172e-08 1.7876447e-03 1.6024116e-03]
[[2025-10-16 17:52:00]] Epoch 82/100, Validation Loss: 0.00861777
[[2025-10-16 17:52:00]] Mask: [4.0809959e-03 2.9225922e-03 3.5478028e-03 1.9941707e-03 1.6479730e-03
 3.8452439e-05 1.9081698e-03 1.7451954e-03 1.5511152e-02 7.6835486e-03
 5.6818750e-04 2.4297037e-03 1.4963412e-03 8.3980436e-04 6.0061575e-03
 1.9499135e-03 4.4266346e-09 1.1972580e-03 1.5916616e-03 5.9974757e-03
 1.4718971e-02 1.3963370e-02 2.3925321e-03 4.2451778e-03 3.5493623e-03
 4.5246975e-03 1.9725442e-03 3.8539136e-03 7.7659725e-03 1.8919829e-03
 1.0624536e-08 1.7273393e-03 1.7097505e-03]
[[2025-10-16 17:52:03]] Epoch 83/100, Validation Loss: 0.00795312
[[2025-10-16 17:52:03]] Mask: [4.1159429e-03 2.7170908e-03 3.4697687e-03 1.9814642e-03 1.6769303e-03
 3.6370646e-05 1.7945084e-03 1.6419486e-03 1.5227270e-02 7.7327900e-03
 5.7398522e-04 2.2590442e-03 1.5012036e-03 1.0263162e-03 5.8704815e-03
 1.8624823e-03 4.4180060e-09 1.1249583e-03 1.6837254e-03 6.0767131e-03
 1.4287211e-02 1.3745390e-02 2.1060039e-03 4.1631870e-03 3.3080284e-03
 4.2362455e-03 1.7952338e-03 3.8549204e-03 6.7852032e-03 1.7915632e-03
 1.0604048e-08 1.7851074e-03 1.6585088e-03]
[[2025-10-16 17:52:06]] Epoch 84/100, Validation Loss: 0.00892800
[[2025-10-16 17:52:06]] Mask: [4.0659802e-03 2.8376319e-03 3.1843265e-03 2.0302963e-03 1.6054407e-03
 4.0943825e-05 1.7428510e-03 1.6823907e-03 1.4051500e-02 8.1416992e-03
 5.8362720e-04 2.2750404e-03 1.8280352e-03 9.3763170e-04 5.9406469e-03
 1.9025728e-03 4.3824957e-09 1.2172288e-03 1.6778102e-03 5.8579058e-03
 1.4540491e-02 1.3679200e-02 1.6715219e-03 3.8504587e-03 3.4350958e-03
 3.6417197e-03 1.7063778e-03 3.6271717e-03 6.9588735e-03 1.7600030e-03
 1.0700516e-08 1.7343920e-03 1.7647763e-03]
[[2025-10-16 17:52:08]] Epoch 85/100, Validation Loss: 0.00893404
[[2025-10-16 17:52:08]] Mask: [4.1613728e-03 2.8861470e-03 3.7866465e-03 1.9225149e-03 1.6662705e-03
 4.3687225e-05 1.9081361e-03 1.6191362e-03 1.4237221e-02 8.4537892e-03
 5.5764220e-04 2.5935760e-03 2.0766519e-03 9.2129497e-04 5.5944305e-03
 1.9918098e-03 4.3726103e-09 1.3224952e-03 1.6393072e-03 5.5789361e-03
 1.4595549e-02 1.4551811e-02 1.7966502e-03 4.3936628e-03 3.6078016e-03
 4.2129843e-03 1.7542753e-03 3.5880578e-03 7.0248954e-03 1.8904886e-03
 1.0608701e-08 1.8764721e-03 1.8821034e-03]
[[2025-10-16 17:52:10]] Epoch 86/100, Validation Loss: 0.00896098
[[2025-10-16 17:52:10]] Mask: [4.1810428e-03 2.9000770e-03 3.6674198e-03 1.9443841e-03 1.6504208e-03
 4.1773677e-05 2.0785637e-03 1.5916616e-03 1.4189598e-02 8.9500342e-03
 5.7449430e-04 2.3008347e-03 1.9572545e-03 8.6716178e-04 5.6628077e-03
 1.9757722e-03 4.3331490e-09 1.2528122e-03 1.5567257e-03 5.6793275e-03
 1.4479187e-02 1.3578745e-02 1.9550351e-03 4.3971771e-03 3.9450955e-03
 4.2363242e-03 1.8691772e-03 3.5162685e-03 7.4723926e-03 1.9958625e-03
 1.0627495e-08 1.9497956e-03 1.7960020e-03]
[[2025-10-16 17:52:12]] Epoch 87/100, Validation Loss: 0.00859502
[[2025-10-16 17:52:12]] Mask: [4.10142867e-03 2.78956792e-03 3.33943707e-03 1.90216349e-03
 1.58766715e-03 4.14088972e-05 2.16032681e-03 1.53960579e-03
 1.45323416e-02 8.66466202e-03 5.35621250e-04 2.15423084e-03
 2.07985286e-03 9.05290828e-04 5.41585125e-03 1.98101439e-03
 4.29216840e-09 1.21473800e-03 1.60544994e-03 5.86455176e-03
 1.46320108e-02 1.35932509e-02 1.88728620e-03 4.01435187e-03
 4.08007903e-03 4.04807180e-03 1.89151999e-03 3.56758386e-03
 6.58001471e-03 2.00377475e-03 1.05698605e-08 1.95211568e-03
 1.77741400e-03]
[[2025-10-16 17:52:12]] Early stopping at epoch 87/100
