[[2025-10-15 20:36:37]] Starting training on model: model_[33, 64, 64, 1]_output_Sigmoid_intermediate_ReLU_normalized_data_True_loss_MSELoss
[[2025-10-15 20:36:40]] Epoch 1/30, Validation Loss: 0.09619104
[[2025-10-15 20:36:40]] Mask: [0.71906847 0.6524933  0.6700167  0.7049002  0.67791903 0.6600911
 0.65641147 0.7105874  0.69564915 0.64663875 0.6441162  0.6476409
 0.6947389  0.72650707 0.6840394  0.67872506 0.6572511  0.68702424
 0.6490074  0.71491265 0.7044982  0.69496644 0.6426596  0.65906465
 0.65483654 0.6536159  0.6417547  0.6571402  0.6565965  0.65846455
 0.6440313  0.6422839  0.7085673 ]
[[2025-10-15 20:36:42]] Epoch 2/30, Validation Loss: 0.08835323
[[2025-10-15 20:36:42]] Mask: [0.70231575 0.56423134 0.60629725 0.66188586 0.6127111  0.57017696
 0.5690842  0.6698325  0.6708996  0.56013876 0.5453945  0.5456708
 0.6502928  0.7157836  0.6422169  0.60756695 0.5685917  0.6268353
 0.54941285 0.6924366  0.6824507  0.6620684  0.5381531  0.5727873
 0.5711645  0.5721947  0.5375105  0.56381094 0.5921197  0.56934935
 0.5477521  0.54114276 0.67028785]
[[2025-10-15 20:36:44]] Epoch 3/30, Validation Loss: 0.08053634
[[2025-10-15 20:36:44]] Mask: [0.6848144  0.4774948  0.53912497 0.6065748  0.54166114 0.47423315
 0.48027775 0.61625916 0.6473737  0.48505685 0.44625905 0.44171274
 0.6047718  0.69871485 0.5981093  0.53332126 0.47450462 0.5657769
 0.44778886 0.6664013  0.66067874 0.6330149  0.43611667 0.49159694
 0.48648    0.49679312 0.43163928 0.4721816  0.5347165  0.47353056
 0.44562897 0.44234073 0.62031865]
[[2025-10-15 20:36:46]] Epoch 4/30, Validation Loss: 0.07373248
[[2025-10-15 20:36:46]] Mask: [0.66635466 0.3974181  0.47277114 0.54795194 0.47025615 0.3843591
 0.39640278 0.55353254 0.624262   0.41747993 0.35775447 0.34766746
 0.5554477  0.67865276 0.55639374 0.46047744 0.38761586 0.505502
 0.35807973 0.6386793  0.6384335  0.6061278  0.34471872 0.41795817
 0.4061914  0.42664385 0.33904445 0.38884094 0.48305908 0.38598007
 0.35319516 0.35612342 0.55732596]
[[2025-10-15 20:36:49]] Epoch 5/30, Validation Loss: 0.06627956
[[2025-10-15 20:36:49]] Mask: [0.6491182  0.33265883 0.41395834 0.4879676  0.4041798  0.30935436
 0.32685852 0.48644027 0.601132   0.36186612 0.28387386 0.2717097
 0.5027947  0.65164644 0.5125552  0.3958784  0.31506333 0.4479042
 0.2852727  0.60845447 0.616136   0.58048433 0.26961333 0.3553671
 0.3394384  0.3684855  0.26388058 0.31904987 0.43534604 0.31116626
 0.27683172 0.28579077 0.48930335]
[[2025-10-15 20:36:51]] Epoch 6/30, Validation Loss: 0.06053172
[[2025-10-15 20:36:51]] Mask: [0.6294844  0.28019315 0.36253002 0.4352978  0.34415716 0.24914832
 0.27415547 0.42391655 0.57934356 0.3157393  0.22684667 0.2138413
 0.44837934 0.62327564 0.4728441  0.34085488 0.254269   0.39949313
 0.22735517 0.5770928  0.594977   0.5554212  0.21055    0.30555353
 0.2869949  0.31831762 0.20612752 0.26349574 0.39475718 0.25299639
 0.21699086 0.23179942 0.42428523]
[[2025-10-15 20:36:53]] Epoch 7/30, Validation Loss: 0.05672862
[[2025-10-15 20:36:53]] Mask: [0.6073137  0.23924936 0.3156837  0.38726902 0.29494172 0.20331755
 0.23015928 0.36749336 0.5556379  0.27652884 0.1827899  0.16843857
 0.39722815 0.60153514 0.4297824  0.29825807 0.20769471 0.3562887
 0.1831068  0.5426057  0.57235897 0.5290697  0.16701259 0.2615378
 0.24290541 0.27671096 0.16291529 0.220246   0.35536414 0.2073063
 0.17194286 0.19083628 0.365872  ]
[[2025-10-15 20:36:55]] Epoch 8/30, Validation Loss: 0.05229909
[[2025-10-15 20:36:55]] Mask: [0.5875276  0.20753102 0.27759475 0.34759325 0.25460842 0.16831988
 0.19783814 0.3190558  0.53309625 0.24779521 0.14930502 0.1353251
 0.34570608 0.5709895  0.3940853  0.262428   0.16953643 0.32062435
 0.15003051 0.5079742  0.55062234 0.50629556 0.13406578 0.23205787
 0.2080803  0.24548447 0.12997133 0.18832465 0.32353666 0.17304617
 0.13736953 0.15927762 0.31704345]
[[2025-10-15 20:36:57]] Epoch 9/30, Validation Loss: 0.05152755
[[2025-10-15 20:36:57]] Mask: [0.56833047 0.1818155  0.24465896 0.31391057 0.22192965 0.13878018
 0.17305976 0.2803895  0.51269937 0.22204077 0.12207834 0.10977349
 0.30233032 0.53530747 0.3604086  0.23536098 0.13980533 0.2895052
 0.12510046 0.47551018 0.5284755  0.48458537 0.10835485 0.20737848
 0.18259759 0.21849002 0.10530367 0.16334562 0.2956389  0.1460603
 0.11157917 0.1344793  0.27610156]
[[2025-10-15 20:36:59]] Epoch 10/30, Validation Loss: 0.04725179
[[2025-10-15 20:36:59]] Mask: [0.54825604 0.16325168 0.21973309 0.2866383  0.19433132 0.11582612
 0.15400909 0.24507101 0.49043953 0.19985029 0.10156319 0.0907101
 0.2666314  0.50228286 0.33121124 0.21270674 0.1179794  0.26254582
 0.10638705 0.4433713  0.50569814 0.4651999  0.08867956 0.18649851
 0.16128527 0.19739315 0.08650342 0.14305857 0.2724344  0.12397803
 0.09144004 0.11485416 0.243752  ]
[[2025-10-15 20:37:02]] Epoch 11/30, Validation Loss: 0.04588078
[[2025-10-15 20:37:02]] Mask: [0.52670676 0.14891765 0.19787648 0.26320508 0.17158477 0.09936862
 0.138621   0.21784934 0.46933708 0.18341486 0.08506374 0.07601666
 0.23884155 0.46978316 0.30492696 0.19547097 0.10117549 0.24055432
 0.09074188 0.41276926 0.48589388 0.44680613 0.07315604 0.1694176
 0.14477567 0.17959082 0.07122657 0.12675127 0.25327167 0.10781147
 0.07558186 0.09964977 0.2161781 ]
[[2025-10-15 20:37:04]] Epoch 12/30, Validation Loss: 0.04352047
[[2025-10-15 20:37:04]] Mask: [0.5058042  0.13752177 0.18030347 0.2440981  0.15232293 0.08573626
 0.12573962 0.1955144  0.4515389  0.16874546 0.07216971 0.06427444
 0.2133345  0.43755326 0.2823982  0.1807901  0.0873287  0.22104546
 0.07986595 0.3853532  0.46522698 0.43005437 0.06100963 0.15552643
 0.13087688 0.16432296 0.06018493 0.11389562 0.2363393  0.0938232
 0.06348005 0.08792847 0.19435735]
[[2025-10-15 20:37:06]] Epoch 13/30, Validation Loss: 0.04100276
[[2025-10-15 20:37:06]] Mask: [0.4875168  0.12822227 0.1659322  0.22781065 0.13723709 0.07412112
 0.11357742 0.18189365 0.4339949  0.1561269  0.06167941 0.05511351
 0.19333118 0.40446585 0.2651788  0.16743909 0.07621334 0.20443636
 0.07087862 0.36103034 0.44660163 0.41550368 0.05168017 0.1434188
 0.12013094 0.15290964 0.05137647 0.1033105  0.22180748 0.08400061
 0.0543006  0.07818499 0.17859454]
[[2025-10-15 20:37:08]] Epoch 14/30, Validation Loss: 0.04039616
[[2025-10-15 20:37:08]] Mask: [0.4689923  0.12040849 0.15407313 0.21382692 0.12392555 0.06582969
 0.10520652 0.16760139 0.4187375  0.14504969 0.05346178 0.04772644
 0.17695539 0.37396184 0.24464141 0.15815485 0.06698132 0.19029571
 0.06381828 0.34008977 0.42765874 0.39797992 0.04378171 0.13427939
 0.11062613 0.14147419 0.0438709  0.094637   0.20682147 0.0766951
 0.04653379 0.07045744 0.16551183]
[[2025-10-15 20:37:10]] Epoch 15/30, Validation Loss: 0.04004366
[[2025-10-15 20:37:10]] Mask: [0.45390925 0.11358416 0.14370939 0.20186016 0.11299923 0.05789181
 0.09771559 0.15527874 0.40334108 0.13495688 0.04659097 0.04216925
 0.16201003 0.3448596  0.22956328 0.14959976 0.05902067 0.17602621
 0.05759605 0.31830594 0.41085526 0.38606972 0.03747955 0.12655982
 0.10389818 0.13274713 0.03802554 0.08751338 0.19648147 0.06982578
 0.04061158 0.06403866 0.15195553]
[[2025-10-15 20:37:13]] Epoch 16/30, Validation Loss: 0.03853061
[[2025-10-15 20:37:13]] Mask: [0.43531844 0.10778415 0.13552855 0.19299322 0.10329601 0.05237224
 0.0916908  0.14508724 0.38804764 0.12662448 0.04110885 0.03782432
 0.15069814 0.31916884 0.21540982 0.14108369 0.05354438 0.16733803
 0.05192914 0.30155134 0.3937823  0.3728168  0.03244677 0.11943848
 0.09814259 0.12380026 0.03367823 0.0818122  0.18466273 0.06442291
 0.03542396 0.0590966  0.14254133]
[[2025-10-15 20:37:15]] Epoch 17/30, Validation Loss: 0.03775981
[[2025-10-15 20:37:15]] Mask: [0.4218195  0.10346591 0.12751007 0.18319812 0.09493123 0.04737403
 0.08730398 0.13616806 0.37373275 0.11972132 0.03652875 0.03385353
 0.14091349 0.29761523 0.20226148 0.13424368 0.04870137 0.15781318
 0.0485075  0.2871448  0.37849045 0.36108643 0.02813257 0.11277391
 0.09330467 0.11702968 0.03022239 0.07629845 0.17397411 0.0605977
 0.03148159 0.05534886 0.13461755]
[[2025-10-15 20:37:17]] Epoch 18/30, Validation Loss: 0.03636645
[[2025-10-15 20:37:17]] Mask: [0.4059986  0.09889078 0.12007861 0.17539941 0.08745079 0.04248514
 0.08226406 0.13036291 0.3602549  0.11171732 0.03270225 0.03081968
 0.133697   0.27866322 0.19236933 0.12668623 0.04474166 0.14843617
 0.04551685 0.2722302  0.36438766 0.34776178 0.0249421  0.10763838
 0.0882569  0.11047396 0.02736915 0.07169386 0.16495444 0.05676305
 0.02843776 0.05171134 0.12859751]
[[2025-10-15 20:37:19]] Epoch 19/30, Validation Loss: 0.03587003
[[2025-10-15 20:37:19]] Mask: [0.39144307 0.09432618 0.11352893 0.1681768  0.08077189 0.0389466
 0.07892549 0.12386331 0.34620345 0.10626483 0.02966576 0.02883874
 0.12567362 0.2619854  0.18295842 0.12231512 0.04087589 0.14144677
 0.04237674 0.25975806 0.35054874 0.3395539  0.02219025 0.10239875
 0.0856664  0.10479546 0.02522059 0.06783646 0.15632346 0.05481881
 0.02573366 0.04879441 0.12244716]
[[2025-10-15 20:37:22]] Epoch 20/30, Validation Loss: 0.03661818
[[2025-10-15 20:37:22]] Mask: [0.37835854 0.08999965 0.10865908 0.16081557 0.07580739 0.03644788
 0.07631657 0.11789574 0.33505258 0.10068062 0.02716653 0.02695667
 0.12013577 0.247955   0.17342348 0.11634056 0.03832476 0.13586386
 0.03976822 0.24783845 0.33720016 0.32907316 0.02002308 0.09753542
 0.08171854 0.099071   0.02366244 0.06547695 0.14961334 0.05268886
 0.02363899 0.0460726  0.11765558]
[[2025-10-15 20:37:24]] Epoch 21/30, Validation Loss: 0.03543570
[[2025-10-15 20:37:24]] Mask: [0.36698684 0.08702192 0.10412341 0.15546034 0.07086144 0.03434286
 0.07255365 0.11277522 0.32409745 0.09637737 0.02537028 0.0253325
 0.11499407 0.23275192 0.16694035 0.11215246 0.03548347 0.13037758
 0.0378675  0.23640603 0.32557058 0.31989256 0.01798367 0.09411798
 0.07814237 0.09534233 0.02215361 0.06239352 0.1430803  0.05118521
 0.02204521 0.04356257 0.11322949]
[[2025-10-15 20:37:27]] Epoch 22/30, Validation Loss: 0.03610720
[[2025-10-15 20:37:27]] Mask: [0.35511872 0.08401997 0.09995795 0.15013129 0.06615992 0.03248528
 0.0703853  0.11076466 0.3129813  0.09280951 0.02331711 0.02421765
 0.11105018 0.22186881 0.15741323 0.10826048 0.03285882 0.12517591
 0.03640033 0.22697344 0.31211388 0.31167695 0.01633925 0.09039045
 0.07505618 0.09168093 0.02101984 0.06082045 0.13751933 0.05016374
 0.0201684  0.04203674 0.10965703]
[[2025-10-15 20:37:29]] Epoch 23/30, Validation Loss: 0.03715344
[[2025-10-15 20:37:29]] Mask: [0.34509018 0.08136697 0.09736955 0.14664033 0.06309624 0.03099252
 0.06679256 0.10647074 0.30432257 0.08876804 0.0219652  0.02309408
 0.10694973 0.21059942 0.15108639 0.10511693 0.03085432 0.12096953
 0.0352556  0.21732262 0.3008291  0.30274698 0.01513641 0.08733875
 0.07303074 0.08799847 0.02040146 0.05915498 0.13218166 0.04911486
 0.01910819 0.04032835 0.10595901]
[[2025-10-15 20:37:31]] Epoch 24/30, Validation Loss: 0.03507206
[[2025-10-15 20:37:31]] Mask: [0.3306948  0.07928487 0.09342507 0.14228545 0.05913114 0.02899525
 0.06388352 0.10205966 0.29570383 0.08453207 0.02093096 0.02264553
 0.10355357 0.20437005 0.14615896 0.102259   0.02904691 0.11585061
 0.03398291 0.20979019 0.29222992 0.2956353  0.0139748  0.08412126
 0.07085964 0.08518229 0.01980471 0.05764703 0.12653762 0.04794985
 0.0181545  0.038277   0.10385415]
[[2025-10-15 20:37:34]] Epoch 25/30, Validation Loss: 0.03478961
[[2025-10-15 20:37:34]] Mask: [0.32135835 0.07700071 0.09215491 0.13857864 0.05658799 0.02815654
 0.06155914 0.09865387 0.28694063 0.08208188 0.01984787 0.02227336
 0.10003035 0.19443586 0.14117073 0.09895843 0.02752819 0.11197323
 0.03302446 0.20139995 0.28308234 0.28844234 0.01320782 0.08133324
 0.06872348 0.08196127 0.01933786 0.05556472 0.12153018 0.04633789
 0.01751974 0.0365298  0.10043503]
[[2025-10-15 20:37:37]] Epoch 26/30, Validation Loss: 0.03406273
[[2025-10-15 20:37:37]] Mask: [0.3118218  0.07511413 0.08916572 0.13406332 0.05392889 0.02690825
 0.06041916 0.09562736 0.27847362 0.0793834  0.01918226 0.02145469
 0.0980847  0.18789792 0.1353816  0.09717401 0.02616084 0.10795259
 0.03259819 0.19546458 0.27310643 0.2820763  0.01266115 0.07901409
 0.06789769 0.07931385 0.0190993  0.05434619 0.11656342 0.04575765
 0.01679248 0.03575626 0.09831433]
[[2025-10-15 20:37:40]] Epoch 27/30, Validation Loss: 0.03355740
[[2025-10-15 20:37:40]] Mask: [0.30420563 0.07387593 0.08674302 0.1314876  0.05107891 0.02582953
 0.05846479 0.09475586 0.27118048 0.07655655 0.01872098 0.0209115
 0.0937653  0.18030392 0.13177897 0.09486486 0.02497447 0.10414046
 0.0318957  0.18932098 0.26480478 0.27493754 0.01222976 0.07704892
 0.06618942 0.07639054 0.01896311 0.0528026  0.11259064 0.04524123
 0.01644158 0.03443105 0.09578036]
[[2025-10-15 20:37:43]] Epoch 28/30, Validation Loss: 0.03389904
[[2025-10-15 20:37:43]] Mask: [0.2951737  0.07180195 0.08523777 0.126857   0.04903157 0.02521132
 0.0571362  0.09076621 0.26442626 0.07434288 0.01793765 0.02070124
 0.09185938 0.17566243 0.12893523 0.09399852 0.02365806 0.10065908
 0.03137754 0.18336748 0.25513852 0.26834762 0.01202287 0.07372367
 0.06408975 0.07458722 0.01874377 0.05129808 0.10931032 0.04460131
 0.01586565 0.03319918 0.09487265]
[[2025-10-15 20:37:45]] Epoch 29/30, Validation Loss: 0.03651419
[[2025-10-15 20:37:45]] Mask: [0.28448993 0.07015818 0.08265538 0.12608328 0.04622139 0.02390021
 0.05571331 0.08876271 0.25610283 0.07200535 0.01749929 0.02041075
 0.08833195 0.16917063 0.12503354 0.09192109 0.02299597 0.09822492
 0.02999841 0.1771404  0.24755915 0.26368254 0.01167907 0.07276154
 0.06260476 0.07217453 0.01922574 0.05079649 0.10548216 0.04473019
 0.01529931 0.0325123  0.09318743]
[[2025-10-15 20:37:47]] Epoch 30/30, Validation Loss: 0.03363322
[[2025-10-15 20:37:47]] Mask: [0.27906933 0.06804491 0.08108272 0.12303676 0.0448374  0.02353877
 0.05484527 0.08579313 0.24994285 0.0695269  0.01707684 0.02000052
 0.08708396 0.16169891 0.12145356 0.09161684 0.02201287 0.09549037
 0.02914441 0.17363882 0.24032071 0.2574768  0.01146299 0.07083765
 0.06087241 0.07055304 0.01935938 0.04926    0.10317199 0.04423983
 0.01521916 0.03147274 0.09122127]
