[[2025-10-15 20:20:22]] Starting training on model: model_[33, 32, 32, 1]_output_Sigmoid_intermediate_ReLU_normalized_data_True_loss_MSELoss
[[2025-10-15 20:20:24]] Epoch 1/30, Validation Loss: 0.02460596
[[2025-10-15 20:20:24]] Mask: [0.76258916 0.7338446  0.6347349  0.61823034 0.5953594  0.5492359
 0.6095887  0.3975077  0.91453654 0.68405515 0.9117967  1.0413405
 0.6326008  0.46648264 0.66450363 0.77990705 0.49204308 0.6726196
 0.56898344 0.7683609  0.77664536 0.82076937 1.0083025  0.76672447
 0.74455583 0.8034177  0.6873629  0.7211625  0.68583524 0.66154015
 0.94868225 0.6828532  0.6284783 ]
[[2025-10-15 20:20:26]] Epoch 2/30, Validation Loss: 0.02237893
[[2025-10-15 20:20:26]] Mask: [0.5857133  0.41036808 0.35653606 0.39461806 0.2758445  0.23702647
 0.2974044  0.16237913 0.6720195  0.31468138 0.52071726 0.66505414
 0.4184405  0.27242196 0.4104244  0.5008966  0.1930865  0.36714444
 0.18483698 0.5117952  0.5711681  0.6159796  0.62685364 0.41073948
 0.39690715 0.43971053 0.30809623 0.3656944  0.3601268  0.29550156
 0.55177784 0.29728055 0.37415415]
[[2025-10-15 20:20:29]] Epoch 3/30, Validation Loss: 0.02188803
[[2025-10-15 20:20:29]] Mask: [ 4.18685436e-01  1.37351006e-01  1.51244506e-01  2.04810128e-01
  2.14818958e-03  7.64252036e-06  6.52410686e-02  1.24007538e-02
  4.69985247e-01  3.92364673e-02  1.73591435e-01  3.22825879e-01
  2.32100248e-01  1.25552535e-01  2.09807530e-01  2.78532863e-01
  5.64199348e-04  1.21467426e-01  2.87533342e-03  2.98021585e-01
  3.91251802e-01  4.46763635e-01  2.74660885e-01  1.29566267e-01
  9.36925411e-02  1.24596588e-01 -1.44755439e-04  8.26100931e-02
  1.20803535e-01  3.78776749e-04  1.90608606e-01  2.35028623e-04
  1.73381686e-01]
[[2025-10-15 20:20:31]] Epoch 4/30, Validation Loss: 0.02228093
[[2025-10-15 20:20:31]] Mask: [ 3.1091306e-01 -1.0869210e-03  3.8987531e-03  9.3273640e-02
 -1.0202572e-03  7.5062948e-05 -1.3575107e-03  7.0350412e-03
  3.3480662e-01  1.6881676e-03 -5.3985557e-04  2.3946721e-02
  1.3064878e-01  5.9302490e-02  8.4301986e-02  1.1011032e-01
  6.5427402e-04 -2.0125741e-04 -1.5210491e-04  1.3029873e-01
  2.7257246e-01  3.4251559e-01  1.0897861e-03  9.2902058e-04
  1.2467665e-04  1.0144425e-03 -6.0303777e-04 -4.1749008e-04
 -1.2198519e-03  2.9432302e-04  6.7743029e-05 -1.8700291e-04
  1.4552761e-02]
[[2025-10-15 20:20:33]] Epoch 5/30, Validation Loss: 0.02178751
[[2025-10-15 20:20:33]] Mask: [ 2.4269205e-01  1.9467438e-03 -1.6387550e-03  1.2074259e-02
 -1.1624304e-03  7.2524900e-04  1.1911509e-03  1.8873716e-04
  2.4258795e-01  2.5198631e-02 -5.2938820e-04 -2.3748782e-04
  4.0025678e-02  2.6760087e-04  3.2919243e-02  2.1754093e-02
 -3.8059114e-04  4.7418857e-03 -3.2478239e-04  3.0973775e-02
  2.0805849e-01  2.7409557e-01  2.0009612e-03  2.8002760e-03
  1.5624419e-03  1.2354902e-03  1.5885608e-04  6.2101847e-04
  2.1837146e-03 -1.6930653e-03 -1.8633227e-04  2.0227458e-03
 -4.6033654e-04]
[[2025-10-15 20:20:35]] Epoch 6/30, Validation Loss: 0.02194703
[[2025-10-15 20:20:35]] Mask: [ 1.9229448e-01  5.6552136e-04  5.2126835e-04  3.3722841e-03
 -3.6755253e-03  9.2507733e-05  1.9994623e-05  2.8869249e-03
  1.8260176e-01  7.4072792e-03  1.6454729e-03  3.5298878e-04
  2.3476672e-03  4.3087784e-05  6.9580749e-03 -2.7426057e-03
 -1.1536570e-03  8.6814845e-03 -7.8364945e-04  3.4487706e-03
  1.7050315e-01  2.2333802e-01  2.1236613e-03  1.9969245e-02
  1.6041963e-04  2.6248971e-03 -1.4384062e-04 -2.1561085e-04
 -7.9387950e-04 -1.1644477e-03 -3.0134601e-04 -1.5901905e-03
 -7.2502543e-04]
[[2025-10-15 20:20:37]] Epoch 7/30, Validation Loss: 0.02191338
[[2025-10-15 20:20:37]] Mask: [ 1.5542135e-01 -4.3306185e-04 -6.8515603e-04 -5.5564055e-03
 -2.1301808e-03  2.1497943e-03  8.7968109e-04  2.0436542e-03
  1.4487854e-01  8.4942114e-03 -1.5388892e-03 -4.2896523e-04
  4.7665229e-04 -4.1181777e-04  2.6612468e-03 -4.3307777e-04
 -1.0260034e-03 -1.2298150e-03  1.2158228e-03  2.8757239e-04
  1.3567556e-01  1.8058231e-01  1.6829604e-04  1.8480977e-02
  7.4184407e-04  1.2307561e-03  1.0437580e-04 -9.2975679e-05
  6.4339011e-04  4.1754718e-04  9.5479612e-05 -3.3847586e-04
  3.6412742e-04]
[[2025-10-15 20:20:39]] Epoch 8/30, Validation Loss: 0.02202051
[[2025-10-15 20:20:39]] Mask: [ 1.22573756e-01  8.16601270e-04 -1.38075196e-03  2.97457009e-04
 -2.16549379e-03  3.33973672e-03 -3.66932759e-03  2.10099359e-04
  1.18550815e-01  1.79329943e-02  5.68530243e-03 -1.35097609e-04
  3.17989336e-03  4.82624630e-03  4.23318008e-03  5.87077765e-03
 -5.24652516e-03  3.18018091e-03 -3.77982651e-04  9.61559708e-04
  1.17878988e-01  1.48862675e-01 -1.53118774e-04  3.60744447e-02
  5.16856904e-04  3.46991280e-03  7.22065219e-04 -4.46849735e-04
 -9.14613251e-04  4.12322301e-03  1.25942461e-03  2.12803995e-03
  2.32962519e-03]
[[2025-10-15 20:20:41]] Epoch 9/30, Validation Loss: 0.02200360
[[2025-10-15 20:20:41]] Mask: [ 1.15494482e-01 -1.22725032e-03  2.92481133e-03  3.35334963e-03
  2.83601112e-04  3.30409734e-04 -5.04395430e-05 -8.71623226e-04
  1.00758299e-01  2.50928588e-02 -1.48856379e-05 -3.95030802e-04
  4.72107145e-04 -1.23789371e-03  3.76965990e-03  5.56582911e-03
  2.80797976e-04 -8.83980771e-04 -1.86220428e-03  3.28154676e-03
  1.03744246e-01  1.31514639e-01  1.03776634e-03  2.77295038e-02
 -3.05808103e-03  3.25106783e-04 -4.13939590e-04 -1.46144209e-03
  4.61802352e-03 -2.74789310e-03  4.24259706e-05 -2.89257790e-04
  6.87488541e-03]
[[2025-10-15 20:20:43]] Epoch 10/30, Validation Loss: 0.02171704
[[2025-10-15 20:20:43]] Mask: [ 8.2114071e-02  5.3262775e-05 -2.1080440e-03 -2.9624864e-03
 -6.4654177e-04 -6.8974576e-04  2.8084558e-03  1.5032229e-03
  8.6893864e-02  2.9503884e-02  2.2500271e-03  7.6984189e-04
 -2.3701752e-03 -9.0858823e-04  5.9484728e-03  6.1635571e-03
  2.0647955e-03  1.5321763e-03 -1.4738385e-04  4.7901049e-03
  9.4201609e-02  1.1192895e-01  1.9544919e-03  3.3921257e-02
  3.7509464e-03  7.6286111e-04  3.1379033e-03  9.9116463e-05
  5.1369858e-03 -1.0885466e-03  6.0550909e-05  1.3993563e-03
  5.3012505e-04]
[[2025-10-15 20:20:45]] Epoch 11/30, Validation Loss: 0.02216743
[[2025-10-15 20:20:45]] Mask: [ 7.5540975e-02  1.4465003e-03  2.6128022e-04 -1.3746037e-03
 -8.7262999e-04  2.6959233e-04  8.3159574e-04  1.6482440e-03
  8.2516707e-02  2.8884357e-02  3.5518417e-03  2.6145973e-04
  1.7909699e-03  1.2878142e-03  5.9769335e-03 -5.8363927e-05
  6.3079817e-04  1.5062309e-03 -2.0027865e-04  5.2011870e-03
  8.6107418e-02  1.0008199e-01 -5.3459434e-03  1.6943922e-02
  2.0099173e-03  3.7406581e-03 -2.6076694e-04 -3.4790020e-05
  1.6244613e-02  2.0879356e-03  1.6486821e-03 -1.7845557e-03
  1.9861446e-03]
[[2025-10-15 20:20:48]] Epoch 12/30, Validation Loss: 0.02179871
[[2025-10-15 20:20:48]] Mask: [ 6.3470654e-02 -1.1143791e-03  3.0878640e-03  6.5747495e-03
  1.2186890e-03 -2.3827331e-05 -3.5915434e-04  4.6660798e-03
  7.1049787e-02  2.5918597e-02 -4.7932990e-04  6.4008689e-04
  1.3827762e-03 -3.0381742e-03  4.4137463e-03  1.6568189e-02
  2.8980528e-03  4.0508080e-03  6.7664083e-04  2.2749335e-03
  7.7874877e-02  9.4124585e-02 -7.5859879e-04  1.4281693e-02
  8.1350403e-03  1.6648119e-02  6.8401784e-04 -1.0915307e-03
  1.9361192e-02  1.5268971e-03 -8.6778129e-04 -3.8030418e-04
 -1.6264806e-03]
[[2025-10-15 20:20:50]] Epoch 13/30, Validation Loss: 0.02100252
[[2025-10-15 20:20:50]] Mask: [ 5.9177160e-02  5.4275186e-04  1.3658762e-03  2.4561621e-03
  3.6332036e-05 -4.8026332e-04 -2.1866318e-03 -7.1747450e-04
  6.5456487e-02  3.1934332e-02 -4.5257944e-04 -2.8177940e-03
  6.4269552e-04 -8.6181419e-04  2.0166819e-03  1.2748175e-02
  2.5517032e-03  3.6111532e-04 -5.4440257e-05  1.6314501e-03
  6.9023132e-02  7.4009769e-02 -1.3119852e-03  2.7942145e-02
  4.0977180e-04  1.5507825e-02 -1.9551858e-03 -2.9310191e-04
  2.8760798e-02  3.9408929e-03 -1.0800175e-03  6.1929447e-04
  4.2137945e-05]
[[2025-10-15 20:20:52]] Epoch 14/30, Validation Loss: 0.02109647
[[2025-10-15 20:20:52]] Mask: [ 5.2360352e-02 -1.2738925e-03  1.5946894e-04 -2.8379972e-03
 -1.6933102e-04 -5.8252981e-04  4.2486464e-04  2.3045731e-03
  6.1427053e-02  1.9544872e-02  1.3212000e-04 -2.7862006e-06
  4.7238576e-03 -3.0424753e-03  4.7217859e-03  1.5674165e-02
  1.7479166e-03 -2.4378099e-03 -3.2306733e-03  1.6485989e-03
  6.1915513e-02  7.1305990e-02  9.2354818e-04  2.8994931e-02
  1.4933836e-02  1.3929240e-02  1.5259975e-03 -1.3203000e-03
  1.7926920e-02  7.9379091e-04  9.5873416e-05  2.0727301e-03
  1.1847874e-03]
[[2025-10-15 20:20:54]] Epoch 15/30, Validation Loss: 0.02123645
[[2025-10-15 20:20:54]] Mask: [ 4.80872914e-02  1.07845559e-03  2.32617444e-04 -6.50683360e-04
  6.16659352e-04 -2.81418033e-05 -3.23326793e-03  2.01180275e-03
  5.92618249e-02  2.35471502e-02 -4.71068546e-04 -2.82380311e-03
  2.68689194e-03  3.40175652e-03 -5.81118511e-04  1.65099110e-02
 -3.38027254e-04  5.29668573e-03 -1.25915976e-03 -1.59742485e-03
  6.43857196e-02  7.02341050e-02  3.93110618e-04  1.33382585e-02
  1.21614225e-02  5.65197784e-03  4.16983617e-04 -1.64554676e-03
  2.78364755e-02  2.70712655e-04  3.75094009e-04 -1.29369530e-03
 -4.06306237e-03]
[[2025-10-15 20:20:56]] Epoch 16/30, Validation Loss: 0.02140143
[[2025-10-15 20:20:56]] Mask: [ 4.3816060e-02 -6.1289605e-04  3.4530468e-03 -1.8169576e-03
  1.8624477e-03  2.5893678e-03  4.6923940e-04  1.7612084e-03
  5.1056914e-02  2.2319531e-02  4.5972653e-03 -5.5805687e-04
  1.4804085e-03  7.8441278e-04 -1.1544286e-03  1.0638342e-02
  5.3834252e-04  3.7084459e-04  6.8110167e-03  3.4835688e-03
  5.2531905e-02  6.7508675e-02  7.0891622e-04  1.9240545e-02
  7.6215970e-03  2.2078443e-02  1.1095588e-05 -4.6529863e-03
  2.7760176e-02 -2.0481169e-03  3.1895863e-04  9.8482508e-04
  1.3945103e-04]
[[2025-10-15 20:20:58]] Epoch 17/30, Validation Loss: 0.02275655
[[2025-10-15 20:20:58]] Mask: [ 4.9400859e-02  2.6853391e-04  7.4824702e-04 -6.1103371e-03
  3.8678615e-04  3.8876809e-04  1.3932287e-03  4.0222025e-05
  5.1658321e-02  2.4808392e-02  1.6540784e-03 -2.3454092e-04
 -9.4029109e-04  3.1512599e-03  6.4077001e-04  1.0886151e-02
 -7.2285079e-04 -1.2661659e-03 -3.7620193e-05  7.6215789e-03
  4.8359670e-02  5.4793864e-02  8.3054954e-05  1.7698320e-02
  5.2043311e-03  1.5710397e-02 -6.4687489e-04  1.9240506e-04
  1.9409142e-02 -5.4300035e-04  4.5709970e-04  1.2751366e-03
 -5.9240812e-04]
[[2025-10-15 20:21:01]] Epoch 18/30, Validation Loss: 0.02105535
[[2025-10-15 20:21:01]] Mask: [ 3.7525631e-02 -4.4514576e-04 -8.1071869e-04 -7.6574804e-03
 -5.5880391e-04  2.1309829e-03  3.2266462e-04  1.2596772e-03
  4.7893390e-02  2.1085702e-02  9.8825054e-05  1.0122296e-03
  9.0375583e-04 -7.1105620e-05  3.3574839e-04  1.0034450e-02
 -6.2707043e-04 -1.3002116e-03 -4.3876108e-04  6.5274779e-03
  5.0182741e-02  5.2587956e-02 -1.8098985e-04  2.3523791e-02
  1.1983262e-03  2.6710033e-02 -9.6667279e-04  4.9512368e-04
  1.6113248e-02 -1.5626210e-05  3.5216488e-04  1.1298523e-03
 -2.0990807e-03]
[[2025-10-15 20:21:03]] Epoch 19/30, Validation Loss: 0.02077138
[[2025-10-15 20:21:03]] Mask: [ 3.6299236e-02  3.0110104e-04  3.2996738e-04 -4.7912530e-04
  1.3389266e-03 -3.3841894e-03 -1.0981562e-03  5.3432668e-03
  4.6326868e-02  2.3893863e-02  2.0883820e-04  1.5405397e-04
 -4.8734224e-04 -2.2696899e-03 -4.1793897e-03  2.3048271e-03
  1.6220084e-03  2.9101456e-03 -3.2419778e-04  1.3279716e-02
  4.9772620e-02  5.3157642e-02 -5.0597144e-05  1.4238758e-02
  6.1821104e-03  1.9291237e-02 -1.1078811e-03 -2.0275151e-04
  2.1440247e-02 -4.1883327e-03 -2.7265400e-04  5.8188746e-03
  4.3122666e-03]
[[2025-10-15 20:21:05]] Epoch 20/30, Validation Loss: 0.02141345
[[2025-10-15 20:21:05]] Mask: [ 3.63201499e-02 -1.14991824e-04  4.07367857e-04  3.48404574e-05
 -1.01983736e-04  1.39024353e-03 -1.24195602e-03  2.81142886e-04
  4.79492806e-02  2.72333734e-02 -8.07461096e-04  8.06691241e-06
  4.02092701e-04 -1.96092748e-04  4.29876673e-04  1.56419221e-02
  1.75420224e-04  1.71067787e-03 -6.59086602e-03  2.25324482e-02
  4.65433896e-02  3.90255637e-02  4.09445446e-03  1.90402064e-02
  3.87411681e-04  2.30150763e-02  1.32144429e-04 -6.45021151e-04
  1.38161266e-02 -2.87177041e-04 -1.41999498e-03  2.53364269e-04
  2.59609870e-03]
[[2025-10-15 20:21:07]] Epoch 21/30, Validation Loss: 0.02076347
[[2025-10-15 20:21:07]] Mask: [ 3.6495063e-02 -3.7912629e-04 -5.6162430e-04 -1.8209100e-03
  6.6313200e-04 -5.4370635e-04 -7.3056325e-04  4.1897455e-03
  3.8094819e-02  2.3023862e-02  1.7678946e-04 -1.0306033e-03
 -5.2819233e-03 -1.2364849e-03  1.0541265e-03  1.5923131e-02
  8.6823187e-05 -8.5281779e-04 -8.0176431e-04  2.4854733e-02
  4.8536692e-02  5.0267607e-02  9.5046870e-04  1.8058630e-02
  1.0487694e-02  2.1887487e-02  2.7465803e-04  2.1740601e-03
  1.5687298e-02 -1.3794979e-03 -5.9702824e-04 -1.6683165e-03
 -6.8534422e-04]
[[2025-10-15 20:21:09]] Epoch 22/30, Validation Loss: 0.02057924
[[2025-10-15 20:21:09]] Mask: [ 3.38334963e-02  8.83713190e-04  4.90233023e-03  1.18997693e-03
 -1.15809869e-03 -1.63234351e-03  2.67667021e-03  2.12253700e-03
  4.15288433e-02  2.50746794e-02  1.56358525e-04 -1.10667304e-03
 -1.47839123e-03 -6.29027898e-04 -3.74658918e-03  7.15180906e-03
  2.76941937e-05 -7.54841371e-04 -6.20417268e-05  2.61966474e-02
  4.72410321e-02  4.50461507e-02 -3.11348093e-04  1.35780005e-02
  1.25295445e-02  2.15429645e-02 -2.87185918e-04  2.55180086e-04
  1.93991847e-02 -4.87416808e-04 -1.71375007e-03  5.41801145e-03
  2.08192156e-04]
[[2025-10-15 20:21:11]] Epoch 23/30, Validation Loss: 0.02111430
[[2025-10-15 20:21:11]] Mask: [ 3.1146422e-02 -4.4381156e-04  1.4386071e-03 -6.3788886e-03
 -4.0302984e-05 -1.1373061e-04 -1.3463966e-03  1.0394382e-03
  4.3534551e-02  2.0201068e-02 -7.7052682e-04 -1.2875623e-03
 -7.0138159e-03 -3.7776027e-03 -8.5990752e-05  1.6434727e-02
  7.2404579e-04  3.1192080e-04 -6.1389282e-03  2.1775467e-02
  4.1698787e-02  4.4724498e-02 -1.1787706e-03  9.4405767e-03
  4.4577252e-03  1.0289867e-02  2.3975088e-04  1.0139410e-02
  1.5789730e-02  1.7459839e-04  1.6187684e-04  4.6568736e-03
  2.7283726e-04]
[[2025-10-15 20:21:13]] Epoch 24/30, Validation Loss: 0.02152782
[[2025-10-15 20:21:13]] Mask: [ 3.0271646e-02 -5.6560431e-03  1.9875594e-04 -7.4953726e-03
 -3.4567463e-04 -3.4542095e-03  8.8100908e-03  8.4875533e-03
  4.4110890e-02  2.3878999e-02  1.0946881e-03  1.1121229e-03
  1.5657308e-03  7.9163481e-03 -1.6991851e-03  1.9988388e-02
  1.1944012e-03  5.1778955e-03  1.5161086e-04  1.9029103e-02
  4.5210030e-02  4.6532881e-02  8.5554679e-04  9.7643360e-03
  1.6074322e-02  1.8156553e-02 -2.8738425e-05 -1.2219556e-03
  2.2014840e-02 -5.5074152e-03 -2.4261104e-04  6.6601234e-03
  1.7165997e-03]
[[2025-10-15 20:21:16]] Epoch 25/30, Validation Loss: 0.02086097
[[2025-10-15 20:21:16]] Mask: [ 3.42337489e-02 -1.58843992e-04 -2.09199707e-03  1.99920870e-03
 -2.09558709e-03 -1.56326173e-03 -3.18540493e-03 -2.71794037e-04
  4.63661812e-02  2.07694732e-02 -3.78388882e-04  2.50441046e-03
  1.86229078e-03 -1.47061201e-03 -3.64476786e-04  9.80544742e-03
  5.13697369e-03  1.40121882e-03 -4.71241656e-05  1.33193005e-02
  4.15335335e-02  4.59257141e-02  3.63469066e-04  1.87084302e-02
  1.37195522e-02  1.74941849e-02 -2.77662603e-03 -3.56115960e-03
  2.58873776e-02 -1.87705140e-04  1.79976656e-03  7.31884595e-03
  1.08432269e-03]
[[2025-10-15 20:21:18]] Epoch 26/30, Validation Loss: 0.02106723
[[2025-10-15 20:21:18]] Mask: [ 3.0037377e-02  5.3575868e-04  1.1223978e-03 -6.8773278e-03
 -4.6108756e-04 -2.4221770e-03  1.2990910e-03 -2.6307482e-04
  4.0149197e-02  1.5933916e-02 -7.5477554e-05  1.2930001e-04
  5.3817267e-04 -8.7562896e-04  3.6367285e-04  8.3275484e-03
  1.1179273e-03  2.8794719e-05  1.4248691e-04  1.4434883e-02
  3.7004851e-02  4.1919053e-02  3.6477169e-04  1.5871564e-02
  8.9466292e-03  1.8082226e-02  1.6565842e-04  2.1325501e-03
  1.4141642e-02  1.4287302e-04 -3.1581367e-05  3.8228170e-03
 -4.2773550e-05]
[[2025-10-15 20:21:20]] Epoch 27/30, Validation Loss: 0.02099627
[[2025-10-15 20:21:20]] Mask: [ 2.8739313e-02  2.7153175e-04  1.5014282e-03 -3.4096721e-03
 -7.2467688e-04  1.8985008e-03  2.4070963e-03 -1.2917934e-03
  4.0495560e-02  1.5780389e-02  3.6905187e-03  8.6544349e-04
 -4.0534523e-04  1.2416492e-04 -3.0662632e-05  9.6162288e-03
  4.2430515e-04  8.8074303e-04  8.2226284e-04  1.7031519e-02
  4.2407550e-02  4.3646496e-02  9.4406823e-07  1.5168719e-02
  1.0928308e-02  2.2587346e-02 -4.6020071e-04 -2.9221487e-03
  2.1227688e-02 -3.8832938e-04  1.9643156e-04  5.4375064e-03
  2.5670810e-04]
[[2025-10-15 20:21:22]] Epoch 28/30, Validation Loss: 0.02389004
[[2025-10-15 20:21:22]] Mask: [ 3.4902256e-02  1.0121674e-03 -1.9706093e-02  4.6227127e-03
  1.2184936e-03 -2.6886829e-03 -6.7429297e-05  7.4941345e-04
  4.1701306e-02  1.7819114e-02  1.1633171e-03  2.7911547e-03
  2.8848581e-03 -5.1819219e-04  1.6361857e-03  1.0216297e-02
  8.3598861e-04 -2.7534377e-04 -1.8687915e-03  1.6677184e-02
  4.0286977e-02  4.2615239e-02  2.2417167e-03  1.2991474e-02
  4.3392275e-03  2.0393386e-02  1.3513675e-04  3.2030465e-03
  2.1938335e-02 -1.0720920e-03 -5.8168155e-04  1.2133772e-03
  1.7448040e-03]
[[2025-10-15 20:21:24]] Epoch 29/30, Validation Loss: 0.02177643
[[2025-10-15 20:21:24]] Mask: [ 3.35017778e-02 -8.35193670e-04 -2.54410156e-03 -3.19239707e-03
  2.21402408e-03 -1.17735926e-03 -1.65817665e-03  2.21977796e-04
  3.69731523e-02  2.28016563e-02 -1.52232155e-04  3.26512102e-03
 -1.93735497e-04  3.80593166e-03 -8.86740920e-04  6.10523857e-03
  9.26942332e-04  3.21791973e-04  1.22869632e-03  1.80939864e-02
  3.87342535e-02  3.98178101e-02  1.19206394e-04  7.90514611e-03
  1.20733632e-02  1.59760900e-02  1.18010961e-04  3.32151481e-04
  2.29008421e-02  3.49448272e-03  1.13574218e-03  9.71729984e-04
 -5.81495551e-05]
[[2025-10-15 20:21:26]] Epoch 30/30, Validation Loss: 0.02127681
[[2025-10-15 20:21:26]] Mask: [ 3.1736266e-02  2.0764328e-03 -5.0999438e-03  1.3951541e-04
 -2.4171566e-04  7.7317534e-05 -1.3284781e-03  2.8955522e-03
  3.4644600e-02  1.8310439e-02 -3.1791470e-04 -5.9807638e-04
  5.7275291e-03  4.3313974e-04  1.7721831e-03  9.5340703e-03
  1.1232868e-03 -3.9348524e-04 -6.1214913e-04  1.8671881e-02
  3.7381690e-02  4.6981886e-02  1.2998628e-04  1.9172162e-02
  9.8003950e-03  1.8220447e-02  1.8202743e-04 -1.4660943e-03
  1.7919198e-02 -2.3638485e-03 -1.1580414e-04 -1.3368300e-03
 -1.4874557e-03]
