[[2025-10-15 20:39:06]] Starting training on model: model_[33, 32, 32, 1]_output_Sigmoid_intermediate_Tanh_normalized_data_True_loss_MSELoss
[[2025-10-15 20:39:09]] Epoch 1/30, Validation Loss: 0.09527951
[[2025-10-15 20:39:09]] Mask: [0.71649617 0.67597663 0.6493063  0.69158626 0.6521751  0.6530764
 0.66223043 0.69209355 0.68306774 0.6526202  0.64502716 0.65256965
 0.6896382  0.69896257 0.6674855  0.6816627  0.6869112  0.661751
 0.64938676 0.69855785 0.7105831  0.70182514 0.64199084 0.6486073
 0.65280396 0.6472165  0.64401144 0.6503611  0.67260534 0.65542215
 0.6403385  0.64182913 0.71029824]
[[2025-10-15 20:39:12]] Epoch 2/30, Validation Loss: 0.08814148
[[2025-10-15 20:39:12]] Mask: [0.69977957 0.6015271  0.57067704 0.6419315  0.5594071  0.5578816
 0.57424116 0.6320912  0.6529772  0.57304853 0.545093   0.55529505
 0.63833183 0.6615988  0.6090358  0.61382365 0.61756176 0.5920684
 0.5483146  0.6697073  0.690624   0.6781965  0.54078853 0.5663393
 0.5585239  0.55693614 0.54106873 0.5634246  0.60021925 0.56172997
 0.5375094  0.53858733 0.67049843]
[[2025-10-15 20:39:15]] Epoch 3/30, Validation Loss: 0.07904508
[[2025-10-15 20:39:15]] Mask: [0.682256   0.51734966 0.49544418 0.5824442  0.47273454 0.46246284
 0.47988397 0.5634081  0.6257376  0.49715465 0.44723386 0.4538209
 0.5808912  0.61879134 0.56100667 0.5339947  0.5322386  0.525003
 0.44505563 0.63996214 0.6709613  0.6496611  0.43835545 0.48824236
 0.46599105 0.4705343  0.43669873 0.47454172 0.53044647 0.46213505
 0.43254766 0.43500423 0.6181649 ]
[[2025-10-15 20:39:17]] Epoch 4/30, Validation Loss: 0.07102241
[[2025-10-15 20:39:17]] Mask: [0.66311556 0.43226746 0.4252059  0.5138839  0.3952481  0.37448236
 0.39247808 0.4890136  0.6006105  0.4305999  0.35914674 0.36219913
 0.51583594 0.5693763  0.5125309  0.46067515 0.4442413  0.46007702
 0.35353917 0.60728997 0.64929456 0.6248008  0.34914365 0.42232883
 0.38852927 0.39800182 0.34434178 0.3964366  0.4673841  0.36940336
 0.34034032 0.34575748 0.55517155]
[[2025-10-15 20:39:20]] Epoch 5/30, Validation Loss: 0.06402650
[[2025-10-15 20:39:20]] Mask: [0.6436011  0.36272603 0.3648479  0.44803876 0.3320355  0.30080268
 0.31765673 0.41878513 0.57782537 0.37269357 0.28545418 0.2837337
 0.4491837  0.5228876  0.46843904 0.39712873 0.36460397 0.3999495
 0.27995595 0.5734031  0.6272963  0.6036446  0.2757637  0.36494526
 0.3223049  0.33870184 0.26907116 0.32950312 0.4144815  0.29189974
 0.26472157 0.27646154 0.4877168 ]
[[2025-10-15 20:39:23]] Epoch 6/30, Validation Loss: 0.05883996
[[2025-10-15 20:39:23]] Mask: [0.62381    0.30549392 0.31416163 0.39021054 0.28145137 0.24264942
 0.2581897  0.3561699  0.5551229  0.32576573 0.22738127 0.22290763
 0.38748053 0.48743126 0.42794418 0.34105104 0.29845682 0.34598824
 0.22342871 0.5391225  0.605712   0.5785592  0.21949121 0.31691486
 0.26963177 0.290399   0.2116034  0.27518615 0.3674355  0.23125081
 0.20686269 0.22188611 0.4205622 ]
[[2025-10-15 20:39:26]] Epoch 7/30, Validation Loss: 0.05407052
[[2025-10-15 20:39:26]] Mask: [0.6045241  0.2594241  0.27208158 0.3422058  0.24091117 0.19663918
 0.2119506  0.3023584  0.53353095 0.28710052 0.1819611  0.17665406
 0.32887715 0.4441913  0.39068562 0.29587227 0.24877535 0.29959506
 0.17988719 0.50440204 0.582724   0.5574814  0.17562026 0.27623072
 0.22756574 0.2500602  0.16767465 0.23231627 0.33057496 0.18395096
 0.16318344 0.18020742 0.36137894]
[[2025-10-15 20:39:28]] Epoch 8/30, Validation Loss: 0.05037853
[[2025-10-15 20:39:28]] Mask: [0.58625495 0.22475466 0.2371498  0.30246753 0.20642512 0.16251688
 0.17718151 0.2573501  0.5132745  0.25471795 0.1476763  0.14191075
 0.27695122 0.40664995 0.3584083  0.25996032 0.20906839 0.26302
 0.14662099 0.47118783 0.559885   0.5364613  0.14207976 0.24569534
 0.1945805  0.21934919 0.13373487 0.19779468 0.29872122 0.14897068
 0.13024445 0.14860508 0.31096095]
[[2025-10-15 20:39:30]] Epoch 9/30, Validation Loss: 0.04709978
[[2025-10-15 20:39:30]] Mask: [0.56714547 0.19651364 0.2080374  0.26937792 0.17862572 0.13633306
 0.14858076 0.22083215 0.49219272 0.22750744 0.12113956 0.11489962
 0.23733799 0.37700126 0.32760167 0.23061252 0.1778735  0.23122099
 0.12125982 0.43919486 0.5358901  0.51635903 0.11699833 0.21888013
 0.1682165  0.19521017 0.10804655 0.17110887 0.2700805  0.12189844
 0.10507796 0.1246644  0.2694018 ]
[[2025-10-15 20:39:32]] Epoch 10/30, Validation Loss: 0.04557796
[[2025-10-15 20:39:32]] Mask: [0.54942673 0.17359415 0.18578325 0.24208835 0.15677597 0.11517196
 0.12672195 0.19024123 0.47403324 0.20579952 0.10094888 0.09365151
 0.20560674 0.34596086 0.30245852 0.20648076 0.15282358 0.20344439
 0.10133498 0.4111579  0.5134869  0.49421775 0.09710722 0.19692428
 0.14665869 0.17478332 0.08764601 0.14944552 0.24710815 0.10070996
 0.08486103 0.10714155 0.23491058]
[[2025-10-15 20:39:35]] Epoch 11/30, Validation Loss: 0.04325551
[[2025-10-15 20:39:35]] Mask: [0.5320428  0.15672122 0.16648419 0.22090848 0.1375844  0.09930286
 0.110158   0.16513067 0.45359194 0.18809378 0.0846239  0.07747234
 0.17757958 0.3190975  0.2790811  0.18656676 0.13426793 0.1824551
 0.0866642  0.38183427 0.49068767 0.47588447 0.08104487 0.18006742
 0.13103859 0.16042829 0.07232004 0.1320133  0.2251064  0.08439431
 0.06992115 0.09184518 0.20792001]
[[2025-10-15 20:39:37]] Epoch 12/30, Validation Loss: 0.04224201
[[2025-10-15 20:39:37]] Mask: [0.5128645  0.14213727 0.15032423 0.20007417 0.12118378 0.08714721
 0.09591348 0.14570074 0.43541735 0.17048162 0.07191605 0.06424906
 0.15732493 0.2996695  0.2579332  0.16947757 0.11989845 0.16312444
 0.07447927 0.35904044 0.47114974 0.46013385 0.0688941  0.16520478
 0.11830083 0.14795919 0.0601263  0.11761419 0.2086128  0.07215884
 0.05780777 0.08033569 0.18327442]
[[2025-10-15 20:39:39]] Epoch 13/30, Validation Loss: 0.03941863
[[2025-10-15 20:39:39]] Mask: [0.49730474 0.1304134  0.13820302 0.18500112 0.10909064 0.07593437
 0.08511674 0.12969455 0.41804758 0.15833418 0.06170305 0.0537923
 0.13788278 0.27677637 0.24029326 0.15461305 0.10705088 0.14747111
 0.06519002 0.3368151  0.4520068  0.4405311  0.05919475 0.15257297
 0.106861   0.13635164 0.05019967 0.10637638 0.19422962 0.06159229
 0.04841433 0.07064279 0.16558893]
[[2025-10-15 20:39:41]] Epoch 14/30, Validation Loss: 0.03768024
[[2025-10-15 20:39:41]] Mask: [0.48136204 0.12021253 0.12721139 0.17146945 0.09812225 0.06749026
 0.07690471 0.11649925 0.40232703 0.14759731 0.05343985 0.04539481
 0.12300573 0.2578365  0.22482438 0.14333913 0.09645712 0.13438624
 0.05772066 0.31766528 0.43350402 0.42553833 0.05062043 0.14219938
 0.09774153 0.12715618 0.04214558 0.09696206 0.18222335 0.05354426
 0.04071349 0.06294162 0.1502478 ]
[[2025-10-15 20:39:43]] Epoch 15/30, Validation Loss: 0.03677007
[[2025-10-15 20:39:43]] Mask: [0.4662112  0.11212167 0.11913475 0.1600068  0.09008723 0.05993775
 0.06935423 0.10568608 0.38604444 0.13866653 0.0465175  0.0388889
 0.11181369 0.24376129 0.2116056  0.13324484 0.08785182 0.12245099
 0.05104084 0.2995983  0.416117   0.41000962 0.0439203  0.13152643
 0.0900504  0.11937645 0.03594123 0.08949775 0.17021288 0.04675319
 0.0346197  0.0566828  0.13918577]
[[2025-10-15 20:39:46]] Epoch 16/30, Validation Loss: 0.03572854
[[2025-10-15 20:39:46]] Mask: [0.4498825  0.10557735 0.11071991 0.1487562  0.08106776 0.05481869
 0.06283163 0.09631207 0.37111798 0.12960424 0.04111533 0.0334286
 0.1028356  0.2304081  0.1978823  0.12398352 0.08150637 0.11409887
 0.04580484 0.28257874 0.40134937 0.39718235 0.03849081 0.12430265
 0.08393961 0.11211659 0.03070005 0.08304799 0.16059493 0.04114129
 0.0295593  0.05126083 0.12728277]
[[2025-10-15 20:39:49]] Epoch 17/30, Validation Loss: 0.03739377
[[2025-10-15 20:39:49]] Mask: [0.43565044 0.10040522 0.10420498 0.13948084 0.07428547 0.04957235
 0.05785201 0.08829108 0.35567445 0.12227661 0.03635809 0.02885124
 0.09528713 0.21710785 0.18642074 0.11636899 0.07529633 0.10548162
 0.04113996 0.2666576  0.38391292 0.38553613 0.03426394 0.11710463
 0.07892573 0.10631914 0.02643171 0.07792121 0.15096813 0.03677472
 0.02531157 0.0471593  0.11978201]
[[2025-10-15 20:39:52]] Epoch 18/30, Validation Loss: 0.03459094
[[2025-10-15 20:39:52]] Mask: [0.42245653 0.09495391 0.09904173 0.13118452 0.06863697 0.04563009
 0.05403449 0.08197358 0.34387094 0.11689663 0.03251662 0.02497452
 0.08841223 0.20518377 0.17764811 0.10841353 0.07071121 0.09872052
 0.0372619  0.25490052 0.3698615  0.37169987 0.03055267 0.11076257
 0.07434757 0.10124611 0.02288603 0.0725865  0.14379999 0.03346959
 0.02188154 0.0436013  0.11223778]
[[2025-10-15 20:39:54]] Epoch 19/30, Validation Loss: 0.03363137
[[2025-10-15 20:39:54]] Mask: [0.4095976  0.09002662 0.09447592 0.1250852  0.06364264 0.04218774
 0.05014819 0.07691862 0.3316748  0.1106769  0.02953061 0.02193953
 0.08312482 0.1937417  0.16949941 0.10196567 0.06657523 0.09237825
 0.03446116 0.24187818 0.35536137 0.35935974 0.02756253 0.10529945
 0.06997001 0.09627464 0.02000196 0.06850179 0.13721682 0.03037486
 0.01909394 0.04057289 0.10587376]
[[2025-10-15 20:39:57]] Epoch 20/30, Validation Loss: 0.03298178
[[2025-10-15 20:39:57]] Mask: [0.39650518 0.08656107 0.09058841 0.11826739 0.05859263 0.03906744
 0.04725212 0.07158982 0.3209092  0.10538472 0.0267739  0.019597
 0.07899226 0.18764678 0.16116334 0.09603991 0.06267979 0.08710932
 0.03185866 0.23060271 0.343052   0.3490641  0.0248859  0.10052299
 0.06697601 0.09216824 0.01763766 0.06555153 0.13117981 0.02793261
 0.01672166 0.03797973 0.10062949]
[[2025-10-15 20:39:59]] Epoch 21/30, Validation Loss: 0.03287581
[[2025-10-15 20:39:59]] Mask: [0.38504666 0.0829558  0.08737209 0.11265751 0.0543084  0.03645902
 0.04441895 0.06738731 0.31040105 0.1002068  0.02445744 0.01746158
 0.07471672 0.17788671 0.15502496 0.09183802 0.05949738 0.08270362
 0.02953191 0.2212462  0.33084032 0.33975506 0.02302706 0.09562173
 0.06393956 0.08865096 0.0156836  0.0617146  0.12539682 0.02598278
 0.01485515 0.03537055 0.09680072]
[[2025-10-15 20:40:01]] Epoch 22/30, Validation Loss: 0.03230929
[[2025-10-15 20:40:01]] Mask: [0.3739566  0.0801255  0.08463347 0.10684577 0.05071601 0.03415979
 0.04218611 0.06359683 0.30049282 0.09640536 0.02274069 0.01598902
 0.07235646 0.17320752 0.14705017 0.08682906 0.05631887 0.07862314
 0.0276933  0.21088888 0.31821445 0.33081865 0.02125747 0.09125786
 0.06147429 0.08558611 0.01397283 0.05949523 0.11917203 0.02443084
 0.01337975 0.03342815 0.09343459]
[[2025-10-15 20:40:03]] Epoch 23/30, Validation Loss: 0.03217548
[[2025-10-15 20:40:03]] Mask: [0.36296245 0.07774587 0.0800469  0.10297323 0.04749329 0.03214093
 0.04062304 0.06042753 0.2909297  0.09261294 0.02118501 0.01442762
 0.06778751 0.16553526 0.1420654  0.08314084 0.05406082 0.07527889
 0.02609269 0.20211217 0.30652028 0.32118082 0.01977815 0.08736487
 0.05901954 0.0824413  0.01260574 0.05711555 0.11499742 0.02295834
 0.01206674 0.0319037  0.08928265]
[[2025-10-15 20:40:06]] Epoch 24/30, Validation Loss: 0.03219775
[[2025-10-15 20:40:06]] Mask: [0.3549629  0.07512482 0.0790339  0.09910489 0.04498245 0.03013604
 0.03940999 0.05740077 0.28219128 0.08859843 0.01978592 0.01320054
 0.06520099 0.1593641  0.1357633  0.08038998 0.0516458  0.07175875
 0.02465424 0.1943831  0.2963359  0.3143563  0.01863432 0.08424512
 0.05650162 0.07955829 0.01148834 0.05516814 0.10994325 0.0217329
 0.01100349 0.03066025 0.08723546]
[[2025-10-15 20:40:08]] Epoch 25/30, Validation Loss: 0.03151397
[[2025-10-15 20:40:08]] Mask: [0.34507832 0.0725413  0.0778761  0.09468661 0.04229745 0.0286714
 0.03812482 0.05503323 0.2724509  0.08549348 0.01865702 0.01213018
 0.0630988  0.15414007 0.1315286  0.07675444 0.04952357 0.06902391
 0.02357473 0.18798254 0.28676087 0.30316883 0.01759902 0.0811682
 0.05478702 0.07594467 0.01055524 0.05363166 0.10544939 0.02082844
 0.01002457 0.02962014 0.08521286]
[[2025-10-15 20:40:10]] Epoch 26/30, Validation Loss: 0.03097077
[[2025-10-15 20:40:10]] Mask: [0.3334123  0.06992882 0.07664131 0.09156907 0.0400387  0.02762243
 0.03709268 0.05262342 0.2647419  0.08185768 0.01764417 0.01124783
 0.06093898 0.14769149 0.1260976  0.07426529 0.04771901 0.06684746
 0.02259274 0.18109506 0.27950272 0.29672146 0.01661189 0.07839193
 0.05310645 0.0739267  0.00978275 0.05185211 0.10158435 0.01985554
 0.00929366 0.02864155 0.0828117 ]
[[2025-10-15 20:40:12]] Epoch 27/30, Validation Loss: 0.03075333
[[2025-10-15 20:40:12]] Mask: [0.32557195 0.06827584 0.07501731 0.08860371 0.0379036  0.02614527
 0.03624038 0.05013595 0.25582817 0.07911012 0.01679796 0.01058175
 0.05970699 0.14448775 0.12188306 0.07169292 0.04629224 0.06447439
 0.02176662 0.17466208 0.2688764  0.28887677 0.01582888 0.07607372
 0.05163383 0.07135577 0.00904957 0.05124366 0.09808505 0.01914876
 0.00875307 0.02752753 0.08198991]
[[2025-10-15 20:40:14]] Epoch 28/30, Validation Loss: 0.03046375
[[2025-10-15 20:40:14]] Mask: [0.316634   0.06663021 0.07289616 0.0857475  0.03594222 0.02511596
 0.03529431 0.04843216 0.2494726  0.07660426 0.01624001 0.01002548
 0.0574392  0.14097811 0.11813834 0.06910755 0.0449831  0.06237949
 0.02056869 0.16948198 0.26250646 0.28254825 0.01528824 0.07359789
 0.04982864 0.06897577 0.00844265 0.05057301 0.09463    0.01840396
 0.00828047 0.02654257 0.08010086]
[[2025-10-15 20:40:17]] Epoch 29/30, Validation Loss: 0.03092916
[[2025-10-15 20:40:17]] Mask: [0.3070856  0.06475898 0.0728494  0.08263359 0.03427868 0.02413284
 0.03480545 0.04699598 0.24211894 0.07392953 0.01562891 0.00958693
 0.05579865 0.1363173  0.11367173 0.06702281 0.04356991 0.06017314
 0.01984119 0.16395195 0.25411704 0.27626672 0.0147203  0.07185844
 0.04855273 0.06704916 0.00788837 0.04938923 0.09214054 0.01798986
 0.00794761 0.02570594 0.07817616]
[[2025-10-15 20:40:19]] Epoch 30/30, Validation Loss: 0.03045560
[[2025-10-15 20:40:19]] Mask: [0.3003138  0.06328139 0.07151802 0.08000614 0.03234617 0.0231328
 0.03429522 0.04569944 0.23613651 0.07228832 0.01519163 0.00908159
 0.05409555 0.13203573 0.11028897 0.06557227 0.04229089 0.05860302
 0.01903179 0.159781   0.24621417 0.27059132 0.01407479 0.06988764
 0.04738947 0.06560503 0.00753972 0.04857975 0.09004573 0.01754157
 0.00766804 0.02490005 0.07667977]
